[2019-10-08 11:33:39:186]
            LogID:[ldsdk] 3500[sdk初始化完成]
            Level:INFO
            Module:sdk
            Message:sdk编译日期：May  6 2019  编译时间：11:20:30
[2019-10-08 11:35:02:550]
            LogID:[ldsdk] 3500[sdk初始化完成]
            Level:INFO
            Module:sdk
            Message:sdk编译日期：May  6 2019  编译时间：11:20:30
[2019-10-08 12:17:14:619]
            LogID:[ldsdk] 3500[sdk初始化完成]
            Level:INFO
            Module:sdk
            Message:sdk编译日期：May  6 2019  编译时间：11:20:30
[2019-10-08 12:17:35:435]
            LogID:[ldsdk] 3503[同步请求时间]
            Level:WARNING
            Module:sdk
            Message:func：pdsecuL.3.1  Time:0
[2019-10-08 12:19:05:476]
            LogID:[ldsdk] 3500[sdk初始化完成]
            Level:INFO
            Module:sdk
            Message:sdk编译日期：May  6 2019  编译时间：11:20:30
[2019-10-08 14:24:21:208]
            LogID:[ldsdk] 3500[sdk初始化完成]
            Level:INFO
            Module:sdk
            Message:sdk编译日期：May  6 2019  编译时间：11:20:30
