[2019-08-14 09:27:27:238]
            LogID:[ldsdk] 3500[sdk初始化完成]
            Level:INFO
            Module:sdk
            Message:sdk编译日期：May  6 2019  编译时间：11:20:30
[2019-08-14 13:28:49:984]
            LogID:[ldsdk] 3500[sdk初始化完成]
            Level:INFO
            Module:sdk
            Message:sdk编译日期：May  6 2019  编译时间：11:20:30
[2019-08-14 13:29:09:193]
            LogID:[ldsdk] 3501[业务请求统计]
            Level:INFO
            Module:sdk
            Message:func：tdsecuL.4.101  dealTime:16  packetid:4  callbacktime:0
[2019-08-14 13:29:09:193]
            LogID:[ldsdk] 3501[业务请求统计]
            Level:INFO
            Module:sdk
            Message:func：tdsecuL.4.101  dealTime:16  packetid:8  callbacktime:0
[2019-08-14 13:29:09:194]
            LogID:[ldsdk] 3501[业务请求统计]
            Level:INFO
            Module:sdk
            Message:func：tdsecuL.4.101  dealTime:31  packetid:20  callbacktime:0
[2019-08-14 13:29:09:194]
            LogID:[ldsdk] 3501[业务请求统计]
            Level:INFO
            Module:sdk
            Message:func：tdsecuL.4.101  dealTime:31  packetid:24  callbacktime:0
[2019-08-14 13:29:09:194]
            LogID:[ldsdk] 3501[业务请求统计]
            Level:INFO
            Module:sdk
            Message:func：tdsecuL.4.101  dealTime:31  packetid:16  callbacktime:0
[2019-08-14 13:29:09:194]
            LogID:[ldsdk] 3501[业务请求统计]
            Level:INFO
            Module:sdk
            Message:func：tdsecuL.4.101  dealTime:31  packetid:18  callbacktime:0
[2019-08-14 13:29:09:195]
            LogID:[ldsdk] 3501[业务请求统计]
            Level:INFO
            Module:sdk
            Message:func：tdsecuL.4.101  dealTime:31  packetid:14  callbacktime:0
[2019-08-14 13:29:09:195]
            LogID:[ldsdk] 3501[业务请求统计]
            Level:INFO
            Module:sdk
            Message:func：tdsecuL.4.101  dealTime:31  packetid:2  callbacktime:0
[2019-08-14 13:29:09:198]
            LogID:[ldsdk] 3501[业务请求统计]
            Level:INFO
            Module:sdk
            Message:func：tdsecuL.4.101  dealTime:31  packetid:12  callbacktime:0
[2019-08-14 13:29:09:198]
            LogID:[ldsdk] 3501[业务请求统计]
            Level:INFO
            Module:sdk
            Message:func：tdsecuL.4.101  dealTime:31  packetid:10  callbacktime:0
[2019-08-14 13:29:09:488]
            LogID:[ldsdk] 3501[业务请求统计]
            Level:INFO
            Module:sdk
            Message:func：tdsecuL.4.11  dealTime:313  packetid:15  callbacktime:0
[2019-08-14 13:29:09:490]
            LogID:[ldsdk] 3501[业务请求统计]
            Level:INFO
            Module:sdk
            Message:func：tdsecuL.4.11  dealTime:313  packetid:1  callbacktime:0
[2019-08-14 13:29:09:495]
            LogID:[ldsdk] 3501[业务请求统计]
            Level:INFO
            Module:sdk
            Message:func：tdsecuL.4.11  dealTime:328  packetid:19  callbacktime:0
[2019-08-14 13:29:09:496]
            LogID:[ldsdk] 3501[业务请求统计]
            Level:INFO
            Module:sdk
            Message:func：tdsecuL.4.11  dealTime:328  packetid:3  callbacktime:0
[2019-08-14 13:29:09:496]
            LogID:[ldsdk] 3501[业务请求统计]
            Level:INFO
            Module:sdk
            Message:func：tdsecuL.4.11  dealTime:328  packetid:23  callbacktime:0
[2019-08-14 13:29:09:497]
            LogID:[ldsdk] 3501[业务请求统计]
            Level:INFO
            Module:sdk
            Message:func：tdsecuL.4.11  dealTime:312  packetid:27  callbacktime:0
[2019-08-14 13:29:09:504]
            LogID:[ldsdk] 3501[业务请求统计]
            Level:INFO
            Module:sdk
            Message:func：tdsecuL.4.11  dealTime:328  packetid:11  callbacktime:0
[2019-08-14 13:29:09:515]
            LogID:[ldsdk] 3501[业务请求统计]
            Level:INFO
            Module:sdk
            Message:func：tdsecuL.4.11  dealTime:344  packetid:7  callbacktime:0
[2019-08-14 13:29:09:552]
            LogID:[ldsdk] 3501[业务请求统计]
            Level:INFO
            Module:sdk
            Message:func：tdsecuL.4.11  dealTime:375  packetid:13  callbacktime:0
[2019-08-14 13:29:09:564]
            LogID:[ldsdk] 3501[业务请求统计]
            Level:INFO
            Module:sdk
            Message:func：tdsecuL.4.11  dealTime:391  packetid:25  callbacktime:0
[2019-08-14 13:29:10:363]
            LogID:[ldsdk] 3501[业务请求统计]
            Level:INFO
            Module:sdk
            Message:func：tdsecuL.4.11  dealTime:1141  packetid:183  callbacktime:0
[2019-08-14 13:29:10:366]
            LogID:[ldsdk] 3501[业务请求统计]
            Level:INFO
            Module:sdk
            Message:func：tdsecuL.4.11  dealTime:1172  packetid:131  callbacktime:0
[2019-08-14 13:29:10:383]
            LogID:[ldsdk] 3501[业务请求统计]
            Level:INFO
            Module:sdk
            Message:func：tdsecuL.4.11  dealTime:1156  packetid:213  callbacktime:0
[2019-08-14 13:29:10:383]
            LogID:[ldsdk] 3501[业务请求统计]
            Level:INFO
            Module:sdk
            Message:func：tdsecuL.4.11  dealTime:828  packetid:233  callbacktime:0
[2019-08-14 13:29:10:385]
            LogID:[ldsdk] 3501[业务请求统计]
            Level:INFO
            Module:sdk
            Message:func：tdsecuL.4.11  dealTime:1172  packetid:179  callbacktime:0
[2019-08-14 13:29:10:399]
            LogID:[ldsdk] 3501[业务请求统计]
            Level:INFO
            Module:sdk
            Message:func：tdsecuL.4.11  dealTime:1203  packetid:69  callbacktime:16
[2019-08-14 13:29:10:399]
            LogID:[ldsdk] 3501[业务请求统计]
            Level:INFO
            Module:sdk
            Message:func：tdsecuL.4.11  dealTime:1219  packetid:63  callbacktime:0
[2019-08-14 13:29:10:399]
            LogID:[ldsdk] 3501[业务请求统计]
            Level:INFO
            Module:sdk
            Message:func：tdsecuL.4.11  dealTime:1219  packetid:79  callbacktime:0
[2019-08-14 13:29:10:399]
            LogID:[ldsdk] 3501[业务请求统计]
            Level:INFO
            Module:sdk
            Message:func：tdsecuL.4.11  dealTime:1204  packetid:93  callbacktime:0
[2019-08-14 13:29:10:416]
            LogID:[ldsdk] 3501[业务请求统计]
            Level:INFO
            Module:sdk
            Message:func：tdsecuL.4.11  dealTime:1219  packetid:103  callbacktime:0
[2019-08-14 13:29:11:375]
            LogID:[ldsdk] 3501[业务请求统计]
            Level:INFO
            Module:sdk
            Message:func：tdsecuL.4.101  dealTime:15  packetid:500  callbacktime:0
[2019-08-14 13:29:11:380]
            LogID:[ldsdk] 3501[业务请求统计]
            Level:INFO
            Module:sdk
            Message:func：tdsecuL.4.101  dealTime:0  packetid:504  callbacktime:0
[2019-08-14 13:29:11:402]
            LogID:[ldsdk] 3501[业务请求统计]
            Level:INFO
            Module:sdk
            Message:func：tdsecuL.4.101  dealTime:47  packetid:502  callbacktime:0
[2019-08-14 13:29:11:404]
            LogID:[ldsdk] 3501[业务请求统计]
            Level:INFO
            Module:sdk
            Message:func：tdsecuL.4.101  dealTime:32  packetid:508  callbacktime:0
[2019-08-14 13:29:11:572]
            LogID:[ldsdk] 3501[业务请求统计]
            Level:INFO
            Module:sdk
            Message:func：tdsecuL.4.11  dealTime:2343  packetid:209  callbacktime:0
[2019-08-14 13:29:11:580]
            LogID:[ldsdk] 3501[业务请求统计]
            Level:INFO
            Module:sdk
            Message:func：tdsecuL.4.101  dealTime:2343  packetid:204  callbacktime:0
[2019-08-14 13:29:11:604]
            LogID:[ldsdk] 3501[业务请求统计]
            Level:INFO
            Module:sdk
            Message:func：tdsecuL.4.101  dealTime:1391  packetid:340  callbacktime:0
[2019-08-14 13:29:11:615]
            LogID:[ldsdk] 3501[业务请求统计]
            Level:INFO
            Module:sdk
            Message:func：tdsecuL.4.11  dealTime:2390  packetid:205  callbacktime:0
[2019-08-14 13:29:11:641]
            LogID:[ldsdk] 3501[业务请求统计]
            Level:INFO
            Module:sdk
            Message:func：tdsecuL.4.11  dealTime:2438  packetid:127  callbacktime:0
[2019-08-14 13:29:11:653]
            LogID:[ldsdk] 3501[业务请求统计]
            Level:INFO
            Module:sdk
            Message:func：tdsecuL.4.101  dealTime:1985  packetid:246  callbacktime:0
[2019-08-14 13:29:12:528]
            LogID:[ldsdk] 3501[业务请求统计]
            Level:INFO
            Module:sdk
            Message:func：tdsecuL.4.101  dealTime:2922  packetid:242  callbacktime:0
[2019-08-14 13:29:12:568]
            LogID:[ldsdk] 3501[业务请求统计]
            Level:INFO
            Module:sdk
            Message:func：tdsecuL.4.101  dealTime:2875  packetid:258  callbacktime:0
[2019-08-14 13:29:12:574]
            LogID:[ldsdk] 3501[业务请求统计]
            Level:INFO
            Module:sdk
            Message:func：tdsecuL.4.101  dealTime:2296  packetid:358  callbacktime:0
[2019-08-14 13:29:12:574]
            LogID:[ldsdk] 3501[业务请求统计]
            Level:INFO
            Module:sdk
            Message:func：tdsecuL.4.101  dealTime:2796  packetid:280  callbacktime:0
[2019-08-14 13:29:12:580]
            LogID:[ldsdk] 3501[业务请求统计]
            Level:INFO
            Module:sdk
            Message:func：tdsecuL.4.11  dealTime:1968  packetid:433  callbacktime:0
[2019-08-14 13:29:12:581]
            LogID:[ldsdk] 3501[业务请求统计]
            Level:INFO
            Module:sdk
            Message:func：tdsecuL.4.11  dealTime:2437  packetid:325  callbacktime:0
[2019-08-14 13:29:12:587]
            LogID:[ldsdk] 3501[业务请求统计]
            Level:INFO
            Module:sdk
            Message:func：tdsecuL.4.101  dealTime:2516  packetid:306  callbacktime:0
[2019-08-14 13:29:12:591]
            LogID:[ldsdk] 3501[业务请求统计]
            Level:INFO
            Module:sdk
            Message:func：tdsecuL.4.101  dealTime:344  packetid:608  callbacktime:0
[2019-08-14 13:29:12:602]
            LogID:[ldsdk] 3501[业务请求统计]
            Level:INFO
            Module:sdk
            Message:func：tdsecuL.4.11  dealTime:1797  packetid:453  callbacktime:0
[2019-08-14 13:29:12:620]
            LogID:[ldsdk] 3501[业务请求统计]
            Level:INFO
            Module:sdk
            Message:func：tdsecuL.4.101  dealTime:3406  packetid:174  callbacktime:0
[2019-08-14 13:29:13:595]
            LogID:[ldsdk] 3501[业务请求统计]
            Level:INFO
            Module:sdk
            Message:func：tdsecuL.4.11  dealTime:4375  packetid:187  callbacktime:0
[2019-08-14 13:29:13:663]
            LogID:[ldsdk] 3501[业务请求统计]
            Level:INFO
            Module:sdk
            Message:func：tdsecuL.4.11  dealTime:1922  packetid:539  callbacktime:0
[2019-08-14 13:29:13:664]
            LogID:[ldsdk] 3501[业务请求统计]
            Level:INFO
            Module:sdk
            Message:func：tdsecuL.4.11  dealTime:2875  packetid:451  callbacktime:0
[2019-08-14 13:29:13:680]
            LogID:[ldsdk] 3501[业务请求统计]
            Level:INFO
            Module:sdk
            Message:func：tdsecuL.4.11  dealTime:641  packetid:681  callbacktime:0
[2019-08-14 13:29:13:682]
            LogID:[ldsdk] 3501[业务请求统计]
            Level:INFO
            Module:sdk
            Message:func：tdsecuL.4.11  dealTime:4469  packetid:173  callbacktime:0
[2019-08-14 13:29:13:693]
            LogID:[ldsdk] 3501[业务请求统计]
            Level:INFO
            Module:sdk
            Message:func：tdsecuL.4.11  dealTime:2828  packetid:465  callbacktime:0
[2019-08-14 13:29:13:706]
            LogID:[ldsdk] 3501[业务请求统计]
            Level:INFO
            Module:sdk
            Message:func：tdsecuL.4.11  dealTime:1343  packetid:625  callbacktime:0
[2019-08-14 13:29:13:709]
            LogID:[ldsdk] 3501[业务请求统计]
            Level:INFO
            Module:sdk
            Message:func：tdsecuL.4.11  dealTime:1890  packetid:551  callbacktime:0
[2019-08-14 13:29:13:716]
            LogID:[ldsdk] 3501[业务请求统计]
            Level:INFO
            Module:sdk
            Message:func：tdsecuL.4.11  dealTime:1906  packetid:553  callbacktime:0
[2019-08-14 13:29:13:740]
            LogID:[ldsdk] 3501[业务请求统计]
            Level:INFO
            Module:sdk
            Message:func：tdsecuL.4.11  dealTime:2140  packetid:519  callbacktime:0
[2019-08-14 13:29:14:708]
            LogID:[ldsdk] 3501[业务请求统计]
            Level:INFO
            Module:sdk
            Message:func：tdsecuL.4.101  dealTime:1406  packetid:744  callbacktime:0
[2019-08-14 13:29:14:730]
            LogID:[ldsdk] 3501[业务请求统计]
            Level:INFO
            Module:sdk
            Message:func：tdsecuL.4.11  dealTime:2172  packetid:645  callbacktime:0
[2019-08-14 13:29:14:731]
            LogID:[ldsdk] 3501[业务请求统计]
            Level:INFO
            Module:sdk
            Message:func：tdsecuL.4.11  dealTime:3375  packetid:495  callbacktime:0
[2019-08-14 13:29:14:743]
            LogID:[ldsdk] 3501[业务请求统计]
            Level:INFO
            Module:sdk
            Message:func：tdsecuL.4.11  dealTime:2984  packetid:541  callbacktime:0
[2019-08-14 13:29:14:743]
            LogID:[ldsdk] 3501[业务请求统计]
            Level:INFO
            Module:sdk
            Message:func：tdsecuL.4.11  dealTime:1312  packetid:757  callbacktime:0
[2019-08-14 13:29:14:744]
            LogID:[ldsdk] 3501[业务请求统计]
            Level:INFO
            Module:sdk
            Message:func：tdsecuL.4.11  dealTime:2718  packetid:575  callbacktime:0
[2019-08-14 13:29:14:746]
            LogID:[ldsdk] 3501[业务请求统计]
            Level:INFO
            Module:sdk
            Message:func：tdsecuL.4.11  dealTime:2687  packetid:579  callbacktime:0
[2019-08-14 13:29:14:750]
            LogID:[ldsdk] 3501[业务请求统计]
            Level:INFO
            Module:sdk
            Message:func：tdsecuL.4.11  dealTime:1609  packetid:691  callbacktime:0
[2019-08-14 13:29:14:781]
            LogID:[ldsdk] 3501[业务请求统计]
            Level:INFO
            Module:sdk
            Message:func：tdsecuL.4.11  dealTime:954  packetid:813  callbacktime:0
[2019-08-14 13:29:14:787]
            LogID:[ldsdk] 3501[业务请求统计]
            Level:INFO
            Module:sdk
            Message:func：tdsecuL.4.11  dealTime:1563  packetid:721  callbacktime:0
[2019-08-14 13:29:15:199]
            LogID:[ldsdk] 3502[业务请求超时]
            Level:WARNING
            Module:sdk
            Message:func：tdsecuL.4.101  WaitTime:6015  packetid:36
[2019-08-14 13:29:15:812]
            LogID:[ldsdk] 3501[业务请求统计]
            Level:INFO
            Module:sdk
            Message:func：tdsecuL.4.101  dealTime:6235  packetid:238  callbacktime:0
[2019-08-14 13:29:15:824]
            LogID:[ldsdk] 3501[业务请求统计]
            Level:INFO
            Module:sdk
            Message:func：tdsecuL.4.11  dealTime:2656  packetid:703  callbacktime:0
[2019-08-14 13:29:15:837]
            LogID:[ldsdk] 3501[业务请求统计]
            Level:INFO
            Module:sdk
            Message:func：tdsecuL.4.11  dealTime:891  packetid:993  callbacktime:0
[2019-08-14 13:29:15:853]
            LogID:[ldsdk] 3501[业务请求统计]
            Level:INFO
            Module:sdk
            Message:func：tdsecuL.4.101  dealTime:2594  packetid:736  callbacktime:0
[2019-08-14 13:29:15:857]
            LogID:[ldsdk] 3501[业务请求统计]
            Level:INFO
            Module:sdk
            Message:func：tdsecuL.4.11  dealTime:1391  packetid:887  callbacktime:0
[2019-08-14 13:29:15:867]
            LogID:[ldsdk] 3501[业务请求统计]
            Level:INFO
            Module:sdk
            Message:func：tdsecuL.4.11  dealTime:812  packetid:1007  callbacktime:0
[2019-08-14 13:29:15:880]
            LogID:[ldsdk] 3501[业务请求统计]
            Level:INFO
            Module:sdk
            Message:func：tdsecuL.4.11  dealTime:2687  packetid:711  callbacktime:0
[2019-08-14 13:29:15:881]
            LogID:[ldsdk] 3501[业务请求统计]
            Level:INFO
            Module:sdk
            Message:func：tdsecuL.4.11  dealTime:875  packetid:1001  callbacktime:0
[2019-08-14 13:29:15:881]
            LogID:[ldsdk] 3501[业务请求统计]
            Level:INFO
            Module:sdk
            Message:func：tdsecuL.4.11  dealTime:1250  packetid:921  callbacktime:0
[2019-08-14 13:29:15:910]
            LogID:[ldsdk] 3501[业务请求统计]
            Level:INFO
            Module:sdk
            Message:func：tdsecuL.4.11  dealTime:2188  packetid:787  callbacktime:0
[2019-08-14 13:29:16:929]
            LogID:[ldsdk] 3501[业务请求统计]
            Level:INFO
            Module:sdk
            Message:func：tdsecuL.4.11  dealTime:813  packetid:1229  callbacktime:0
[2019-08-14 13:29:16:933]
            LogID:[ldsdk] 3501[业务请求统计]
            Level:INFO
            Module:sdk
            Message:func：tdsecuL.4.11  dealTime:1453  packetid:1099  callbacktime:0
[2019-08-14 13:29:16:951]
            LogID:[ldsdk] 3501[业务请求统计]
            Level:INFO
            Module:sdk
            Message:func：tdsecuL.4.11  dealTime:781  packetid:1239  callbacktime:0
[2019-08-14 13:29:16:956]
            LogID:[ldsdk] 3501[业务请求统计]
            Level:INFO
            Module:sdk
            Message:func：tdsecuL.4.11  dealTime:1125  packetid:1177  callbacktime:0
[2019-08-14 13:29:16:974]
            LogID:[ldsdk] 3501[业务请求统计]
            Level:INFO
            Module:sdk
            Message:func：tdsecuL.4.101  dealTime:4844  packetid:594  callbacktime:0
[2019-08-14 13:29:16:997]
            LogID:[ldsdk] 3501[业务请求统计]
            Level:INFO
            Module:sdk
            Message:func：tdsecuL.4.11  dealTime:1797  packetid:1043  callbacktime:0
[2019-08-14 13:29:17:008]
            LogID:[ldsdk] 3501[业务请求统计]
            Level:INFO
            Module:sdk
            Message:func：tdsecuL.4.101  dealTime:3828  packetid:712  callbacktime:0
[2019-08-14 13:29:17:014]
            LogID:[ldsdk] 3501[业务请求统计]
            Level:INFO
            Module:sdk
            Message:func：tdsecuL.4.11  dealTime:2063  packetid:991  callbacktime:0
[2019-08-14 13:29:17:015]
            LogID:[ldsdk] 3501[业务请求统计]
            Level:INFO
            Module:sdk
            Message:func：tdsecuL.4.11  dealTime:1094  packetid:1193  callbacktime:0
[2019-08-14 13:29:17:035]
            LogID:[ldsdk] 3501[业务请求统计]
            Level:INFO
            Module:sdk
            Message:func：tdsecuL.4.11  dealTime:2094  packetid:983  callbacktime:0
[2019-08-14 13:29:17:931]
            LogID:[ldsdk] 3501[业务请求统计]
            Level:INFO
            Module:sdk
            Message:func：tdsecuL.4.11  dealTime:1344  packetid:1329  callbacktime:0
[2019-08-14 13:29:18:025]
            LogID:[ldsdk] 3501[业务请求统计]
            Level:INFO
            Module:sdk
            Message:func：tdsecuL.4.11  dealTime:1907  packetid:1225  callbacktime:0
[2019-08-14 13:29:18:063]
            LogID:[ldsdk] 3501[业务请求统计]
            Level:INFO
            Module:sdk
            Message:func：tdsecuL.4.11  dealTime:844  packetid:1437  callbacktime:0
[2019-08-14 13:29:18:071]
            LogID:[ldsdk] 3501[业务请求统计]
            Level:INFO
            Module:sdk
            Message:func：tdsecuL.4.11  dealTime:1062  packetid:1409  callbacktime:0
[2019-08-14 13:29:18:075]
            LogID:[ldsdk] 3501[业务请求统计]
            Level:INFO
            Module:sdk
            Message:func：tdsecuL.4.101  dealTime:3421  packetid:926  callbacktime:0
[2019-08-14 13:29:18:105]
            LogID:[ldsdk] 3501[业务请求统计]
            Level:INFO
            Module:sdk
            Message:func：tdsecuL.4.11  dealTime:1422  packetid:1343  callbacktime:0
[2019-08-14 13:29:18:105]
            LogID:[ldsdk] 3501[业务请求统计]
            Level:INFO
            Module:sdk
            Message:func：tdsecuL.4.11  dealTime:1907  packetid:1245  callbacktime:0
[2019-08-14 13:29:18:117]
            LogID:[ldsdk] 3501[业务请求统计]
            Level:INFO
            Module:sdk
            Message:func：tdsecuL.4.11  dealTime:2312  packetid:1175  callbacktime:0
[2019-08-14 13:29:18:118]
            LogID:[ldsdk] 3501[业务请求统计]
            Level:INFO
            Module:sdk
            Message:func：tdsecuL.4.11  dealTime:1375  packetid:1363  callbacktime:0
[2019-08-14 13:29:18:118]
            LogID:[ldsdk] 3501[业务请求统计]
            Level:INFO
            Module:sdk
            Message:func：tdsecuL.4.101  dealTime:3453  packetid:928  callbacktime:0
[2019-08-14 13:29:19:027]
            LogID:[ldsdk] 3501[业务请求统计]
            Level:INFO
            Module:sdk
            Message:func：tdsecuL.4.101  dealTime:3516  packetid:1106  callbacktime:0
[2019-08-14 13:29:19:035]
            LogID:[ldsdk] 3501[业务请求统计]
            Level:INFO
            Module:sdk
            Message:func：tdsecuL.4.101  dealTime:2204  packetid:1376  callbacktime:0
[2019-08-14 13:29:19:038]
            LogID:[ldsdk] 3501[业务请求统计]
            Level:INFO
            Module:sdk
            Message:func：tdsecuL.4.101  dealTime:719  packetid:1600  callbacktime:0
[2019-08-14 13:29:19:063]
            LogID:[ldsdk] 3501[业务请求统计]
            Level:INFO
            Module:sdk
            Message:func：tdsecuL.4.11  dealTime:2781  packetid:1259  callbacktime:0
[2019-08-14 13:29:19:067]
            LogID:[ldsdk] 3501[业务请求统计]
            Level:INFO
            Module:sdk
            Message:func：tdsecuL.4.101  dealTime:4860  packetid:854  callbacktime:0
[2019-08-14 13:29:19:075]
            LogID:[ldsdk] 3501[业务请求统计]
            Level:INFO
            Module:sdk
            Message:func：tdsecuL.4.101  dealTime:4296  packetid:948  callbacktime:0
[2019-08-14 13:29:19:082]
            LogID:[ldsdk] 3501[业务请求统计]
            Level:INFO
            Module:sdk
            Message:func：tdsecuL.4.101  dealTime:4031  packetid:1006  callbacktime:0
[2019-08-14 13:29:19:086]
            LogID:[ldsdk] 3501[业务请求统计]
            Level:INFO
            Module:sdk
            Message:func：tdsecuL.4.101  dealTime:4031  packetid:1008  callbacktime:0
[2019-08-14 13:29:19:088]
            LogID:[ldsdk] 3501[业务请求统计]
            Level:INFO
            Module:sdk
            Message:func：tdsecuL.4.11  dealTime:2187  packetid:1393  callbacktime:0
[2019-08-14 13:29:19:092]
            LogID:[ldsdk] 3501[业务请求统计]
            Level:INFO
            Module:sdk
            Message:func：tdsecuL.4.101  dealTime:4031  packetid:1010  callbacktime:0
[2019-08-14 13:29:20:143]
            LogID:[ldsdk] 3501[业务请求统计]
            Level:INFO
            Module:sdk
            Message:func：tdsecuL.4.101  dealTime:8484  packetid:526  callbacktime:0
[2019-08-14 13:29:20:156]
            LogID:[ldsdk] 3501[业务请求统计]
            Level:INFO
            Module:sdk
            Message:func：tdsecuL.4.11  dealTime:3204  packetid:1399  callbacktime:0
[2019-08-14 13:29:20:156]
            LogID:[ldsdk] 3501[业务请求统计]
            Level:INFO
            Module:sdk
            Message:func：tdsecuL.4.11  dealTime:4422  packetid:1161  callbacktime:0
[2019-08-14 13:29:20:157]
            LogID:[ldsdk] 3501[业务请求统计]
            Level:INFO
            Module:sdk
            Message:func：tdsecuL.4.11  dealTime:3594  packetid:1315  callbacktime:0
[2019-08-14 13:29:20:196]
            LogID:[ldsdk] 3501[业务请求统计]
            Level:INFO
            Module:sdk
            Message:func：tdsecuL.4.11  dealTime:2421  packetid:1509  callbacktime:0
[2019-08-14 13:29:20:214]
            LogID:[ldsdk] 3501[业务请求统计]
            Level:INFO
            Module:sdk
            Message:func：tdsecuL.4.11  dealTime:2953  packetid:1447  callbacktime:0
[2019-08-14 13:29:20:214]
            LogID:[ldsdk] 3501[业务请求统计]
            Level:INFO
            Module:sdk
            Message:func：tdsecuL.4.11  dealTime:3609  packetid:1331  callbacktime:0
[2019-08-14 13:29:20:223]
            LogID:[ldsdk] 3501[业务请求统计]
            Level:INFO
            Module:sdk
            Message:func：tdsecuL.4.11  dealTime:3094  packetid:1423  callbacktime:0
[2019-08-14 13:29:20:223]
            LogID:[ldsdk] 3501[业务请求统计]
            Level:INFO
            Module:sdk
            Message:func：tdsecuL.4.11  dealTime:2047  packetid:1569  callbacktime:0
[2019-08-14 13:29:20:236]
            LogID:[ldsdk] 3502[业务请求超时]
            Level:WARNING
            Module:sdk
            Message:func：tdsecuL.4.101  WaitTime:11047  packetid:38
[2019-08-14 13:29:20:236]
            LogID:[ldsdk] 3501[业务请求统计]
            Level:INFO
            Module:sdk
            Message:func：tdsecuL.4.11  dealTime:2813  packetid:1467  callbacktime:0
[2019-08-14 13:29:21:283]
            LogID:[ldsdk] 3501[业务请求统计]
            Level:INFO
            Module:sdk
            Message:func：tdsecuL.4.11  dealTime:2969  packetid:1595  callbacktime:0
[2019-08-14 13:29:21:302]
            LogID:[ldsdk] 3501[业务请求统计]
            Level:INFO
            Module:sdk
            Message:func：tdsecuL.4.101  dealTime:8734  packetid:646  callbacktime:0
[2019-08-14 13:29:21:310]
            LogID:[ldsdk] 3501[业务请求统计]
            Level:INFO
            Module:sdk
            Message:func：tdsecuL.4.11  dealTime:3406  packetid:1539  callbacktime:0
[2019-08-14 13:29:21:387]
            LogID:[ldsdk] 3501[业务请求统计]
            Level:INFO
            Module:sdk
            Message:func：tdsecuL.4.101  dealTime:8781  packetid:658  callbacktime:0
[2019-08-14 13:29:21:433]
            LogID:[ldsdk] 3501[业务请求统计]
            Level:INFO
            Module:sdk
            Message:func：tdsecuL.4.101  dealTime:6235  packetid:1044  callbacktime:0
[2019-08-14 13:29:21:443]
            LogID:[ldsdk] 3501[业务请求统计]
            Level:INFO
            Module:sdk
            Message:func：tdsecuL.4.11  dealTime:3610  packetid:1519  callbacktime:0
[2019-08-14 13:29:21:471]
            LogID:[ldsdk] 3501[业务请求统计]
            Level:INFO
            Module:sdk
            Message:func：tdsecuL.4.11  dealTime:3328  packetid:1561  callbacktime:0
[2019-08-14 13:29:21:474]
            LogID:[ldsdk] 3501[业务请求统计]
            Level:INFO
            Module:sdk
            Message:func：tdsecuL.4.11  dealTime:3734  packetid:1505  callbacktime:0
[2019-08-14 13:29:21:494]
            LogID:[ldsdk] 3501[业务请求统计]
            Level:INFO
            Module:sdk
            Message:func：tdsecuL.4.11  dealTime:3187  packetid:1593  callbacktime:0
[2019-08-14 13:29:21:613]
            LogID:[ldsdk] 3501[业务请求统计]
            Level:INFO
            Module:sdk
            Message:func：tdsecuL.4.101  dealTime:6157  packetid:1098  callbacktime:0
[2019-08-14 13:29:22:482]
            LogID:[ldsdk] 3501[业务请求统计]
            Level:INFO
            Module:sdk
            Message:func：tdsecuL.4.101  dealTime:7063  packetid:1090  callbacktime:0
[2019-08-14 13:29:22:484]
            LogID:[ldsdk] 3501[业务请求统计]
            Level:INFO
            Module:sdk
            Message:func：tdsecuL.4.101  dealTime:10719  packetid:544  callbacktime:0
[2019-08-14 13:29:22:536]
            LogID:[ldsdk] 3501[业务请求统计]
            Level:INFO
            Module:sdk
            Message:func：tdsecuL.4.101  dealTime:5641  packetid:1390  callbacktime:0
[2019-08-14 13:29:22:554]
            LogID:[ldsdk] 3501[业务请求统计]
            Level:INFO
            Module:sdk
            Message:func：tdsecuL.4.101  dealTime:13360  packetid:98  callbacktime:0
[2019-08-14 13:29:22:584]
            LogID:[ldsdk] 3501[业务请求统计]
            Level:INFO
            Module:sdk
            Message:func：tdsecuL.4.101  dealTime:6625  packetid:1198  callbacktime:0
[2019-08-14 13:29:22:584]
            LogID:[ldsdk] 3501[业务请求统计]
            Level:INFO
            Module:sdk
            Message:func：tdsecuL.4.101  dealTime:5406  packetid:1434  callbacktime:0
[2019-08-14 13:29:22:609]
            LogID:[ldsdk] 3501[业务请求统计]
            Level:INFO
            Module:sdk
            Message:func：tdsecuL.4.101  dealTime:7969  packetid:920  callbacktime:0
[2019-08-14 13:29:22:618]
            LogID:[ldsdk] 3501[业务请求统计]
            Level:INFO
            Module:sdk
            Message:func：tdsecuL.4.101  dealTime:9422  packetid:714  callbacktime:0
[2019-08-14 13:29:22:627]
            LogID:[ldsdk] 3501[业务请求统计]
            Level:INFO
            Module:sdk
            Message:func：tdsecuL.4.101  dealTime:10031  packetid:656  callbacktime:0
[2019-08-14 13:29:22:689]
            LogID:[ldsdk] 3501[业务请求统计]
            Level:INFO
            Module:sdk
            Message:func：tdsecuL.4.101  dealTime:7610  packetid:1014  callbacktime:0
[2019-08-14 13:29:23:572]
            LogID:[ldsdk] 3501[业务请求统计]
            Level:INFO
            Module:sdk
            Message:func：tdsecuL.4.101  dealTime:13187  packetid:382  callbacktime:0
[2019-08-14 13:29:23:631]
            LogID:[ldsdk] 3501[业务请求统计]
            Level:INFO
            Module:sdk
            Message:func：tdsecuL.4.101  dealTime:9828  packetid:810  callbacktime:0
[2019-08-14 13:29:23:637]
            LogID:[ldsdk] 3501[业务请求统计]
            Level:INFO
            Module:sdk
            Message:func：tdsecuL.4.101  dealTime:13375  packetid:356  callbacktime:0
[2019-08-14 13:29:23:648]
            LogID:[ldsdk] 3501[业务请求统计]
            Level:INFO
            Module:sdk
            Message:func：tdsecuL.4.101  dealTime:11907  packetid:540  callbacktime:0
[2019-08-14 13:29:23:783]
            LogID:[ldsdk] 3501[业务请求统计]
            Level:INFO
            Module:sdk
            Message:func：tdsecuL.4.101  dealTime:12782  packetid:470  callbacktime:0
[2019-08-14 13:29:23:791]
            LogID:[ldsdk] 3501[业务请求统计]
            Level:INFO
            Module:sdk
            Message:func：tdsecuL.4.101  dealTime:10719  packetid:684  callbacktime:0
[2019-08-14 13:29:23:796]
            LogID:[ldsdk] 3501[业务请求统计]
            Level:INFO
            Module:sdk
            Message:func：tdsecuL.4.101  dealTime:8656  packetid:1030  callbacktime:0
[2019-08-14 13:29:23:896]
            LogID:[ldsdk] 3501[业务请求统计]
            Level:INFO
            Module:sdk
            Message:func：tdsecuL.4.101  dealTime:12282  packetid:522  callbacktime:0
[2019-08-14 13:29:23:915]
            LogID:[ldsdk] 3501[业务请求统计]
            Level:INFO
            Module:sdk
            Message:func：tdsecuL.4.101  dealTime:8765  packetid:1036  callbacktime:0
[2019-08-14 13:29:23:926]
            LogID:[ldsdk] 3501[业务请求统计]
            Level:INFO
            Module:sdk
            Message:func：tdsecuL.4.101  dealTime:10094  packetid:814  callbacktime:0
[2019-08-14 13:29:24:664]
            LogID:[ldsdk] 3501[业务请求统计]
            Level:INFO
            Module:sdk
            Message:func：tdsecuL.4.101  dealTime:9891  packetid:922  callbacktime:140
[2019-08-14 13:29:24:664]
            LogID:[ldsdk] 3501[业务请求统计]
            Level:INFO
            Module:sdk
            Message:func：tdsecuL.4.101  dealTime:13812  packetid:466  callbacktime:0
[2019-08-14 13:29:24:664]
            LogID:[ldsdk] 3501[业务请求统计]
            Level:INFO
            Module:sdk
            Message:func：tdsecuL.4.101  dealTime:10234  packetid:878  callbacktime:0
[2019-08-14 13:29:24:664]
            LogID:[ldsdk] 3501[业务请求统计]
            Level:INFO
            Module:sdk
            Message:func：tdsecuL.4.101  dealTime:8750  packetid:1194  callbacktime:0
[2019-08-14 13:29:24:664]
            LogID:[ldsdk] 3501[业务请求统计]
            Level:INFO
            Module:sdk
            Message:func：tdsecuL.4.101  dealTime:8812  packetid:1182  callbacktime:0
[2019-08-14 13:29:24:664]
            LogID:[ldsdk] 3501[业务请求统计]
            Level:INFO
            Module:sdk
            Message:func：tdsecuL.4.101  dealTime:12094  packetid:652  callbacktime:0
[2019-08-14 13:29:24:664]
            LogID:[ldsdk] 3501[业务请求统计]
            Level:INFO
            Module:sdk
            Message:func：tdsecuL.4.101  dealTime:11406  packetid:734  callbacktime:0
[2019-08-14 13:29:24:664]
            LogID:[ldsdk] 3501[业务请求统计]
            Level:INFO
            Module:sdk
            Message:func：tdsecuL.4.101  dealTime:8187  packetid:1304  callbacktime:0
[2019-08-14 13:29:24:664]
            LogID:[ldsdk] 3501[业务请求统计]
            Level:INFO
            Module:sdk
            Message:func：tdsecuL.4.101  dealTime:15453  packetid:184  callbacktime:0
[2019-08-14 13:29:24:664]
            LogID:[ldsdk] 3501[业务请求统计]
            Level:INFO
            Module:sdk
            Message:func：tdsecuL.4.101  dealTime:9765  packetid:970  callbacktime:0
[2019-08-14 13:29:25:273]
            LogID:[ldsdk] 3502[业务请求超时]
            Level:WARNING
            Module:sdk
            Message:func：tdsecuL.4.101  WaitTime:16094  packetid:54
[2019-08-14 13:29:25:667]
            LogID:[ldsdk] 3501[业务请求统计]
            Level:INFO
            Module:sdk
            Message:func：tdsecuL.4.101  dealTime:10641  packetid:954  callbacktime:203
[2019-08-14 13:29:25:667]
            LogID:[ldsdk] 3501[业务请求统计]
            Level:INFO
            Module:sdk
            Message:func：tdsecuL.4.101  dealTime:9062  packetid:1332  callbacktime:0
[2019-08-14 13:29:25:667]
            LogID:[ldsdk] 3501[业务请求统计]
            Level:INFO
            Module:sdk
            Message:func：tdsecuL.4.101  dealTime:9312  packetid:1280  callbacktime:0
[2019-08-14 13:29:25:667]
            LogID:[ldsdk] 3501[业务请求统计]
            Level:INFO
            Module:sdk
            Message:func：tdsecuL.4.101  dealTime:15062  packetid:434  callbacktime:0
[2019-08-14 13:29:25:667]
            LogID:[ldsdk] 3501[业务请求统计]
            Level:INFO
            Module:sdk
            Message:func：tdsecuL.4.101  dealTime:7859  packetid:1518  callbacktime:0
[2019-08-14 13:29:25:667]
            LogID:[ldsdk] 3501[业务请求统计]
            Level:INFO
            Module:sdk
            Message:func：tdsecuL.4.101  dealTime:7359  packetid:1596  callbacktime:0
[2019-08-14 13:29:25:667]
            LogID:[ldsdk] 3501[业务请求统计]
            Level:INFO
            Module:sdk
            Message:func：tdsecuL.4.101  dealTime:13281  packetid:634  callbacktime:0
[2019-08-14 13:29:25:667]
            LogID:[ldsdk] 3501[业务请求统计]
            Level:INFO
            Module:sdk
            Message:func：tdsecuL.4.101  dealTime:8984  packetid:1344  callbacktime:0
[2019-08-14 13:29:25:667]
            LogID:[ldsdk] 3501[业务请求统计]
            Level:INFO
            Module:sdk
            Message:func：tdsecuL.4.101  dealTime:13344  packetid:618  callbacktime:0
[2019-08-14 13:29:25:667]
            LogID:[ldsdk] 3501[业务请求统计]
            Level:INFO
            Module:sdk
            Message:func：tdsecuL.4.101  dealTime:7875  packetid:1514  callbacktime:0
[2019-08-14 13:29:26:694]
            LogID:[ldsdk] 3501[业务请求统计]
            Level:INFO
            Module:sdk
            Message:func：tdsecuL.4.101  dealTime:10359  packetid:1274  callbacktime:0
[2019-08-14 13:29:27:013]
            LogID:[ldsdk] 3501[业务请求统计]
            Level:INFO
            Module:sdk
            Message:func：tdsecuL.4.101  dealTime:11531  packetid:1102  callbacktime:0
[2019-08-14 13:29:27:042]
            LogID:[ldsdk] 3501[业务请求统计]
            Level:INFO
            Module:sdk
            Message:func：tdsecuL.4.101  dealTime:17844  packetid:130  callbacktime:0
[2019-08-14 13:29:27:088]
            LogID:[ldsdk] 3501[业务请求统计]
            Level:INFO
            Module:sdk
            Message:func：tdsecuL.4.101  dealTime:13344  packetid:796  callbacktime:0
[2019-08-14 13:29:27:093]
            LogID:[ldsdk] 3501[业务请求统计]
            Level:INFO
            Module:sdk
            Message:func：tdsecuL.4.101  dealTime:11031  packetid:1206  callbacktime:0
[2019-08-14 13:29:27:122]
            LogID:[ldsdk] 3501[业务请求统计]
            Level:INFO
            Module:sdk
            Message:func：tdsecuL.4.101  dealTime:10531  packetid:1330  callbacktime:0
[2019-08-14 13:29:27:800]
            LogID:[ldsdk] 3501[业务请求统计]
            Level:INFO
            Module:sdk
            Message:func：tdsecuL.4.101  dealTime:16000  packetid:548  callbacktime:0
[2019-08-14 13:29:27:804]
            LogID:[ldsdk] 3501[业务请求统计]
            Level:INFO
            Module:sdk
            Message:func：tdsecuL.4.101  dealTime:14000  packetid:812  callbacktime:0
[2019-08-14 13:29:27:824]
            LogID:[ldsdk] 3501[业务请求统计]
            Level:INFO
            Module:sdk
            Message:func：tdsecuL.4.101  dealTime:11437  packetid:1290  callbacktime:0
[2019-08-14 13:29:27:827]
            LogID:[ldsdk] 3501[业务请求统计]
            Level:INFO
            Module:sdk
            Message:func：tdsecuL.4.101  dealTime:13406  packetid:876  callbacktime:0
[2019-08-14 13:29:27:835]
            LogID:[ldsdk] 3501[业务请求统计]
            Level:INFO
            Module:sdk
            Message:func：tdsecuL.4.101  dealTime:14125  packetid:788  callbacktime:0
[2019-08-14 13:29:27:846]
            LogID:[ldsdk] 3501[业务请求统计]
            Level:INFO
            Module:sdk
            Message:func：tdsecuL.4.101  dealTime:12141  packetid:1158  callbacktime:0
[2019-08-14 13:29:27:846]
            LogID:[ldsdk] 3501[业务请求统计]
            Level:INFO
            Module:sdk
            Message:func：tdsecuL.4.101  dealTime:15609  packetid:606  callbacktime:0
[2019-08-14 13:29:27:846]
            LogID:[ldsdk] 3501[业务请求统计]
            Level:INFO
            Module:sdk
            Message:func：tdsecuL.4.101  dealTime:13328  packetid:902  callbacktime:0
[2019-08-14 13:29:28:484]
            LogID:[ldsdk] 3501[业务请求统计]
            Level:INFO
            Module:sdk
            Message:func：tdsecuL.4.101  dealTime:12000  packetid:1306  callbacktime:0
[2019-08-14 13:29:28:493]
            LogID:[ldsdk] 3501[业务请求统计]
            Level:INFO
            Module:sdk
            Message:func：tdsecuL.4.101  dealTime:14015  packetid:892  callbacktime:0
[2019-08-14 13:29:28:907]
            LogID:[ldsdk] 3501[业务请求统计]
            Level:INFO
            Module:sdk
            Message:func：tdsecuL.4.101  dealTime:15563  packetid:730  callbacktime:94
[2019-08-14 13:29:28:907]
            LogID:[ldsdk] 3501[业务请求统计]
            Level:INFO
            Module:sdk
            Message:func：tdsecuL.4.101  dealTime:18563  packetid:372  callbacktime:0
[2019-08-14 13:29:28:907]
            LogID:[ldsdk] 3501[业务请求统计]
            Level:INFO
            Module:sdk
            Message:func：tdsecuL.4.101  dealTime:12079  packetid:1380  callbacktime:0
[2019-08-14 13:29:28:907]
            LogID:[ldsdk] 3501[业务请求统计]
            Level:INFO
            Module:sdk
            Message:func：tdsecuL.4.101  dealTime:15219  packetid:784  callbacktime:0
[2019-08-14 13:29:28:907]
            LogID:[ldsdk] 3501[业务请求统计]
            Level:INFO
            Module:sdk
            Message:func：tdsecuL.4.101  dealTime:12047  packetid:1386  callbacktime:0
[2019-08-14 13:29:28:907]
            LogID:[ldsdk] 3501[业务请求统计]
            Level:INFO
            Module:sdk
            Message:func：tdsecuL.4.101  dealTime:19688  packetid:188  callbacktime:0
[2019-08-14 13:29:28:907]
            LogID:[ldsdk] 3501[业务请求统计]
            Level:INFO
            Module:sdk
            Message:func：tdsecuL.4.101  dealTime:12313  packetid:1328  callbacktime:0
[2019-08-14 13:29:28:907]
            LogID:[ldsdk] 3501[业务请求统计]
            Level:INFO
            Module:sdk
            Message:func：tdsecuL.4.101  dealTime:11657  packetid:1442  callbacktime:0
[2019-08-14 13:29:28:907]
            LogID:[ldsdk] 3501[业务请求统计]
            Level:INFO
            Module:sdk
            Message:func：tdsecuL.4.101  dealTime:11032  packetid:1530  callbacktime:0
[2019-08-14 13:29:28:907]
            LogID:[ldsdk] 3501[业务请求统计]
            Level:INFO
            Module:sdk
            Message:func：tdsecuL.4.101  dealTime:19719  packetid:62  callbacktime:0
