[2019-08-19 09:28:33:257]
            LogID:[ldsdk] 3500[sdk初始化完成]
            Level:INFO
            Module:sdk
            Message:sdk编译日期：May  6 2019  编译时间：11:20:30
[2019-08-19 09:33:25:904]
            LogID:[ldsdk] 3503[同步请求时间]
            Level:WARNING
            Module:sdk
            Message:func：tdsecuL.4.11  Time:313
[2019-08-19 09:33:25:973]
            LogID:[ldsdk] 3503[同步请求时间]
            Level:WARNING
            Module:sdk
            Message:func：tdsecuL.4.101  Time:47
[2019-08-19 09:33:26:092]
            LogID:[ldsdk] 3503[同步请求时间]
            Level:WARNING
            Module:sdk
            Message:func：tdsecuL.4.12  Time:109
[2019-08-19 09:33:34:858]
            LogID:[ldsdk] 3503[同步请求时间]
            Level:WARNING
            Module:sdk
            Message:func：tdsecuL.4.11  Time:344
[2019-08-19 09:33:35:884]
            LogID:[ldsdk] 3503[同步请求时间]
            Level:WARNING
            Module:sdk
            Message:func：tdsecuL.4.101  Time:31
[2019-08-19 09:33:36:035]
            LogID:[ldsdk] 3503[同步请求时间]
            Level:WARNING
            Module:sdk
            Message:func：tdsecuL.4.12  Time:141
[2019-08-19 09:38:24:804]
            LogID:[ldsdk] 3503[同步请求时间]
            Level:WARNING
            Module:sdk
            Message:func：tdsecuL.4.11  Time:297
[2019-08-19 09:38:24:846]
            LogID:[ldsdk] 3503[同步请求时间]
            Level:WARNING
            Module:sdk
            Message:func：tdsecuL.4.101  Time:31
[2019-08-19 09:38:24:957]
            LogID:[ldsdk] 3503[同步请求时间]
            Level:WARNING
            Module:sdk
            Message:func：tdsecuL.4.12  Time:109
[2019-08-19 09:38:33:638]
            LogID:[ldsdk] 3503[同步请求时间]
            Level:WARNING
            Module:sdk
            Message:func：tdsecuL.4.11  Time:281
[2019-08-19 09:38:34:670]
            LogID:[ldsdk] 3503[同步请求时间]
            Level:WARNING
            Module:sdk
            Message:func：tdsecuL.4.101  Time:31
[2019-08-19 09:38:34:760]
            LogID:[ldsdk] 3503[同步请求时间]
            Level:WARNING
            Module:sdk
            Message:func：tdsecuL.4.12  Time:94
[2019-08-19 13:11:45:309]
            LogID:[ldsdk] 3500[sdk初始化完成]
            Level:INFO
            Module:sdk
            Message:sdk编译日期：May  6 2019  编译时间：11:20:30
[2019-08-19 13:18:23:452]
            LogID:[ldsdk] 3500[sdk初始化完成]
            Level:INFO
            Module:sdk
            Message:sdk编译日期：May  6 2019  编译时间：11:20:30
[2019-08-19 13:19:24:741]
            LogID:[ldsdk] 3500[sdk初始化完成]
            Level:INFO
            Module:sdk
            Message:sdk编译日期：May  6 2019  编译时间：11:20:30
[2019-08-19 13:20:01:333]
            LogID:[ldsdk] 3500[sdk初始化完成]
            Level:INFO
            Module:sdk
            Message:sdk编译日期：May  6 2019  编译时间：11:20:30
[2019-08-19 13:25:50:913]
            LogID:[ldsdk] 3500[sdk初始化完成]
            Level:INFO
            Module:sdk
            Message:sdk编译日期：May  6 2019  编译时间：11:20:30
[2019-08-19 13:26:05:664]
            LogID:[ldsdk] 3501[业务请求统计]
            Level:INFO
            Module:sdk
            Message:func：tdsecuL.4.101  dealTime:47  packetid:10  callbacktime:0
[2019-08-19 13:26:05:664]
            LogID:[ldsdk] 3501[业务请求统计]
            Level:INFO
            Module:sdk
            Message:func：tdsecuL.4.101  dealTime:47  packetid:8  callbacktime:0
[2019-08-19 13:26:05:664]
            LogID:[ldsdk] 3501[业务请求统计]
            Level:INFO
            Module:sdk
            Message:func：tdsecuL.4.101  dealTime:47  packetid:12  callbacktime:0
[2019-08-19 13:26:05:664]
            LogID:[ldsdk] 3501[业务请求统计]
            Level:INFO
            Module:sdk
            Message:func：tdsecuL.4.101  dealTime:47  packetid:2  callbacktime:0
[2019-08-19 13:26:05:664]
            LogID:[ldsdk] 3501[业务请求统计]
            Level:INFO
            Module:sdk
            Message:func：tdsecuL.4.101  dealTime:47  packetid:4  callbacktime:0
[2019-08-19 13:26:05:665]
            LogID:[ldsdk] 3501[业务请求统计]
            Level:INFO
            Module:sdk
            Message:func：tdsecuL.4.101  dealTime:47  packetid:18  callbacktime:0
[2019-08-19 13:26:05:665]
            LogID:[ldsdk] 3501[业务请求统计]
            Level:INFO
            Module:sdk
            Message:func：tdsecuL.4.101  dealTime:47  packetid:6  callbacktime:0
[2019-08-19 13:26:05:665]
            LogID:[ldsdk] 3501[业务请求统计]
            Level:INFO
            Module:sdk
            Message:func：tdsecuL.4.101  dealTime:47  packetid:52  callbacktime:0
[2019-08-19 13:26:05:665]
            LogID:[ldsdk] 3501[业务请求统计]
            Level:INFO
            Module:sdk
            Message:func：tdsecuL.4.101  dealTime:47  packetid:24  callbacktime:0
[2019-08-19 13:26:05:665]
            LogID:[ldsdk] 3501[业务请求统计]
            Level:INFO
            Module:sdk
            Message:func：tdsecuL.4.101  dealTime:47  packetid:22  callbacktime:0
[2019-08-19 13:26:05:896]
            LogID:[ldsdk] 3501[业务请求统计]
            Level:INFO
            Module:sdk
            Message:func：tdsecuL.4.101  dealTime:250  packetid:188  callbacktime:0
[2019-08-19 13:26:05:897]
            LogID:[ldsdk] 3501[业务请求统计]
            Level:INFO
            Module:sdk
            Message:func：tdsecuL.4.101  dealTime:266  packetid:100  callbacktime:0
[2019-08-19 13:26:05:940]
            LogID:[ldsdk] 3501[业务请求统计]
            Level:INFO
            Module:sdk
            Message:func：tdsecuL.4.101  dealTime:297  packetid:64  callbacktime:0
[2019-08-19 13:26:05:941]
            LogID:[ldsdk] 3501[业务请求统计]
            Level:INFO
            Module:sdk
            Message:func：tdsecuL.4.101  dealTime:266  packetid:206  callbacktime:0
[2019-08-19 13:26:05:948]
            LogID:[ldsdk] 3501[业务请求统计]
            Level:INFO
            Module:sdk
            Message:func：tdsecuL.4.101  dealTime:171  packetid:264  callbacktime:0
[2019-08-19 13:26:05:951]
            LogID:[ldsdk] 3501[业务请求统计]
            Level:INFO
            Module:sdk
            Message:func：tdsecuL.4.101  dealTime:296  packetid:140  callbacktime:0
[2019-08-19 13:26:05:973]
            LogID:[ldsdk] 3501[业务请求统计]
            Level:INFO
            Module:sdk
            Message:func：tdsecuL.4.101  dealTime:312  packetid:150  callbacktime:0
[2019-08-19 13:26:05:996]
            LogID:[ldsdk] 3501[业务请求统计]
            Level:INFO
            Module:sdk
            Message:func：tdsecuL.4.101  dealTime:359  packetid:72  callbacktime:0
[2019-08-19 13:26:06:000]
            LogID:[ldsdk] 3501[业务请求统计]
            Level:INFO
            Module:sdk
            Message:func：tdsecuL.4.101  dealTime:359  packetid:98  callbacktime:0
[2019-08-19 13:26:06:016]
            LogID:[ldsdk] 3501[业务请求统计]
            Level:INFO
            Module:sdk
            Message:func：tdsecuL.4.101  dealTime:359  packetid:194  callbacktime:0
[2019-08-19 13:26:06:903]
            LogID:[ldsdk] 3501[业务请求统计]
            Level:INFO
            Module:sdk
            Message:func：tdsecuL.4.11  dealTime:1219  packetid:213  callbacktime:0
[2019-08-19 13:26:06:940]
            LogID:[ldsdk] 3501[业务请求统计]
            Level:INFO
            Module:sdk
            Message:func：tdsecuL.4.11  dealTime:1313  packetid:45  callbacktime:0
[2019-08-19 13:26:06:946]
            LogID:[ldsdk] 3501[业务请求统计]
            Level:INFO
            Module:sdk
            Message:func：tdsecuL.4.11  dealTime:1312  packetid:111  callbacktime:0
[2019-08-19 13:26:06:953]
            LogID:[ldsdk] 3501[业务请求统计]
            Level:INFO
            Module:sdk
            Message:func：tdsecuL.4.11  dealTime:1328  packetid:33  callbacktime:0
[2019-08-19 13:26:06:964]
            LogID:[ldsdk] 3501[业务请求统计]
            Level:INFO
            Module:sdk
            Message:func：tdsecuL.4.101  dealTime:1156  packetid:274  callbacktime:0
[2019-08-19 13:26:06:972]
            LogID:[ldsdk] 3501[业务请求统计]
            Level:INFO
            Module:sdk
            Message:func：tdsecuL.4.11  dealTime:1328  packetid:115  callbacktime:0
[2019-08-19 13:26:06:978]
            LogID:[ldsdk] 3501[业务请求统计]
            Level:INFO
            Module:sdk
            Message:func：tdsecuL.4.11  dealTime:1328  packetid:141  callbacktime:0
[2019-08-19 13:26:06:978]
            LogID:[ldsdk] 3501[业务请求统计]
            Level:INFO
            Module:sdk
            Message:func：tdsecuL.4.11  dealTime:1313  packetid:203  callbacktime:0
[2019-08-19 13:26:06:979]
            LogID:[ldsdk] 3501[业务请求统计]
            Level:INFO
            Module:sdk
            Message:func：tdsecuL.4.11  dealTime:1235  packetid:251  callbacktime:0
[2019-08-19 13:26:07:025]
            LogID:[ldsdk] 3501[业务请求统计]
            Level:INFO
            Module:sdk
            Message:func：tdsecuL.4.101  dealTime:297  packetid:330  callbacktime:0
[2019-08-19 13:26:08:005]
            LogID:[ldsdk] 3501[业务请求统计]
            Level:INFO
            Module:sdk
            Message:func：tdsecuL.4.101  dealTime:1125  packetid:344  callbacktime:0
[2019-08-19 13:26:08:024]
            LogID:[ldsdk] 3501[业务请求统计]
            Level:INFO
            Module:sdk
            Message:func：tdsecuL.4.11  dealTime:1063  packetid:361  callbacktime:0
[2019-08-19 13:26:08:024]
            LogID:[ldsdk] 3501[业务请求统计]
            Level:INFO
            Module:sdk
            Message:func：tdsecuL.4.11  dealTime:2094  packetid:297  callbacktime:0
[2019-08-19 13:26:08:024]
            LogID:[ldsdk] 3501[业务请求统计]
            Level:INFO
            Module:sdk
            Message:func：tdsecuL.4.11  dealTime:610  packetid:423  callbacktime:0
[2019-08-19 13:26:08:029]
            LogID:[ldsdk] 3501[业务请求统计]
            Level:INFO
            Module:sdk
            Message:func：tdsecuL.4.11  dealTime:454  packetid:453  callbacktime:0
[2019-08-19 13:26:08:092]
            LogID:[ldsdk] 3501[业务请求统计]
            Level:INFO
            Module:sdk
            Message:func：tdsecuL.4.11  dealTime:2453  packetid:73  callbacktime:0
[2019-08-19 13:26:08:094]
            LogID:[ldsdk] 3501[业务请求统计]
            Level:INFO
            Module:sdk
            Message:func：tdsecuL.4.11  dealTime:641  packetid:429  callbacktime:0
[2019-08-19 13:26:08:099]
            LogID:[ldsdk] 3501[业务请求统计]
            Level:INFO
            Module:sdk
            Message:func：tdsecuL.4.11  dealTime:750  packetid:417  callbacktime:0
[2019-08-19 13:26:08:113]
            LogID:[ldsdk] 3501[业务请求统计]
            Level:INFO
            Module:sdk
            Message:func：tdsecuL.4.11  dealTime:563  packetid:447  callbacktime:0
[2019-08-19 13:26:08:116]
            LogID:[ldsdk] 3501[业务请求统计]
            Level:INFO
            Module:sdk
            Message:func：tdsecuL.4.11  dealTime:2484  packetid:61  callbacktime:0
[2019-08-19 13:26:09:015]
            LogID:[ldsdk] 3501[业务请求统计]
            Level:INFO
            Module:sdk
            Message:func：tdsecuL.4.11  dealTime:219  packetid:601  callbacktime:0
[2019-08-19 13:26:09:071]
            LogID:[ldsdk] 3501[业务请求统计]
            Level:INFO
            Module:sdk
            Message:func：tdsecuL.4.11  dealTime:968  packetid:527  callbacktime:0
[2019-08-19 13:26:09:071]
            LogID:[ldsdk] 3501[业务请求统计]
            Level:INFO
            Module:sdk
            Message:func：tdsecuL.4.11  dealTime:421  packetid:575  callbacktime:0
[2019-08-19 13:26:09:079]
            LogID:[ldsdk] 3501[业务请求统计]
            Level:INFO
            Module:sdk
            Message:func：tdsecuL.4.101  dealTime:890  packetid:542  callbacktime:0
[2019-08-19 13:26:09:103]
            LogID:[ldsdk] 3501[业务请求统计]
            Level:INFO
            Module:sdk
            Message:func：tdsecuL.4.11  dealTime:344  packetid:593  callbacktime:0
[2019-08-19 13:26:09:104]
            LogID:[ldsdk] 3501[业务请求统计]
            Level:INFO
            Module:sdk
            Message:func：tdsecuL.4.11  dealTime:3422  packetid:215  callbacktime:0
[2019-08-19 13:26:09:113]
            LogID:[ldsdk] 3501[业务请求统计]
            Level:INFO
            Module:sdk
            Message:func：tdsecuL.4.11  dealTime:797  packetid:551  callbacktime:0
[2019-08-19 13:26:09:126]
            LogID:[ldsdk] 3501[业务请求统计]
            Level:INFO
            Module:sdk
            Message:func：tdsecuL.4.11  dealTime:297  packetid:605  callbacktime:0
[2019-08-19 13:26:09:127]
            LogID:[ldsdk] 3501[业务请求统计]
            Level:INFO
            Module:sdk
            Message:func：tdsecuL.4.11  dealTime:453  packetid:581  callbacktime:0
[2019-08-19 13:26:09:135]
            LogID:[ldsdk] 3501[业务请求统计]
            Level:INFO
            Module:sdk
            Message:func：tdsecuL.4.11  dealTime:1172  packetid:507  callbacktime:0
[2019-08-19 13:26:10:120]
            LogID:[ldsdk] 3501[业务请求统计]
            Level:INFO
            Module:sdk
            Message:func：tdsecuL.4.11  dealTime:484  packetid:711  callbacktime:0
[2019-08-19 13:26:10:134]
            LogID:[ldsdk] 3501[业务请求统计]
            Level:INFO
            Module:sdk
            Message:func：tdsecuL.4.11  dealTime:563  packetid:697  callbacktime:0
[2019-08-19 13:26:10:156]
            LogID:[ldsdk] 3501[业务请求统计]
            Level:INFO
            Module:sdk
            Message:func：tdsecuL.4.11  dealTime:4532  packetid:29  callbacktime:0
[2019-08-19 13:26:10:166]
            LogID:[ldsdk] 3501[业务请求统计]
            Level:INFO
            Module:sdk
            Message:func：tdsecuL.4.11  dealTime:4469  packetid:223  callbacktime:0
[2019-08-19 13:26:10:194]
            LogID:[ldsdk] 3501[业务请求统计]
            Level:INFO
            Module:sdk
            Message:func：tdsecuL.4.11  dealTime:234  packetid:739  callbacktime:0
[2019-08-19 13:26:10:202]
            LogID:[ldsdk] 3501[业务请求统计]
            Level:INFO
            Module:sdk
            Message:func：tdsecuL.4.11  dealTime:4578  packetid:13  callbacktime:0
[2019-08-19 13:26:10:211]
            LogID:[ldsdk] 3501[业务请求统计]
            Level:INFO
            Module:sdk
            Message:func：tdsecuL.4.11  dealTime:1078  packetid:651  callbacktime:0
[2019-08-19 13:26:10:212]
            LogID:[ldsdk] 3501[业务请求统计]
            Level:INFO
            Module:sdk
            Message:func：tdsecuL.4.11  dealTime:2906  packetid:411  callbacktime:0
[2019-08-19 13:26:10:213]
            LogID:[ldsdk] 3501[业务请求统计]
            Level:INFO
            Module:sdk
            Message:func：tdsecuL.4.11  dealTime:4578  packetid:107  callbacktime:0
[2019-08-19 13:26:10:266]
            LogID:[ldsdk] 3501[业务请求统计]
            Level:INFO
            Module:sdk
            Message:func：tdsecuL.4.11  dealTime:1875  packetid:553  callbacktime:0
[2019-08-19 13:26:11:016]
            LogID:[ldsdk] 3502[业务请求超时]
            Level:WARNING
            Module:sdk
            Message:func：tdsecuL.4.11  WaitTime:5391  packetid:31
[2019-08-19 13:26:11:117]
            LogID:[ldsdk] 3501[业务请求统计]
            Level:INFO
            Module:sdk
            Message:func：tdsecuL.4.11  dealTime:2890  packetid:547  callbacktime:0
[2019-08-19 13:26:11:131]
            LogID:[ldsdk] 3501[业务请求统计]
            Level:INFO
            Module:sdk
            Message:func：tdsecuL.4.11  dealTime:781  packetid:781  callbacktime:0
[2019-08-19 13:26:11:134]
            LogID:[ldsdk] 3501[业务请求统计]
            Level:INFO
            Module:sdk
            Message:func：tdsecuL.4.11  dealTime:3375  packetid:481  callbacktime:0
[2019-08-19 13:26:11:142]
            LogID:[ldsdk] 3501[业务请求统计]
            Level:INFO
            Module:sdk
            Message:func：tdsecuL.4.11  dealTime:5250  packetid:289  callbacktime:0
[2019-08-19 13:26:11:159]
            LogID:[ldsdk] 3501[业务请求统计]
            Level:INFO
            Module:sdk
            Message:func：tdsecuL.4.11  dealTime:2875  packetid:549  callbacktime:0
[2019-08-19 13:26:11:195]
            LogID:[ldsdk] 3501[业务请求统计]
            Level:INFO
            Module:sdk
            Message:func：tdsecuL.4.11  dealTime:2000  packetid:655  callbacktime:0
[2019-08-19 13:26:11:206]
            LogID:[ldsdk] 3501[业务请求统计]
            Level:INFO
            Module:sdk
            Message:func：tdsecuL.4.11  dealTime:1046  packetid:761  callbacktime:0
[2019-08-19 13:26:11:220]
            LogID:[ldsdk] 3501[业务请求统计]
            Level:INFO
            Module:sdk
            Message:func：tdsecuL.4.11  dealTime:2484  packetid:583  callbacktime:0
[2019-08-19 13:26:11:230]
            LogID:[ldsdk] 3501[业务请求统计]
            Level:INFO
            Module:sdk
            Message:func：tdsecuL.4.11  dealTime:4000  packetid:397  callbacktime:0
[2019-08-19 13:26:11:231]
            LogID:[ldsdk] 3501[业务请求统计]
            Level:INFO
            Module:sdk
            Message:func：tdsecuL.4.11  dealTime:3672  packetid:451  callbacktime:0
[2019-08-19 13:26:12:229]
            LogID:[ldsdk] 3501[业务请求统计]
            Level:INFO
            Module:sdk
            Message:func：tdsecuL.4.11  dealTime:328  packetid:933  callbacktime:0
[2019-08-19 13:26:12:229]
            LogID:[ldsdk] 3501[业务请求统计]
            Level:INFO
            Module:sdk
            Message:func：tdsecuL.4.11  dealTime:844  packetid:899  callbacktime:0
[2019-08-19 13:26:12:229]
            LogID:[ldsdk] 3501[业务请求统计]
            Level:INFO
            Module:sdk
            Message:func：tdsecuL.4.11  dealTime:172  packetid:943  callbacktime:0
[2019-08-19 13:26:12:251]
            LogID:[ldsdk] 3501[业务请求统计]
            Level:INFO
            Module:sdk
            Message:func：tdsecuL.4.11  dealTime:281  packetid:935  callbacktime:0
[2019-08-19 13:26:12:260]
            LogID:[ldsdk] 3501[业务请求统计]
            Level:INFO
            Module:sdk
            Message:func：tdsecuL.4.11  dealTime:1500  packetid:807  callbacktime:0
[2019-08-19 13:26:12:269]
            LogID:[ldsdk] 3501[业务请求统计]
            Level:INFO
            Module:sdk
            Message:func：tdsecuL.4.11  dealTime:3656  packetid:567  callbacktime:0
[2019-08-19 13:26:12:282]
            LogID:[ldsdk] 3501[业务请求统计]
            Level:INFO
            Module:sdk
            Message:func：tdsecuL.4.11  dealTime:2204  packetid:753  callbacktime:0
[2019-08-19 13:26:12:282]
            LogID:[ldsdk] 3501[业务请求统计]
            Level:INFO
            Module:sdk
            Message:func：tdsecuL.4.11  dealTime:735  packetid:915  callbacktime:0
[2019-08-19 13:26:12:282]
            LogID:[ldsdk] 3501[业务请求统计]
            Level:INFO
            Module:sdk
            Message:func：tdsecuL.4.11  dealTime:4907  packetid:419  callbacktime:0
[2019-08-19 13:26:12:286]
            LogID:[ldsdk] 3501[业务请求统计]
            Level:INFO
            Module:sdk
            Message:func：tdsecuL.4.11  dealTime:4735  packetid:449  callbacktime:0
[2019-08-19 13:26:13:227]
            LogID:[ldsdk] 3501[业务请求统计]
            Level:INFO
            Module:sdk
            Message:func：tdsecuL.4.11  dealTime:1625  packetid:919  callbacktime:0
[2019-08-19 13:26:13:255]
            LogID:[ldsdk] 3501[业务请求统计]
            Level:INFO
            Module:sdk
            Message:func：tdsecuL.4.11  dealTime:2031  packetid:877  callbacktime:0
[2019-08-19 13:26:13:259]
            LogID:[ldsdk] 3501[业务请求统计]
            Level:INFO
            Module:sdk
            Message:func：tdsecuL.4.11  dealTime:781  packetid:993  callbacktime:0
[2019-08-19 13:26:13:274]
            LogID:[ldsdk] 3501[业务请求统计]
            Level:INFO
            Module:sdk
            Message:func：tdsecuL.4.11  dealTime:313  packetid:1047  callbacktime:0
[2019-08-19 13:26:13:347]
            LogID:[ldsdk] 3501[业务请求统计]
            Level:INFO
            Module:sdk
            Message:func：tdsecuL.4.11  dealTime:219  packetid:1065  callbacktime:0
[2019-08-19 13:26:13:348]
            LogID:[ldsdk] 3501[业务请求统计]
            Level:INFO
            Module:sdk
            Message:func：tdsecuL.4.11  dealTime:1578  packetid:931  callbacktime:0
[2019-08-19 13:26:13:415]
            LogID:[ldsdk] 3501[业务请求统计]
            Level:INFO
            Module:sdk
            Message:func：tdsecuL.4.11  dealTime:422  packetid:1051  callbacktime:0
[2019-08-19 13:26:13:454]
            LogID:[ldsdk] 3501[业务请求统计]
            Level:INFO
            Module:sdk
            Message:func：tdsecuL.4.11  dealTime:406  packetid:1053  callbacktime:0
[2019-08-19 13:26:13:464]
            LogID:[ldsdk] 3501[业务请求统计]
            Level:INFO
            Module:sdk
            Message:func：tdsecuL.4.11  dealTime:203  packetid:1079  callbacktime:0
[2019-08-19 13:26:13:487]
            LogID:[ldsdk] 3501[业务请求统计]
            Level:INFO
            Module:sdk
            Message:func：tdsecuL.4.11  dealTime:688  packetid:1029  callbacktime:0
[2019-08-19 13:26:14:350]
            LogID:[ldsdk] 3501[业务请求统计]
            Level:INFO
            Module:sdk
            Message:func：tdsecuL.4.11  dealTime:375  packetid:1139  callbacktime:0
[2019-08-19 13:26:14:385]
            LogID:[ldsdk] 3501[业务请求统计]
            Level:INFO
            Module:sdk
            Message:func：tdsecuL.4.11  dealTime:563  packetid:1125  callbacktime:0
[2019-08-19 13:26:14:465]
            LogID:[ldsdk] 3501[业务请求统计]
            Level:INFO
            Module:sdk
            Message:func：tdsecuL.4.11  dealTime:391  packetid:1145  callbacktime:0
[2019-08-19 13:26:14:487]
            LogID:[ldsdk] 3501[业务请求统计]
            Level:INFO
            Module:sdk
            Message:func：tdsecuL.4.11  dealTime:610  packetid:1129  callbacktime:0
[2019-08-19 13:26:14:497]
            LogID:[ldsdk] 3501[业务请求统计]
            Level:INFO
            Module:sdk
            Message:func：tdsecuL.4.11  dealTime:3687  packetid:817  callbacktime:0
[2019-08-19 13:26:14:497]
            LogID:[ldsdk] 3501[业务请求统计]
            Level:INFO
            Module:sdk
            Message:func：tdsecuL.4.11  dealTime:265  packetid:1161  callbacktime:0
[2019-08-19 13:26:14:497]
            LogID:[ldsdk] 3501[业务请求统计]
            Level:INFO
            Module:sdk
            Message:func：tdsecuL.4.11  dealTime:406  packetid:1149  callbacktime:0
[2019-08-19 13:26:14:497]
            LogID:[ldsdk] 3501[业务请求统计]
            Level:INFO
            Module:sdk
            Message:func：tdsecuL.4.11  dealTime:343  packetid:1155  callbacktime:0
[2019-08-19 13:26:14:565]
            LogID:[ldsdk] 3501[业务请求统计]
            Level:INFO
            Module:sdk
            Message:func：tdsecuL.4.11  dealTime:297  packetid:1171  callbacktime:0
[2019-08-19 13:26:14:582]
            LogID:[ldsdk] 3501[业务请求统计]
            Level:INFO
            Module:sdk
            Message:func：tdsecuL.4.11  dealTime:859  packetid:1109  callbacktime:0
[2019-08-19 13:26:15:399]
            LogID:[ldsdk] 3501[业务请求统计]
            Level:INFO
            Module:sdk
            Message:func：tdsecuL.4.11  dealTime:938  packetid:1181  callbacktime:0
[2019-08-19 13:26:15:399]
            LogID:[ldsdk] 3501[业务请求统计]
            Level:INFO
            Module:sdk
            Message:func：tdsecuL.4.11  dealTime:625  packetid:1205  callbacktime:0
[2019-08-19 13:26:15:403]
            LogID:[ldsdk] 3501[业务请求统计]
            Level:INFO
            Module:sdk
            Message:func：tdsecuL.4.11  dealTime:782  packetid:1193  callbacktime:0
[2019-08-19 13:26:15:445]
            LogID:[ldsdk] 3501[业务请求统计]
            Level:INFO
            Module:sdk
            Message:func：tdsecuL.4.11  dealTime:468  packetid:1223  callbacktime:0
[2019-08-19 13:26:15:490]
            LogID:[ldsdk] 3501[业务请求统计]
            Level:INFO
            Module:sdk
            Message:func：tdsecuL.4.11  dealTime:2516  packetid:1045  callbacktime:15
[2019-08-19 13:26:15:596]
            LogID:[ldsdk] 3501[业务请求统计]
            Level:INFO
            Module:sdk
            Message:func：tdsecuL.4.11  dealTime:1203  packetid:1179  callbacktime:0
[2019-08-19 13:26:15:747]
            LogID:[ldsdk] 3501[业务请求统计]
            Level:INFO
            Module:sdk
            Message:func：tdsecuL.4.11  dealTime:4828  packetid:829  callbacktime:0
[2019-08-19 13:26:15:774]
            LogID:[ldsdk] 3501[业务请求统计]
            Level:INFO
            Module:sdk
            Message:func：tdsecuL.4.11  dealTime:1547  packetid:1163  callbacktime:0
[2019-08-19 13:26:15:855]
            LogID:[ldsdk] 3501[业务请求统计]
            Level:INFO
            Module:sdk
            Message:func：tdsecuL.4.11  dealTime:1578  packetid:1173  callbacktime:0
[2019-08-19 13:26:15:929]
            LogID:[ldsdk] 3501[业务请求统计]
            Level:INFO
            Module:sdk
            Message:func：tdsecuL.4.11  dealTime:1360  packetid:1189  callbacktime:0
[2019-08-19 13:26:16:038]
            LogID:[ldsdk] 3502[业务请求超时]
            Level:WARNING
            Module:sdk
            Message:func：tdsecuL.4.101  WaitTime:10422  packetid:50
[2019-08-19 13:26:16:468]
            LogID:[ldsdk] 3501[业务请求统计]
            Level:INFO
            Module:sdk
            Message:func：tdsecuL.4.11  dealTime:2547  packetid:1131  callbacktime:0
[2019-08-19 13:26:16:491]
            LogID:[ldsdk] 3501[业务请求统计]
            Level:INFO
            Module:sdk
            Message:func：tdsecuL.4.11  dealTime:2250  packetid:1167  callbacktime:0
[2019-08-19 13:26:16:500]
            LogID:[ldsdk] 3501[业务请求统计]
            Level:INFO
            Module:sdk
            Message:func：tdsecuL.4.11  dealTime:3640  packetid:1039  callbacktime:0
[2019-08-19 13:26:16:505]
            LogID:[ldsdk] 3501[业务请求统计]
            Level:INFO
            Module:sdk
            Message:func：tdsecuL.4.11  dealTime:1718  packetid:1203  callbacktime:0
[2019-08-19 13:26:16:525]
            LogID:[ldsdk] 3501[业务请求统计]
            Level:INFO
            Module:sdk
            Message:func：tdsecuL.4.11  dealTime:4313  packetid:961  callbacktime:0
[2019-08-19 13:26:16:536]
            LogID:[ldsdk] 3501[业务请求统计]
            Level:INFO
            Module:sdk
            Message:func：tdsecuL.4.11  dealTime:6313  packetid:769  callbacktime:0
[2019-08-19 13:26:16:628]
            LogID:[ldsdk] 3501[业务请求统计]
            Level:INFO
            Module:sdk
            Message:func：tdsecuL.4.11  dealTime:7234  packetid:675  callbacktime:0
[2019-08-19 13:26:16:648]
            LogID:[ldsdk] 3501[业务请求统计]
            Level:INFO
            Module:sdk
            Message:func：tdsecuL.4.11  dealTime:1813  packetid:1209  callbacktime:0
[2019-08-19 13:26:16:649]
            LogID:[ldsdk] 3501[业务请求统计]
            Level:INFO
            Module:sdk
            Message:func：tdsecuL.4.11  dealTime:5360  packetid:889  callbacktime:0
[2019-08-19 13:26:16:655]
            LogID:[ldsdk] 3501[业务请求统计]
            Level:INFO
            Module:sdk
            Message:func：tdsecuL.4.11  dealTime:2094  packetid:1187  callbacktime:0
[2019-08-19 13:26:17:478]
            LogID:[ldsdk] 3501[业务请求统计]
            Level:INFO
            Module:sdk
            Message:func：tdsecuL.4.11  dealTime:2985  packetid:1185  callbacktime:0
[2019-08-19 13:26:17:508]
            LogID:[ldsdk] 3501[业务请求统计]
            Level:INFO
            Module:sdk
            Message:func：tdsecuL.4.11  dealTime:3859  packetid:1105  callbacktime:0
[2019-08-19 13:26:17:548]
            LogID:[ldsdk] 3501[业务请求统计]
            Level:INFO
            Module:sdk
            Message:func：tdsecuL.4.11  dealTime:1047  packetid:1295  callbacktime:0
[2019-08-19 13:26:17:578]
            LogID:[ldsdk] 3501[业务请求统计]
            Level:INFO
            Module:sdk
            Message:func：tdsecuL.4.11  dealTime:1046  packetid:1299  callbacktime:0
[2019-08-19 13:26:17:685]
            LogID:[ldsdk] 3501[业务请求统计]
            Level:INFO
            Module:sdk
            Message:func：tdsecuL.4.11  dealTime:2766  packetid:1219  callbacktime:0
[2019-08-19 13:26:17:771]
            LogID:[ldsdk] 3501[业务请求统计]
            Level:INFO
            Module:sdk
            Message:func：tdsecuL.4.11  dealTime:3813  packetid:1135  callbacktime:0
[2019-08-19 13:26:17:792]
            LogID:[ldsdk] 3501[业务请求统计]
            Level:INFO
            Module:sdk
            Message:func：tdsecuL.4.11  dealTime:2859  packetid:1221  callbacktime:0
[2019-08-19 13:26:17:908]
            LogID:[ldsdk] 3501[业务请求统计]
            Level:INFO
            Module:sdk
            Message:func：tdsecuL.4.11  dealTime:2860  packetid:1227  callbacktime:0
[2019-08-19 13:26:17:914]
            LogID:[ldsdk] 3501[业务请求统计]
            Level:INFO
            Module:sdk
            Message:func：tdsecuL.4.11  dealTime:1422  packetid:1291  callbacktime:0
[2019-08-19 13:26:17:955]
            LogID:[ldsdk] 3501[业务请求统计]
            Level:INFO
            Module:sdk
            Message:func：tdsecuL.4.11  dealTime:1265  packetid:1309  callbacktime:0
[2019-08-19 13:26:18:888]
            LogID:[ldsdk] 3501[业务请求统计]
            Level:INFO
            Module:sdk
            Message:func：tdsecuL.4.101  dealTime:13234  packetid:200  callbacktime:0
[2019-08-19 13:26:18:912]
            LogID:[ldsdk] 3501[业务请求统计]
            Level:INFO
            Module:sdk
            Message:func：tdsecuL.4.101  dealTime:11031  packetid:502  callbacktime:0
[2019-08-19 13:26:18:918]
            LogID:[ldsdk] 3501[业务请求统计]
            Level:INFO
            Module:sdk
            Message:func：tdsecuL.4.11  dealTime:5578  packetid:1085  callbacktime:0
[2019-08-19 13:26:18:948]
            LogID:[ldsdk] 3501[业务请求统计]
            Level:INFO
            Module:sdk
            Message:func：tdsecuL.4.101  dealTime:11156  packetid:486  callbacktime:0
[2019-08-19 13:26:18:948]
            LogID:[ldsdk] 3501[业务请求统计]
            Level:INFO
            Module:sdk
            Message:func：tdsecuL.4.101  dealTime:10281  packetid:580  callbacktime:0
[2019-08-19 13:26:19:010]
            LogID:[ldsdk] 3501[业务请求统计]
            Level:INFO
            Module:sdk
            Message:func：tdsecuL.4.101  dealTime:11250  packetid:482  callbacktime:0
[2019-08-19 13:26:19:012]
            LogID:[ldsdk] 3501[业务请求统计]
            Level:INFO
            Module:sdk
            Message:func：tdsecuL.4.101  dealTime:10344  packetid:582  callbacktime:0
[2019-08-19 13:26:19:016]
            LogID:[ldsdk] 3501[业务请求统计]
            Level:INFO
            Module:sdk
            Message:func：tdsecuL.4.11  dealTime:5016  packetid:1143  callbacktime:0
[2019-08-19 13:26:19:031]
            LogID:[ldsdk] 3501[业务请求统计]
            Level:INFO
            Module:sdk
            Message:func：tdsecuL.4.101  dealTime:10110  packetid:618  callbacktime:0
[2019-08-19 13:26:19:047]
            LogID:[ldsdk] 3501[业务请求统计]
            Level:INFO
            Module:sdk
            Message:func：tdsecuL.4.101  dealTime:10547  packetid:558  callbacktime:0
[2019-08-19 13:26:19:560]
            LogID:[ldsdk] 3501[业务请求统计]
            Level:INFO
            Module:sdk
            Message:func：tdsecuL.4.11  dealTime:3469  packetid:1273  callbacktime:0
[2019-08-19 13:26:19:619]
            LogID:[ldsdk] 3501[业务请求统计]
            Level:INFO
            Module:sdk
            Message:func：tdsecuL.4.101  dealTime:11828  packetid:490  callbacktime:0
[2019-08-19 13:26:19:660]
            LogID:[ldsdk] 3501[业务请求统计]
            Level:INFO
            Module:sdk
            Message:func：tdsecuL.4.11  dealTime:3407  packetid:1283  callbacktime:0
[2019-08-19 13:26:19:723]
            LogID:[ldsdk] 3501[业务请求统计]
            Level:INFO
            Module:sdk
            Message:func：tdsecuL.4.11  dealTime:3969  packetid:1251  callbacktime:0
[2019-08-19 13:26:19:727]
            LogID:[ldsdk] 3501[业务请求统计]
            Level:INFO
            Module:sdk
            Message:func：tdsecuL.4.101  dealTime:14078  packetid:158  callbacktime:0
[2019-08-19 13:26:19:745]
            LogID:[ldsdk] 3501[业务请求统计]
            Level:INFO
            Module:sdk
            Message:func：tdsecuL.4.101  dealTime:10937  packetid:604  callbacktime:0
[2019-08-19 13:26:19:779]
            LogID:[ldsdk] 3501[业务请求统计]
            Level:INFO
            Module:sdk
            Message:func：tdsecuL.4.11  dealTime:3922  packetid:1255  callbacktime:0
[2019-08-19 13:26:19:811]
            LogID:[ldsdk] 3501[业务请求统计]
            Level:INFO
            Module:sdk
            Message:func：tdsecuL.4.101  dealTime:11953  packetid:494  callbacktime:0
[2019-08-19 13:26:19:824]
            LogID:[ldsdk] 3501[业务请求统计]
            Level:INFO
            Module:sdk
            Message:func：tdsecuL.4.101  dealTime:10812  packetid:632  callbacktime:0
[2019-08-19 13:26:19:824]
            LogID:[ldsdk] 3501[业务请求统计]
            Level:INFO
            Module:sdk
            Message:func：tdsecuL.4.11  dealTime:4687  packetid:1229  callbacktime:0
[2019-08-19 13:26:20:664]
            LogID:[ldsdk] 3501[业务请求统计]
            Level:INFO
            Module:sdk
            Message:func：tdsecuL.4.101  dealTime:6859  packetid:1124  callbacktime:0
[2019-08-19 13:26:20:665]
            LogID:[ldsdk] 3501[业务请求统计]
            Level:INFO
            Module:sdk
            Message:func：tdsecuL.4.101  dealTime:14781  packetid:290  callbacktime:0
[2019-08-19 13:26:20:665]
            LogID:[ldsdk] 3501[业务请求统计]
            Level:INFO
            Module:sdk
            Message:func：tdsecuL.4.101  dealTime:13719  packetid:358  callbacktime:0
[2019-08-19 13:26:20:665]
            LogID:[ldsdk] 3501[业务请求统计]
            Level:INFO
            Module:sdk
            Message:func：tdsecuL.4.101  dealTime:11906  packetid:596  callbacktime:0
[2019-08-19 13:26:20:666]
            LogID:[ldsdk] 3501[业务请求统计]
            Level:INFO
            Module:sdk
            Message:func：tdsecuL.4.101  dealTime:11937  packetid:586  callbacktime:0
[2019-08-19 13:26:20:672]
            LogID:[ldsdk] 3501[业务请求统计]
            Level:INFO
            Module:sdk
            Message:func：tdsecuL.4.101  dealTime:6594  packetid:1146  callbacktime:0
[2019-08-19 13:26:20:674]
            LogID:[ldsdk] 3501[业务请求统计]
            Level:INFO
            Module:sdk
            Message:func：tdsecuL.4.101  dealTime:11094  packetid:698  callbacktime:0
[2019-08-19 13:26:20:678]
            LogID:[ldsdk] 3501[业务请求统计]
            Level:INFO
            Module:sdk
            Message:func：tdsecuL.4.101  dealTime:6438  packetid:1166  callbacktime:0
[2019-08-19 13:26:20:680]
            LogID:[ldsdk] 3501[业务请求统计]
            Level:INFO
            Module:sdk
            Message:func：tdsecuL.4.101  dealTime:13235  packetid:430  callbacktime:0
[2019-08-19 13:26:20:688]
            LogID:[ldsdk] 3501[业务请求统计]
            Level:INFO
            Module:sdk
            Message:func：tdsecuL.4.101  dealTime:12063  packetid:572  callbacktime:0
[2019-08-19 13:26:21:061]
            LogID:[ldsdk] 3502[业务请求超时]
            Level:WARNING
            Module:sdk
            Message:func：tdsecuL.4.101  WaitTime:15406  packetid:170
[2019-08-19 13:26:21:665]
            LogID:[ldsdk] 3501[业务请求统计]
            Level:INFO
            Module:sdk
            Message:func：tdsecuL.4.101  dealTime:12015  packetid:712  callbacktime:0
[2019-08-19 13:26:21:690]
            LogID:[ldsdk] 3501[业务请求统计]
            Level:INFO
            Module:sdk
            Message:func：tdsecuL.4.101  dealTime:9266  packetid:984  callbacktime:0
[2019-08-19 13:26:21:692]
            LogID:[ldsdk] 3501[业务请求统计]
            Level:INFO
            Module:sdk
            Message:func：tdsecuL.4.101  dealTime:13703  packetid:510  callbacktime:0
[2019-08-19 13:26:21:693]
            LogID:[ldsdk] 3501[业务请求统计]
            Level:INFO
            Module:sdk
            Message:func：tdsecuL.4.101  dealTime:6921  packetid:1204  callbacktime:0
[2019-08-19 13:26:21:694]
            LogID:[ldsdk] 3501[业务请求统计]
            Level:INFO
            Module:sdk
            Message:func：tdsecuL.4.101  dealTime:7078  packetid:1194  callbacktime:0
[2019-08-19 13:26:21:696]
            LogID:[ldsdk] 3501[业务请求统计]
            Level:INFO
            Module:sdk
            Message:func：tdsecuL.4.101  dealTime:9406  packetid:974  callbacktime:0
[2019-08-19 13:26:21:696]
            LogID:[ldsdk] 3501[业务请求统计]
            Level:INFO
            Module:sdk
            Message:func：tdsecuL.4.101  dealTime:7437  packetid:1170  callbacktime:0
[2019-08-19 13:26:21:696]
            LogID:[ldsdk] 3501[业务请求统计]
            Level:INFO
            Module:sdk
            Message:func：tdsecuL.4.101  dealTime:8359  packetid:1086  callbacktime:0
[2019-08-19 13:26:21:696]
            LogID:[ldsdk] 3501[业务请求统计]
            Level:INFO
            Module:sdk
            Message:func：tdsecuL.4.101  dealTime:5046  packetid:1306  callbacktime:0
[2019-08-19 13:26:21:696]
            LogID:[ldsdk] 3501[业务请求统计]
            Level:INFO
            Module:sdk
            Message:func：tdsecuL.4.101  dealTime:9156  packetid:1006  callbacktime:0
[2019-08-19 13:26:22:894]
            LogID:[ldsdk] 3501[业务请求统计]
            Level:INFO
            Module:sdk
            Message:func：tdsecuL.4.101  dealTime:9016  packetid:1130  callbacktime:0
[2019-08-19 13:26:40:155]
            LogID:[ldsdk] 3503[同步请求时间]
            Level:WARNING
            Module:sdk
            Message:func：tdsecuL.4.11  Time:63
[2019-08-19 13:26:40:184]
            LogID:[ldsdk] 3503[同步请求时间]
            Level:WARNING
            Module:sdk
            Message:func：tdsecuL.4.101  Time:16
[2019-08-19 13:26:40:254]
            LogID:[ldsdk] 3503[同步请求时间]
            Level:WARNING
            Module:sdk
            Message:func：tdsecuL.4.12  Time:62
[2019-08-19 13:28:36:578]
            LogID:[ldsdk] 3500[sdk初始化完成]
            Level:INFO
            Module:sdk
            Message:sdk编译日期：May  6 2019  编译时间：11:20:30
[2019-08-19 13:36:00:651]
            LogID:[ldsdk] 3500[sdk初始化完成]
            Level:INFO
            Module:sdk
            Message:sdk编译日期：May  6 2019  编译时间：11:20:30
[2019-08-19 13:40:19:830]
            LogID:[ldsdk] 3500[sdk初始化完成]
            Level:INFO
            Module:sdk
            Message:sdk编译日期：May  6 2019  编译时间：11:20:30
[2019-08-19 13:40:27:173]
            LogID:[ldsdk] 3503[同步请求时间]
            Level:WARNING
            Module:sdk
            Message:func：tdsecuL.4.11  Time:62
[2019-08-19 13:40:49:529]
            LogID:[ldsdk] 3503[同步请求时间]
            Level:WARNING
            Module:sdk
            Message:func：tdsecuL.4.11  Time:157
[2019-08-19 13:41:46:174]
            LogID:[ldsdk] 3503[同步请求时间]
            Level:WARNING
            Module:sdk
            Message:func：tdsecuL.4.11  Time:62
[2019-08-19 13:41:47:266]
            LogID:[ldsdk] 3503[同步请求时间]
            Level:WARNING
            Module:sdk
            Message:func：tdsecuL.4.11  Time:78
[2019-08-19 13:41:48:369]
            LogID:[ldsdk] 3503[同步请求时间]
            Level:WARNING
            Module:sdk
            Message:func：tdsecuL.4.11  Time:187
[2019-08-19 13:41:49:489]
            LogID:[ldsdk] 3503[同步请求时间]
            Level:WARNING
            Module:sdk
            Message:func：tdsecuL.4.11  Time:313
[2019-08-19 13:41:50:297]
            LogID:[ldsdk] 3503[同步请求时间]
            Level:WARNING
            Module:sdk
            Message:func：tdsecuL.4.11  Time:62
[2019-08-19 13:41:51:259]
            LogID:[ldsdk] 3503[同步请求时间]
            Level:WARNING
            Module:sdk
            Message:func：tdsecuL.4.11  Time:188
[2019-08-19 13:41:52:166]
            LogID:[ldsdk] 3503[同步请求时间]
            Level:WARNING
            Module:sdk
            Message:func：tdsecuL.4.11  Time:78
[2019-08-19 13:41:52:684]
            LogID:[ldsdk] 3503[同步请求时间]
            Level:WARNING
            Module:sdk
            Message:func：tdsecuL.4.11  Time:110
[2019-08-19 13:41:52:878]
            LogID:[ldsdk] 3503[同步请求时间]
            Level:WARNING
            Module:sdk
            Message:func：tdsecuL.4.11  Time:62
[2019-08-19 13:41:52:980]
            LogID:[ldsdk] 3503[同步请求时间]
            Level:WARNING
            Module:sdk
            Message:func：tdsecuL.4.11  Time:94
[2019-08-19 13:46:03:409]
            LogID:[ldsdk] 3500[sdk初始化完成]
            Level:INFO
            Module:sdk
            Message:sdk编译日期：May  6 2019  编译时间：11:20:30
[2019-08-19 13:46:13:469]
            LogID:[ldsdk] 3503[同步请求时间]
            Level:WARNING
            Module:sdk
            Message:func：tdsecuL.4.11  Time:62
[2019-08-19 13:49:06:378]
            LogID:[ldsdk] 3500[sdk初始化完成]
            Level:INFO
            Module:sdk
            Message:sdk编译日期：May  6 2019  编译时间：11:20:30
[2019-08-19 13:49:17:477]
            LogID:[ldsdk] 3503[同步请求时间]
            Level:WARNING
            Module:sdk
            Message:func：tdsecuL.4.11  Time:157
[2019-08-19 13:49:18:536]
            LogID:[ldsdk] 3503[同步请求时间]
            Level:WARNING
            Module:sdk
            Message:func：tdsecuL.4.101  Time:62
[2019-08-19 13:49:18:692]
            LogID:[ldsdk] 3503[同步请求时间]
            Level:WARNING
            Module:sdk
            Message:func：tdsecuL.4.12  Time:141
[2019-08-19 13:49:26:254]
            LogID:[ldsdk] 3503[同步请求时间]
            Level:WARNING
            Module:sdk
            Message:func：tdsecuL.4.11  Time:1375
[2019-08-19 13:49:29:289]
            LogID:[ldsdk] 3503[同步请求时间]
            Level:WARNING
            Module:sdk
            Message:func：tdsecuL.4.101  Time:2031
[2019-08-19 13:49:30:935]
            LogID:[ldsdk] 3503[同步请求时间]
            Level:WARNING
            Module:sdk
            Message:func：tdsecuL.4.12  Time:1641
[2019-08-19 13:49:52:789]
            LogID:[ldsdk] 3503[同步请求时间]
            Level:WARNING
            Module:sdk
            Message:func：tdsecuL.4.11  Time:5000
[2019-08-19 13:49:58:791]
            LogID:[ldsdk] 3503[同步请求时间]
            Level:WARNING
            Module:sdk
            Message:func：tdsecuL.4.101  Time:5000
[2019-08-19 13:50:03:309]
            LogID:[ldsdk] 3503[同步请求时间]
            Level:WARNING
            Module:sdk
            Message:func：tdsecuL.4.11  Time:5000
[2019-08-19 13:50:03:792]
            LogID:[ldsdk] 3503[同步请求时间]
            Level:WARNING
            Module:sdk
            Message:func：tdsecuL.4.12  Time:5000
