[2019-10-11 10:33:16:539]
            LogID:[ldsdk] 3500[sdk初始化完成]
            Level:INFO
            Module:sdk
            Message:sdk编译日期：May  6 2019  编译时间：11:20:30
[2019-10-11 10:33:38:143]
            LogID:[ldsdk] 3501[业务请求统计]
            Level:INFO
            Module:sdk
            Message:func：pubL.16.2  dealTime:31  packetid:14  callbacktime:94
[2019-10-11 10:33:38:143]
            LogID:[ldsdk] 3501[业务请求统计]
            Level:INFO
            Module:sdk
            Message:func：pubL.16.2  dealTime:125  packetid:12  callbacktime:0
[2019-10-11 10:33:38:143]
            LogID:[ldsdk] 3501[业务请求统计]
            Level:INFO
            Module:sdk
            Message:func：pubL.16.2  dealTime:125  packetid:16  callbacktime:0
[2019-10-11 10:33:38:145]
            LogID:[ldsdk] 3501[业务请求统计]
            Level:INFO
            Module:sdk
            Message:func：pubL.16.2  dealTime:110  packetid:24  callbacktime:0
[2019-10-11 10:33:38:145]
            LogID:[ldsdk] 3501[业务请求统计]
            Level:INFO
            Module:sdk
            Message:func：pubL.16.2  dealTime:141  packetid:6  callbacktime:0
[2019-10-11 10:33:38:145]
            LogID:[ldsdk] 3501[业务请求统计]
            Level:INFO
            Module:sdk
            Message:func：pubL.16.2  dealTime:141  packetid:8  callbacktime:0
[2019-10-11 10:33:38:145]
            LogID:[ldsdk] 3501[业务请求统计]
            Level:INFO
            Module:sdk
            Message:func：pubL.16.2  dealTime:141  packetid:4  callbacktime:0
[2019-10-11 10:33:38:145]
            LogID:[ldsdk] 3501[业务请求统计]
            Level:INFO
            Module:sdk
            Message:func：pubL.16.2  dealTime:141  packetid:10  callbacktime:0
[2019-10-11 10:33:38:145]
            LogID:[ldsdk] 3501[业务请求统计]
            Level:INFO
            Module:sdk
            Message:func：pubL.16.2  dealTime:125  packetid:20  callbacktime:0
[2019-10-11 10:33:38:145]
            LogID:[ldsdk] 3501[业务请求统计]
            Level:INFO
            Module:sdk
            Message:func：pubL.16.2  dealTime:125  packetid:18  callbacktime:0
[2019-10-11 10:33:38:162]
            LogID:[ldsdk] 3501[业务请求统计]
            Level:INFO
            Module:sdk
            Message:func：pubL.16.2  dealTime:31  packetid:108  callbacktime:0
[2019-10-11 10:33:38:162]
            LogID:[ldsdk] 3501[业务请求统计]
            Level:INFO
            Module:sdk
            Message:func：pubL.16.2  dealTime:47  packetid:104  callbacktime:0
[2019-10-11 10:33:38:162]
            LogID:[ldsdk] 3501[业务请求统计]
            Level:INFO
            Module:sdk
            Message:func：pubL.16.2  dealTime:31  packetid:112  callbacktime:0
[2019-10-11 10:33:38:163]
            LogID:[ldsdk] 3501[业务请求统计]
            Level:INFO
            Module:sdk
            Message:func：pubL.16.2  dealTime:31  packetid:110  callbacktime:0
[2019-10-11 10:33:38:163]
            LogID:[ldsdk] 3501[业务请求统计]
            Level:INFO
            Module:sdk
            Message:func：pubL.16.2  dealTime:31  packetid:114  callbacktime:0
[2019-10-11 10:33:38:164]
            LogID:[ldsdk] 3501[业务请求统计]
            Level:INFO
            Module:sdk
            Message:func：pubL.16.2  dealTime:31  packetid:116  callbacktime:0
[2019-10-11 10:33:38:164]
            LogID:[ldsdk] 3501[业务请求统计]
            Level:INFO
            Module:sdk
            Message:func：pubL.16.2  dealTime:31  packetid:118  callbacktime:0
[2019-10-11 10:33:38:164]
            LogID:[ldsdk] 3501[业务请求统计]
            Level:INFO
            Module:sdk
            Message:func：pubL.16.2  dealTime:31  packetid:120  callbacktime:0
[2019-10-11 10:33:38:166]
            LogID:[ldsdk] 3501[业务请求统计]
            Level:INFO
            Module:sdk
            Message:func：pubL.16.2  dealTime:15  packetid:126  callbacktime:0
[2019-10-11 10:33:38:166]
            LogID:[ldsdk] 3501[业务请求统计]
            Level:INFO
            Module:sdk
            Message:func：pubL.16.2  dealTime:15  packetid:128  callbacktime:0
[2019-10-11 10:33:39:198]
            LogID:[ldsdk] 3501[业务请求统计]
            Level:INFO
            Module:sdk
            Message:func：pubL.16.2  dealTime:16  packetid:1100  callbacktime:0
[2019-10-11 10:33:39:210]
            LogID:[ldsdk] 3501[业务请求统计]
            Level:INFO
            Module:sdk
            Message:func：pubL.16.2  dealTime:31  packetid:1102  callbacktime:0
[2019-10-11 10:33:39:210]
            LogID:[ldsdk] 3501[业务请求统计]
            Level:INFO
            Module:sdk
            Message:func：pubL.16.2  dealTime:31  packetid:1104  callbacktime:0
[2019-10-11 10:33:39:210]
            LogID:[ldsdk] 3501[业务请求统计]
            Level:INFO
            Module:sdk
            Message:func：pubL.16.2  dealTime:31  packetid:1106  callbacktime:0
[2019-10-11 10:33:39:210]
            LogID:[ldsdk] 3501[业务请求统计]
            Level:INFO
            Module:sdk
            Message:func：pubL.16.2  dealTime:31  packetid:1108  callbacktime:0
[2019-10-11 10:33:39:211]
            LogID:[ldsdk] 3501[业务请求统计]
            Level:INFO
            Module:sdk
            Message:func：pubL.16.2  dealTime:31  packetid:1110  callbacktime:0
[2019-10-11 10:33:39:211]
            LogID:[ldsdk] 3501[业务请求统计]
            Level:INFO
            Module:sdk
            Message:func：pubL.16.2  dealTime:15  packetid:1112  callbacktime:0
[2019-10-11 10:33:39:212]
            LogID:[ldsdk] 3501[业务请求统计]
            Level:INFO
            Module:sdk
            Message:func：pubL.16.2  dealTime:15  packetid:1116  callbacktime:0
[2019-10-11 10:33:39:213]
            LogID:[ldsdk] 3501[业务请求统计]
            Level:INFO
            Module:sdk
            Message:func：pubL.16.2  dealTime:15  packetid:1120  callbacktime:0
[2019-10-11 10:33:39:214]
            LogID:[ldsdk] 3501[业务请求统计]
            Level:INFO
            Module:sdk
            Message:func：pubL.16.2  dealTime:15  packetid:1118  callbacktime:0
[2019-10-11 10:33:40:223]
            LogID:[ldsdk] 3501[业务请求统计]
            Level:INFO
            Module:sdk
            Message:func：pubL.16.2  dealTime:31  packetid:2050  callbacktime:0
[2019-10-11 10:33:40:224]
            LogID:[ldsdk] 3501[业务请求统计]
            Level:INFO
            Module:sdk
            Message:func：pubL.16.2  dealTime:16  packetid:2052  callbacktime:0
[2019-10-11 10:33:40:224]
            LogID:[ldsdk] 3501[业务请求统计]
            Level:INFO
            Module:sdk
            Message:func：pubL.16.2  dealTime:16  packetid:2054  callbacktime:0
[2019-10-11 10:33:40:226]
            LogID:[ldsdk] 3501[业务请求统计]
            Level:INFO
            Module:sdk
            Message:func：pubL.16.2  dealTime:16  packetid:2056  callbacktime:0
[2019-10-11 10:33:40:226]
            LogID:[ldsdk] 3501[业务请求统计]
            Level:INFO
            Module:sdk
            Message:func：pubL.16.2  dealTime:16  packetid:2058  callbacktime:0
[2019-10-11 10:33:40:227]
            LogID:[ldsdk] 3501[业务请求统计]
            Level:INFO
            Module:sdk
            Message:func：pubL.16.2  dealTime:16  packetid:2060  callbacktime:0
[2019-10-11 10:33:40:247]
            LogID:[ldsdk] 3501[业务请求统计]
            Level:INFO
            Module:sdk
            Message:func：pubL.16.2  dealTime:31  packetid:2062  callbacktime:0
[2019-10-11 10:33:40:247]
            LogID:[ldsdk] 3501[业务请求统计]
            Level:INFO
            Module:sdk
            Message:func：pubL.16.2  dealTime:15  packetid:2068  callbacktime:0
[2019-10-11 10:33:40:247]
            LogID:[ldsdk] 3501[业务请求统计]
            Level:INFO
            Module:sdk
            Message:func：pubL.16.2  dealTime:31  packetid:2064  callbacktime:0
[2019-10-11 10:33:40:247]
            LogID:[ldsdk] 3501[业务请求统计]
            Level:INFO
            Module:sdk
            Message:func：pubL.16.2  dealTime:31  packetid:2066  callbacktime:0
[2019-10-11 10:33:41:262]
            LogID:[ldsdk] 3501[业务请求统计]
            Level:INFO
            Module:sdk
            Message:func：pubL.16.2  dealTime:31  packetid:3038  callbacktime:0
[2019-10-11 10:33:41:262]
            LogID:[ldsdk] 3501[业务请求统计]
            Level:INFO
            Module:sdk
            Message:func：pubL.16.2  dealTime:31  packetid:3044  callbacktime:0
[2019-10-11 10:33:41:262]
            LogID:[ldsdk] 3501[业务请求统计]
            Level:INFO
            Module:sdk
            Message:func：pubL.16.2  dealTime:31  packetid:3050  callbacktime:0
[2019-10-11 10:33:41:265]
            LogID:[ldsdk] 3501[业务请求统计]
            Level:INFO
            Module:sdk
            Message:func：pubL.16.2  dealTime:47  packetid:3040  callbacktime:0
[2019-10-11 10:33:41:266]
            LogID:[ldsdk] 3501[业务请求统计]
            Level:INFO
            Module:sdk
            Message:func：pubL.16.2  dealTime:47  packetid:3046  callbacktime:0
[2019-10-11 10:33:41:266]
            LogID:[ldsdk] 3501[业务请求统计]
            Level:INFO
            Module:sdk
            Message:func：pubL.16.2  dealTime:47  packetid:3048  callbacktime:0
[2019-10-11 10:33:41:266]
            LogID:[ldsdk] 3501[业务请求统计]
            Level:INFO
            Module:sdk
            Message:func：pubL.16.2  dealTime:47  packetid:3042  callbacktime:0
[2019-10-11 10:33:41:266]
            LogID:[ldsdk] 3501[业务请求统计]
            Level:INFO
            Module:sdk
            Message:func：pubL.16.2  dealTime:32  packetid:3052  callbacktime:0
[2019-10-11 10:33:41:266]
            LogID:[ldsdk] 3501[业务请求统计]
            Level:INFO
            Module:sdk
            Message:func：pubL.16.2  dealTime:32  packetid:3054  callbacktime:0
[2019-10-11 10:33:41:266]
            LogID:[ldsdk] 3501[业务请求统计]
            Level:INFO
            Module:sdk
            Message:func：pubL.16.2  dealTime:32  packetid:3056  callbacktime:0
[2019-10-11 10:33:42:266]
            LogID:[ldsdk] 3501[业务请求统计]
            Level:INFO
            Module:sdk
            Message:func：pubL.16.2  dealTime:32  packetid:3986  callbacktime:0
[2019-10-11 10:33:42:269]
            LogID:[ldsdk] 3501[业务请求统计]
            Level:INFO
            Module:sdk
            Message:func：pubL.16.2  dealTime:16  packetid:3996  callbacktime:0
[2019-10-11 10:33:42:269]
            LogID:[ldsdk] 3501[业务请求统计]
            Level:INFO
            Module:sdk
            Message:func：pubL.16.2  dealTime:32  packetid:3994  callbacktime:0
[2019-10-11 10:33:42:270]
            LogID:[ldsdk] 3501[业务请求统计]
            Level:INFO
            Module:sdk
            Message:func：pubL.16.2  dealTime:32  packetid:3992  callbacktime:0
[2019-10-11 10:33:42:270]
            LogID:[ldsdk] 3501[业务请求统计]
            Level:INFO
            Module:sdk
            Message:func：pubL.16.2  dealTime:32  packetid:3988  callbacktime:0
[2019-10-11 10:33:42:270]
            LogID:[ldsdk] 3501[业务请求统计]
            Level:INFO
            Module:sdk
            Message:func：pubL.16.2  dealTime:32  packetid:3990  callbacktime:0
[2019-10-11 10:33:42:270]
            LogID:[ldsdk] 3501[业务请求统计]
            Level:INFO
            Module:sdk
            Message:func：pubL.16.2  dealTime:16  packetid:3998  callbacktime:0
[2019-10-11 10:33:42:271]
            LogID:[ldsdk] 3501[业务请求统计]
            Level:INFO
            Module:sdk
            Message:func：pubL.16.2  dealTime:16  packetid:4000  callbacktime:0
[2019-10-11 10:33:42:274]
            LogID:[ldsdk] 3501[业务请求统计]
            Level:INFO
            Module:sdk
            Message:func：pubL.16.2  dealTime:16  packetid:4002  callbacktime:0
[2019-10-11 10:33:42:276]
            LogID:[ldsdk] 3501[业务请求统计]
            Level:INFO
            Module:sdk
            Message:func：pubL.16.2  dealTime:16  packetid:4004  callbacktime:0
[2019-10-11 10:33:43:289]
            LogID:[ldsdk] 3501[业务请求统计]
            Level:INFO
            Module:sdk
            Message:func：pubL.16.2  dealTime:15  packetid:4956  callbacktime:0
[2019-10-11 10:33:43:292]
            LogID:[ldsdk] 3501[业务请求统计]
            Level:INFO
            Module:sdk
            Message:func：pubL.16.2  dealTime:15  packetid:4958  callbacktime:0
[2019-10-11 10:33:43:292]
            LogID:[ldsdk] 3501[业务请求统计]
            Level:INFO
            Module:sdk
            Message:func：pubL.16.2  dealTime:15  packetid:4960  callbacktime:0
[2019-10-11 10:33:43:294]
            LogID:[ldsdk] 3501[业务请求统计]
            Level:INFO
            Module:sdk
            Message:func：pubL.16.2  dealTime:15  packetid:4962  callbacktime:0
[2019-10-11 10:33:43:295]
            LogID:[ldsdk] 3501[业务请求统计]
            Level:INFO
            Module:sdk
            Message:func：pubL.16.2  dealTime:15  packetid:4964  callbacktime:0
[2019-10-11 10:33:43:297]
            LogID:[ldsdk] 3501[业务请求统计]
            Level:INFO
            Module:sdk
            Message:func：pubL.16.2  dealTime:31  packetid:4966  callbacktime:0
[2019-10-11 10:33:43:297]
            LogID:[ldsdk] 3501[业务请求统计]
            Level:INFO
            Module:sdk
            Message:func：pubL.16.2  dealTime:16  packetid:4968  callbacktime:0
[2019-10-11 10:33:43:307]
            LogID:[ldsdk] 3501[业务请求统计]
            Level:INFO
            Module:sdk
            Message:func：pubL.16.2  dealTime:16  packetid:4970  callbacktime:0
[2019-10-11 10:33:43:307]
            LogID:[ldsdk] 3501[业务请求统计]
            Level:INFO
            Module:sdk
            Message:func：pubL.16.2  dealTime:16  packetid:4972  callbacktime:0
[2019-10-11 10:33:43:309]
            LogID:[ldsdk] 3501[业务请求统计]
            Level:INFO
            Module:sdk
            Message:func：pubL.16.2  dealTime:16  packetid:4974  callbacktime:0
[2019-10-11 10:33:44:314]
            LogID:[ldsdk] 3501[业务请求统计]
            Level:INFO
            Module:sdk
            Message:func：pubL.16.2  dealTime:16  packetid:5934  callbacktime:0
[2019-10-11 10:33:44:317]
            LogID:[ldsdk] 3501[业务请求统计]
            Level:INFO
            Module:sdk
            Message:func：pubL.16.2  dealTime:16  packetid:5936  callbacktime:0
[2019-10-11 10:33:44:319]
            LogID:[ldsdk] 3501[业务请求统计]
            Level:INFO
            Module:sdk
            Message:func：pubL.16.2  dealTime:16  packetid:5938  callbacktime:0
[2019-10-11 10:33:44:321]
            LogID:[ldsdk] 3501[业务请求统计]
            Level:INFO
            Module:sdk
            Message:func：pubL.16.2  dealTime:16  packetid:5940  callbacktime:0
[2019-10-11 10:33:44:323]
            LogID:[ldsdk] 3501[业务请求统计]
            Level:INFO
            Module:sdk
            Message:func：pubL.16.2  dealTime:16  packetid:5942  callbacktime:0
[2019-10-11 10:33:44:325]
            LogID:[ldsdk] 3501[业务请求统计]
            Level:INFO
            Module:sdk
            Message:func：pubL.16.2  dealTime:16  packetid:5944  callbacktime:0
[2019-10-11 10:33:44:331]
            LogID:[ldsdk] 3501[业务请求统计]
            Level:INFO
            Module:sdk
            Message:func：pubL.16.2  dealTime:31  packetid:5946  callbacktime:0
[2019-10-11 10:33:44:332]
            LogID:[ldsdk] 3501[业务请求统计]
            Level:INFO
            Module:sdk
            Message:func：pubL.16.2  dealTime:15  packetid:5952  callbacktime:0
[2019-10-11 10:33:44:333]
            LogID:[ldsdk] 3501[业务请求统计]
            Level:INFO
            Module:sdk
            Message:func：pubL.16.2  dealTime:15  packetid:5948  callbacktime:0
[2019-10-11 10:33:44:333]
            LogID:[ldsdk] 3501[业务请求统计]
            Level:INFO
            Module:sdk
            Message:func：pubL.16.2  dealTime:15  packetid:5950  callbacktime:0
[2019-10-11 10:33:45:350]
            LogID:[ldsdk] 3501[业务请求统计]
            Level:INFO
            Module:sdk
            Message:func：pubL.16.2  dealTime:16  packetid:6910  callbacktime:0
[2019-10-11 10:33:45:350]
            LogID:[ldsdk] 3501[业务请求统计]
            Level:INFO
            Module:sdk
            Message:func：pubL.16.2  dealTime:16  packetid:6908  callbacktime:0
[2019-10-11 10:33:45:350]
            LogID:[ldsdk] 3501[业务请求统计]
            Level:INFO
            Module:sdk
            Message:func：pubL.16.2  dealTime:16  packetid:6906  callbacktime:0
[2019-10-11 10:33:45:351]
            LogID:[ldsdk] 3501[业务请求统计]
            Level:INFO
            Module:sdk
            Message:func：pubL.16.2  dealTime:16  packetid:6912  callbacktime:0
[2019-10-11 10:33:45:355]
            LogID:[ldsdk] 3501[业务请求统计]
            Level:INFO
            Module:sdk
            Message:func：pubL.16.2  dealTime:16  packetid:6914  callbacktime:0
[2019-10-11 10:33:45:357]
            LogID:[ldsdk] 3501[业务请求统计]
            Level:INFO
            Module:sdk
            Message:func：pubL.16.2  dealTime:16  packetid:6916  callbacktime:0
[2019-10-11 10:33:45:364]
            LogID:[ldsdk] 3501[业务请求统计]
            Level:INFO
            Module:sdk
            Message:func：pubL.16.2  dealTime:15  packetid:6918  callbacktime:0
[2019-10-11 10:33:45:365]
            LogID:[ldsdk] 3501[业务请求统计]
            Level:INFO
            Module:sdk
            Message:func：pubL.16.2  dealTime:15  packetid:6920  callbacktime:0
[2019-10-11 10:33:45:366]
            LogID:[ldsdk] 3501[业务请求统计]
            Level:INFO
            Module:sdk
            Message:func：pubL.16.2  dealTime:15  packetid:6922  callbacktime:0
[2019-10-11 10:33:45:366]
            LogID:[ldsdk] 3501[业务请求统计]
            Level:INFO
            Module:sdk
            Message:func：pubL.16.2  dealTime:15  packetid:6924  callbacktime:0
[2019-10-11 10:33:46:381]
            LogID:[ldsdk] 3501[业务请求统计]
            Level:INFO
            Module:sdk
            Message:func：pubL.16.2  dealTime:16  packetid:7890  callbacktime:0
[2019-10-11 10:33:46:382]
            LogID:[ldsdk] 3501[业务请求统计]
            Level:INFO
            Module:sdk
            Message:func：pubL.16.2  dealTime:16  packetid:7892  callbacktime:0
[2019-10-11 10:33:46:382]
            LogID:[ldsdk] 3501[业务请求统计]
            Level:INFO
            Module:sdk
            Message:func：pubL.16.2  dealTime:16  packetid:7894  callbacktime:0
[2019-10-11 10:33:46:383]
            LogID:[ldsdk] 3501[业务请求统计]
            Level:INFO
            Module:sdk
            Message:func：pubL.16.2  dealTime:16  packetid:7896  callbacktime:0
[2019-10-11 10:33:46:385]
            LogID:[ldsdk] 3501[业务请求统计]
            Level:INFO
            Module:sdk
            Message:func：pubL.16.2  dealTime:16  packetid:7898  callbacktime:0
[2019-10-11 10:33:46:388]
            LogID:[ldsdk] 3501[业务请求统计]
            Level:INFO
            Module:sdk
            Message:func：pubL.16.2  dealTime:16  packetid:7900  callbacktime:0
[2019-10-11 10:33:46:389]
            LogID:[ldsdk] 3501[业务请求统计]
            Level:INFO
            Module:sdk
            Message:func：pubL.16.2  dealTime:0  packetid:7902  callbacktime:0
[2019-10-11 10:33:46:390]
            LogID:[ldsdk] 3501[业务请求统计]
            Level:INFO
            Module:sdk
            Message:func：pubL.16.2  dealTime:16  packetid:7904  callbacktime:0
[2019-10-11 10:33:46:392]
            LogID:[ldsdk] 3501[业务请求统计]
            Level:INFO
            Module:sdk
            Message:func：pubL.16.2  dealTime:16  packetid:7906  callbacktime:0
[2019-10-11 10:33:46:396]
            LogID:[ldsdk] 3501[业务请求统计]
            Level:INFO
            Module:sdk
            Message:func：pubL.16.2  dealTime:16  packetid:7910  callbacktime:0
[2019-10-11 10:33:47:398]
            LogID:[ldsdk] 3501[业务请求统计]
            Level:INFO
            Module:sdk
            Message:func：pubL.16.2  dealTime:16  packetid:8866  callbacktime:0
[2019-10-11 10:33:47:400]
            LogID:[ldsdk] 3501[业务请求统计]
            Level:INFO
            Module:sdk
            Message:func：pubL.16.2  dealTime:16  packetid:8868  callbacktime:0
[2019-10-11 10:33:47:401]
            LogID:[ldsdk] 3501[业务请求统计]
            Level:INFO
            Module:sdk
            Message:func：pubL.16.2  dealTime:16  packetid:8870  callbacktime:0
[2019-10-11 10:33:47:413]
            LogID:[ldsdk] 3501[业务请求统计]
            Level:INFO
            Module:sdk
            Message:func：pubL.16.2  dealTime:31  packetid:8872  callbacktime:0
[2019-10-11 10:33:47:413]
            LogID:[ldsdk] 3501[业务请求统计]
            Level:INFO
            Module:sdk
            Message:func：pubL.16.2  dealTime:15  packetid:8874  callbacktime:0
[2019-10-11 10:33:47:413]
            LogID:[ldsdk] 3501[业务请求统计]
            Level:INFO
            Module:sdk
            Message:func：pubL.16.2  dealTime:15  packetid:8876  callbacktime:0
[2019-10-11 10:33:47:413]
            LogID:[ldsdk] 3501[业务请求统计]
            Level:INFO
            Module:sdk
            Message:func：pubL.16.2  dealTime:15  packetid:8878  callbacktime:0
[2019-10-11 10:33:47:413]
            LogID:[ldsdk] 3501[业务请求统计]
            Level:INFO
            Module:sdk
            Message:func：pubL.16.2  dealTime:15  packetid:8880  callbacktime:0
[2019-10-11 10:33:47:415]
            LogID:[ldsdk] 3501[业务请求统计]
            Level:INFO
            Module:sdk
            Message:func：pubL.16.2  dealTime:15  packetid:8882  callbacktime:0
[2019-10-11 10:33:47:419]
            LogID:[ldsdk] 3501[业务请求统计]
            Level:INFO
            Module:sdk
            Message:func：pubL.16.2  dealTime:15  packetid:8884  callbacktime:0
[2019-10-11 10:33:48:450]
            LogID:[ldsdk] 3501[业务请求统计]
            Level:INFO
            Module:sdk
            Message:func：pubL.16.2  dealTime:16  packetid:9852  callbacktime:0
[2019-10-11 10:33:48:451]
            LogID:[ldsdk] 3501[业务请求统计]
            Level:INFO
            Module:sdk
            Message:func：pubL.16.2  dealTime:0  packetid:9854  callbacktime:0
[2019-10-11 10:33:48:455]
            LogID:[ldsdk] 3501[业务请求统计]
            Level:INFO
            Module:sdk
            Message:func：pubL.16.2  dealTime:15  packetid:9856  callbacktime:0
[2019-10-11 10:33:48:455]
            LogID:[ldsdk] 3501[业务请求统计]
            Level:INFO
            Module:sdk
            Message:func：pubL.16.2  dealTime:15  packetid:9858  callbacktime:0
[2019-10-11 10:33:48:464]
            LogID:[ldsdk] 3501[业务请求统计]
            Level:INFO
            Module:sdk
            Message:func：pubL.16.2  dealTime:15  packetid:9860  callbacktime:0
[2019-10-11 10:33:48:465]
            LogID:[ldsdk] 3501[业务请求统计]
            Level:INFO
            Module:sdk
            Message:func：pubL.16.2  dealTime:15  packetid:9862  callbacktime:0
[2019-10-11 10:33:48:466]
            LogID:[ldsdk] 3501[业务请求统计]
            Level:INFO
            Module:sdk
            Message:func：pubL.16.2  dealTime:15  packetid:9866  callbacktime:0
[2019-10-11 10:33:48:466]
            LogID:[ldsdk] 3501[业务请求统计]
            Level:INFO
            Module:sdk
            Message:func：pubL.16.2  dealTime:15  packetid:9864  callbacktime:0
[2019-10-11 10:33:48:466]
            LogID:[ldsdk] 3501[业务请求统计]
            Level:INFO
            Module:sdk
            Message:func：pubL.16.2  dealTime:15  packetid:9868  callbacktime:0
[2019-10-11 10:33:48:469]
            LogID:[ldsdk] 3501[业务请求统计]
            Level:INFO
            Module:sdk
            Message:func：pubL.16.2  dealTime:16  packetid:9872  callbacktime:0
[2019-10-11 10:33:49:471]
            LogID:[ldsdk] 3501[业务请求统计]
            Level:INFO
            Module:sdk
            Message:func：pubL.16.2  dealTime:16  packetid:10798  callbacktime:0
[2019-10-11 10:33:49:472]
            LogID:[ldsdk] 3501[业务请求统计]
            Level:INFO
            Module:sdk
            Message:func：pubL.16.2  dealTime:16  packetid:10800  callbacktime:0
[2019-10-11 10:33:49:477]
            LogID:[ldsdk] 3501[业务请求统计]
            Level:INFO
            Module:sdk
            Message:func：pubL.16.2  dealTime:16  packetid:10802  callbacktime:0
[2019-10-11 10:33:49:478]
            LogID:[ldsdk] 3501[业务请求统计]
            Level:INFO
            Module:sdk
            Message:func：pubL.16.2  dealTime:16  packetid:10804  callbacktime:0
[2019-10-11 10:33:49:479]
            LogID:[ldsdk] 3501[业务请求统计]
            Level:INFO
            Module:sdk
            Message:func：pubL.16.2  dealTime:16  packetid:10806  callbacktime:0
[2019-10-11 10:33:49:480]
            LogID:[ldsdk] 3501[业务请求统计]
            Level:INFO
            Module:sdk
            Message:func：pubL.16.2  dealTime:16  packetid:10808  callbacktime:0
[2019-10-11 10:33:49:484]
            LogID:[ldsdk] 3501[业务请求统计]
            Level:INFO
            Module:sdk
            Message:func：pubL.16.2  dealTime:31  packetid:10810  callbacktime:0
[2019-10-11 10:33:49:485]
            LogID:[ldsdk] 3501[业务请求统计]
            Level:INFO
            Module:sdk
            Message:func：pubL.16.2  dealTime:15  packetid:10812  callbacktime:0
[2019-10-11 10:33:49:486]
            LogID:[ldsdk] 3501[业务请求统计]
            Level:INFO
            Module:sdk
            Message:func：pubL.16.2  dealTime:15  packetid:10814  callbacktime:0
[2019-10-11 10:33:49:488]
            LogID:[ldsdk] 3501[业务请求统计]
            Level:INFO
            Module:sdk
            Message:func：pubL.16.2  dealTime:15  packetid:10816  callbacktime:0
[2019-10-11 10:33:50:484]
            LogID:[ldsdk] 3501[业务请求统计]
            Level:INFO
            Module:sdk
            Message:func：pubL.16.2  dealTime:15  packetid:11796  callbacktime:0
[2019-10-11 10:33:50:486]
            LogID:[ldsdk] 3501[业务请求统计]
            Level:INFO
            Module:sdk
            Message:func：pubL.16.2  dealTime:15  packetid:11798  callbacktime:0
[2019-10-11 10:33:50:486]
            LogID:[ldsdk] 3501[业务请求统计]
            Level:INFO
            Module:sdk
            Message:func：pubL.16.2  dealTime:15  packetid:11800  callbacktime:0
[2019-10-11 10:33:50:488]
            LogID:[ldsdk] 3501[业务请求统计]
            Level:INFO
            Module:sdk
            Message:func：pubL.16.2  dealTime:31  packetid:11790  callbacktime:0
[2019-10-11 10:33:50:488]
            LogID:[ldsdk] 3501[业务请求统计]
            Level:INFO
            Module:sdk
            Message:func：pubL.16.2  dealTime:31  packetid:11792  callbacktime:0
[2019-10-11 10:33:50:490]
            LogID:[ldsdk] 3501[业务请求统计]
            Level:INFO
            Module:sdk
            Message:func：pubL.16.2  dealTime:15  packetid:11802  callbacktime:0
[2019-10-11 10:33:50:490]
            LogID:[ldsdk] 3501[业务请求统计]
            Level:INFO
            Module:sdk
            Message:func：pubL.16.2  dealTime:15  packetid:11804  callbacktime:0
[2019-10-11 10:33:50:491]
            LogID:[ldsdk] 3501[业务请求统计]
            Level:INFO
            Module:sdk
            Message:func：pubL.16.2  dealTime:15  packetid:11806  callbacktime:0
[2019-10-11 10:33:50:495]
            LogID:[ldsdk] 3501[业务请求统计]
            Level:INFO
            Module:sdk
            Message:func：pubL.16.2  dealTime:15  packetid:11808  callbacktime:0
[2019-10-11 10:33:50:497]
            LogID:[ldsdk] 3501[业务请求统计]
            Level:INFO
            Module:sdk
            Message:func：pubL.16.2  dealTime:15  packetid:11810  callbacktime:0
[2019-10-11 10:33:51:508]
            LogID:[ldsdk] 3501[业务请求统计]
            Level:INFO
            Module:sdk
            Message:func：pubL.16.2  dealTime:16  packetid:12752  callbacktime:0
[2019-10-11 10:33:51:509]
            LogID:[ldsdk] 3501[业务请求统计]
            Level:INFO
            Module:sdk
            Message:func：pubL.16.2  dealTime:16  packetid:12754  callbacktime:0
[2019-10-11 10:33:51:515]
            LogID:[ldsdk] 3501[业务请求统计]
            Level:INFO
            Module:sdk
            Message:func：pubL.16.2  dealTime:32  packetid:12756  callbacktime:0
[2019-10-11 10:33:51:515]
            LogID:[ldsdk] 3501[业务请求统计]
            Level:INFO
            Module:sdk
            Message:func：pubL.16.2  dealTime:32  packetid:12758  callbacktime:0
[2019-10-11 10:33:51:517]
            LogID:[ldsdk] 3501[业务请求统计]
            Level:INFO
            Module:sdk
            Message:func：pubL.16.2  dealTime:32  packetid:12762  callbacktime:0
[2019-10-11 10:33:51:518]
            LogID:[ldsdk] 3501[业务请求统计]
            Level:INFO
            Module:sdk
            Message:func：pubL.16.2  dealTime:32  packetid:12760  callbacktime:0
[2019-10-11 10:33:51:518]
            LogID:[ldsdk] 3501[业务请求统计]
            Level:INFO
            Module:sdk
            Message:func：pubL.16.2  dealTime:16  packetid:12764  callbacktime:0
[2019-10-11 10:33:51:518]
            LogID:[ldsdk] 3501[业务请求统计]
            Level:INFO
            Module:sdk
            Message:func：pubL.16.2  dealTime:16  packetid:12766  callbacktime:0
[2019-10-11 10:33:51:519]
            LogID:[ldsdk] 3501[业务请求统计]
            Level:INFO
            Module:sdk
            Message:func：pubL.16.2  dealTime:16  packetid:12768  callbacktime:0
[2019-10-11 10:33:51:522]
            LogID:[ldsdk] 3501[业务请求统计]
            Level:INFO
            Module:sdk
            Message:func：pubL.16.2  dealTime:16  packetid:12770  callbacktime:0
[2019-10-11 10:33:52:532]
            LogID:[ldsdk] 3501[业务请求统计]
            Level:INFO
            Module:sdk
            Message:func：pubL.16.2  dealTime:15  packetid:13756  callbacktime:0
[2019-10-11 10:33:52:536]
            LogID:[ldsdk] 3501[业务请求统计]
            Level:INFO
            Module:sdk
            Message:func：pubL.16.2  dealTime:15  packetid:13758  callbacktime:0
[2019-10-11 10:33:52:539]
            LogID:[ldsdk] 3501[业务请求统计]
            Level:INFO
            Module:sdk
            Message:func：pubL.16.2  dealTime:15  packetid:13760  callbacktime:0
[2019-10-11 10:33:52:543]
            LogID:[ldsdk] 3501[业务请求统计]
            Level:INFO
            Module:sdk
            Message:func：pubL.16.2  dealTime:15  packetid:13762  callbacktime:0
[2019-10-11 10:33:52:546]
            LogID:[ldsdk] 3501[业务请求统计]
            Level:INFO
            Module:sdk
            Message:func：pubL.16.2  dealTime:15  packetid:13764  callbacktime:0
[2019-10-11 10:33:52:546]
            LogID:[ldsdk] 3501[业务请求统计]
            Level:INFO
            Module:sdk
            Message:func：pubL.16.2  dealTime:15  packetid:13766  callbacktime:0
[2019-10-11 10:33:52:550]
            LogID:[ldsdk] 3501[业务请求统计]
            Level:INFO
            Module:sdk
            Message:func：pubL.16.2  dealTime:16  packetid:13768  callbacktime:0
[2019-10-11 10:33:52:552]
            LogID:[ldsdk] 3501[业务请求统计]
            Level:INFO
            Module:sdk
            Message:func：pubL.16.2  dealTime:16  packetid:13770  callbacktime:0
[2019-10-11 10:33:52:558]
            LogID:[ldsdk] 3501[业务请求统计]
            Level:INFO
            Module:sdk
            Message:func：pubL.16.2  dealTime:16  packetid:13772  callbacktime:0
[2019-10-11 10:33:52:558]
            LogID:[ldsdk] 3501[业务请求统计]
            Level:INFO
            Module:sdk
            Message:func：pubL.16.2  dealTime:16  packetid:13774  callbacktime:0
[2019-10-11 10:33:53:574]
            LogID:[ldsdk] 3501[业务请求统计]
            Level:INFO
            Module:sdk
            Message:func：pubL.16.2  dealTime:16  packetid:14720  callbacktime:0
[2019-10-11 10:33:53:574]
            LogID:[ldsdk] 3501[业务请求统计]
            Level:INFO
            Module:sdk
            Message:func：pubL.16.2  dealTime:16  packetid:14718  callbacktime:0
[2019-10-11 10:33:53:576]
            LogID:[ldsdk] 3501[业务请求统计]
            Level:INFO
            Module:sdk
            Message:func：pubL.16.2  dealTime:16  packetid:14724  callbacktime:0
[2019-10-11 10:33:53:577]
            LogID:[ldsdk] 3501[业务请求统计]
            Level:INFO
            Module:sdk
            Message:func：pubL.16.2  dealTime:16  packetid:14722  callbacktime:0
[2019-10-11 10:33:53:578]
            LogID:[ldsdk] 3501[业务请求统计]
            Level:INFO
            Module:sdk
            Message:func：pubL.16.2  dealTime:31  packetid:14726  callbacktime:0
[2019-10-11 10:33:53:584]
            LogID:[ldsdk] 3501[业务请求统计]
            Level:INFO
            Module:sdk
            Message:func：pubL.16.2  dealTime:15  packetid:14728  callbacktime:0
[2019-10-11 10:33:53:586]
            LogID:[ldsdk] 3501[业务请求统计]
            Level:INFO
            Module:sdk
            Message:func：pubL.16.2  dealTime:15  packetid:14734  callbacktime:0
[2019-10-11 10:33:53:586]
            LogID:[ldsdk] 3501[业务请求统计]
            Level:INFO
            Module:sdk
            Message:func：pubL.16.2  dealTime:15  packetid:14732  callbacktime:0
[2019-10-11 10:33:53:587]
            LogID:[ldsdk] 3501[业务请求统计]
            Level:INFO
            Module:sdk
            Message:func：pubL.16.2  dealTime:15  packetid:14736  callbacktime:0
[2019-10-11 10:33:53:589]
            LogID:[ldsdk] 3501[业务请求统计]
            Level:INFO
            Module:sdk
            Message:func：pubL.16.2  dealTime:15  packetid:14730  callbacktime:0
[2019-10-11 10:33:54:600]
            LogID:[ldsdk] 3501[业务请求统计]
            Level:INFO
            Module:sdk
            Message:func：pubL.16.2  dealTime:16  packetid:15704  callbacktime:0
[2019-10-11 10:33:54:600]
            LogID:[ldsdk] 3501[业务请求统计]
            Level:INFO
            Module:sdk
            Message:func：pubL.16.2  dealTime:16  packetid:15706  callbacktime:0
[2019-10-11 10:33:54:603]
            LogID:[ldsdk] 3501[业务请求统计]
            Level:INFO
            Module:sdk
            Message:func：pubL.16.2  dealTime:16  packetid:15708  callbacktime:0
[2019-10-11 10:33:54:603]
            LogID:[ldsdk] 3501[业务请求统计]
            Level:INFO
            Module:sdk
            Message:func：pubL.16.2  dealTime:16  packetid:15710  callbacktime:0
[2019-10-11 10:33:54:604]
            LogID:[ldsdk] 3501[业务请求统计]
            Level:INFO
            Module:sdk
            Message:func：pubL.16.2  dealTime:16  packetid:15712  callbacktime:0
[2019-10-11 10:33:54:608]
            LogID:[ldsdk] 3501[业务请求统计]
            Level:INFO
            Module:sdk
            Message:func：pubL.16.2  dealTime:16  packetid:15714  callbacktime:0
[2019-10-11 10:33:54:608]
            LogID:[ldsdk] 3501[业务请求统计]
            Level:INFO
            Module:sdk
            Message:func：pubL.16.2  dealTime:16  packetid:15716  callbacktime:0
[2019-10-11 10:33:54:617]
            LogID:[ldsdk] 3501[业务请求统计]
            Level:INFO
            Module:sdk
            Message:func：pubL.16.2  dealTime:15  packetid:15718  callbacktime:0
[2019-10-11 10:33:54:617]
            LogID:[ldsdk] 3501[业务请求统计]
            Level:INFO
            Module:sdk
            Message:func：pubL.16.2  dealTime:15  packetid:15722  callbacktime:0
[2019-10-11 10:33:54:617]
            LogID:[ldsdk] 3501[业务请求统计]
            Level:INFO
            Module:sdk
            Message:func：pubL.16.2  dealTime:15  packetid:15720  callbacktime:0
[2019-10-11 10:33:55:694]
            LogID:[ldsdk] 3501[业务请求统计]
            Level:INFO
            Module:sdk
            Message:func：pubL.16.2  dealTime:16  packetid:16660  callbacktime:0
[2019-10-11 10:33:55:695]
            LogID:[ldsdk] 3501[业务请求统计]
            Level:INFO
            Module:sdk
            Message:func：pubL.16.2  dealTime:16  packetid:16662  callbacktime:0
[2019-10-11 10:33:55:698]
            LogID:[ldsdk] 3501[业务请求统计]
            Level:INFO
            Module:sdk
            Message:func：pubL.16.2  dealTime:16  packetid:16664  callbacktime:0
[2019-10-11 10:33:55:701]
            LogID:[ldsdk] 3501[业务请求统计]
            Level:INFO
            Module:sdk
            Message:func：pubL.16.2  dealTime:16  packetid:16666  callbacktime:0
[2019-10-11 10:33:55:701]
            LogID:[ldsdk] 3501[业务请求统计]
            Level:INFO
            Module:sdk
            Message:func：pubL.16.2  dealTime:16  packetid:16668  callbacktime:0
[2019-10-11 10:33:55:702]
            LogID:[ldsdk] 3501[业务请求统计]
            Level:INFO
            Module:sdk
            Message:func：pubL.16.2  dealTime:15  packetid:16670  callbacktime:0
[2019-10-11 10:33:55:707]
            LogID:[ldsdk] 3501[业务请求统计]
            Level:INFO
            Module:sdk
            Message:func：pubL.16.2  dealTime:15  packetid:16672  callbacktime:0
[2019-10-11 10:33:55:708]
            LogID:[ldsdk] 3501[业务请求统计]
            Level:INFO
            Module:sdk
            Message:func：pubL.16.2  dealTime:15  packetid:16674  callbacktime:0
[2019-10-11 10:33:55:709]
            LogID:[ldsdk] 3501[业务请求统计]
            Level:INFO
            Module:sdk
            Message:func：pubL.16.2  dealTime:15  packetid:16676  callbacktime:0
[2019-10-11 10:33:55:711]
            LogID:[ldsdk] 3501[业务请求统计]
            Level:INFO
            Module:sdk
            Message:func：pubL.16.2  dealTime:15  packetid:16678  callbacktime:0
[2019-10-11 10:33:56:708]
            LogID:[ldsdk] 3501[业务请求统计]
            Level:INFO
            Module:sdk
            Message:func：pubL.16.2  dealTime:15  packetid:17618  callbacktime:0
[2019-10-11 10:33:56:708]
            LogID:[ldsdk] 3501[业务请求统计]
            Level:INFO
            Module:sdk
            Message:func：pubL.16.2  dealTime:15  packetid:17622  callbacktime:0
[2019-10-11 10:33:56:709]
            LogID:[ldsdk] 3501[业务请求统计]
            Level:INFO
            Module:sdk
            Message:func：pubL.16.2  dealTime:15  packetid:17620  callbacktime:0
[2019-10-11 10:33:56:712]
            LogID:[ldsdk] 3501[业务请求统计]
            Level:INFO
            Module:sdk
            Message:func：pubL.16.2  dealTime:15  packetid:17624  callbacktime:0
[2019-10-11 10:33:56:715]
            LogID:[ldsdk] 3501[业务请求统计]
            Level:INFO
            Module:sdk
            Message:func：pubL.16.2  dealTime:15  packetid:17626  callbacktime:0
[2019-10-11 10:33:56:722]
            LogID:[ldsdk] 3501[业务请求统计]
            Level:INFO
            Module:sdk
            Message:func：pubL.16.2  dealTime:31  packetid:17628  callbacktime:0
[2019-10-11 10:33:56:723]
            LogID:[ldsdk] 3501[业务请求统计]
            Level:INFO
            Module:sdk
            Message:func：pubL.16.2  dealTime:16  packetid:17630  callbacktime:0
[2019-10-11 10:33:56:723]
            LogID:[ldsdk] 3501[业务请求统计]
            Level:INFO
            Module:sdk
            Message:func：pubL.16.2  dealTime:16  packetid:17632  callbacktime:0
[2019-10-11 10:33:56:725]
            LogID:[ldsdk] 3501[业务请求统计]
            Level:INFO
            Module:sdk
            Message:func：pubL.16.2  dealTime:16  packetid:17634  callbacktime:0
[2019-10-11 10:33:56:726]
            LogID:[ldsdk] 3501[业务请求统计]
            Level:INFO
            Module:sdk
            Message:func：pubL.16.2  dealTime:16  packetid:17636  callbacktime:0
[2019-10-11 10:33:57:740]
            LogID:[ldsdk] 3501[业务请求统计]
            Level:INFO
            Module:sdk
            Message:func：pubL.16.2  dealTime:15  packetid:18578  callbacktime:0
[2019-10-11 10:33:57:740]
            LogID:[ldsdk] 3501[业务请求统计]
            Level:INFO
            Module:sdk
            Message:func：pubL.16.2  dealTime:15  packetid:18580  callbacktime:0
[2019-10-11 10:33:57:752]
            LogID:[ldsdk] 3501[业务请求统计]
            Level:INFO
            Module:sdk
            Message:func：pubL.16.2  dealTime:31  packetid:18582  callbacktime:0
[2019-10-11 10:33:57:756]
            LogID:[ldsdk] 3501[业务请求统计]
            Level:INFO
            Module:sdk
            Message:func：pubL.16.2  dealTime:31  packetid:18588  callbacktime:0
[2019-10-11 10:33:57:756]
            LogID:[ldsdk] 3501[业务请求统计]
            Level:INFO
            Module:sdk
            Message:func：pubL.16.2  dealTime:31  packetid:18584  callbacktime:0
[2019-10-11 10:33:57:756]
            LogID:[ldsdk] 3501[业务请求统计]
            Level:INFO
            Module:sdk
            Message:func：pubL.16.2  dealTime:16  packetid:18592  callbacktime:0
[2019-10-11 10:33:57:757]
            LogID:[ldsdk] 3501[业务请求统计]
            Level:INFO
            Module:sdk
            Message:func：pubL.16.2  dealTime:16  packetid:18594  callbacktime:0
[2019-10-11 10:33:57:757]
            LogID:[ldsdk] 3501[业务请求统计]
            Level:INFO
            Module:sdk
            Message:func：pubL.16.2  dealTime:31  packetid:18586  callbacktime:0
[2019-10-11 10:33:57:757]
            LogID:[ldsdk] 3501[业务请求统计]
            Level:INFO
            Module:sdk
            Message:func：pubL.16.2  dealTime:16  packetid:18590  callbacktime:0
[2019-10-11 10:33:57:758]
            LogID:[ldsdk] 3501[业务请求统计]
            Level:INFO
            Module:sdk
            Message:func：pubL.16.2  dealTime:16  packetid:18596  callbacktime:0
[2019-10-11 10:33:58:786]
            LogID:[ldsdk] 3501[业务请求统计]
            Level:INFO
            Module:sdk
            Message:func：pubL.16.2  dealTime:62  packetid:19480  callbacktime:0
[2019-10-11 10:33:58:786]
            LogID:[ldsdk] 3501[业务请求统计]
            Level:INFO
            Module:sdk
            Message:func：pubL.16.2  dealTime:47  packetid:19482  callbacktime:0
[2019-10-11 10:33:58:786]
            LogID:[ldsdk] 3501[业务请求统计]
            Level:INFO
            Module:sdk
            Message:func：pubL.16.2  dealTime:47  packetid:19486  callbacktime:0
[2019-10-11 10:33:58:786]
            LogID:[ldsdk] 3501[业务请求统计]
            Level:INFO
            Module:sdk
            Message:func：pubL.16.2  dealTime:47  packetid:19484  callbacktime:0
[2019-10-11 10:33:58:786]
            LogID:[ldsdk] 3501[业务请求统计]
            Level:INFO
            Module:sdk
            Message:func：pubL.16.2  dealTime:47  packetid:19488  callbacktime:0
[2019-10-11 10:33:58:787]
            LogID:[ldsdk] 3501[业务请求统计]
            Level:INFO
            Module:sdk
            Message:func：pubL.16.2  dealTime:47  packetid:19494  callbacktime:0
[2019-10-11 10:33:58:787]
            LogID:[ldsdk] 3501[业务请求统计]
            Level:INFO
            Module:sdk
            Message:func：pubL.16.2  dealTime:47  packetid:19490  callbacktime:0
[2019-10-11 10:33:58:789]
            LogID:[ldsdk] 3501[业务请求统计]
            Level:INFO
            Module:sdk
            Message:func：pubL.16.2  dealTime:31  packetid:19506  callbacktime:0
[2019-10-11 10:33:58:789]
            LogID:[ldsdk] 3501[业务请求统计]
            Level:INFO
            Module:sdk
            Message:func：pubL.16.2  dealTime:31  packetid:19502  callbacktime:0
[2019-10-11 10:33:58:789]
            LogID:[ldsdk] 3501[业务请求统计]
            Level:INFO
            Module:sdk
            Message:func：pubL.16.2  dealTime:31  packetid:19496  callbacktime:0
[2019-10-11 10:33:59:816]
            LogID:[ldsdk] 3501[业务请求统计]
            Level:INFO
            Module:sdk
            Message:func：pubL.16.2  dealTime:47  packetid:20456  callbacktime:0
[2019-10-11 10:33:59:818]
            LogID:[ldsdk] 3501[业务请求统计]
            Level:INFO
            Module:sdk
            Message:func：pubL.16.2  dealTime:47  packetid:20460  callbacktime:0
[2019-10-11 10:33:59:819]
            LogID:[ldsdk] 3501[业务请求统计]
            Level:INFO
            Module:sdk
            Message:func：pubL.16.2  dealTime:47  packetid:20464  callbacktime:0
[2019-10-11 10:33:59:820]
            LogID:[ldsdk] 3501[业务请求统计]
            Level:INFO
            Module:sdk
            Message:func：pubL.16.2  dealTime:47  packetid:20462  callbacktime:0
[2019-10-11 10:33:59:820]
            LogID:[ldsdk] 3501[业务请求统计]
            Level:INFO
            Module:sdk
            Message:func：pubL.16.2  dealTime:47  packetid:20466  callbacktime:0
[2019-10-11 10:33:59:821]
            LogID:[ldsdk] 3501[业务请求统计]
            Level:INFO
            Module:sdk
            Message:func：pubL.16.2  dealTime:47  packetid:20458  callbacktime:0
[2019-10-11 10:33:59:824]
            LogID:[ldsdk] 3501[业务请求统计]
            Level:INFO
            Module:sdk
            Message:func：pubL.16.2  dealTime:32  packetid:20472  callbacktime:0
[2019-10-11 10:33:59:824]
            LogID:[ldsdk] 3501[业务请求统计]
            Level:INFO
            Module:sdk
            Message:func：pubL.16.2  dealTime:32  packetid:20474  callbacktime:0
[2019-10-11 10:33:59:824]
            LogID:[ldsdk] 3501[业务请求统计]
            Level:INFO
            Module:sdk
            Message:func：pubL.16.2  dealTime:47  packetid:20468  callbacktime:0
[2019-10-11 10:33:59:824]
            LogID:[ldsdk] 3501[业务请求统计]
            Level:INFO
            Module:sdk
            Message:func：pubL.16.2  dealTime:32  packetid:20478  callbacktime:0
[2019-10-11 10:34:00:852]
            LogID:[ldsdk] 3501[业务请求统计]
            Level:INFO
            Module:sdk
            Message:func：pubL.16.2  dealTime:16  packetid:21452  callbacktime:0
[2019-10-11 10:34:00:854]
            LogID:[ldsdk] 3501[业务请求统计]
            Level:INFO
            Module:sdk
            Message:func：pubL.16.2  dealTime:16  packetid:21454  callbacktime:0
[2019-10-11 10:34:00:857]
            LogID:[ldsdk] 3501[业务请求统计]
            Level:INFO
            Module:sdk
            Message:func：pubL.16.2  dealTime:16  packetid:21456  callbacktime:0
[2019-10-11 10:34:00:858]
            LogID:[ldsdk] 3501[业务请求统计]
            Level:INFO
            Module:sdk
            Message:func：pubL.16.2  dealTime:15  packetid:21458  callbacktime:0
[2019-10-11 10:34:00:863]
            LogID:[ldsdk] 3501[业务请求统计]
            Level:INFO
            Module:sdk
            Message:func：pubL.16.2  dealTime:15  packetid:21462  callbacktime:0
[2019-10-11 10:34:00:863]
            LogID:[ldsdk] 3501[业务请求统计]
            Level:INFO
            Module:sdk
            Message:func：pubL.16.2  dealTime:15  packetid:21460  callbacktime:0
[2019-10-11 10:34:00:866]
            LogID:[ldsdk] 3501[业务请求统计]
            Level:INFO
            Module:sdk
            Message:func：pubL.16.2  dealTime:15  packetid:21464  callbacktime:0
[2019-10-11 10:34:00:870]
            LogID:[ldsdk] 3501[业务请求统计]
            Level:INFO
            Module:sdk
            Message:func：pubL.16.2  dealTime:15  packetid:21466  callbacktime:0
[2019-10-11 10:34:00:871]
            LogID:[ldsdk] 3501[业务请求统计]
            Level:INFO
            Module:sdk
            Message:func：pubL.16.2  dealTime:15  packetid:21468  callbacktime:0
[2019-10-11 10:34:00:872]
            LogID:[ldsdk] 3501[业务请求统计]
            Level:INFO
            Module:sdk
            Message:func：pubL.16.2  dealTime:15  packetid:21470  callbacktime:0
[2019-10-11 10:34:01:878]
            LogID:[ldsdk] 3501[业务请求统计]
            Level:INFO
            Module:sdk
            Message:func：pubL.16.2  dealTime:31  packetid:22412  callbacktime:0
[2019-10-11 10:34:01:878]
            LogID:[ldsdk] 3501[业务请求统计]
            Level:INFO
            Module:sdk
            Message:func：pubL.16.2  dealTime:16  packetid:22414  callbacktime:0
[2019-10-11 10:34:01:880]
            LogID:[ldsdk] 3501[业务请求统计]
            Level:INFO
            Module:sdk
            Message:func：pubL.16.2  dealTime:16  packetid:22416  callbacktime:0
[2019-10-11 10:34:01:880]
            LogID:[ldsdk] 3501[业务请求统计]
            Level:INFO
            Module:sdk
            Message:func：pubL.16.2  dealTime:16  packetid:22418  callbacktime:0
[2019-10-11 10:34:01:883]
            LogID:[ldsdk] 3501[业务请求统计]
            Level:INFO
            Module:sdk
            Message:func：pubL.16.2  dealTime:16  packetid:22420  callbacktime:0
[2019-10-11 10:34:01:885]
            LogID:[ldsdk] 3501[业务请求统计]
            Level:INFO
            Module:sdk
            Message:func：pubL.16.2  dealTime:16  packetid:22422  callbacktime:0
[2019-10-11 10:34:01:886]
            LogID:[ldsdk] 3501[业务请求统计]
            Level:INFO
            Module:sdk
            Message:func：pubL.16.2  dealTime:16  packetid:22424  callbacktime:0
[2019-10-11 10:34:01:889]
            LogID:[ldsdk] 3501[业务请求统计]
            Level:INFO
            Module:sdk
            Message:func：pubL.16.2  dealTime:16  packetid:22426  callbacktime:0
[2019-10-11 10:34:01:889]
            LogID:[ldsdk] 3501[业务请求统计]
            Level:INFO
            Module:sdk
            Message:func：pubL.16.2  dealTime:16  packetid:22428  callbacktime:0
[2019-10-11 10:34:01:891]
            LogID:[ldsdk] 3501[业务请求统计]
            Level:INFO
            Module:sdk
            Message:func：pubL.16.2  dealTime:16  packetid:22430  callbacktime:0
[2019-10-11 10:34:02:917]
            LogID:[ldsdk] 3501[业务请求统计]
            Level:INFO
            Module:sdk
            Message:func：pubL.16.2  dealTime:15  packetid:23362  callbacktime:0
[2019-10-11 10:34:02:919]
            LogID:[ldsdk] 3501[业务请求统计]
            Level:INFO
            Module:sdk
            Message:func：pubL.16.2  dealTime:15  packetid:23364  callbacktime:0
[2019-10-11 10:34:02:926]
            LogID:[ldsdk] 3501[业务请求统计]
            Level:INFO
            Module:sdk
            Message:func：pubL.16.2  dealTime:16  packetid:23368  callbacktime:0
[2019-10-11 10:34:02:927]
            LogID:[ldsdk] 3501[业务请求统计]
            Level:INFO
            Module:sdk
            Message:func：pubL.16.2  dealTime:16  packetid:23370  callbacktime:0
[2019-10-11 10:34:02:927]
            LogID:[ldsdk] 3501[业务请求统计]
            Level:INFO
            Module:sdk
            Message:func：pubL.16.2  dealTime:16  packetid:23366  callbacktime:0
[2019-10-11 10:34:02:927]
            LogID:[ldsdk] 3501[业务请求统计]
            Level:INFO
            Module:sdk
            Message:func：pubL.16.2  dealTime:16  packetid:23372  callbacktime:0
[2019-10-11 10:34:02:929]
            LogID:[ldsdk] 3501[业务请求统计]
            Level:INFO
            Module:sdk
            Message:func：pubL.16.2  dealTime:16  packetid:23374  callbacktime:0
[2019-10-11 10:34:02:930]
            LogID:[ldsdk] 3501[业务请求统计]
            Level:INFO
            Module:sdk
            Message:func：pubL.16.2  dealTime:16  packetid:23376  callbacktime:0
[2019-10-11 10:34:02:933]
            LogID:[ldsdk] 3501[业务请求统计]
            Level:INFO
            Module:sdk
            Message:func：pubL.16.2  dealTime:16  packetid:23378  callbacktime:0
[2019-10-11 10:34:02:935]
            LogID:[ldsdk] 3501[业务请求统计]
            Level:INFO
            Module:sdk
            Message:func：pubL.16.2  dealTime:16  packetid:23380  callbacktime:0
[2019-10-11 10:34:03:955]
            LogID:[ldsdk] 3501[业务请求统计]
            Level:INFO
            Module:sdk
            Message:func：pubL.16.2  dealTime:15  packetid:24364  callbacktime:0
[2019-10-11 10:34:03:957]
            LogID:[ldsdk] 3501[业务请求统计]
            Level:INFO
            Module:sdk
            Message:func：pubL.16.2  dealTime:15  packetid:24366  callbacktime:0
[2019-10-11 10:34:03:960]
            LogID:[ldsdk] 3501[业务请求统计]
            Level:INFO
            Module:sdk
            Message:func：pubL.16.2  dealTime:15  packetid:24368  callbacktime:0
[2019-10-11 10:34:03:961]
            LogID:[ldsdk] 3501[业务请求统计]
            Level:INFO
            Module:sdk
            Message:func：pubL.16.2  dealTime:15  packetid:24370  callbacktime:0
[2019-10-11 10:34:03:963]
            LogID:[ldsdk] 3501[业务请求统计]
            Level:INFO
            Module:sdk
            Message:func：pubL.16.2  dealTime:15  packetid:24372  callbacktime:0
[2019-10-11 10:34:03:965]
            LogID:[ldsdk] 3501[业务请求统计]
            Level:INFO
            Module:sdk
            Message:func：pubL.16.2  dealTime:15  packetid:24374  callbacktime:0
[2019-10-11 10:34:03:967]
            LogID:[ldsdk] 3501[业务请求统计]
            Level:INFO
            Module:sdk
            Message:func：pubL.16.2  dealTime:15  packetid:24376  callbacktime:0
[2019-10-11 10:34:03:974]
            LogID:[ldsdk] 3501[业务请求统计]
            Level:INFO
            Module:sdk
            Message:func：pubL.16.2  dealTime:16  packetid:24378  callbacktime:0
[2019-10-11 10:34:03:974]
            LogID:[ldsdk] 3501[业务请求统计]
            Level:INFO
            Module:sdk
            Message:func：pubL.16.2  dealTime:16  packetid:24382  callbacktime:0
[2019-10-11 10:34:03:974]
            LogID:[ldsdk] 3501[业务请求统计]
            Level:INFO
            Module:sdk
            Message:func：pubL.16.2  dealTime:16  packetid:24384  callbacktime:0
[2019-10-11 10:34:06:899]
            LogID:[ldsdk] 3501[业务请求统计]
            Level:INFO
            Module:sdk
            Message:func：pubL.16.2  dealTime:16  packetid:24950  callbacktime:0
[2019-10-11 10:34:06:907]
            LogID:[ldsdk] 3501[业务请求统计]
            Level:INFO
            Module:sdk
            Message:func：pubL.16.2  dealTime:31  packetid:24952  callbacktime:0
[2019-10-11 10:34:06:908]
            LogID:[ldsdk] 3501[业务请求统计]
            Level:INFO
            Module:sdk
            Message:func：pubL.16.2  dealTime:31  packetid:24954  callbacktime:0
[2019-10-11 10:34:06:909]
            LogID:[ldsdk] 3501[业务请求统计]
            Level:INFO
            Module:sdk
            Message:func：pubL.16.2  dealTime:31  packetid:24956  callbacktime:0
[2019-10-11 10:34:06:911]
            LogID:[ldsdk] 3501[业务请求统计]
            Level:INFO
            Module:sdk
            Message:func：pubL.16.2  dealTime:15  packetid:24958  callbacktime:0
[2019-10-11 10:34:06:913]
            LogID:[ldsdk] 3501[业务请求统计]
            Level:INFO
            Module:sdk
            Message:func：pubL.16.2  dealTime:15  packetid:24960  callbacktime:0
[2019-10-11 10:34:06:916]
            LogID:[ldsdk] 3501[业务请求统计]
            Level:INFO
            Module:sdk
            Message:func：pubL.16.2  dealTime:15  packetid:24962  callbacktime:0
[2019-10-11 10:34:06:916]
            LogID:[ldsdk] 3501[业务请求统计]
            Level:INFO
            Module:sdk
            Message:func：pubL.16.2  dealTime:15  packetid:24964  callbacktime:0
[2019-10-11 10:34:06:918]
            LogID:[ldsdk] 3501[业务请求统计]
            Level:INFO
            Module:sdk
            Message:func：pubL.16.2  dealTime:15  packetid:24966  callbacktime:0
[2019-10-11 10:34:06:921]
            LogID:[ldsdk] 3501[业务请求统计]
            Level:INFO
            Module:sdk
            Message:func：pubL.16.2  dealTime:16  packetid:24968  callbacktime:0
[2019-10-11 10:34:07:131]
            LogID:[ldsdk] 3501[业务请求统计]
            Level:INFO
            Module:sdk
            Message:func：pubL.16.2  dealTime:31  packetid:25152  callbacktime:0
[2019-10-11 10:34:07:133]
            LogID:[ldsdk] 3501[业务请求统计]
            Level:INFO
            Module:sdk
            Message:func：pubL.16.2  dealTime:31  packetid:25154  callbacktime:0
[2019-10-11 10:34:07:133]
            LogID:[ldsdk] 3501[业务请求统计]
            Level:INFO
            Module:sdk
            Message:func：pubL.16.2  dealTime:16  packetid:25164  callbacktime:0
[2019-10-11 10:34:07:133]
            LogID:[ldsdk] 3501[业务请求统计]
            Level:INFO
            Module:sdk
            Message:func：pubL.16.2  dealTime:31  packetid:25156  callbacktime:0
[2019-10-11 10:34:07:133]
            LogID:[ldsdk] 3501[业务请求统计]
            Level:INFO
            Module:sdk
            Message:func：pubL.16.2  dealTime:16  packetid:25168  callbacktime:0
[2019-10-11 10:34:07:133]
            LogID:[ldsdk] 3501[业务请求统计]
            Level:INFO
            Module:sdk
            Message:func：pubL.16.2  dealTime:16  packetid:25166  callbacktime:0
[2019-10-11 10:34:07:133]
            LogID:[ldsdk] 3501[业务请求统计]
            Level:INFO
            Module:sdk
            Message:func：pubL.16.2  dealTime:31  packetid:25158  callbacktime:0
[2019-10-11 10:34:07:134]
            LogID:[ldsdk] 3501[业务请求统计]
            Level:INFO
            Module:sdk
            Message:func：pubL.16.2  dealTime:16  packetid:25170  callbacktime:0
[2019-10-11 10:34:07:134]
            LogID:[ldsdk] 3501[业务请求统计]
            Level:INFO
            Module:sdk
            Message:func：pubL.16.2  dealTime:31  packetid:25160  callbacktime:0
[2019-10-11 10:34:07:135]
            LogID:[ldsdk] 3501[业务请求统计]
            Level:INFO
            Module:sdk
            Message:func：pubL.16.2  dealTime:31  packetid:25162  callbacktime:0
[2019-10-11 10:34:08:140]
            LogID:[ldsdk] 3501[业务请求统计]
            Level:INFO
            Module:sdk
            Message:func：pubL.16.2  dealTime:16  packetid:26088  callbacktime:0
[2019-10-11 10:34:08:145]
            LogID:[ldsdk] 3501[业务请求统计]
            Level:INFO
            Module:sdk
            Message:func：pubL.16.2  dealTime:16  packetid:26090  callbacktime:0
[2019-10-11 10:34:08:146]
            LogID:[ldsdk] 3501[业务请求统计]
            Level:INFO
            Module:sdk
            Message:func：pubL.16.2  dealTime:16  packetid:26092  callbacktime:0
[2019-10-11 10:34:08:148]
            LogID:[ldsdk] 3501[业务请求统计]
            Level:INFO
            Module:sdk
            Message:func：pubL.16.2  dealTime:16  packetid:26096  callbacktime:0
[2019-10-11 10:34:08:149]
            LogID:[ldsdk] 3501[业务请求统计]
            Level:INFO
            Module:sdk
            Message:func：pubL.16.2  dealTime:16  packetid:26098  callbacktime:0
[2019-10-11 10:34:08:150]
            LogID:[ldsdk] 3501[业务请求统计]
            Level:INFO
            Module:sdk
            Message:func：pubL.16.2  dealTime:16  packetid:26100  callbacktime:0
[2019-10-11 10:34:08:150]
            LogID:[ldsdk] 3501[业务请求统计]
            Level:INFO
            Module:sdk
            Message:func：pubL.16.2  dealTime:16  packetid:26094  callbacktime:0
[2019-10-11 10:34:08:154]
            LogID:[ldsdk] 3501[业务请求统计]
            Level:INFO
            Module:sdk
            Message:func：pubL.16.2  dealTime:16  packetid:26102  callbacktime:0
[2019-10-11 10:34:08:156]
            LogID:[ldsdk] 3501[业务请求统计]
            Level:INFO
            Module:sdk
            Message:func：pubL.16.2  dealTime:15  packetid:26104  callbacktime:0
[2019-10-11 10:34:08:159]
            LogID:[ldsdk] 3501[业务请求统计]
            Level:INFO
            Module:sdk
            Message:func：pubL.16.2  dealTime:15  packetid:26106  callbacktime:0
[2019-10-11 10:34:09:165]
            LogID:[ldsdk] 3501[业务请求统计]
            Level:INFO
            Module:sdk
            Message:func：pubL.16.2  dealTime:15  packetid:27060  callbacktime:0
[2019-10-11 10:34:09:166]
            LogID:[ldsdk] 3501[业务请求统计]
            Level:INFO
            Module:sdk
            Message:func：pubL.16.2  dealTime:15  packetid:27066  callbacktime:0
[2019-10-11 10:34:09:166]
            LogID:[ldsdk] 3501[业务请求统计]
            Level:INFO
            Module:sdk
            Message:func：pubL.16.2  dealTime:15  packetid:27062  callbacktime:0
[2019-10-11 10:34:09:166]
            LogID:[ldsdk] 3501[业务请求统计]
            Level:INFO
            Module:sdk
            Message:func：pubL.16.2  dealTime:15  packetid:27064  callbacktime:0
[2019-10-11 10:34:09:174]
            LogID:[ldsdk] 3501[业务请求统计]
            Level:INFO
            Module:sdk
            Message:func：pubL.16.2  dealTime:31  packetid:27068  callbacktime:0
[2019-10-11 10:34:09:174]
            LogID:[ldsdk] 3501[业务请求统计]
            Level:INFO
            Module:sdk
            Message:func：pubL.16.2  dealTime:16  packetid:27074  callbacktime:0
[2019-10-11 10:34:09:175]
            LogID:[ldsdk] 3501[业务请求统计]
            Level:INFO
            Module:sdk
            Message:func：pubL.16.2  dealTime:31  packetid:27070  callbacktime:0
[2019-10-11 10:34:09:176]
            LogID:[ldsdk] 3501[业务请求统计]
            Level:INFO
            Module:sdk
            Message:func：pubL.16.2  dealTime:16  packetid:27076  callbacktime:0
[2019-10-11 10:34:09:177]
            LogID:[ldsdk] 3501[业务请求统计]
            Level:INFO
            Module:sdk
            Message:func：pubL.16.2  dealTime:16  packetid:27072  callbacktime:0
[2019-10-11 10:34:09:177]
            LogID:[ldsdk] 3501[业务请求统计]
            Level:INFO
            Module:sdk
            Message:func：pubL.16.2  dealTime:16  packetid:27078  callbacktime:0
[2019-10-11 10:34:10:189]
            LogID:[ldsdk] 3501[业务请求统计]
            Level:INFO
            Module:sdk
            Message:func：pubL.16.2  dealTime:16  packetid:28042  callbacktime:0
[2019-10-11 10:34:10:191]
            LogID:[ldsdk] 3501[业务请求统计]
            Level:INFO
            Module:sdk
            Message:func：pubL.16.2  dealTime:16  packetid:28044  callbacktime:0
[2019-10-11 10:34:10:192]
            LogID:[ldsdk] 3501[业务请求统计]
            Level:INFO
            Module:sdk
            Message:func：pubL.16.2  dealTime:16  packetid:28046  callbacktime:0
[2019-10-11 10:34:10:194]
            LogID:[ldsdk] 3501[业务请求统计]
            Level:INFO
            Module:sdk
            Message:func：pubL.16.2  dealTime:16  packetid:28048  callbacktime:0
[2019-10-11 10:34:10:198]
            LogID:[ldsdk] 3501[业务请求统计]
            Level:INFO
            Module:sdk
            Message:func：pubL.16.2  dealTime:16  packetid:28050  callbacktime:0
[2019-10-11 10:34:10:198]
            LogID:[ldsdk] 3501[业务请求统计]
            Level:INFO
            Module:sdk
            Message:func：pubL.16.2  dealTime:16  packetid:28052  callbacktime:0
[2019-10-11 10:34:10:201]
            LogID:[ldsdk] 3501[业务请求统计]
            Level:INFO
            Module:sdk
            Message:func：pubL.16.2  dealTime:16  packetid:28054  callbacktime:0
[2019-10-11 10:34:10:203]
            LogID:[ldsdk] 3501[业务请求统计]
            Level:INFO
            Module:sdk
            Message:func：pubL.16.2  dealTime:15  packetid:28056  callbacktime:0
[2019-10-11 10:34:10:210]
            LogID:[ldsdk] 3501[业务请求统计]
            Level:INFO
            Module:sdk
            Message:func：pubL.16.2  dealTime:15  packetid:28058  callbacktime:0
[2019-10-11 10:34:10:210]
            LogID:[ldsdk] 3501[业务请求统计]
            Level:INFO
            Module:sdk
            Message:func：pubL.16.2  dealTime:15  packetid:28060  callbacktime:0
[2019-10-11 10:34:11:212]
            LogID:[ldsdk] 3501[业务请求统计]
            Level:INFO
            Module:sdk
            Message:func：pubL.16.2  dealTime:15  packetid:29016  callbacktime:0
[2019-10-11 10:34:11:212]
            LogID:[ldsdk] 3501[业务请求统计]
            Level:INFO
            Module:sdk
            Message:func：pubL.16.2  dealTime:15  packetid:29018  callbacktime:0
[2019-10-11 10:34:11:219]
            LogID:[ldsdk] 3501[业务请求统计]
            Level:INFO
            Module:sdk
            Message:func：pubL.16.2  dealTime:31  packetid:29020  callbacktime:0
[2019-10-11 10:34:11:221]
            LogID:[ldsdk] 3501[业务请求统计]
            Level:INFO
            Module:sdk
            Message:func：pubL.16.2  dealTime:31  packetid:29022  callbacktime:0
[2019-10-11 10:34:11:222]
            LogID:[ldsdk] 3501[业务请求统计]
            Level:INFO
            Module:sdk
            Message:func：pubL.16.2  dealTime:31  packetid:29024  callbacktime:0
[2019-10-11 10:34:11:225]
            LogID:[ldsdk] 3501[业务请求统计]
            Level:INFO
            Module:sdk
            Message:func：pubL.16.2  dealTime:16  packetid:29026  callbacktime:0
[2019-10-11 10:34:11:228]
            LogID:[ldsdk] 3501[业务请求统计]
            Level:INFO
            Module:sdk
            Message:func：pubL.16.2  dealTime:16  packetid:29030  callbacktime:0
[2019-10-11 10:34:11:228]
            LogID:[ldsdk] 3501[业务请求统计]
            Level:INFO
            Module:sdk
            Message:func：pubL.16.2  dealTime:16  packetid:29032  callbacktime:0
[2019-10-11 10:34:11:228]
            LogID:[ldsdk] 3501[业务请求统计]
            Level:INFO
            Module:sdk
            Message:func：pubL.16.2  dealTime:16  packetid:29034  callbacktime:0
[2019-10-11 10:34:11:232]
            LogID:[ldsdk] 3501[业务请求统计]
            Level:INFO
            Module:sdk
            Message:func：pubL.16.2  dealTime:16  packetid:29028  callbacktime:0
