[2019-09-24 08:38:20:427]
            LogID:[ldsdk] 3500[sdk初始化完成]
            Level:INFO
            Module:sdk
            Message:sdk编译日期：May  6 2019  编译时间：11:20:30
[2019-09-24 08:38:50:173]
            LogID:[ldsdk] 3503[同步请求时间]
            Level:WARNING
            Module:sdk
            Message:func：tdsecuL.4.11  Time:63
[2019-09-24 08:38:50:718]
            LogID:[ldsdk] 3503[同步请求时间]
            Level:WARNING
            Module:sdk
            Message:func：tdsecuL.4.11  Time:0
[2019-09-24 08:38:51:210]
            LogID:[ldsdk] 3503[同步请求时间]
            Level:WARNING
            Module:sdk
            Message:func：tdsecuL.4.11  Time:16
[2019-09-24 11:24:57:582]
            LogID:[ldsdk] 3500[sdk初始化完成]
            Level:INFO
            Module:sdk
            Message:sdk编译日期：May  6 2019  编译时间：11:20:30
[2019-09-24 11:26:13:150]
            LogID:[ldsdk] 3502[业务请求超时]
            Level:WARNING
            Module:sdk
            Message:func：tdsecuL.1.901  WaitTime:8484  packetid:1
[2019-09-24 11:26:17:694]
            LogID:[ldsdk] 3501[业务请求统计]
            Level:INFO
            Module:sdk
            Message:func：tdsecuL.4.101  dealTime:13031  packetid:2  callbacktime:0
[2019-09-24 11:26:17:700]
            LogID:[ldsdk] 3501[业务请求统计]
            Level:INFO
            Module:sdk
            Message:func：tdsecuL.1.901  dealTime:13031  packetid:3  callbacktime:0
[2019-09-24 11:26:17:701]
            LogID:[ldsdk] 3501[业务请求统计]
            Level:INFO
            Module:sdk
            Message:func：tdsecuL.1.901  dealTime:13031  packetid:9  callbacktime:0
[2019-09-24 11:26:17:701]
            LogID:[ldsdk] 3501[业务请求统计]
            Level:INFO
            Module:sdk
            Message:func：tdsecuL.1.901  dealTime:13031  packetid:15  callbacktime:0
[2019-09-24 11:26:17:701]
            LogID:[ldsdk] 3501[业务请求统计]
            Level:INFO
            Module:sdk
            Message:func：tdsecuL.1.901  dealTime:13031  packetid:17  callbacktime:0
[2019-09-24 11:26:17:701]
            LogID:[ldsdk] 3501[业务请求统计]
            Level:INFO
            Module:sdk
            Message:func：tdsecuL.1.901  dealTime:13031  packetid:7  callbacktime:0
[2019-09-24 11:26:17:701]
            LogID:[ldsdk] 3501[业务请求统计]
            Level:INFO
            Module:sdk
            Message:func：tdsecuL.1.901  dealTime:13031  packetid:21  callbacktime:0
[2019-09-24 11:26:17:701]
            LogID:[ldsdk] 3501[业务请求统计]
            Level:INFO
            Module:sdk
            Message:func：tdsecuL.1.901  dealTime:13031  packetid:5  callbacktime:0
[2019-09-24 11:26:17:701]
            LogID:[ldsdk] 3501[业务请求统计]
            Level:INFO
            Module:sdk
            Message:func：tdsecuL.4.101  dealTime:13031  packetid:20  callbacktime:0
[2019-09-24 11:26:17:702]
            LogID:[ldsdk] 3501[业务请求统计]
            Level:INFO
            Module:sdk
            Message:func：tdsecuL.4.101  dealTime:13031  packetid:12  callbacktime:0
[2019-09-24 11:26:18:182]
            LogID:[ldsdk] 3502[业务请求超时]
            Level:WARNING
            Module:sdk
            Message:func：tdsecuL.1.901  WaitTime:13500  packetid:73
[2019-09-24 11:26:18:735]
            LogID:[ldsdk] 3501[业务请求统计]
            Level:INFO
            Module:sdk
            Message:func：tdsecuL.4.101  dealTime:13844  packetid:182  callbacktime:203
[2019-09-24 11:26:18:735]
            LogID:[ldsdk] 3501[业务请求统计]
            Level:INFO
            Module:sdk
            Message:func：tdsecuL.4.101  dealTime:14047  packetid:184  callbacktime:0
[2019-09-24 11:26:18:735]
            LogID:[ldsdk] 3501[业务请求统计]
            Level:INFO
            Module:sdk
            Message:func：tdsecuL.4.101  dealTime:14062  packetid:162  callbacktime:0
[2019-09-24 11:26:18:735]
            LogID:[ldsdk] 3501[业务请求统计]
            Level:INFO
            Module:sdk
            Message:func：tdsecuL.4.101  dealTime:14047  packetid:188  callbacktime:0
[2019-09-24 11:26:18:735]
            LogID:[ldsdk] 3501[业务请求统计]
            Level:INFO
            Module:sdk
            Message:func：tdsecuL.1.901  dealTime:14062  packetid:145  callbacktime:0
[2019-09-24 11:26:18:735]
            LogID:[ldsdk] 3501[业务请求统计]
            Level:INFO
            Module:sdk
            Message:func：tdsecuL.1.901  dealTime:14062  packetid:155  callbacktime:0
[2019-09-24 11:26:18:735]
            LogID:[ldsdk] 3501[业务请求统计]
            Level:INFO
            Module:sdk
            Message:func：tdsecuL.1.901  dealTime:14062  packetid:143  callbacktime:0
[2019-09-24 11:26:18:735]
            LogID:[ldsdk] 3501[业务请求统计]
            Level:INFO
            Module:sdk
            Message:func：tdsecuL.1.901  dealTime:14062  packetid:141  callbacktime:0
[2019-09-24 11:26:18:735]
            LogID:[ldsdk] 3501[业务请求统计]
            Level:INFO
            Module:sdk
            Message:func：tdsecuL.1.901  dealTime:14062  packetid:163  callbacktime:0
[2019-09-24 11:26:18:735]
            LogID:[ldsdk] 3501[业务请求统计]
            Level:INFO
            Module:sdk
            Message:func：tdsecuL.1.901  dealTime:14062  packetid:147  callbacktime:0
[2019-09-24 11:26:19:738]
            LogID:[ldsdk] 3501[业务请求统计]
            Level:INFO
            Module:sdk
            Message:func：tdsecuL.4.101  dealTime:4844  packetid:276  callbacktime:203
[2019-09-24 11:26:19:738]
            LogID:[ldsdk] 3501[业务请求统计]
            Level:INFO
            Module:sdk
            Message:func：tdsecuL.4.101  dealTime:5047  packetid:270  callbacktime:0
[2019-09-24 11:26:19:738]
            LogID:[ldsdk] 3501[业务请求统计]
            Level:INFO
            Module:sdk
            Message:func：tdsecuL.4.101  dealTime:5047  packetid:286  callbacktime:0
[2019-09-24 11:26:19:738]
            LogID:[ldsdk] 3501[业务请求统计]
            Level:INFO
            Module:sdk
            Message:func：tdsecuL.4.101  dealTime:5047  packetid:284  callbacktime:0
[2019-09-24 11:26:19:739]
            LogID:[ldsdk] 3501[业务请求统计]
            Level:INFO
            Module:sdk
            Message:func：tdsecuL.4.101  dealTime:5047  packetid:302  callbacktime:0
[2019-09-24 11:26:19:739]
            LogID:[ldsdk] 3501[业务请求统计]
            Level:INFO
            Module:sdk
            Message:func：tdsecuL.4.101  dealTime:5047  packetid:320  callbacktime:0
[2019-09-24 11:26:19:739]
            LogID:[ldsdk] 3501[业务请求统计]
            Level:INFO
            Module:sdk
            Message:func：tdsecuL.4.101  dealTime:5047  packetid:242  callbacktime:0
[2019-09-24 11:26:19:739]
            LogID:[ldsdk] 3501[业务请求统计]
            Level:INFO
            Module:sdk
            Message:func：tdsecuL.4.101  dealTime:5047  packetid:274  callbacktime:0
[2019-09-24 11:26:19:739]
            LogID:[ldsdk] 3501[业务请求统计]
            Level:INFO
            Module:sdk
            Message:func：tdsecuL.1.901  dealTime:5047  packetid:329  callbacktime:0
[2019-09-24 11:26:19:739]
            LogID:[ldsdk] 3501[业务请求统计]
            Level:INFO
            Module:sdk
            Message:func：tdsecuL.4.101  dealTime:5047  packetid:312  callbacktime:0
[2019-09-24 11:26:20:977]
            LogID:[ldsdk] 3501[业务请求统计]
            Level:INFO
            Module:sdk
            Message:func：tdsecuL.1.901  dealTime:2859  packetid:471  callbacktime:188
[2019-09-24 11:26:20:977]
            LogID:[ldsdk] 3501[业务请求统计]
            Level:INFO
            Module:sdk
            Message:func：tdsecuL.4.101  dealTime:3047  packetid:458  callbacktime:0
[2019-09-24 11:26:20:977]
            LogID:[ldsdk] 3501[业务请求统计]
            Level:INFO
            Module:sdk
            Message:func：tdsecuL.4.101  dealTime:3047  packetid:468  callbacktime:0
[2019-09-24 11:26:20:977]
            LogID:[ldsdk] 3501[业务请求统计]
            Level:INFO
            Module:sdk
            Message:func：tdsecuL.1.901  dealTime:3047  packetid:479  callbacktime:0
[2019-09-24 11:26:20:977]
            LogID:[ldsdk] 3501[业务请求统计]
            Level:INFO
            Module:sdk
            Message:func：tdsecuL.1.901  dealTime:3047  packetid:469  callbacktime:0
[2019-09-24 11:26:20:977]
            LogID:[ldsdk] 3501[业务请求统计]
            Level:INFO
            Module:sdk
            Message:func：tdsecuL.4.101  dealTime:3047  packetid:480  callbacktime:0
[2019-09-24 11:26:20:977]
            LogID:[ldsdk] 3501[业务请求统计]
            Level:INFO
            Module:sdk
            Message:func：tdsecuL.4.101  dealTime:3047  packetid:482  callbacktime:0
[2019-09-24 11:26:20:977]
            LogID:[ldsdk] 3501[业务请求统计]
            Level:INFO
            Module:sdk
            Message:func：tdsecuL.4.101  dealTime:3047  packetid:472  callbacktime:0
[2019-09-24 11:26:20:977]
            LogID:[ldsdk] 3501[业务请求统计]
            Level:INFO
            Module:sdk
            Message:func：tdsecuL.4.101  dealTime:3047  packetid:462  callbacktime:0
[2019-09-24 11:26:20:977]
            LogID:[ldsdk] 3501[业务请求统计]
            Level:INFO
            Module:sdk
            Message:func：tdsecuL.1.901  dealTime:3047  packetid:459  callbacktime:0
[2019-09-24 11:26:21:987]
            LogID:[ldsdk] 3501[业务请求统计]
            Level:INFO
            Module:sdk
            Message:func：tdsecuL.4.101  dealTime:2844  packetid:618  callbacktime:203
[2019-09-24 11:26:21:987]
            LogID:[ldsdk] 3501[业务请求统计]
            Level:INFO
            Module:sdk
            Message:func：tdsecuL.4.101  dealTime:3062  packetid:596  callbacktime:0
[2019-09-24 11:26:21:987]
            LogID:[ldsdk] 3501[业务请求统计]
            Level:INFO
            Module:sdk
            Message:func：tdsecuL.4.101  dealTime:3047  packetid:622  callbacktime:0
[2019-09-24 11:26:21:987]
            LogID:[ldsdk] 3501[业务请求统计]
            Level:INFO
            Module:sdk
            Message:func：tdsecuL.1.901  dealTime:3062  packetid:601  callbacktime:0
[2019-09-24 11:26:21:987]
            LogID:[ldsdk] 3501[业务请求统计]
            Level:INFO
            Module:sdk
            Message:func：tdsecuL.4.101  dealTime:3062  packetid:600  callbacktime:0
[2019-09-24 11:26:21:987]
            LogID:[ldsdk] 3501[业务请求统计]
            Level:INFO
            Module:sdk
            Message:func：tdsecuL.1.901  dealTime:3047  packetid:603  callbacktime:0
[2019-09-24 11:26:21:987]
            LogID:[ldsdk] 3501[业务请求统计]
            Level:INFO
            Module:sdk
            Message:func：tdsecuL.1.901  dealTime:3047  packetid:609  callbacktime:0
[2019-09-24 11:26:21:987]
            LogID:[ldsdk] 3501[业务请求统计]
            Level:INFO
            Module:sdk
            Message:func：tdsecuL.1.901  dealTime:3062  packetid:595  callbacktime:0
[2019-09-24 11:26:21:987]
            LogID:[ldsdk] 3501[业务请求统计]
            Level:INFO
            Module:sdk
            Message:func：tdsecuL.1.901  dealTime:3047  packetid:617  callbacktime:0
[2019-09-24 11:26:21:987]
            LogID:[ldsdk] 3501[业务请求统计]
            Level:INFO
            Module:sdk
            Message:func：tdsecuL.1.901  dealTime:3047  packetid:621  callbacktime:0
[2019-09-24 11:26:23:043]
            LogID:[ldsdk] 3501[业务请求统计]
            Level:INFO
            Module:sdk
            Message:func：tdsecuL.1.901  dealTime:2891  packetid:735  callbacktime:203
[2019-09-24 11:26:23:043]
            LogID:[ldsdk] 3501[业务请求统计]
            Level:INFO
            Module:sdk
            Message:func：tdsecuL.1.901  dealTime:3094  packetid:745  callbacktime:0
[2019-09-24 11:26:23:043]
            LogID:[ldsdk] 3501[业务请求统计]
            Level:INFO
            Module:sdk
            Message:func：tdsecuL.1.901  dealTime:3094  packetid:755  callbacktime:0
[2019-09-24 11:26:23:043]
            LogID:[ldsdk] 3501[业务请求统计]
            Level:INFO
            Module:sdk
            Message:func：tdsecuL.1.901  dealTime:3094  packetid:749  callbacktime:0
[2019-09-24 11:26:23:043]
            LogID:[ldsdk] 3501[业务请求统计]
            Level:INFO
            Module:sdk
            Message:func：tdsecuL.4.101  dealTime:3094  packetid:758  callbacktime:0
[2019-09-24 11:26:23:043]
            LogID:[ldsdk] 3501[业务请求统计]
            Level:INFO
            Module:sdk
            Message:func：tdsecuL.4.101  dealTime:3094  packetid:752  callbacktime:0
[2019-09-24 11:26:23:043]
            LogID:[ldsdk] 3501[业务请求统计]
            Level:INFO
            Module:sdk
            Message:func：tdsecuL.1.901  dealTime:3094  packetid:751  callbacktime:0
[2019-09-24 11:26:23:043]
            LogID:[ldsdk] 3501[业务请求统计]
            Level:INFO
            Module:sdk
            Message:func：tdsecuL.4.101  dealTime:3094  packetid:754  callbacktime:0
[2019-09-24 11:26:23:043]
            LogID:[ldsdk] 3501[业务请求统计]
            Level:INFO
            Module:sdk
            Message:func：tdsecuL.4.101  dealTime:3094  packetid:746  callbacktime:0
[2019-09-24 11:26:23:043]
            LogID:[ldsdk] 3501[业务请求统计]
            Level:INFO
            Module:sdk
            Message:func：tdsecuL.1.901  dealTime:3094  packetid:757  callbacktime:0
[2019-09-24 11:26:24:053]
            LogID:[ldsdk] 3501[业务请求统计]
            Level:INFO
            Module:sdk
            Message:func：tdsecuL.4.101  dealTime:2875  packetid:896  callbacktime:203
[2019-09-24 11:26:24:053]
            LogID:[ldsdk] 3501[业务请求统计]
            Level:INFO
            Module:sdk
            Message:func：tdsecuL.4.101  dealTime:3078  packetid:880  callbacktime:0
[2019-09-24 11:26:24:053]
            LogID:[ldsdk] 3501[业务请求统计]
            Level:INFO
            Module:sdk
            Message:func：tdsecuL.4.101  dealTime:3078  packetid:876  callbacktime:0
[2019-09-24 11:26:24:053]
            LogID:[ldsdk] 3501[业务请求统计]
            Level:INFO
            Module:sdk
            Message:func：tdsecuL.1.901  dealTime:3078  packetid:891  callbacktime:0
[2019-09-24 11:26:24:053]
            LogID:[ldsdk] 3501[业务请求统计]
            Level:INFO
            Module:sdk
            Message:func：tdsecuL.1.901  dealTime:3078  packetid:885  callbacktime:0
[2019-09-24 11:26:24:053]
            LogID:[ldsdk] 3501[业务请求统计]
            Level:INFO
            Module:sdk
            Message:func：tdsecuL.1.901  dealTime:3078  packetid:893  callbacktime:0
[2019-09-24 11:26:24:053]
            LogID:[ldsdk] 3501[业务请求统计]
            Level:INFO
            Module:sdk
            Message:func：tdsecuL.4.101  dealTime:3078  packetid:898  callbacktime:0
[2019-09-24 11:26:24:053]
            LogID:[ldsdk] 3501[业务请求统计]
            Level:INFO
            Module:sdk
            Message:func：tdsecuL.1.901  dealTime:3078  packetid:897  callbacktime:0
[2019-09-24 11:26:24:053]
            LogID:[ldsdk] 3501[业务请求统计]
            Level:INFO
            Module:sdk
            Message:func：tdsecuL.1.901  dealTime:3078  packetid:889  callbacktime:0
[2019-09-24 11:26:24:053]
            LogID:[ldsdk] 3501[业务请求统计]
            Level:INFO
            Module:sdk
            Message:func：tdsecuL.4.101  dealTime:3078  packetid:874  callbacktime:0
[2019-09-24 15:40:40:224]
            LogID:[ldsdk] 3500[sdk初始化完成]
            Level:INFO
            Module:sdk
            Message:sdk编译日期：May  6 2019  编译时间：11:20:30
