[2019-09-29 15:51:58:132]
            LogID:[ldsdk] 3500[sdk初始化完成]
            Level:INFO
            Module:sdk
            Message:sdk编译日期：May  6 2019  编译时间：11:20:30
[2019-09-29 15:52:09:843]
            LogID:[ldsdk] 3501[业务请求统计]
            Level:INFO
            Module:sdk
            Message:func：tdsecuL.1.901  dealTime:15  packetid:2  callbacktime:47
[2019-09-29 15:52:09:847]
            LogID:[ldsdk] 3501[业务请求统计]
            Level:INFO
            Module:sdk
            Message:func：tdsecuL.1.901  dealTime:62  packetid:1  callbacktime:0
[2019-09-29 15:52:09:847]
            LogID:[ldsdk] 3501[业务请求统计]
            Level:INFO
            Module:sdk
            Message:func：tdsecuL.1.901  dealTime:62  packetid:10  callbacktime:0
[2019-09-29 15:52:09:847]
            LogID:[ldsdk] 3501[业务请求统计]
            Level:INFO
            Module:sdk
            Message:func：tdsecuL.1.901  dealTime:62  packetid:6  callbacktime:0
[2019-09-29 15:52:09:847]
            LogID:[ldsdk] 3501[业务请求统计]
            Level:INFO
            Module:sdk
            Message:func：tdsecuL.1.901  dealTime:62  packetid:29  callbacktime:0
[2019-09-29 15:52:09:847]
            LogID:[ldsdk] 3501[业务请求统计]
            Level:INFO
            Module:sdk
            Message:func：tdsecuL.1.901  dealTime:62  packetid:16  callbacktime:0
[2019-09-29 15:52:09:847]
            LogID:[ldsdk] 3501[业务请求统计]
            Level:INFO
            Module:sdk
            Message:func：tdsecuL.1.901  dealTime:62  packetid:28  callbacktime:0
[2019-09-29 15:52:09:847]
            LogID:[ldsdk] 3501[业务请求统计]
            Level:INFO
            Module:sdk
            Message:func：tdsecuL.1.901  dealTime:62  packetid:26  callbacktime:0
[2019-09-29 15:52:09:847]
            LogID:[ldsdk] 3501[业务请求统计]
            Level:INFO
            Module:sdk
            Message:func：tdsecuL.1.901  dealTime:47  packetid:45  callbacktime:0
[2019-09-29 15:52:09:847]
            LogID:[ldsdk] 3501[业务请求统计]
            Level:INFO
            Module:sdk
            Message:func：tdsecuL.1.901  dealTime:47  packetid:39  callbacktime:0
[2019-09-29 15:52:10:004]
            LogID:[ldsdk] 3501[业务请求统计]
            Level:INFO
            Module:sdk
            Message:func：tdsecuL.1.901  dealTime:46  packetid:754  callbacktime:0
[2019-09-29 15:52:10:004]
            LogID:[ldsdk] 3501[业务请求统计]
            Level:INFO
            Module:sdk
            Message:func：tdsecuL.1.901  dealTime:46  packetid:752  callbacktime:0
[2019-09-29 15:52:10:004]
            LogID:[ldsdk] 3501[业务请求统计]
            Level:INFO
            Module:sdk
            Message:func：tdsecuL.1.901  dealTime:62  packetid:680  callbacktime:0
[2019-09-29 15:52:10:004]
            LogID:[ldsdk] 3501[业务请求统计]
            Level:INFO
            Module:sdk
            Message:func：tdsecuL.1.901  dealTime:46  packetid:753  callbacktime:0
[2019-09-29 15:52:10:004]
            LogID:[ldsdk] 3501[业务请求统计]
            Level:INFO
            Module:sdk
            Message:func：tdsecuL.1.901  dealTime:31  packetid:764  callbacktime:0
[2019-09-29 15:52:10:004]
            LogID:[ldsdk] 3501[业务请求统计]
            Level:INFO
            Module:sdk
            Message:func：tdsecuL.1.901  dealTime:46  packetid:747  callbacktime:0
[2019-09-29 15:52:10:004]
            LogID:[ldsdk] 3501[业务请求统计]
            Level:INFO
            Module:sdk
            Message:func：tdsecuL.1.901  dealTime:62  packetid:665  callbacktime:0
[2019-09-29 15:52:10:004]
            LogID:[ldsdk] 3501[业务请求统计]
            Level:INFO
            Module:sdk
            Message:func：tdsecuL.1.901  dealTime:46  packetid:746  callbacktime:0
[2019-09-29 15:52:10:004]
            LogID:[ldsdk] 3501[业务请求统计]
            Level:INFO
            Module:sdk
            Message:func：tdsecuL.1.901  dealTime:62  packetid:683  callbacktime:0
[2019-09-29 15:52:10:004]
            LogID:[ldsdk] 3501[业务请求统计]
            Level:INFO
            Module:sdk
            Message:func：tdsecuL.1.901  dealTime:46  packetid:740  callbacktime:0
[2019-09-29 15:52:11:012]
            LogID:[ldsdk] 3501[业务请求统计]
            Level:INFO
            Module:sdk
            Message:func：tdsecuL.1.901  dealTime:31  packetid:5319  callbacktime:0
[2019-09-29 15:52:11:012]
            LogID:[ldsdk] 3501[业务请求统计]
            Level:INFO
            Module:sdk
            Message:func：tdsecuL.1.901  dealTime:31  packetid:5357  callbacktime:0
[2019-09-29 15:52:11:012]
            LogID:[ldsdk] 3501[业务请求统计]
            Level:INFO
            Module:sdk
            Message:func：tdsecuL.1.901  dealTime:31  packetid:5313  callbacktime:0
[2019-09-29 15:52:11:012]
            LogID:[ldsdk] 3501[业务请求统计]
            Level:INFO
            Module:sdk
            Message:func：tdsecuL.1.901  dealTime:31  packetid:5333  callbacktime:0
[2019-09-29 15:52:11:013]
            LogID:[ldsdk] 3501[业务请求统计]
            Level:INFO
            Module:sdk
            Message:func：tdsecuL.1.901  dealTime:31  packetid:5299  callbacktime:0
[2019-09-29 15:52:11:013]
            LogID:[ldsdk] 3501[业务请求统计]
            Level:INFO
            Module:sdk
            Message:func：tdsecuL.1.901  dealTime:31  packetid:5352  callbacktime:0
[2019-09-29 15:52:11:013]
            LogID:[ldsdk] 3501[业务请求统计]
            Level:INFO
            Module:sdk
            Message:func：tdsecuL.1.901  dealTime:31  packetid:5354  callbacktime:0
[2019-09-29 15:52:11:013]
            LogID:[ldsdk] 3501[业务请求统计]
            Level:INFO
            Module:sdk
            Message:func：tdsecuL.1.901  dealTime:31  packetid:5325  callbacktime:0
[2019-09-29 15:52:11:013]
            LogID:[ldsdk] 3501[业务请求统计]
            Level:INFO
            Module:sdk
            Message:func：tdsecuL.1.901  dealTime:31  packetid:5346  callbacktime:0
[2019-09-29 15:52:11:013]
            LogID:[ldsdk] 3501[业务请求统计]
            Level:INFO
            Module:sdk
            Message:func：tdsecuL.1.901  dealTime:31  packetid:5347  callbacktime:0
[2019-09-29 15:55:27:606]
            LogID:[ldsdk] 3500[sdk初始化完成]
            Level:INFO
            Module:sdk
            Message:sdk编译日期：May  6 2019  编译时间：11:20:30
[2019-09-29 15:55:44:202]
            LogID:[ldsdk] 3501[业务请求统计]
            Level:INFO
            Module:sdk
            Message:func：tdsecuL.1.901  dealTime:15  packetid:2  callbacktime:32
[2019-09-29 15:55:44:203]
            LogID:[ldsdk] 3501[业务请求统计]
            Level:INFO
            Module:sdk
            Message:func：tdsecuL.1.901  dealTime:47  packetid:7  callbacktime:0
[2019-09-29 15:55:44:203]
            LogID:[ldsdk] 3501[业务请求统计]
            Level:INFO
            Module:sdk
            Message:func：tdsecuL.1.901  dealTime:47  packetid:3  callbacktime:0
[2019-09-29 15:55:44:203]
            LogID:[ldsdk] 3501[业务请求统计]
            Level:INFO
            Module:sdk
            Message:func：tdsecuL.1.901  dealTime:47  packetid:5  callbacktime:0
[2019-09-29 15:55:44:203]
            LogID:[ldsdk] 3501[业务请求统计]
            Level:INFO
            Module:sdk
            Message:func：tdsecuL.1.901  dealTime:47  packetid:1  callbacktime:0
[2019-09-29 15:55:44:203]
            LogID:[ldsdk] 3501[业务请求统计]
            Level:INFO
            Module:sdk
            Message:func：tdsecuL.1.901  dealTime:47  packetid:4  callbacktime:0
[2019-09-29 15:55:44:203]
            LogID:[ldsdk] 3501[业务请求统计]
            Level:INFO
            Module:sdk
            Message:func：tdsecuL.1.901  dealTime:47  packetid:6  callbacktime:0
[2019-09-29 15:55:44:216]
            LogID:[ldsdk] 3501[业务请求统计]
            Level:INFO
            Module:sdk
            Message:func：tdsecuL.1.901  dealTime:47  packetid:14  callbacktime:0
[2019-09-29 15:55:44:216]
            LogID:[ldsdk] 3501[业务请求统计]
            Level:INFO
            Module:sdk
            Message:func：tdsecuL.1.901  dealTime:47  packetid:13  callbacktime:0
[2019-09-29 15:55:44:216]
            LogID:[ldsdk] 3501[业务请求统计]
            Level:INFO
            Module:sdk
            Message:func：tdsecuL.1.901  dealTime:47  packetid:24  callbacktime:0
[2019-09-29 15:55:45:136]
            LogID:[ldsdk] 3501[业务请求统计]
            Level:INFO
            Module:sdk
            Message:func：tdsecuL.1.901  dealTime:62  packetid:3165  callbacktime:0
[2019-09-29 15:55:45:137]
            LogID:[ldsdk] 3501[业务请求统计]
            Level:INFO
            Module:sdk
            Message:func：tdsecuL.1.901  dealTime:62  packetid:3161  callbacktime:0
[2019-09-29 15:55:45:137]
            LogID:[ldsdk] 3501[业务请求统计]
            Level:INFO
            Module:sdk
            Message:func：tdsecuL.1.901  dealTime:62  packetid:3174  callbacktime:0
[2019-09-29 15:55:45:137]
            LogID:[ldsdk] 3501[业务请求统计]
            Level:INFO
            Module:sdk
            Message:func：tdsecuL.1.901  dealTime:47  packetid:3190  callbacktime:0
[2019-09-29 15:55:45:137]
            LogID:[ldsdk] 3501[业务请求统计]
            Level:INFO
            Module:sdk
            Message:func：tdsecuL.1.901  dealTime:94  packetid:3057  callbacktime:0
[2019-09-29 15:55:45:137]
            LogID:[ldsdk] 3501[业务请求统计]
            Level:INFO
            Module:sdk
            Message:func：tdsecuL.1.901  dealTime:47  packetid:3210  callbacktime:0
[2019-09-29 15:55:45:137]
            LogID:[ldsdk] 3501[业务请求统计]
            Level:INFO
            Module:sdk
            Message:func：tdsecuL.1.901  dealTime:47  packetid:3202  callbacktime:0
[2019-09-29 15:55:45:137]
            LogID:[ldsdk] 3501[业务请求统计]
            Level:INFO
            Module:sdk
            Message:func：tdsecuL.1.901  dealTime:62  packetid:3172  callbacktime:0
[2019-09-29 15:55:45:137]
            LogID:[ldsdk] 3501[业务请求统计]
            Level:INFO
            Module:sdk
            Message:func：tdsecuL.1.901  dealTime:78  packetid:3104  callbacktime:0
[2019-09-29 15:55:45:137]
            LogID:[ldsdk] 3501[业务请求统计]
            Level:INFO
            Module:sdk
            Message:func：tdsecuL.1.901  dealTime:78  packetid:3066  callbacktime:0
[2019-09-29 15:55:46:245]
            LogID:[ldsdk] 3501[业务请求统计]
            Level:INFO
            Module:sdk
            Message:func：tdsecuL.1.901  dealTime:31  packetid:7517  callbacktime:0
[2019-09-29 15:55:46:245]
            LogID:[ldsdk] 3501[业务请求统计]
            Level:INFO
            Module:sdk
            Message:func：tdsecuL.1.901  dealTime:31  packetid:7507  callbacktime:0
[2019-09-29 15:55:46:245]
            LogID:[ldsdk] 3501[业务请求统计]
            Level:INFO
            Module:sdk
            Message:func：tdsecuL.1.901  dealTime:31  packetid:7512  callbacktime:0
[2019-09-29 15:55:46:245]
            LogID:[ldsdk] 3501[业务请求统计]
            Level:INFO
            Module:sdk
            Message:func：tdsecuL.1.901  dealTime:31  packetid:7524  callbacktime:0
[2019-09-29 15:55:46:245]
            LogID:[ldsdk] 3501[业务请求统计]
            Level:INFO
            Module:sdk
            Message:func：tdsecuL.1.901  dealTime:16  packetid:7542  callbacktime:0
[2019-09-29 15:55:46:245]
            LogID:[ldsdk] 3501[业务请求统计]
            Level:INFO
            Module:sdk
            Message:func：tdsecuL.1.901  dealTime:31  packetid:7526  callbacktime:0
[2019-09-29 15:55:46:245]
            LogID:[ldsdk] 3501[业务请求统计]
            Level:INFO
            Module:sdk
            Message:func：tdsecuL.1.901  dealTime:31  packetid:7521  callbacktime:0
[2019-09-29 15:55:46:245]
            LogID:[ldsdk] 3501[业务请求统计]
            Level:INFO
            Module:sdk
            Message:func：tdsecuL.1.901  dealTime:31  packetid:7523  callbacktime:0
[2019-09-29 15:55:46:245]
            LogID:[ldsdk] 3501[业务请求统计]
            Level:INFO
            Module:sdk
            Message:func：tdsecuL.1.901  dealTime:31  packetid:7528  callbacktime:0
[2019-09-29 15:55:46:245]
            LogID:[ldsdk] 3501[业务请求统计]
            Level:INFO
            Module:sdk
            Message:func：tdsecuL.1.901  dealTime:16  packetid:7543  callbacktime:0
[2019-09-29 15:55:47:251]
            LogID:[ldsdk] 3501[业务请求统计]
            Level:INFO
            Module:sdk
            Message:func：tdsecuL.1.901  dealTime:46  packetid:11184  callbacktime:0
[2019-09-29 15:55:47:251]
            LogID:[ldsdk] 3501[业务请求统计]
            Level:INFO
            Module:sdk
            Message:func：tdsecuL.1.901  dealTime:78  packetid:11048  callbacktime:0
[2019-09-29 15:55:47:251]
            LogID:[ldsdk] 3501[业务请求统计]
            Level:INFO
            Module:sdk
            Message:func：tdsecuL.1.901  dealTime:78  packetid:11037  callbacktime:0
[2019-09-29 15:55:47:251]
            LogID:[ldsdk] 3501[业务请求统计]
            Level:INFO
            Module:sdk
            Message:func：tdsecuL.1.901  dealTime:46  packetid:11200  callbacktime:0
[2019-09-29 15:55:47:251]
            LogID:[ldsdk] 3501[业务请求统计]
            Level:INFO
            Module:sdk
            Message:func：tdsecuL.1.901  dealTime:93  packetid:10994  callbacktime:0
[2019-09-29 15:55:47:251]
            LogID:[ldsdk] 3501[业务请求统计]
            Level:INFO
            Module:sdk
            Message:func：tdsecuL.1.901  dealTime:62  packetid:11119  callbacktime:0
[2019-09-29 15:55:47:251]
            LogID:[ldsdk] 3501[业务请求统计]
            Level:INFO
            Module:sdk
            Message:func：tdsecuL.1.901  dealTime:62  packetid:11109  callbacktime:0
[2019-09-29 15:55:47:251]
            LogID:[ldsdk] 3501[业务请求统计]
            Level:INFO
            Module:sdk
            Message:func：tdsecuL.1.901  dealTime:31  packetid:11220  callbacktime:0
[2019-09-29 15:55:47:251]
            LogID:[ldsdk] 3501[业务请求统计]
            Level:INFO
            Module:sdk
            Message:func：tdsecuL.1.901  dealTime:46  packetid:11191  callbacktime:0
[2019-09-29 15:55:47:251]
            LogID:[ldsdk] 3501[业务请求统计]
            Level:INFO
            Module:sdk
            Message:func：tdsecuL.1.901  dealTime:31  packetid:11222  callbacktime:0
[2019-09-29 15:55:48:361]
            LogID:[ldsdk] 3501[业务请求统计]
            Level:INFO
            Module:sdk
            Message:func：tdsecuL.1.901  dealTime:47  packetid:14973  callbacktime:0
[2019-09-29 15:55:48:361]
            LogID:[ldsdk] 3501[业务请求统计]
            Level:INFO
            Module:sdk
            Message:func：tdsecuL.1.901  dealTime:125  packetid:14690  callbacktime:0
[2019-09-29 15:55:48:361]
            LogID:[ldsdk] 3501[业务请求统计]
            Level:INFO
            Module:sdk
            Message:func：tdsecuL.1.901  dealTime:47  packetid:14936  callbacktime:0
[2019-09-29 15:55:48:361]
            LogID:[ldsdk] 3501[业务请求统计]
            Level:INFO
            Module:sdk
            Message:func：tdsecuL.1.901  dealTime:47  packetid:14910  callbacktime:0
[2019-09-29 15:55:48:361]
            LogID:[ldsdk] 3501[业务请求统计]
            Level:INFO
            Module:sdk
            Message:func：tdsecuL.1.901  dealTime:31  packetid:14989  callbacktime:0
[2019-09-29 15:55:48:361]
            LogID:[ldsdk] 3501[业务请求统计]
            Level:INFO
            Module:sdk
            Message:func：tdsecuL.1.901  dealTime:31  packetid:14979  callbacktime:0
[2019-09-29 15:55:48:361]
            LogID:[ldsdk] 3501[业务请求统计]
            Level:INFO
            Module:sdk
            Message:func：tdsecuL.1.901  dealTime:31  packetid:14983  callbacktime:0
[2019-09-29 15:55:48:362]
            LogID:[ldsdk] 3501[业务请求统计]
            Level:INFO
            Module:sdk
            Message:func：tdsecuL.1.901  dealTime:31  packetid:14990  callbacktime:0
[2019-09-29 15:55:48:362]
            LogID:[ldsdk] 3501[业务请求统计]
            Level:INFO
            Module:sdk
            Message:func：tdsecuL.1.901  dealTime:31  packetid:14988  callbacktime:0
[2019-09-29 15:55:48:362]
            LogID:[ldsdk] 3501[业务请求统计]
            Level:INFO
            Module:sdk
            Message:func：tdsecuL.1.901  dealTime:47  packetid:14944  callbacktime:0
[2019-09-29 15:55:49:467]
            LogID:[ldsdk] 3501[业务请求统计]
            Level:INFO
            Module:sdk
            Message:func：tdsecuL.1.901  dealTime:62  packetid:18595  callbacktime:0
[2019-09-29 15:55:49:467]
            LogID:[ldsdk] 3501[业务请求统计]
            Level:INFO
            Module:sdk
            Message:func：tdsecuL.1.901  dealTime:62  packetid:18617  callbacktime:0
[2019-09-29 15:55:49:471]
            LogID:[ldsdk] 3501[业务请求统计]
            Level:INFO
            Module:sdk
            Message:func：tdsecuL.1.901  dealTime:31  packetid:18698  callbacktime:0
[2019-09-29 15:55:49:471]
            LogID:[ldsdk] 3501[业务请求统计]
            Level:INFO
            Module:sdk
            Message:func：tdsecuL.1.901  dealTime:47  packetid:18638  callbacktime:0
[2019-09-29 15:55:49:471]
            LogID:[ldsdk] 3501[业务请求统计]
            Level:INFO
            Module:sdk
            Message:func：tdsecuL.1.901  dealTime:47  packetid:18668  callbacktime:0
[2019-09-29 15:55:49:471]
            LogID:[ldsdk] 3501[业务请求统计]
            Level:INFO
            Module:sdk
            Message:func：tdsecuL.1.901  dealTime:47  packetid:18691  callbacktime:0
[2019-09-29 15:55:49:471]
            LogID:[ldsdk] 3501[业务请求统计]
            Level:INFO
            Module:sdk
            Message:func：tdsecuL.1.901  dealTime:31  packetid:18720  callbacktime:0
[2019-09-29 15:55:49:485]
            LogID:[ldsdk] 3501[业务请求统计]
            Level:INFO
            Module:sdk
            Message:func：tdsecuL.1.901  dealTime:63  packetid:18660  callbacktime:0
[2019-09-29 15:55:49:485]
            LogID:[ldsdk] 3501[业务请求统计]
            Level:INFO
            Module:sdk
            Message:func：tdsecuL.1.901  dealTime:63  packetid:18665  callbacktime:0
[2019-09-29 15:55:49:485]
            LogID:[ldsdk] 3501[业务请求统计]
            Level:INFO
            Module:sdk
            Message:func：tdsecuL.1.901  dealTime:63  packetid:18634  callbacktime:0
