[时间]:2019-08-19 13:26:04,933
[级别]:INFO
[内容]:13:26:04,918 开始启动

[时间]:2019-08-19 13:26:12,178
[级别]:ERROR
[内容]:13:26:12,173 功能号[tdsecuL.4.11]，errorCode[tdsecuA.4.13.707]，errorinfo[价格类型=1,订单价格=0.000000000],errorprompt[限价订单价格不合法！]

[时间]:2019-08-19 13:26:16,729
[级别]:INFO
[内容]:13:26:16,720 结束启动

[时间]:2019-08-19 13:49:52,793
[级别]:ERROR
[内容]:13:49:52,789 tdsecuL.4.11发送失败，错误号=-3

[时间]:2019-08-19 13:49:58,802
[级别]:ERROR
[内容]:13:49:58,791 tdsecuL.4.101发送失败，错误号=-3

[时间]:2019-08-19 13:50:03,311
[级别]:ERROR
[内容]:13:50:03,309 tdsecuL.4.11发送失败，错误号=-3

[时间]:2019-08-19 13:50:03,796
[级别]:ERROR
[内容]:13:50:03,792 tdsecuL.4.12发送失败，错误号=-3

[时间]:2019-08-19 13:50:04,314
[级别]:ERROR
[内容]:13:50:04,309 tdsecuL.4.101发送失败，错误号=-1

[时间]:2019-08-19 13:50:04,318
[级别]:ERROR
[内容]:13:50:04,309 tdsecuL.4.12发送失败，错误号=-1

