[时间]:2019-08-08 19:33:15,983
[级别]:INFO
[内容]:19:33:15,969 开始启动

[时间]:2019-08-08 19:33:18,829
[级别]:ERROR
[内容]:19:33:18,820 功能号[tdsecuL.4.11]，errorCode[tdsecuA.4.13.707]，errorinfo[价格类型=1,订单价格=0.000000000],errorprompt[限价订单价格不合法！]

[时间]:2019-08-08 19:33:18,842
[级别]:ERROR
[内容]:19:33:18,831 功能号[tdsecuL.4.11]，errorCode[tdsecuA.4.13.707]，errorinfo[价格类型=1,订单价格=0.000000000],errorprompt[限价订单价格不合法！]

[时间]:2019-08-08 19:33:19,094
[级别]:ERROR
[内容]:19:33:19,085 功能号[tdsecuL.4.11]，errorCode[tdsecuA.4.13.707]，errorinfo[价格类型=1,订单价格=0.000000000],errorprompt[限价订单价格不合法！]

[时间]:2019-08-08 19:33:19,836
[级别]:ERROR
[内容]:19:33:19,831 功能号[tdsecuL.4.11]，errorCode[tdsecuA.4.13.707]，errorinfo[价格类型=1,订单价格=0.000000000],errorprompt[限价订单价格不合法！]

[时间]:2019-08-08 19:33:26,509
[级别]:INFO
[内容]:19:33:26,500 结束启动

[时间]:2019-08-08 19:34:20,583
[级别]:INFO
[内容]:19:34:20,423 开始启动

[时间]:2019-08-08 19:34:27,835
[级别]:ERROR
[内容]:19:34:27,825 功能号[tdsecuL.4.11]，errorCode[tdsecuA.4.13.707]，errorinfo[价格类型=1,订单价格=0.000000000],errorprompt[限价订单价格不合法！]

[时间]:2019-08-08 19:34:33,607
[级别]:INFO
[内容]:19:34:33,597 结束启动

