[时间]:2019-09-20 10:58:46,269
[级别]:INFO
[内容]:10:58:46,255 开始启动

[时间]:2019-09-20 10:58:47,806
[级别]:ERROR
[内容]:10:58:47,804 功能号[tdsecuL.4.11]，errorCode[tdsecuA.4.13.609]，errorinfo[可用金额=-100000000.0000|订单冻结金额=1944.00|证券代码编号=1006618],errorprompt[交易组交易端可用资金不足！]

[时间]:2019-09-20 10:58:48,945
[级别]:ERROR
[内容]:10:58:48,943 功能号[tdsecuL.4.11]，errorCode[tdsecuA.4.13.609]，errorinfo[可用金额=-100000000.0000|订单冻结金额=1944.00|证券代码编号=1006618],errorprompt[交易组交易端可用资金不足！]

[时间]:2019-09-20 10:58:49,348
[级别]:ERROR
[内容]:10:58:49,344 功能号[tdsecuL.4.11]，errorCode[tdsecuA.4.13.609]，errorinfo[可用金额=-100000000.0000|订单冻结金额=1944.00|证券代码编号=1006618],errorprompt[交易组交易端可用资金不足！]

[时间]:2019-09-20 10:58:49,754
[级别]:ERROR
[内容]:10:58:49,746 功能号[tdsecuL.4.11]，errorCode[tdsecuA.4.13.609]，errorinfo[可用金额=-100000000.0000|订单冻结金额=1944.00|证券代码编号=1006618],errorprompt[交易组交易端可用资金不足！]

[时间]:2019-09-20 10:58:49,765
[级别]:ERROR
[内容]:10:58:49,746 功能号[tdsecuL.4.11]，errorCode[tdsecuA.4.13.609]，errorinfo[可用金额=-100000000.0000|订单冻结金额=3292.00|证券代码编号=1006624],errorprompt[交易组交易端可用资金不足！]

[时间]:2019-09-20 10:58:49,777
[级别]:ERROR
[内容]:10:58:49,746 功能号[tdsecuL.4.11]，errorCode[tdsecuA.4.13.609]，errorinfo[可用金额=-100000000.0000|订单冻结金额=3292.00|证券代码编号=1006624],errorprompt[交易组交易端可用资金不足！]

[时间]:2019-09-20 10:58:49,951
[级别]:ERROR
[内容]:10:58:49,946 功能号[tdsecuL.4.11]，errorCode[tdsecuA.4.13.609]，errorinfo[可用金额=-100000000.0000|订单冻结金额=1944.00|证券代码编号=1006618],errorprompt[交易组交易端可用资金不足！]

[时间]:2019-09-20 10:58:50,148
[级别]:ERROR
[内容]:10:58:50,146 功能号[tdsecuL.4.11]，errorCode[tdsecuA.4.13.609]，errorinfo[可用金额=-100000000.0000|订单冻结金额=1944.00|证券代码编号=1006618],errorprompt[交易组交易端可用资金不足！]

[时间]:2019-09-20 10:58:50,355
[级别]:ERROR
[内容]:10:58:50,347 功能号[tdsecuL.4.11]，errorCode[tdsecuA.4.13.609]，errorinfo[可用金额=-100000000.0000|订单冻结金额=2240.00|证券代码编号=1008940],errorprompt[交易组交易端可用资金不足！]

[时间]:2019-09-20 10:58:50,756
[级别]:ERROR
[内容]:10:58:50,750 功能号[tdsecuL.4.11]，errorCode[tdsecuA.4.13.609]，errorinfo[可用金额=-100000000.0000|订单冻结金额=3292.00|证券代码编号=1006624],errorprompt[交易组交易端可用资金不足！]

[时间]:2019-09-20 10:58:50,951
[级别]:ERROR
[内容]:10:58:50,949 功能号[tdsecuL.4.11]，errorCode[tdsecuA.4.13.609]，errorinfo[可用金额=-100000000.0000|订单冻结金额=1944.00|证券代码编号=1006618],errorprompt[交易组交易端可用资金不足！]

[时间]:2019-09-20 10:58:50,962
[级别]:ERROR
[内容]:10:58:50,950 功能号[tdsecuL.4.11]，errorCode[tdsecuA.4.13.609]，errorinfo[可用金额=-100000000.0000|订单冻结金额=904.00|证券代码编号=1006631],errorprompt[交易组交易端可用资金不足！]

[时间]:2019-09-20 10:58:50,972
[级别]:ERROR
[内容]:10:58:50,951 功能号[tdsecuL.4.11]，errorCode[tdsecuA.4.13.609]，errorinfo[可用金额=-100000000.0000|订单冻结金额=3292.00|证券代码编号=1006624],errorprompt[交易组交易端可用资金不足！]

[时间]:2019-09-20 10:58:51,353
[级别]:ERROR
[内容]:10:58:51,350 功能号[tdsecuL.4.11]，errorCode[tdsecuA.4.13.609]，errorinfo[可用金额=-100000000.0000|订单冻结金额=904.00|证券代码编号=1006631],errorprompt[交易组交易端可用资金不足！]

[时间]:2019-09-20 10:58:51,361
[级别]:ERROR
[内容]:10:58:51,350 功能号[tdsecuL.4.11]，errorCode[tdsecuA.4.13.609]，errorinfo[可用金额=-100000000.0000|订单冻结金额=904.00|证券代码编号=1006631],errorprompt[交易组交易端可用资金不足！]

[时间]:2019-09-20 10:58:51,556
[级别]:ERROR
[内容]:10:58:51,553 功能号[tdsecuL.4.11]，errorCode[tdsecuA.4.13.609]，errorinfo[可用金额=-100000000.0000|订单冻结金额=904.00|证券代码编号=1006631],errorprompt[交易组交易端可用资金不足！]

[时间]:2019-09-20 10:58:52,561
[级别]:ERROR
[内容]:10:58:52,557 功能号[tdsecuL.4.11]，errorCode[tdsecuA.4.13.609]，errorinfo[可用金额=-100000000.0000|订单冻结金额=3292.00|证券代码编号=1006624],errorprompt[交易组交易端可用资金不足！]

[时间]:2019-09-20 10:58:52,569
[级别]:ERROR
[内容]:10:58:52,557 功能号[tdsecuL.4.11]，errorCode[tdsecuA.4.13.609]，errorinfo[可用金额=-100000000.0000|订单冻结金额=908.00|证券代码编号=1008902],errorprompt[交易组交易端可用资金不足！]

[时间]:2019-09-20 10:58:53,128
[级别]:INFO
[内容]:10:58:53,123 结束启动

[时间]:2019-09-20 10:58:53,761
[级别]:ERROR
[内容]:10:58:53,758 功能号[tdsecuL.4.11]，errorCode[tdsecuA.4.13.609]，errorinfo[可用金额=-100000000.0000|订单冻结金额=1886.00|证券代码编号=1006665],errorprompt[交易组交易端可用资金不足！]

[时间]:2019-09-20 10:58:55,172
[级别]:ERROR
[内容]:10:58:55,161 功能号[tdsecuL.4.11]，errorCode[tdsecuA.4.13.609]，errorinfo[可用金额=-100000000.0000|订单冻结金额=848.00|证券代码编号=1006671],errorprompt[交易组交易端可用资金不足！]

[时间]:2019-09-20 10:58:55,344
[级别]:INFO
[内容]:10:58:55,342 结束启动

[时间]:2019-09-20 10:58:55,765
[级别]:ERROR
[内容]:10:58:55,764 功能号[tdsecuL.4.11]，errorCode[tdsecuA.4.13.609]，errorinfo[可用金额=-100000000.0000|订单冻结金额=904.00|证券代码编号=1006631],errorprompt[交易组交易端可用资金不足！]

[时间]:2019-09-20 10:58:55,969
[级别]:ERROR
[内容]:10:58:55,964 功能号[tdsecuL.4.11]，errorCode[tdsecuA.4.13.609]，errorinfo[可用金额=-100000000.0000|订单冻结金额=1886.00|证券代码编号=1006665],errorprompt[交易组交易端可用资金不足！]

[时间]:2019-09-20 11:07:10,320
[级别]:INFO
[内容]:11:07:10,307 开始启动

[时间]:2019-09-20 11:07:11,621
[级别]:ERROR
[内容]:11:07:11,615 功能号[pubL.16.1]，errorCode[pubA.16.4.4a]，errorinfo[证券代码=90018],errorprompt[所需查找的业务数据记录不存在！]

[时间]:2019-09-20 11:07:11,824
[级别]:ERROR
[内容]:11:07:11,815 功能号[pubL.16.1]，errorCode[pubA.16.4.4a]，errorinfo[证券代码=41],errorprompt[所需查找的业务数据记录不存在！]

[时间]:2019-09-20 11:07:12,618
[级别]:ERROR
[内容]:11:07:12,617 功能号[pubL.16.1]，errorCode[pubA.16.4.4a]，errorinfo[证券代码=976],errorprompt[所需查找的业务数据记录不存在！]

[时间]:2019-09-20 11:07:12,852
[级别]:ERROR
[内容]:11:07:12,842 功能号[pubL.16.1]，errorCode[pubA.16.4.4a]，errorinfo[证券代码=976],errorprompt[所需查找的业务数据记录不存在！]

[时间]:2019-09-20 11:07:13,416
[级别]:ERROR
[内容]:11:07:13,409 功能号[tdsecuL.4.11]，errorCode[tdsecuA.4.13.609]，errorinfo[可用金额=-100000000.0000|订单冻结金额=8220.00|证券代码编号=1006629],errorprompt[交易组交易端可用资金不足！]

[时间]:2019-09-20 11:07:13,631
[级别]:ERROR
[内容]:11:07:13,621 功能号[pubL.16.1]，errorCode[pubA.16.4.4a]，errorinfo[证券代码=788],errorprompt[所需查找的业务数据记录不存在！]

[时间]:2019-09-20 11:07:13,638
[级别]:ERROR
[内容]:11:07:13,621 功能号[pubL.16.1]，errorCode[pubA.16.4.4a]，errorinfo[证券代码=586],errorprompt[所需查找的业务数据记录不存在！]

[时间]:2019-09-20 11:07:13,821
[级别]:ERROR
[内容]:11:07:13,820 功能号[pubL.16.1]，errorCode[pubA.16.4.4a]，errorinfo[证券代码=90018],errorprompt[所需查找的业务数据记录不存在！]

[时间]:2019-09-20 11:07:13,832
[级别]:ERROR
[内容]:11:07:13,820 功能号[pubL.16.1]，errorCode[pubA.16.4.4a]，errorinfo[证券代码=19581],errorprompt[所需查找的业务数据记录不存在！]

[时间]:2019-09-20 11:07:14,223
[级别]:ERROR
[内容]:11:07:14,222 功能号[pubL.16.1]，errorCode[pubA.16.4.4a]，errorinfo[证券代码=632],errorprompt[所需查找的业务数据记录不存在！]

[时间]:2019-09-20 11:07:14,628
[级别]:ERROR
[内容]:11:07:14,623 功能号[pubL.16.1]，errorCode[pubA.16.4.4a]，errorinfo[证券代码=2594],errorprompt[所需查找的业务数据记录不存在！]

[时间]:2019-09-20 11:07:14,635
[级别]:ERROR
[内容]:11:07:14,624 功能号[pubL.16.1]，errorCode[pubA.16.4.4a]，errorinfo[证券代码=268],errorprompt[所需查找的业务数据记录不存在！]

[时间]:2019-09-20 11:07:14,826
[级别]:ERROR
[内容]:11:07:14,824 功能号[pubL.16.1]，errorCode[pubA.16.4.4a]，errorinfo[证券代码=20224],errorprompt[所需查找的业务数据记录不存在！]

[时间]:2019-09-20 11:07:15,225
[级别]:ERROR
[内容]:11:07:15,224 功能号[pubL.16.1]，errorCode[pubA.16.4.4a]，errorinfo[证券代码=20224],errorprompt[所需查找的业务数据记录不存在！]

[时间]:2019-09-20 11:07:15,234
[级别]:ERROR
[内容]:11:07:15,224 功能号[pubL.16.1]，errorCode[pubA.16.4.4a]，errorinfo[证券代码=780],errorprompt[所需查找的业务数据记录不存在！]

[时间]:2019-09-20 11:07:15,241
[级别]:ERROR
[内容]:11:07:15,224 功能号[pubL.16.1]，errorCode[pubA.16.4.4a]，errorinfo[证券代码=780],errorprompt[所需查找的业务数据记录不存在！]

[时间]:2019-09-20 11:07:15,436
[级别]:ERROR
[内容]:11:07:15,426 功能号[pubL.16.1]，errorCode[pubA.16.4.4a]，errorinfo[证券代码=41],errorprompt[所需查找的业务数据记录不存在！]

[时间]:2019-09-20 11:07:15,630
[级别]:ERROR
[内容]:11:07:15,625 功能号[pubL.16.1]，errorCode[pubA.16.4.4a]，errorinfo[证券代码=46],errorprompt[所需查找的业务数据记录不存在！]

[时间]:2019-09-20 11:07:15,640
[级别]:ERROR
[内容]:11:07:15,626 功能号[pubL.16.1]，errorCode[pubA.16.4.4a]，errorinfo[证券代码=729],errorprompt[所需查找的业务数据记录不存在！]

[时间]:2019-09-20 11:07:16,234
[级别]:ERROR
[内容]:11:07:16,227 功能号[pubL.16.1]，errorCode[pubA.16.4.4a]，errorinfo[证券代码=20224],errorprompt[所需查找的业务数据记录不存在！]

[时间]:2019-09-20 11:07:16,244
[级别]:ERROR
[内容]:11:07:16,227 功能号[pubL.16.1]，errorCode[pubA.16.4.4a]，errorinfo[证券代码=719],errorprompt[所需查找的业务数据记录不存在！]

[时间]:2019-09-20 11:07:16,251
[级别]:ERROR
[内容]:11:07:16,227 功能号[pubL.16.1]，errorCode[pubA.16.4.4a]，errorinfo[证券代码=719],errorprompt[所需查找的业务数据记录不存在！]

[时间]:2019-09-20 11:07:16,631
[级别]:ERROR
[内容]:11:07:16,628 功能号[pubL.16.1]，errorCode[pubA.16.4.4a]，errorinfo[证券代码=2087],errorprompt[所需查找的业务数据记录不存在！]

[时间]:2019-09-20 11:07:16,639
[级别]:ERROR
[内容]:11:07:16,629 功能号[tdsecuL.4.11]，errorCode[tdsecuA.4.13.609]，errorinfo[可用金额=-100000000.0000|订单冻结金额=8220.00|证券代码编号=1006629],errorprompt[交易组交易端可用资金不足！]

[时间]:2019-09-20 11:07:16,647
[级别]:ERROR
[内容]:11:07:16,629 功能号[pubL.16.1]，errorCode[pubA.16.4.4a]，errorinfo[证券代码=2087],errorprompt[所需查找的业务数据记录不存在！]

[时间]:2019-09-20 11:07:16,831
[级别]:ERROR
[内容]:11:07:16,829 功能号[tdsecuL.4.11]，errorCode[tdsecuA.4.13.609]，errorinfo[可用金额=-100000000.0000|订单冻结金额=904.00|证券代码编号=1006631],errorprompt[交易组交易端可用资金不足！]

[时间]:2019-09-20 11:07:17,034
[级别]:ERROR
[内容]:11:07:17,029 功能号[pubL.16.1]，errorCode[pubA.16.4.4a]，errorinfo[证券代码=698],errorprompt[所需查找的业务数据记录不存在！]

[时间]:2019-09-20 11:07:17,044
[级别]:ERROR
[内容]:11:07:17,029 功能号[pubL.16.1]，errorCode[pubA.16.4.4a]，errorinfo[证券代码=91064],errorprompt[所需查找的业务数据记录不存在！]

[时间]:2019-09-20 11:07:17,053
[级别]:ERROR
[内容]:11:07:17,030 功能号[pubL.16.1]，errorCode[pubA.16.4.4a]，errorinfo[证券代码=46],errorprompt[所需查找的业务数据记录不存在！]

[时间]:2019-09-20 11:07:17,237
[级别]:ERROR
[内容]:11:07:17,230 功能号[pubL.16.1]，errorCode[pubA.16.4.4a]，errorinfo[证券代码=41],errorprompt[所需查找的业务数据记录不存在！]

[时间]:2019-09-20 11:07:17,248
[级别]:ERROR
[内容]:11:07:17,230 功能号[pubL.16.1]，errorCode[pubA.16.4.4a]，errorinfo[证券代码=90018],errorprompt[所需查找的业务数据记录不存在！]

[时间]:2019-09-20 11:07:17,257
[级别]:ERROR
[内容]:11:07:17,231 功能号[pubL.16.1]，errorCode[pubA.16.4.4a]，errorinfo[证券代码=41],errorprompt[所需查找的业务数据记录不存在！]

[时间]:2019-09-20 11:07:17,431
[级别]:ERROR
[内容]:11:07:17,430 功能号[tdsecuL.4.11]，errorCode[tdsecuA.4.13.609]，errorinfo[可用金额=-100000000.0000|订单冻结金额=724.00|证券代码编号=1008893],errorprompt[交易组交易端可用资金不足！]

[时间]:2019-09-20 11:07:17,438
[级别]:ERROR
[内容]:11:07:17,430 功能号[pubL.16.1]，errorCode[pubA.16.4.4a]，errorinfo[证券代码=2043],errorprompt[所需查找的业务数据记录不存在！]

[时间]:2019-09-20 11:07:17,642
[级别]:ERROR
[内容]:11:07:17,632 功能号[pubL.16.1]，errorCode[pubA.16.4.4a]，errorinfo[证券代码=720],errorprompt[所需查找的业务数据记录不存在！]

[时间]:2019-09-20 11:07:17,651
[级别]:ERROR
[内容]:11:07:17,633 功能号[pubL.16.1]，errorCode[pubA.16.4.4a]，errorinfo[证券代码=720],errorprompt[所需查找的业务数据记录不存在！]

[时间]:2019-09-20 11:07:17,810
[级别]:INFO
[内容]:11:07:17,802 结束启动

[时间]:2019-09-20 11:07:17,839
[级别]:ERROR
[内容]:11:07:17,832 功能号[tdsecuL.4.11]，errorCode[tdsecuA.4.13.609]，errorinfo[可用金额=-100000000.0000|订单冻结金额=904.00|证券代码编号=1006631],errorprompt[交易组交易端可用资金不足！]

[时间]:2019-09-20 11:07:17,846
[级别]:ERROR
[内容]:11:07:17,833 功能号[pubL.16.1]，errorCode[pubA.16.4.4a]，errorinfo[证券代码=2043],errorprompt[所需查找的业务数据记录不存在！]

[时间]:2019-09-20 11:07:18,037
[级别]:ERROR
[内容]:11:07:18,034 功能号[pubL.16.1]，errorCode[pubA.16.4.4a]，errorinfo[证券代码=91064],errorprompt[所需查找的业务数据记录不存在！]

[时间]:2019-09-20 11:07:18,045
[级别]:ERROR
[内容]:11:07:18,035 功能号[pubL.16.1]，errorCode[pubA.16.4.4a]，errorinfo[证券代码=55],errorprompt[所需查找的业务数据记录不存在！]

[时间]:2019-09-20 11:07:18,236
[级别]:ERROR
[内容]:11:07:18,233 功能号[pubL.16.1]，errorCode[pubA.16.4.4a]，errorinfo[证券代码=18005],errorprompt[所需查找的业务数据记录不存在！]

[时间]:2019-09-20 11:07:18,246
[级别]:ERROR
[内容]:11:07:18,233 功能号[pubL.16.1]，errorCode[pubA.16.4.4a]，errorinfo[证券代码=41],errorprompt[所需查找的业务数据记录不存在！]

[时间]:2019-09-20 11:07:18,253
[级别]:ERROR
[内容]:11:07:18,233 功能号[pubL.16.1]，errorCode[pubA.16.4.4a]，errorinfo[证券代码=586],errorprompt[所需查找的业务数据记录不存在！]

[时间]:2019-09-20 11:07:18,261
[级别]:ERROR
[内容]:11:07:18,233 功能号[pubL.16.1]，errorCode[pubA.16.4.4a]，errorinfo[证券代码=18005],errorprompt[所需查找的业务数据记录不存在！]

[时间]:2019-09-20 11:07:18,443
[级别]:ERROR
[内容]:11:07:18,434 功能号[tdsecuL.4.11]，errorCode[tdsecuA.4.13.609]，errorinfo[可用金额=-100000000.0000|订单冻结金额=2690.00|证券代码编号=1006654],errorprompt[交易组交易端可用资金不足！]

[时间]:2019-09-20 11:07:18,450
[级别]:ERROR
[内容]:11:07:18,434 功能号[pubL.16.1]，errorCode[pubA.16.4.4a]，errorinfo[证券代码=586],errorprompt[所需查找的业务数据记录不存在！]

[时间]:2019-09-20 11:07:18,458
[级别]:ERROR
[内容]:11:07:18,434 功能号[tdsecuL.4.11]，errorCode[tdsecuA.4.13.609]，errorinfo[可用金额=-100000000.0000|订单冻结金额=2690.00|证券代码编号=1006654],errorprompt[交易组交易端可用资金不足！]

[时间]:2019-09-20 11:07:19,447
[级别]:ERROR
[内容]:11:07:19,436 功能号[tdsecuL.4.11]，errorCode[tdsecuA.4.13.609]，errorinfo[可用金额=-100000000.0000|订单冻结金额=8220.00|证券代码编号=1006629],errorprompt[交易组交易端可用资金不足！]

[时间]:2019-09-20 11:07:19,640
[级别]:ERROR
[内容]:11:07:19,638 功能号[pubL.16.1]，errorCode[pubA.16.4.4a]，errorinfo[证券代码=55],errorprompt[所需查找的业务数据记录不存在！]

[时间]:2019-09-20 11:07:19,844
[级别]:ERROR
[内容]:11:07:19,837 功能号[pubL.16.1]，errorCode[pubA.16.4.4a]，errorinfo[证券代码=155],errorprompt[所需查找的业务数据记录不存在！]

[时间]:2019-09-20 11:07:20,038
[级别]:ERROR
[内容]:11:07:20,038 功能号[pubL.16.1]，errorCode[pubA.16.4.4a]，errorinfo[证券代码=155],errorprompt[所需查找的业务数据记录不存在！]

[时间]:2019-09-20 11:07:20,046
[级别]:ERROR
[内容]:11:07:20,038 功能号[pubL.16.1]，errorCode[pubA.16.4.4a]，errorinfo[证券代码=698],errorprompt[所需查找的业务数据记录不存在！]

[时间]:2019-09-20 11:07:20,249
[级别]:ERROR
[内容]:11:07:20,238 功能号[pubL.16.1]，errorCode[pubA.16.4.4a]，errorinfo[证券代码=91059],errorprompt[所需查找的业务数据记录不存在！]

[时间]:2019-09-20 11:07:28,874
[级别]:INFO
[内容]:11:07:28,869 开始启动

[时间]:2019-09-20 11:07:30,238
[级别]:ERROR
[内容]:11:07:30,235 功能号[pubL.16.1]，errorCode[pubA.16.4.4a]，errorinfo[证券代码=91156],errorprompt[所需查找的业务数据记录不存在！]

[时间]:2019-09-20 11:07:30,248
[级别]:ERROR
[内容]:11:07:30,235 功能号[pubL.16.1]，errorCode[pubA.16.4.4a]，errorinfo[证券代码=91156],errorprompt[所需查找的业务数据记录不存在！]

[时间]:2019-09-20 11:07:30,257
[级别]:ERROR
[内容]:11:07:30,236 功能号[pubL.16.1]，errorCode[pubA.16.4.4a]，errorinfo[证券代码=91156],errorprompt[所需查找的业务数据记录不存在！]

[时间]:2019-09-20 11:07:30,441
[级别]:ERROR
[内容]:11:07:30,431 功能号[tdsecuL.4.11]，errorCode[tdsecuA.4.13.609]，errorinfo[可用金额=-100000000.0000|订单冻结金额=2052.00|证券代码编号=1006639],errorprompt[交易组交易端可用资金不足！]

[时间]:2019-09-20 11:07:30,451
[级别]:ERROR
[内容]:11:07:30,432 功能号[pubL.16.1]，errorCode[pubA.16.4.4a]，errorinfo[证券代码=91156],errorprompt[所需查找的业务数据记录不存在！]

[时间]:2019-09-20 11:07:30,461
[级别]:ERROR
[内容]:11:07:30,432 功能号[tdsecuL.4.11]，errorCode[tdsecuA.4.13.609]，errorinfo[可用金额=-100000000.0000|订单冻结金额=2690.00|证券代码编号=1006654],errorprompt[交易组交易端可用资金不足！]

[时间]:2019-09-20 11:07:30,643
[级别]:ERROR
[内容]:11:07:30,633 功能号[tdsecuL.4.11]，errorCode[tdsecuA.4.13.609]，errorinfo[可用金额=-100000000.0000|订单冻结金额=2690.00|证券代码编号=1006654],errorprompt[交易组交易端可用资金不足！]

[时间]:2019-09-20 11:07:30,651
[级别]:ERROR
[内容]:11:07:30,634 功能号[pubL.16.1]，errorCode[pubA.16.4.4a]，errorinfo[证券代码=91156],errorprompt[所需查找的业务数据记录不存在！]

[时间]:2019-09-20 11:07:30,659
[级别]:ERROR
[内容]:11:07:30,634 功能号[tdsecuL.4.11]，errorCode[tdsecuA.4.13.609]，errorinfo[可用金额=-100000000.0000|订单冻结金额=2052.00|证券代码编号=1006639],errorprompt[交易组交易端可用资金不足！]

[时间]:2019-09-20 11:07:31,042
[级别]:ERROR
[内容]:11:07:31,035 功能号[tdsecuL.4.11]，errorCode[tdsecuA.4.13.609]，errorinfo[可用金额=-100000000.0000|订单冻结金额=2052.00|证券代码编号=1006639],errorprompt[交易组交易端可用资金不足！]

[时间]:2019-09-20 11:07:31,053
[级别]:ERROR
[内容]:11:07:31,035 功能号[pubL.16.1]，errorCode[pubA.16.4.4a]，errorinfo[证券代码=91156],errorprompt[所需查找的业务数据记录不存在！]

[时间]:2019-09-20 11:07:31,062
[级别]:ERROR
[内容]:11:07:31,036 功能号[pubL.16.1]，errorCode[pubA.16.4.4a]，errorinfo[证券代码=2043],errorprompt[所需查找的业务数据记录不存在！]

[时间]:2019-09-20 11:07:31,071
[级别]:ERROR
[内容]:11:07:31,036 功能号[pubL.16.1]，errorCode[pubA.16.4.4a]，errorinfo[证券代码=91156],errorprompt[所需查找的业务数据记录不存在！]

[时间]:2019-09-20 11:07:31,081
[级别]:ERROR
[内容]:11:07:31,036 功能号[pubL.16.1]，errorCode[pubA.16.4.4a]，errorinfo[证券代码=1117],errorprompt[所需查找的业务数据记录不存在！]

[时间]:2019-09-20 11:07:31,244
[级别]:ERROR
[内容]:11:07:31,235 功能号[pubL.16.1]，errorCode[pubA.16.4.4a]，errorinfo[证券代码=1117],errorprompt[所需查找的业务数据记录不存在！]

[时间]:2019-09-20 11:07:31,447
[级别]:ERROR
[内容]:11:07:31,436 功能号[tdsecuL.4.11]，errorCode[tdsecuA.4.13.609]，errorinfo[可用金额=-100000000.0000|订单冻结金额=2052.00|证券代码编号=1006639],errorprompt[交易组交易端可用资金不足！]

[时间]:2019-09-20 11:07:31,647
[级别]:ERROR
[内容]:11:07:31,637 功能号[tdsecuL.4.11]，errorCode[tdsecuA.4.13.609]，errorinfo[可用金额=-100000000.0000|订单冻结金额=3884.00|证券代码编号=1006626],errorprompt[交易组交易端可用资金不足！]

[时间]:2019-09-20 11:07:31,654
[级别]:ERROR
[内容]:11:07:31,637 功能号[tdsecuL.4.11]，errorCode[tdsecuA.4.13.609]，errorinfo[可用金额=-100000000.0000|订单冻结金额=2690.00|证券代码编号=1006654],errorprompt[交易组交易端可用资金不足！]

[时间]:2019-09-20 11:07:31,846
[级别]:ERROR
[内容]:11:07:31,837 功能号[tdsecuL.4.11]，errorCode[tdsecuA.4.13.609]，errorinfo[可用金额=-100000000.0000|订单冻结金额=3884.00|证券代码编号=1006626],errorprompt[交易组交易端可用资金不足！]

[时间]:2019-09-20 11:07:31,856
[级别]:ERROR
[内容]:11:07:31,838 功能号[tdsecuL.4.11]，errorCode[tdsecuA.4.13.609]，errorinfo[可用金额=-100000000.0000|订单冻结金额=3884.00|证券代码编号=1006626],errorprompt[交易组交易端可用资金不足！]

[时间]:2019-09-20 11:07:32,050
[级别]:ERROR
[内容]:11:07:32,042 功能号[tdsecuL.4.11]，errorCode[tdsecuA.4.13.609]，errorinfo[可用金额=-100000000.0000|订单冻结金额=2690.00|证券代码编号=1006654],errorprompt[交易组交易端可用资金不足！]

[时间]:2019-09-20 11:07:32,058
[级别]:ERROR
[内容]:11:07:32,042 功能号[tdsecuL.4.11]，errorCode[tdsecuA.4.13.609]，errorinfo[可用金额=-100000000.0000|订单冻结金额=2052.00|证券代码编号=1006639],errorprompt[交易组交易端可用资金不足！]

[时间]:2019-09-20 11:07:32,065
[级别]:ERROR
[内容]:11:07:32,042 功能号[pubL.16.1]，errorCode[pubA.16.4.4a]，errorinfo[证券代码=91156],errorprompt[所需查找的业务数据记录不存在！]

[时间]:2019-09-20 11:07:32,072
[级别]:ERROR
[内容]:11:07:32,043 功能号[pubL.16.1]，errorCode[pubA.16.4.4a]，errorinfo[证券代码=1117],errorprompt[所需查找的业务数据记录不存在！]

[时间]:2019-09-20 11:07:32,251
[级别]:ERROR
[内容]:11:07:32,243 功能号[pubL.16.1]，errorCode[pubA.16.4.4a]，errorinfo[证券代码=91156],errorprompt[所需查找的业务数据记录不存在！]

[时间]:2019-09-20 11:07:32,446
[级别]:ERROR
[内容]:11:07:32,443 功能号[pubL.16.1]，errorCode[pubA.16.4.4a]，errorinfo[证券代码=2489],errorprompt[所需查找的业务数据记录不存在！]

[时间]:2019-09-20 11:07:32,455
[级别]:ERROR
[内容]:11:07:32,443 功能号[pubL.16.1]，errorCode[pubA.16.4.4a]，errorinfo[证券代码=2043],errorprompt[所需查找的业务数据记录不存在！]

[时间]:2019-09-20 11:07:32,464
[级别]:ERROR
[内容]:11:07:32,443 功能号[pubL.16.1]，errorCode[pubA.16.4.4a]，errorinfo[证券代码=91156],errorprompt[所需查找的业务数据记录不存在！]

[时间]:2019-09-20 11:07:32,648
[级别]:ERROR
[内容]:11:07:32,644 功能号[pubL.16.1]，errorCode[pubA.16.4.4a]，errorinfo[证券代码=2043],errorprompt[所需查找的业务数据记录不存在！]

[时间]:2019-09-20 11:07:32,853
[级别]:ERROR
[内容]:11:07:32,845 功能号[pubL.16.1]，errorCode[pubA.16.4.4a]，errorinfo[证券代码=1030],errorprompt[所需查找的业务数据记录不存在！]

[时间]:2019-09-20 11:07:33,053
[级别]:ERROR
[内容]:11:07:33,044 功能号[pubL.16.1]，errorCode[pubA.16.4.4a]，errorinfo[证券代码=1117],errorprompt[所需查找的业务数据记录不存在！]

[时间]:2019-09-20 11:07:33,246
[级别]:ERROR
[内容]:11:07:33,245 功能号[pubL.16.1]，errorCode[pubA.16.4.4a]，errorinfo[证券代码=1030],errorprompt[所需查找的业务数据记录不存在！]

[时间]:2019-09-20 11:07:33,452
[级别]:ERROR
[内容]:11:07:33,448 功能号[pubL.16.1]，errorCode[pubA.16.4.4a]，errorinfo[证券代码=2043],errorprompt[所需查找的业务数据记录不存在！]

[时间]:2019-09-20 11:07:33,465
[级别]:ERROR
[内容]:11:07:33,448 功能号[pubL.16.1]，errorCode[pubA.16.4.4a]，errorinfo[证券代码=2489],errorprompt[所需查找的业务数据记录不存在！]

[时间]:2019-09-20 11:07:33,660
[级别]:ERROR
[内容]:11:07:33,649 功能号[pubL.16.1]，errorCode[pubA.16.4.4a]，errorinfo[证券代码=2534],errorprompt[所需查找的业务数据记录不存在！]

[时间]:2019-09-20 11:07:33,859
[级别]:ERROR
[内容]:11:07:33,850 功能号[pubL.16.1]，errorCode[pubA.16.4.4a]，errorinfo[证券代码=2534],errorprompt[所需查找的业务数据记录不存在！]

[时间]:2019-09-20 11:07:34,255
[级别]:ERROR
[内容]:11:07:34,252 功能号[pubL.16.1]，errorCode[pubA.16.4.4a]，errorinfo[证券代码=19117],errorprompt[所需查找的业务数据记录不存在！]

[时间]:2019-09-20 11:07:34,452
[级别]:ERROR
[内容]:11:07:34,451 功能号[tdsecuL.4.11]，errorCode[tdsecuA.4.13.609]，errorinfo[可用金额=-100000000.0000|订单冻结金额=2690.00|证券代码编号=1006654],errorprompt[交易组交易端可用资金不足！]

[时间]:2019-09-20 11:07:35,457
[级别]:ERROR
[内容]:11:07:35,454 功能号[pubL.16.1]，errorCode[pubA.16.4.4a]，errorinfo[证券代码=91015],errorprompt[所需查找的业务数据记录不存在！]

[时间]:2019-09-20 11:07:35,468
[级别]:ERROR
[内容]:11:07:35,454 功能号[pubL.16.1]，errorCode[pubA.16.4.4a]，errorinfo[证券代码=8],errorprompt[所需查找的业务数据记录不存在！]

[时间]:2019-09-20 11:07:35,477
[级别]:ERROR
[内容]:11:07:35,454 功能号[pubL.16.1]，errorCode[pubA.16.4.4a]，errorinfo[证券代码=8],errorprompt[所需查找的业务数据记录不存在！]

[时间]:2019-09-20 11:07:35,485
[级别]:ERROR
[内容]:11:07:35,454 功能号[pubL.16.1]，errorCode[pubA.16.4.4a]，errorinfo[证券代码=91015],errorprompt[所需查找的业务数据记录不存在！]

[时间]:2019-09-20 11:07:35,657
[级别]:ERROR
[内容]:11:07:35,655 功能号[pubL.16.1]，errorCode[pubA.16.4.4a]，errorinfo[证券代码=2433],errorprompt[所需查找的业务数据记录不存在！]

[时间]:2019-09-20 11:07:35,865
[级别]:ERROR
[内容]:11:07:35,855 功能号[pubL.16.1]，errorCode[pubA.16.4.4a]，errorinfo[证券代码=91015],errorprompt[所需查找的业务数据记录不存在！]

[时间]:2019-09-20 11:07:35,876
[级别]:ERROR
[内容]:11:07:35,855 功能号[pubL.16.1]，errorCode[pubA.16.4.4a]，errorinfo[证券代码=2433],errorprompt[所需查找的业务数据记录不存在！]

[时间]:2019-09-20 11:07:35,886
[级别]:ERROR
[内容]:11:07:35,855 功能号[pubL.16.1]，errorCode[pubA.16.4.4a]，errorinfo[证券代码=91015],errorprompt[所需查找的业务数据记录不存在！]

[时间]:2019-09-20 11:07:36,059
[级别]:ERROR
[内容]:11:07:36,055 功能号[tdsecuL.4.11]，errorCode[tdsecuA.4.13.609]，errorinfo[可用金额=-100000000.0000|订单冻结金额=1508.00|证券代码编号=1006627],errorprompt[交易组交易端可用资金不足！]

[时间]:2019-09-20 11:07:36,067
[级别]:ERROR
[内容]:11:07:36,055 功能号[tdsecuL.4.11]，errorCode[tdsecuA.4.13.609]，errorinfo[可用金额=-100000000.0000|订单冻结金额=1508.00|证券代码编号=1006627],errorprompt[交易组交易端可用资金不足！]

[时间]:2019-09-20 11:07:36,361
[级别]:INFO
[内容]:11:07:36,360 结束启动

[时间]:2019-09-20 11:07:36,468
[级别]:ERROR
[内容]:11:07:36,457 功能号[pubL.16.1]，errorCode[pubA.16.4.4a]，errorinfo[证券代码=410],errorprompt[所需查找的业务数据记录不存在！]

[时间]:2019-09-20 11:07:36,475
[级别]:ERROR
[内容]:11:07:36,457 功能号[pubL.16.1]，errorCode[pubA.16.4.4a]，errorinfo[证券代码=410],errorprompt[所需查找的业务数据记录不存在！]

[时间]:2019-09-20 11:07:36,666
[级别]:ERROR
[内容]:11:07:36,658 功能号[pubL.16.1]，errorCode[pubA.16.4.4a]，errorinfo[证券代码=982],errorprompt[所需查找的业务数据记录不存在！]

[时间]:2019-09-20 11:07:36,860
[级别]:ERROR
[内容]:11:07:36,858 功能号[pubL.16.1]，errorCode[pubA.16.4.4a]，errorinfo[证券代码=982],errorprompt[所需查找的业务数据记录不存在！]

[时间]:2019-09-20 11:07:36,869
[级别]:ERROR
[内容]:11:07:36,858 功能号[pubL.16.1]，errorCode[pubA.16.4.4a]，errorinfo[证券代码=982],errorprompt[所需查找的业务数据记录不存在！]

[时间]:2019-09-20 11:07:36,877
[级别]:ERROR
[内容]:11:07:36,858 功能号[pubL.16.1]，errorCode[pubA.16.4.4a]，errorinfo[证券代码=754],errorprompt[所需查找的业务数据记录不存在！]

[时间]:2019-09-20 11:07:37,463
[级别]:ERROR
[内容]:11:07:37,461 功能号[pubL.16.1]，errorCode[pubA.16.4.4a]，errorinfo[证券代码=2318],errorprompt[所需查找的业务数据记录不存在！]

[时间]:2019-09-20 11:07:37,669
[级别]:ERROR
[内容]:11:07:37,660 功能号[pubL.16.1]，errorCode[pubA.16.4.4a]，errorinfo[证券代码=2318],errorprompt[所需查找的业务数据记录不存在！]

[时间]:2019-09-20 11:07:37,680
[级别]:ERROR
[内容]:11:07:37,661 功能号[pubL.16.1]，errorCode[pubA.16.4.4a]，errorinfo[证券代码=19583],errorprompt[所需查找的业务数据记录不存在！]

[时间]:2019-09-20 11:07:37,862
[级别]:ERROR
[内容]:11:07:37,861 功能号[pubL.16.1]，errorCode[pubA.16.4.4a]，errorinfo[证券代码=19583],errorprompt[所需查找的业务数据记录不存在！]

[时间]:2019-09-20 11:07:37,876
[级别]:ERROR
[内容]:11:07:37,861 功能号[pubL.16.1]，errorCode[pubA.16.4.4a]，errorinfo[证券代码=2318],errorprompt[所需查找的业务数据记录不存在！]

[时间]:2019-09-20 11:07:38,071
[级别]:ERROR
[内容]:11:07:38,061 功能号[pubL.16.1]，errorCode[pubA.16.4.4a]，errorinfo[证券代码=2318],errorprompt[所需查找的业务数据记录不存在！]

[时间]:2019-09-20 11:07:38,472
[级别]:ERROR
[内容]:11:07:38,463 功能号[pubL.16.1]，errorCode[pubA.16.4.4a]，errorinfo[证券代码=2111],errorprompt[所需查找的业务数据记录不存在！]

[时间]:2019-09-20 11:07:38,676
[级别]:ERROR
[内容]:11:07:38,666 功能号[pubL.16.1]，errorCode[pubA.16.4.4a]，errorinfo[证券代码=2111],errorprompt[所需查找的业务数据记录不存在！]

[时间]:2019-09-20 11:07:38,872
[级别]:ERROR
[内容]:11:07:38,868 功能号[pubL.16.1]，errorCode[pubA.16.4.4a]，errorinfo[证券代码=175],errorprompt[所需查找的业务数据记录不存在！]

[时间]:2019-09-20 11:07:39,070
[级别]:ERROR
[内容]:11:07:39,069 功能号[pubL.16.1]，errorCode[pubA.16.4.4a]，errorinfo[证券代码=175],errorprompt[所需查找的业务数据记录不存在！]

[时间]:2019-09-20 11:07:39,082
[级别]:ERROR
[内容]:11:07:39,069 功能号[pubL.16.1]，errorCode[pubA.16.4.4a]，errorinfo[证券代码=2040],errorprompt[所需查找的业务数据记录不存在！]

[时间]:2019-09-20 11:08:02,999
[级别]:INFO
[内容]:11:08:02,988 开始启动

[时间]:2019-09-20 11:08:04,133
[级别]:ERROR
[内容]:11:08:04,131 功能号[tdsecuL.4.11]，errorCode[tdsecuA.4.13.609]，errorinfo[可用金额=-100000000.0000|订单冻结金额=1508.00|证券代码编号=1006627],errorprompt[交易组交易端可用资金不足！]

[时间]:2019-09-20 11:08:06,541
[级别]:ERROR
[内容]:11:08:06,537 功能号[tdsecuL.4.11]，errorCode[tdsecuA.4.13.609]，errorinfo[可用金额=-100000000.0000|订单冻结金额=3292.00|证券代码编号=1006624],errorprompt[交易组交易端可用资金不足！]

[时间]:2019-09-20 11:08:06,551
[级别]:ERROR
[内容]:11:08:06,537 功能号[tdsecuL.4.11]，errorCode[tdsecuA.4.13.609]，errorinfo[可用金额=-100000000.0000|订单冻结金额=3292.00|证券代码编号=1006624],errorprompt[交易组交易端可用资金不足！]

[时间]:2019-09-20 11:08:06,746
[级别]:ERROR
[内容]:11:08:06,738 功能号[tdsecuL.4.11]，errorCode[tdsecuA.4.13.609]，errorinfo[可用金额=-100000000.0000|订单冻结金额=3292.00|证券代码编号=1006624],errorprompt[交易组交易端可用资金不足！]

[时间]:2019-09-20 11:08:06,755
[级别]:ERROR
[内容]:11:08:06,738 功能号[tdsecuL.4.11]，errorCode[tdsecuA.4.13.609]，errorinfo[可用金额=-100000000.0000|订单冻结金额=3292.00|证券代码编号=1006624],errorprompt[交易组交易端可用资金不足！]

[时间]:2019-09-20 11:08:09,749
[级别]:ERROR
[内容]:11:08:09,746 功能号[tdsecuL.4.11]，errorCode[tdsecuA.4.13.609]，errorinfo[可用金额=-100000000.0000|订单冻结金额=696.00|证券代码编号=1006667],errorprompt[交易组交易端可用资金不足！]

[时间]:2019-09-20 11:08:09,758
[级别]:ERROR
[内容]:11:08:09,746 功能号[tdsecuL.4.11]，errorCode[tdsecuA.4.13.609]，errorinfo[可用金额=-100000000.0000|订单冻结金额=696.00|证券代码编号=1006667],errorprompt[交易组交易端可用资金不足！]

[时间]:2019-09-20 11:08:09,953
[级别]:ERROR
[内容]:11:08:09,946 功能号[tdsecuL.4.11]，errorCode[tdsecuA.4.13.609]，errorinfo[可用金额=-100000000.0000|订单冻结金额=696.00|证券代码编号=1006667],errorprompt[交易组交易端可用资金不足！]

[时间]:2019-09-20 11:08:09,961
[级别]:ERROR
[内容]:11:08:09,946 功能号[tdsecuL.4.11]，errorCode[tdsecuA.4.13.609]，errorinfo[可用金额=-100000000.0000|订单冻结金额=696.00|证券代码编号=1006667],errorprompt[交易组交易端可用资金不足！]

[时间]:2019-09-20 11:08:09,971
[级别]:ERROR
[内容]:11:08:09,946 功能号[tdsecuL.4.11]，errorCode[tdsecuA.4.13.609]，errorinfo[可用金额=-100000000.0000|订单冻结金额=696.00|证券代码编号=1006667],errorprompt[交易组交易端可用资金不足！]

[时间]:2019-09-20 11:08:11,560
[级别]:ERROR
[内容]:11:08:11,556 功能号[tdsecuL.4.11]，errorCode[tdsecuA.4.13.609]，errorinfo[可用金额=-100000000.0000|订单冻结金额=844.00|证券代码编号=1006617],errorprompt[交易组交易端可用资金不足！]

[时间]:2019-09-20 11:08:11,766
[级别]:ERROR
[内容]:11:08:11,755 功能号[tdsecuL.4.11]，errorCode[tdsecuA.4.13.609]，errorinfo[可用金额=-100000000.0000|订单冻结金额=844.00|证券代码编号=1006617],errorprompt[交易组交易端可用资金不足！]

[时间]:2019-09-20 11:08:11,774
[级别]:ERROR
[内容]:11:08:11,756 功能号[tdsecuL.4.11]，errorCode[tdsecuA.4.13.609]，errorinfo[可用金额=-100000000.0000|订单冻结金额=844.00|证券代码编号=1006617],errorprompt[交易组交易端可用资金不足！]

[时间]:2019-09-20 11:08:13,363
[级别]:ERROR
[内容]:11:08:13,360 功能号[tdsecuL.4.11]，errorCode[tdsecuA.4.13.609]，errorinfo[可用金额=-100000000.0000|订单冻结金额=6240.00|证券代码编号=1006646],errorprompt[交易组交易端可用资金不足！]

[时间]:2019-09-20 11:08:13,372
[级别]:ERROR
[内容]:11:08:13,360 功能号[tdsecuL.4.11]，errorCode[tdsecuA.4.13.609]，errorinfo[可用金额=-100000000.0000|订单冻结金额=2766.00|证券代码编号=1007894],errorprompt[交易组交易端可用资金不足！]

[时间]:2019-09-20 11:08:13,381
[级别]:ERROR
[内容]:11:08:13,360 功能号[tdsecuL.4.11]，errorCode[tdsecuA.4.13.609]，errorinfo[可用金额=-100000000.0000|订单冻结金额=6240.00|证券代码编号=1006646],errorprompt[交易组交易端可用资金不足！]

[时间]:2019-09-20 11:08:14,507
[级别]:INFO
[内容]:11:08:14,504 结束启动

[时间]:2019-09-20 11:08:27,556
[级别]:INFO
[内容]:11:08:27,547 开始启动

[时间]:2019-09-20 11:08:28,521
[级别]:ERROR
[内容]:11:08:28,511 功能号[tdsecuL.4.11]，errorCode[tdsecuA.4.13.609]，errorinfo[可用金额=-100000000.0000|订单冻结金额=672.00|证券代码编号=1006661],errorprompt[交易组交易端可用资金不足！]

[时间]:2019-09-20 11:08:28,554
[级别]:ERROR
[内容]:11:08:28,550 功能号[tdsecuL.4.11]，errorCode[tdsecuA.4.13.609]，errorinfo[可用金额=-100000000.0000|订单冻结金额=672.00|证券代码编号=1006661],errorprompt[交易组交易端可用资金不足！]

[时间]:2019-09-20 11:08:36,344
[级别]:ERROR
[内容]:11:08:36,341 功能号[tdsecuL.4.11]，errorCode[tdsecuA.4.13.609]，errorinfo[可用金额=-100000000.0000|订单冻结金额=2450.00|证券代码编号=1006637],errorprompt[交易组交易端可用资金不足！]

[时间]:2019-09-20 11:08:36,549
[级别]:ERROR
[内容]:11:08:36,541 功能号[tdsecuL.4.11]，errorCode[tdsecuA.4.13.609]，errorinfo[可用金额=-100000000.0000|订单冻结金额=2450.00|证券代码编号=1006637],errorprompt[交易组交易端可用资金不足！]

[时间]:2019-09-20 11:08:36,557
[级别]:ERROR
[内容]:11:08:36,541 功能号[tdsecuL.4.11]，errorCode[tdsecuA.4.13.609]，errorinfo[可用金额=-100000000.0000|订单冻结金额=2450.00|证券代码编号=1006637],errorprompt[交易组交易端可用资金不足！]

[时间]:2019-09-20 11:08:37,950
[级别]:ERROR
[内容]:11:08:37,945 功能号[tdsecuL.4.11]，errorCode[tdsecuA.4.13.609]，errorinfo[可用金额=-100000000.0000|订单冻结金额=1048.00|证券代码编号=1006644],errorprompt[交易组交易端可用资金不足！]

[时间]:2019-09-20 11:08:37,960
[级别]:ERROR
[内容]:11:08:37,945 功能号[tdsecuL.4.11]，errorCode[tdsecuA.4.13.609]，errorinfo[可用金额=-100000000.0000|订单冻结金额=1048.00|证券代码编号=1006644],errorprompt[交易组交易端可用资金不足！]

[时间]:2019-09-20 11:08:39,154
[级别]:ERROR
[内容]:11:08:39,148 功能号[tdsecuL.4.11]，errorCode[tdsecuA.4.13.609]，errorinfo[可用金额=-100000000.0000|订单冻结金额=1508.00|证券代码编号=1006627],errorprompt[交易组交易端可用资金不足！]

[时间]:2019-09-20 11:08:39,164
[级别]:ERROR
[内容]:11:08:39,148 功能号[tdsecuL.4.11]，errorCode[tdsecuA.4.13.609]，errorinfo[可用金额=-100000000.0000|订单冻结金额=1508.00|证券代码编号=1006627],errorprompt[交易组交易端可用资金不足！]

[时间]:2019-09-20 11:08:39,174
[级别]:ERROR
[内容]:11:08:39,148 功能号[tdsecuL.4.11]，errorCode[tdsecuA.4.13.609]，errorinfo[可用金额=-100000000.0000|订单冻结金额=1508.00|证券代码编号=1006627],errorprompt[交易组交易端可用资金不足！]

[时间]:2019-09-20 11:08:39,359
[级别]:ERROR
[内容]:11:08:39,348 功能号[tdsecuL.4.11]，errorCode[tdsecuA.4.13.609]，errorinfo[可用金额=-100000000.0000|订单冻结金额=1508.00|证券代码编号=1006627],errorprompt[交易组交易端可用资金不足！]

[时间]:2019-09-20 11:08:40,561
[级别]:ERROR
[内容]:11:08:40,551 功能号[tdsecuL.4.11]，errorCode[tdsecuA.4.13.609]，errorinfo[可用金额=-100000000.0000|订单冻结金额=904.00|证券代码编号=1006631],errorprompt[交易组交易端可用资金不足！]

[时间]:2019-09-20 11:08:40,569
[级别]:ERROR
[内容]:11:08:40,551 功能号[tdsecuL.4.11]，errorCode[tdsecuA.4.13.609]，errorinfo[可用金额=-100000000.0000|订单冻结金额=904.00|证券代码编号=1006631],errorprompt[交易组交易端可用资金不足！]

[时间]:2019-09-20 11:08:40,753
[级别]:ERROR
[内容]:11:08:40,752 功能号[tdsecuL.4.11]，errorCode[tdsecuA.4.13.609]，errorinfo[可用金额=-100000000.0000|订单冻结金额=904.00|证券代码编号=1006631],errorprompt[交易组交易端可用资金不足！]

[时间]:2019-09-20 11:08:41,155
[级别]:ERROR
[内容]:11:08:41,153 功能号[tdsecuL.4.11]，errorCode[tdsecuA.4.13.609]，errorinfo[可用金额=-100000000.0000|订单冻结金额=2132.00|证券代码编号=1006622],errorprompt[交易组交易端可用资金不足！]

[时间]:2019-09-20 11:08:41,163
[级别]:ERROR
[内容]:11:08:41,153 功能号[tdsecuL.4.11]，errorCode[tdsecuA.4.13.609]，errorinfo[可用金额=-100000000.0000|订单冻结金额=2132.00|证券代码编号=1006622],errorprompt[交易组交易端可用资金不足！]

[时间]:2019-09-20 11:08:41,172
[级别]:ERROR
[内容]:11:08:41,153 功能号[tdsecuL.4.11]，errorCode[tdsecuA.4.13.609]，errorinfo[可用金额=-100000000.0000|订单冻结金额=2132.00|证券代码编号=1006622],errorprompt[交易组交易端可用资金不足！]

[时间]:2019-09-20 11:08:41,181
[级别]:ERROR
[内容]:11:08:41,153 功能号[tdsecuL.4.11]，errorCode[tdsecuA.4.13.609]，errorinfo[可用金额=-100000000.0000|订单冻结金额=2132.00|证券代码编号=1006622],errorprompt[交易组交易端可用资金不足！]

[时间]:2019-09-20 11:08:41,190
[级别]:ERROR
[内容]:11:08:41,153 功能号[tdsecuL.4.11]，errorCode[tdsecuA.4.13.609]，errorinfo[可用金额=-100000000.0000|订单冻结金额=2132.00|证券代码编号=1006622],errorprompt[交易组交易端可用资金不足！]

[时间]:2019-09-20 11:08:41,197
[级别]:ERROR
[内容]:11:08:41,153 功能号[tdsecuL.4.11]，errorCode[tdsecuA.4.13.609]，errorinfo[可用金额=-100000000.0000|订单冻结金额=2132.00|证券代码编号=1006622],errorprompt[交易组交易端可用资金不足！]

[时间]:2019-09-20 11:08:41,204
[级别]:ERROR
[内容]:11:08:41,154 功能号[tdsecuL.4.11]，errorCode[tdsecuA.4.13.609]，errorinfo[可用金额=-100000000.0000|订单冻结金额=2132.00|证券代码编号=1006622],errorprompt[交易组交易端可用资金不足！]

[时间]:2019-09-20 11:08:41,213
[级别]:ERROR
[内容]:11:08:41,154 功能号[tdsecuL.4.11]，errorCode[tdsecuA.4.13.609]，errorinfo[可用金额=-100000000.0000|订单冻结金额=2132.00|证券代码编号=1006622],errorprompt[交易组交易端可用资金不足！]

[时间]:2019-09-20 11:08:41,363
[级别]:ERROR
[内容]:11:08:41,355 功能号[tdsecuL.4.11]，errorCode[tdsecuA.4.13.609]，errorinfo[可用金额=-100000000.0000|订单冻结金额=3292.00|证券代码编号=1006624],errorprompt[交易组交易端可用资金不足！]

[时间]:2019-09-20 11:08:41,371
[级别]:ERROR
[内容]:11:08:41,355 功能号[tdsecuL.4.11]，errorCode[tdsecuA.4.13.609]，errorinfo[可用金额=-100000000.0000|订单冻结金额=3292.00|证券代码编号=1006624],errorprompt[交易组交易端可用资金不足！]

[时间]:2019-09-20 11:08:41,379
[级别]:ERROR
[内容]:11:08:41,355 功能号[tdsecuL.4.11]，errorCode[tdsecuA.4.13.609]，errorinfo[可用金额=-100000000.0000|订单冻结金额=3292.00|证券代码编号=1006624],errorprompt[交易组交易端可用资金不足！]

[时间]:2019-09-20 11:08:41,559
[级别]:ERROR
[内容]:11:08:41,554 功能号[tdsecuL.4.11]，errorCode[tdsecuA.4.13.609]，errorinfo[可用金额=-100000000.0000|订单冻结金额=3292.00|证券代码编号=1006624],errorprompt[交易组交易端可用资金不足！]

[时间]:2019-09-20 11:08:41,567
[级别]:ERROR
[内容]:11:08:41,554 功能号[tdsecuL.4.11]，errorCode[tdsecuA.4.13.609]，errorinfo[可用金额=-100000000.0000|订单冻结金额=3292.00|证券代码编号=1006624],errorprompt[交易组交易端可用资金不足！]

[时间]:2019-09-20 11:08:43,810
[级别]:INFO
[内容]:11:08:43,801 结束启动

[时间]:2019-09-20 11:08:43,972
[级别]:ERROR
[内容]:11:08:43,962 功能号[tdsecuL.4.11]，errorCode[tdsecuA.4.13.609]，errorinfo[可用金额=-100000000.0000|订单冻结金额=1262.00|证券代码编号=1006673],errorprompt[交易组交易端可用资金不足！]

[时间]:2019-09-20 11:08:43,983
[级别]:ERROR
[内容]:11:08:43,962 功能号[tdsecuL.4.11]，errorCode[tdsecuA.4.13.609]，errorinfo[可用金额=-100000000.0000|订单冻结金额=1262.00|证券代码编号=1006673],errorprompt[交易组交易端可用资金不足！]

[时间]:2019-09-20 11:08:43,994
[级别]:ERROR
[内容]:11:08:43,962 功能号[tdsecuL.4.11]，errorCode[tdsecuA.4.13.609]，errorinfo[可用金额=-100000000.0000|订单冻结金额=1262.00|证券代码编号=1006673],errorprompt[交易组交易端可用资金不足！]

[时间]:2019-09-20 11:08:44,775
[级别]:ERROR
[内容]:11:08:44,765 功能号[tdsecuL.4.11]，errorCode[tdsecuA.4.13.609]，errorinfo[可用金额=-100000000.0000|订单冻结金额=594.00|证券代码编号=11],errorprompt[交易组交易端可用资金不足！]

[时间]:2019-09-20 11:08:44,783
[级别]:ERROR
[内容]:11:08:44,765 功能号[tdsecuL.4.11]，errorCode[tdsecuA.4.13.609]，errorinfo[可用金额=-100000000.0000|订单冻结金额=594.00|证券代码编号=11],errorprompt[交易组交易端可用资金不足！]

[时间]:2019-09-20 11:08:44,974
[级别]:ERROR
[内容]:11:08:44,966 功能号[tdsecuL.4.11]，errorCode[tdsecuA.4.13.609]，errorinfo[可用金额=-100000000.0000|订单冻结金额=594.00|证券代码编号=11],errorprompt[交易组交易端可用资金不足！]

[时间]:2019-09-20 11:08:45,175
[级别]:ERROR
[内容]:11:08:45,166 功能号[tdsecuL.4.11]，errorCode[tdsecuA.4.13.609]，errorinfo[可用金额=-100000000.0000|订单冻结金额=594.00|证券代码编号=11],errorprompt[交易组交易端可用资金不足！]

[时间]:2019-09-20 11:08:45,182
[级别]:ERROR
[内容]:11:08:45,166 功能号[tdsecuL.4.11]，errorCode[tdsecuA.4.13.609]，errorinfo[可用金额=-100000000.0000|订单冻结金额=594.00|证券代码编号=11],errorprompt[交易组交易端可用资金不足！]

[时间]:2019-09-20 11:08:45,190
[级别]:ERROR
[内容]:11:08:45,166 功能号[tdsecuL.4.11]，errorCode[tdsecuA.4.13.609]，errorinfo[可用金额=-100000000.0000|订单冻结金额=594.00|证券代码编号=11],errorprompt[交易组交易端可用资金不足！]

[时间]:2019-09-20 11:08:45,198
[级别]:ERROR
[内容]:11:08:45,166 功能号[tdsecuL.4.11]，errorCode[tdsecuA.4.13.609]，errorinfo[可用金额=-100000000.0000|订单冻结金额=594.00|证券代码编号=11],errorprompt[交易组交易端可用资金不足！]

[时间]:2019-09-20 11:12:52,660
[级别]:INFO
[内容]:11:12:52,646 开始启动

[时间]:2019-09-20 11:12:59,967
[级别]:INFO
[内容]:11:12:59,964 结束启动

[时间]:2019-09-20 12:09:43,801
[级别]:INFO
[内容]:12:09:43,788 开始启动

[时间]:2019-09-20 12:11:49,576
[级别]:INFO
[内容]:12:11:49,563 开始启动

[时间]:2019-09-20 12:14:24,902
[级别]:INFO
[内容]:12:14:24,888 开始启动

[时间]:2019-09-20 12:14:33,631
[级别]:INFO
[内容]:12:14:33,630 结束启动

[时间]:2019-09-20 12:14:42,875
[级别]:INFO
[内容]:12:14:42,866 开始启动

[时间]:2019-09-20 12:17:04,766
[级别]:INFO
[内容]:12:17:04,753 开始启动

[时间]:2019-09-20 12:17:17,214
[级别]:INFO
[内容]:12:17:17,213 结束启动

[时间]:2019-09-20 12:17:20,999
[级别]:INFO
[内容]:12:17:20,996 开始启动

[时间]:2019-09-20 12:17:55,143
[级别]:INFO
[内容]:12:17:55,138 结束启动

[时间]:2019-09-20 12:18:49,345
[级别]:INFO
[内容]:12:18:49,333 开始启动

[时间]:2019-09-20 12:19:26,878
[级别]:INFO
[内容]:12:19:25,265 结束启动

