[时间]:2019-09-24 11:26:04,042
[级别]:INFO
[内容]:11:26:04,029 开始启动

[时间]:2019-09-24 11:26:17,703
[级别]:ERROR
[内容]:11:26:17,694 功能号[tdsecuL.4.101]，errorCode[pubA.5.7.808]，errorinfo[操作员编号=58880002],errorprompt[操作员的密码与输入的密码不符！]

[时间]:2019-09-24 11:26:17,719
[级别]:ERROR
[内容]:11:26:17,701 功能号[tdsecuL.4.101]，errorCode[pubA.5.7.808]，errorinfo[操作员编号=58880002],errorprompt[操作员的密码与输入的密码不符！]

[时间]:2019-09-24 11:26:17,739
[级别]:ERROR
[内容]:11:26:17,702 功能号[tdsecuL.4.101]，errorCode[pubA.5.7.808]，errorinfo[操作员编号=58880002],errorprompt[操作员的密码与输入的密码不符！]

[时间]:2019-09-24 11:26:17,762
[级别]:ERROR
[内容]:11:26:17,702 功能号[tdsecuL.4.101]，errorCode[pubA.5.7.808]，errorinfo[操作员编号=58880002],errorprompt[操作员的密码与输入的密码不符！]

[时间]:2019-09-24 11:26:17,777
[级别]:ERROR
[内容]:11:26:17,702 功能号[tdsecuL.4.101]，errorCode[pubA.5.7.808]，errorinfo[操作员编号=58880002],errorprompt[操作员的密码与输入的密码不符！]

[时间]:2019-09-24 11:26:17,789
[级别]:ERROR
[内容]:11:26:17,702 功能号[tdsecuL.4.101]，errorCode[pubA.5.7.808]，errorinfo[操作员编号=58880002],errorprompt[操作员的密码与输入的密码不符！]

[时间]:2019-09-24 11:26:17,806
[级别]:ERROR
[内容]:11:26:17,702 功能号[tdsecuL.4.101]，errorCode[pubA.5.7.808]，errorinfo[操作员编号=58880002],errorprompt[操作员的密码与输入的密码不符！]

[时间]:2019-09-24 11:26:17,816
[级别]:ERROR
[内容]:11:26:17,702 功能号[tdsecuL.4.101]，errorCode[pubA.5.7.808]，errorinfo[操作员编号=58880002],errorprompt[操作员的密码与输入的密码不符！]

[时间]:2019-09-24 11:26:17,828
[级别]:ERROR
[内容]:11:26:17,702 功能号[tdsecuL.4.101]，errorCode[pubA.5.7.808]，errorinfo[操作员编号=58880002],errorprompt[操作员的密码与输入的密码不符！]

[时间]:2019-09-24 11:26:17,846
[级别]:ERROR
[内容]:11:26:17,723 功能号[tdsecuL.4.101]，errorCode[pubA.5.7.808]，errorinfo[操作员编号=58880002],errorprompt[操作员的密码与输入的密码不符！]

[时间]:2019-09-24 11:26:17,863
[级别]:ERROR
[内容]:11:26:17,723 功能号[tdsecuL.4.101]，errorCode[pubA.5.7.808]，errorinfo[操作员编号=58880002],errorprompt[操作员的密码与输入的密码不符！]

[时间]:2019-09-24 11:26:17,876
[级别]:ERROR
[内容]:11:26:17,723 功能号[tdsecuL.4.101]，errorCode[pubA.5.7.808]，errorinfo[操作员编号=58880002],errorprompt[操作员的密码与输入的密码不符！]

[时间]:2019-09-24 11:26:17,888
[级别]:ERROR
[内容]:11:26:17,723 功能号[tdsecuL.4.101]，errorCode[pubA.5.7.808]，errorinfo[操作员编号=58880002],errorprompt[操作员的密码与输入的密码不符！]

[时间]:2019-09-24 11:26:17,900
[级别]:ERROR
[内容]:11:26:17,723 功能号[tdsecuL.4.101]，errorCode[pubA.5.7.808]，errorinfo[操作员编号=58880002],errorprompt[操作员的密码与输入的密码不符！]

[时间]:2019-09-24 11:26:17,911
[级别]:ERROR
[内容]:11:26:17,723 功能号[tdsecuL.4.101]，errorCode[pubA.5.7.808]，errorinfo[操作员编号=58880002],errorprompt[操作员的密码与输入的密码不符！]

[时间]:2019-09-24 11:26:17,932
[级别]:ERROR
[内容]:11:26:17,723 功能号[tdsecuL.4.101]，errorCode[pubA.5.7.808]，errorinfo[操作员编号=58880002],errorprompt[操作员的密码与输入的密码不符！]

[时间]:2019-09-24 11:26:17,948
[级别]:ERROR
[内容]:11:26:17,723 功能号[tdsecuL.4.101]，errorCode[pubA.5.7.808]，errorinfo[操作员编号=58880002],errorprompt[操作员的密码与输入的密码不符！]

[时间]:2019-09-24 11:26:17,961
[级别]:ERROR
[内容]:11:26:17,723 功能号[tdsecuL.4.101]，errorCode[pubA.5.7.808]，errorinfo[操作员编号=58880002],errorprompt[操作员的密码与输入的密码不符！]

[时间]:2019-09-24 11:26:17,976
[级别]:ERROR
[内容]:11:26:17,723 功能号[tdsecuL.4.101]，errorCode[pubA.5.7.808]，errorinfo[操作员编号=58880002],errorprompt[操作员的密码与输入的密码不符！]

[时间]:2019-09-24 11:26:17,989
[级别]:ERROR
[内容]:11:26:17,723 功能号[tdsecuL.4.101]，errorCode[pubA.5.7.808]，errorinfo[操作员编号=58880002],errorprompt[操作员的密码与输入的密码不符！]

[时间]:2019-09-24 11:26:17,999
[级别]:ERROR
[内容]:11:26:17,723 功能号[tdsecuL.4.101]，errorCode[pubA.5.7.808]，errorinfo[操作员编号=58880002],errorprompt[操作员的密码与输入的密码不符！]

[时间]:2019-09-24 11:26:18,006
[级别]:ERROR
[内容]:11:26:17,723 功能号[tdsecuL.4.101]，errorCode[pubA.5.7.808]，errorinfo[操作员编号=58880002],errorprompt[操作员的密码与输入的密码不符！]

[时间]:2019-09-24 11:26:18,017
[级别]:ERROR
[内容]:11:26:17,723 功能号[tdsecuL.4.101]，errorCode[pubA.5.7.808]，errorinfo[操作员编号=58880002],errorprompt[操作员的密码与输入的密码不符！]

[时间]:2019-09-24 11:26:18,028
[级别]:ERROR
[内容]:11:26:17,723 功能号[tdsecuL.4.101]，errorCode[pubA.5.7.808]，errorinfo[操作员编号=58880002],errorprompt[操作员的密码与输入的密码不符！]

[时间]:2019-09-24 11:26:18,038
[级别]:ERROR
[内容]:11:26:17,723 功能号[tdsecuL.4.101]，errorCode[pubA.5.7.808]，errorinfo[操作员编号=58880002],errorprompt[操作员的密码与输入的密码不符！]

[时间]:2019-09-24 11:26:18,048
[级别]:ERROR
[内容]:11:26:17,723 功能号[tdsecuL.4.101]，errorCode[pubA.5.7.808]，errorinfo[操作员编号=58880002],errorprompt[操作员的密码与输入的密码不符！]

[时间]:2019-09-24 11:26:18,055
[级别]:ERROR
[内容]:11:26:17,723 功能号[tdsecuL.4.101]，errorCode[pubA.5.7.808]，errorinfo[操作员编号=58880002],errorprompt[操作员的密码与输入的密码不符！]

[时间]:2019-09-24 11:26:18,063
[级别]:ERROR
[内容]:11:26:17,724 功能号[tdsecuL.4.101]，errorCode[pubA.5.7.808]，errorinfo[操作员编号=58880002],errorprompt[操作员的密码与输入的密码不符！]

[时间]:2019-09-24 11:26:18,072
[级别]:ERROR
[内容]:11:26:17,923 功能号[tdsecuL.4.101]，errorCode[pubA.5.7.808]，errorinfo[操作员编号=58880002],errorprompt[操作员的密码与输入的密码不符！]

[时间]:2019-09-24 11:26:18,081
[级别]:ERROR
[内容]:11:26:17,923 功能号[tdsecuL.4.101]，errorCode[pubA.5.7.808]，errorinfo[操作员编号=58880002],errorprompt[操作员的密码与输入的密码不符！]

[时间]:2019-09-24 11:26:18,092
[级别]:ERROR
[内容]:11:26:17,923 功能号[tdsecuL.4.101]，errorCode[pubA.5.7.808]，errorinfo[操作员编号=58880002],errorprompt[操作员的密码与输入的密码不符！]

[时间]:2019-09-24 11:26:18,104
[级别]:ERROR
[内容]:11:26:17,923 功能号[tdsecuL.4.101]，errorCode[pubA.5.7.808]，errorinfo[操作员编号=58880002],errorprompt[操作员的密码与输入的密码不符！]

[时间]:2019-09-24 11:26:18,115
[级别]:ERROR
[内容]:11:26:17,923 功能号[tdsecuL.4.101]，errorCode[pubA.5.7.808]，errorinfo[操作员编号=58880002],errorprompt[操作员的密码与输入的密码不符！]

[时间]:2019-09-24 11:26:18,123
[级别]:ERROR
[内容]:11:26:17,923 功能号[tdsecuL.4.101]，errorCode[pubA.5.7.808]，errorinfo[操作员编号=58880002],errorprompt[操作员的密码与输入的密码不符！]

[时间]:2019-09-24 11:26:18,136
[级别]:ERROR
[内容]:11:26:17,924 功能号[tdsecuL.4.101]，errorCode[pubA.5.7.808]，errorinfo[操作员编号=58880002],errorprompt[操作员的密码与输入的密码不符！]

[时间]:2019-09-24 11:26:18,149
[级别]:ERROR
[内容]:11:26:17,924 功能号[tdsecuL.4.101]，errorCode[pubA.5.7.808]，errorinfo[操作员编号=58880002],errorprompt[操作员的密码与输入的密码不符！]

[时间]:2019-09-24 11:26:18,155
[级别]:ERROR
[内容]:11:26:17,924 功能号[tdsecuL.4.101]，errorCode[pubA.5.7.808]，errorinfo[操作员编号=58880002],errorprompt[操作员的密码与输入的密码不符！]

[时间]:2019-09-24 11:26:18,167
[级别]:ERROR
[内容]:11:26:17,924 功能号[tdsecuL.4.101]，errorCode[pubA.5.7.808]，errorinfo[操作员编号=58880002],errorprompt[操作员的密码与输入的密码不符！]

[时间]:2019-09-24 11:26:18,179
[级别]:ERROR
[内容]:11:26:17,924 功能号[tdsecuL.4.101]，errorCode[pubA.5.7.808]，errorinfo[操作员编号=58880002],errorprompt[操作员的密码与输入的密码不符！]

[时间]:2019-09-24 11:26:18,188
[级别]:ERROR
[内容]:11:26:17,924 功能号[tdsecuL.4.101]，errorCode[pubA.5.7.808]，errorinfo[操作员编号=58880002],errorprompt[操作员的密码与输入的密码不符！]

[时间]:2019-09-24 11:26:18,200
[级别]:ERROR
[内容]:11:26:18,127 功能号[tdsecuL.4.101]，errorCode[pubA.5.7.808]，errorinfo[操作员编号=58880002],errorprompt[操作员的密码与输入的密码不符！]

[时间]:2019-09-24 11:26:18,211
[级别]:ERROR
[内容]:11:26:18,127 功能号[tdsecuL.4.101]，errorCode[pubA.5.7.808]，errorinfo[操作员编号=58880002],errorprompt[操作员的密码与输入的密码不符！]

[时间]:2019-09-24 11:26:18,219
[级别]:ERROR
[内容]:11:26:18,127 功能号[tdsecuL.4.101]，errorCode[pubA.5.7.808]，errorinfo[操作员编号=58880002],errorprompt[操作员的密码与输入的密码不符！]

[时间]:2019-09-24 11:26:18,226
[级别]:ERROR
[内容]:11:26:18,127 功能号[tdsecuL.4.101]，errorCode[pubA.5.7.808]，errorinfo[操作员编号=58880002],errorprompt[操作员的密码与输入的密码不符！]

[时间]:2019-09-24 11:26:18,236
[级别]:ERROR
[内容]:11:26:18,127 功能号[tdsecuL.4.101]，errorCode[pubA.5.7.808]，errorinfo[操作员编号=58880002],errorprompt[操作员的密码与输入的密码不符！]

[时间]:2019-09-24 11:26:18,248
[级别]:ERROR
[内容]:11:26:18,127 功能号[tdsecuL.4.101]，errorCode[pubA.5.7.808]，errorinfo[操作员编号=58880002],errorprompt[操作员的密码与输入的密码不符！]

[时间]:2019-09-24 11:26:18,258
[级别]:ERROR
[内容]:11:26:18,127 功能号[tdsecuL.4.101]，errorCode[pubA.5.7.808]，errorinfo[操作员编号=58880002],errorprompt[操作员的密码与输入的密码不符！]

[时间]:2019-09-24 11:26:18,268
[级别]:ERROR
[内容]:11:26:18,127 功能号[tdsecuL.4.101]，errorCode[pubA.5.7.808]，errorinfo[操作员编号=58880002],errorprompt[操作员的密码与输入的密码不符！]

[时间]:2019-09-24 11:26:18,277
[级别]:ERROR
[内容]:11:26:18,127 功能号[tdsecuL.4.101]，errorCode[pubA.5.7.808]，errorinfo[操作员编号=58880002],errorprompt[操作员的密码与输入的密码不符！]

[时间]:2019-09-24 11:26:18,288
[级别]:ERROR
[内容]:11:26:18,127 功能号[tdsecuL.4.101]，errorCode[pubA.5.7.808]，errorinfo[操作员编号=58880002],errorprompt[操作员的密码与输入的密码不符！]

[时间]:2019-09-24 11:26:18,296
[级别]:ERROR
[内容]:11:26:18,127 功能号[tdsecuL.4.101]，errorCode[pubA.5.7.808]，errorinfo[操作员编号=58880002],errorprompt[操作员的密码与输入的密码不符！]

[时间]:2019-09-24 11:26:18,306
[级别]:ERROR
[内容]:11:26:18,127 功能号[tdsecuL.4.101]，errorCode[pubA.5.7.808]，errorinfo[操作员编号=58880002],errorprompt[操作员的密码与输入的密码不符！]

[时间]:2019-09-24 11:26:18,314
[级别]:ERROR
[内容]:11:26:18,127 功能号[tdsecuL.4.101]，errorCode[pubA.5.7.808]，errorinfo[操作员编号=58880002],errorprompt[操作员的密码与输入的密码不符！]

[时间]:2019-09-24 11:26:18,323
[级别]:ERROR
[内容]:11:26:18,128 功能号[tdsecuL.4.101]，errorCode[pubA.5.7.808]，errorinfo[操作员编号=58880002],errorprompt[操作员的密码与输入的密码不符！]

[时间]:2019-09-24 11:26:18,346
[级别]:ERROR
[内容]:11:26:18,128 功能号[tdsecuL.4.101]，errorCode[pubA.5.7.808]，errorinfo[操作员编号=58880002],errorprompt[操作员的密码与输入的密码不符！]

[时间]:2019-09-24 11:26:18,359
[级别]:ERROR
[内容]:11:26:18,128 功能号[tdsecuL.4.101]，errorCode[pubA.5.7.808]，errorinfo[操作员编号=58880002],errorprompt[操作员的密码与输入的密码不符！]

[时间]:2019-09-24 11:26:18,372
[级别]:ERROR
[内容]:11:26:18,128 功能号[tdsecuL.4.101]，errorCode[pubA.5.7.808]，errorinfo[操作员编号=58880002],errorprompt[操作员的密码与输入的密码不符！]

[时间]:2019-09-24 11:26:18,381
[级别]:ERROR
[内容]:11:26:18,330 功能号[tdsecuL.4.101]，errorCode[pubA.5.7.808]，errorinfo[操作员编号=58880002],errorprompt[操作员的密码与输入的密码不符！]

[时间]:2019-09-24 11:26:18,395
[级别]:ERROR
[内容]:11:26:18,330 功能号[tdsecuL.4.101]，errorCode[pubA.5.7.808]，errorinfo[操作员编号=58880002],errorprompt[操作员的密码与输入的密码不符！]

[时间]:2019-09-24 11:26:18,406
[级别]:ERROR
[内容]:11:26:18,330 功能号[tdsecuL.4.101]，errorCode[pubA.5.7.808]，errorinfo[操作员编号=58880002],errorprompt[操作员的密码与输入的密码不符！]

[时间]:2019-09-24 11:26:18,415
[级别]:ERROR
[内容]:11:26:18,330 功能号[tdsecuL.4.101]，errorCode[pubA.5.7.808]，errorinfo[操作员编号=58880002],errorprompt[操作员的密码与输入的密码不符！]

[时间]:2019-09-24 11:26:18,423
[级别]:ERROR
[内容]:11:26:18,330 功能号[tdsecuL.4.101]，errorCode[pubA.5.7.808]，errorinfo[操作员编号=58880002],errorprompt[操作员的密码与输入的密码不符！]

[时间]:2019-09-24 11:26:18,433
[级别]:ERROR
[内容]:11:26:18,342 功能号[tdsecuL.4.101]，errorCode[pubA.5.7.808]，errorinfo[操作员编号=58880002],errorprompt[操作员的密码与输入的密码不符！]

[时间]:2019-09-24 11:26:18,443
[级别]:ERROR
[内容]:11:26:18,343 功能号[tdsecuL.4.101]，errorCode[pubA.5.7.808]，errorinfo[操作员编号=58880002],errorprompt[操作员的密码与输入的密码不符！]

[时间]:2019-09-24 11:26:18,452
[级别]:ERROR
[内容]:11:26:18,343 功能号[tdsecuL.4.101]，errorCode[pubA.5.7.808]，errorinfo[操作员编号=58880002],errorprompt[操作员的密码与输入的密码不符！]

[时间]:2019-09-24 11:26:18,461
[级别]:ERROR
[内容]:11:26:18,343 功能号[tdsecuL.4.101]，errorCode[pubA.5.7.808]，errorinfo[操作员编号=58880002],errorprompt[操作员的密码与输入的密码不符！]

[时间]:2019-09-24 11:26:18,471
[级别]:ERROR
[内容]:11:26:18,343 功能号[tdsecuL.4.101]，errorCode[pubA.5.7.808]，errorinfo[操作员编号=58880002],errorprompt[操作员的密码与输入的密码不符！]

[时间]:2019-09-24 11:26:18,481
[级别]:ERROR
[内容]:11:26:18,343 功能号[tdsecuL.4.101]，errorCode[pubA.5.7.808]，errorinfo[操作员编号=58880002],errorprompt[操作员的密码与输入的密码不符！]

[时间]:2019-09-24 11:26:18,533
[级别]:ERROR
[内容]:11:26:18,530 功能号[tdsecuL.4.101]，errorCode[pubA.5.7.808]，errorinfo[操作员编号=58880002],errorprompt[操作员的密码与输入的密码不符！]

[时间]:2019-09-24 11:26:18,544
[级别]:ERROR
[内容]:11:26:18,530 功能号[tdsecuL.4.101]，errorCode[pubA.5.7.808]，errorinfo[操作员编号=58880002],errorprompt[操作员的密码与输入的密码不符！]

[时间]:2019-09-24 11:26:18,554
[级别]:ERROR
[内容]:11:26:18,530 功能号[tdsecuL.4.101]，errorCode[pubA.5.7.808]，errorinfo[操作员编号=58880002],errorprompt[操作员的密码与输入的密码不符！]

[时间]:2019-09-24 11:26:18,562
[级别]:ERROR
[内容]:11:26:18,530 功能号[tdsecuL.4.101]，errorCode[pubA.5.7.808]，errorinfo[操作员编号=58880002],errorprompt[操作员的密码与输入的密码不符！]

[时间]:2019-09-24 11:26:18,575
[级别]:ERROR
[内容]:11:26:18,530 功能号[tdsecuL.4.101]，errorCode[pubA.5.7.808]，errorinfo[操作员编号=58880002],errorprompt[操作员的密码与输入的密码不符！]

[时间]:2019-09-24 11:26:18,588
[级别]:ERROR
[内容]:11:26:18,530 功能号[tdsecuL.4.101]，errorCode[pubA.5.7.808]，errorinfo[操作员编号=58880002],errorprompt[操作员的密码与输入的密码不符！]

[时间]:2019-09-24 11:26:18,603
[级别]:ERROR
[内容]:11:26:18,530 功能号[tdsecuL.4.101]，errorCode[pubA.5.7.808]，errorinfo[操作员编号=58880002],errorprompt[操作员的密码与输入的密码不符！]

[时间]:2019-09-24 11:26:18,614
[级别]:ERROR
[内容]:11:26:18,530 功能号[tdsecuL.4.101]，errorCode[pubA.5.7.808]，errorinfo[操作员编号=58880002],errorprompt[操作员的密码与输入的密码不符！]

[时间]:2019-09-24 11:26:18,629
[级别]:ERROR
[内容]:11:26:18,530 功能号[tdsecuL.4.101]，errorCode[pubA.5.7.808]，errorinfo[操作员编号=58880002],errorprompt[操作员的密码与输入的密码不符！]

[时间]:2019-09-24 11:26:18,639
[级别]:ERROR
[内容]:11:26:18,530 功能号[tdsecuL.4.101]，errorCode[pubA.5.7.808]，errorinfo[操作员编号=58880002],errorprompt[操作员的密码与输入的密码不符！]

[时间]:2019-09-24 11:26:18,650
[级别]:ERROR
[内容]:11:26:18,530 功能号[tdsecuL.4.101]，errorCode[pubA.5.7.808]，errorinfo[操作员编号=58880002],errorprompt[操作员的密码与输入的密码不符！]

[时间]:2019-09-24 11:26:18,661
[级别]:ERROR
[内容]:11:26:18,530 功能号[tdsecuL.4.101]，errorCode[pubA.5.7.808]，errorinfo[操作员编号=58880002],errorprompt[操作员的密码与输入的密码不符！]

[时间]:2019-09-24 11:26:18,671
[级别]:ERROR
[内容]:11:26:18,530 功能号[tdsecuL.4.101]，errorCode[pubA.5.7.808]，errorinfo[操作员编号=58880002],errorprompt[操作员的密码与输入的密码不符！]

[时间]:2019-09-24 11:26:18,682
[级别]:ERROR
[内容]:11:26:18,530 功能号[tdsecuL.4.101]，errorCode[pubA.5.7.808]，errorinfo[操作员编号=58880002],errorprompt[操作员的密码与输入的密码不符！]

[时间]:2019-09-24 11:26:18,693
[级别]:ERROR
[内容]:11:26:18,531 功能号[tdsecuL.4.101]，errorCode[pubA.5.7.808]，errorinfo[操作员编号=58880002],errorprompt[操作员的密码与输入的密码不符！]

[时间]:2019-09-24 11:26:18,702
[级别]:ERROR
[内容]:11:26:18,531 功能号[tdsecuL.4.101]，errorCode[pubA.5.7.808]，errorinfo[操作员编号=58880002],errorprompt[操作员的密码与输入的密码不符！]

[时间]:2019-09-24 11:26:18,711
[级别]:ERROR
[内容]:11:26:18,531 功能号[tdsecuL.4.101]，errorCode[pubA.5.7.808]，errorinfo[操作员编号=58880002],errorprompt[操作员的密码与输入的密码不符！]

[时间]:2019-09-24 11:26:18,720
[级别]:ERROR
[内容]:11:26:18,531 功能号[tdsecuL.4.101]，errorCode[pubA.5.7.808]，errorinfo[操作员编号=58880002],errorprompt[操作员的密码与输入的密码不符！]

[时间]:2019-09-24 11:26:18,728
[级别]:ERROR
[内容]:11:26:18,531 功能号[tdsecuL.4.101]，errorCode[pubA.5.7.808]，errorinfo[操作员编号=58880002],errorprompt[操作员的密码与输入的密码不符！]

[时间]:2019-09-24 11:26:18,738
[级别]:ERROR
[内容]:11:26:18,531 功能号[tdsecuL.4.101]，errorCode[pubA.5.7.808]，errorinfo[操作员编号=58880002],errorprompt[操作员的密码与输入的密码不符！]

[时间]:2019-09-24 11:26:18,749
[级别]:ERROR
[内容]:11:26:18,531 功能号[tdsecuL.4.101]，errorCode[pubA.5.7.808]，errorinfo[操作员编号=58880002],errorprompt[操作员的密码与输入的密码不符！]

[时间]:2019-09-24 11:26:18,760
[级别]:ERROR
[内容]:11:26:18,531 功能号[tdsecuL.4.101]，errorCode[pubA.5.7.808]，errorinfo[操作员编号=58880002],errorprompt[操作员的密码与输入的密码不符！]

[时间]:2019-09-24 11:26:18,771
[级别]:ERROR
[内容]:11:26:18,531 功能号[tdsecuL.4.101]，errorCode[pubA.5.7.808]，errorinfo[操作员编号=58880002],errorprompt[操作员的密码与输入的密码不符！]

[时间]:2019-09-24 11:26:18,779
[级别]:ERROR
[内容]:11:26:18,531 功能号[tdsecuL.4.101]，errorCode[pubA.5.7.808]，errorinfo[操作员编号=58880002],errorprompt[操作员的密码与输入的密码不符！]

[时间]:2019-09-24 11:26:18,790
[级别]:ERROR
[内容]:11:26:18,531 功能号[tdsecuL.4.101]，errorCode[pubA.5.7.808]，errorinfo[操作员编号=58880002],errorprompt[操作员的密码与输入的密码不符！]

[时间]:2019-09-24 11:26:18,803
[级别]:ERROR
[内容]:11:26:18,531 功能号[tdsecuL.4.101]，errorCode[pubA.5.7.808]，errorinfo[操作员编号=58880002],errorprompt[操作员的密码与输入的密码不符！]

[时间]:2019-09-24 11:26:18,816
[级别]:ERROR
[内容]:11:26:18,531 功能号[tdsecuL.4.101]，errorCode[pubA.5.7.808]，errorinfo[操作员编号=58880002],errorprompt[操作员的密码与输入的密码不符！]

[时间]:2019-09-24 11:26:18,824
[级别]:ERROR
[内容]:11:26:18,735 功能号[tdsecuL.4.101]，errorCode[pubA.5.7.808]，errorinfo[操作员编号=58880002],errorprompt[操作员的密码与输入的密码不符！]

[时间]:2019-09-24 11:26:18,834
[级别]:ERROR
[内容]:11:26:18,735 功能号[tdsecuL.4.101]，errorCode[pubA.5.7.808]，errorinfo[操作员编号=58880002],errorprompt[操作员的密码与输入的密码不符！]

[时间]:2019-09-24 11:26:18,845
[级别]:ERROR
[内容]:11:26:18,735 功能号[tdsecuL.4.101]，errorCode[pubA.5.7.808]，errorinfo[操作员编号=58880002],errorprompt[操作员的密码与输入的密码不符！]

[时间]:2019-09-24 11:26:18,853
[级别]:ERROR
[内容]:11:26:18,735 功能号[tdsecuL.4.101]，errorCode[pubA.5.7.808]，errorinfo[操作员编号=58880002],errorprompt[操作员的密码与输入的密码不符！]

[时间]:2019-09-24 11:26:18,939
[级别]:ERROR
[内容]:11:26:18,935 功能号[tdsecuL.4.101]，errorCode[pubA.5.7.808]，errorinfo[操作员编号=58880002],errorprompt[操作员的密码与输入的密码不符！]

[时间]:2019-09-24 11:26:18,947
[级别]:ERROR
[内容]:11:26:18,935 功能号[tdsecuL.4.101]，errorCode[pubA.5.7.808]，errorinfo[操作员编号=58880002],errorprompt[操作员的密码与输入的密码不符！]

[时间]:2019-09-24 11:26:18,956
[级别]:ERROR
[内容]:11:26:18,935 功能号[tdsecuL.4.101]，errorCode[pubA.5.7.808]，errorinfo[操作员编号=58880002],errorprompt[操作员的密码与输入的密码不符！]

[时间]:2019-09-24 11:26:18,966
[级别]:ERROR
[内容]:11:26:18,935 功能号[tdsecuL.4.101]，errorCode[pubA.5.7.808]，errorinfo[操作员编号=58880002],errorprompt[操作员的密码与输入的密码不符！]

[时间]:2019-09-24 11:26:18,975
[级别]:ERROR
[内容]:11:26:18,935 功能号[tdsecuL.4.101]，errorCode[pubA.5.7.808]，errorinfo[操作员编号=58880002],errorprompt[操作员的密码与输入的密码不符！]

[时间]:2019-09-24 11:26:18,983
[级别]:ERROR
[内容]:11:26:18,935 功能号[tdsecuL.4.101]，errorCode[pubA.5.7.808]，errorinfo[操作员编号=58880002],errorprompt[操作员的密码与输入的密码不符！]

[时间]:2019-09-24 11:26:18,992
[级别]:ERROR
[内容]:11:26:18,936 功能号[tdsecuL.4.101]，errorCode[pubA.5.7.808]，errorinfo[操作员编号=58880002],errorprompt[操作员的密码与输入的密码不符！]

[时间]:2019-09-24 11:26:19,002
[级别]:ERROR
[内容]:11:26:18,936 功能号[tdsecuL.4.101]，errorCode[pubA.5.7.808]，errorinfo[操作员编号=58880002],errorprompt[操作员的密码与输入的密码不符！]

[时间]:2019-09-24 11:26:19,013
[级别]:ERROR
[内容]:11:26:18,936 功能号[tdsecuL.4.101]，errorCode[pubA.5.7.808]，errorinfo[操作员编号=58880002],errorprompt[操作员的密码与输入的密码不符！]

[时间]:2019-09-24 11:26:19,144
[级别]:ERROR
[内容]:11:26:19,136 功能号[tdsecuL.4.101]，errorCode[pubA.5.7.808]，errorinfo[操作员编号=58880002],errorprompt[操作员的密码与输入的密码不符！]

[时间]:2019-09-24 11:26:19,155
[级别]:ERROR
[内容]:11:26:19,136 功能号[tdsecuL.4.101]，errorCode[pubA.5.7.808]，errorinfo[操作员编号=58880002],errorprompt[操作员的密码与输入的密码不符！]

[时间]:2019-09-24 11:26:19,166
[级别]:ERROR
[内容]:11:26:19,136 功能号[tdsecuL.4.101]，errorCode[pubA.5.7.808]，errorinfo[操作员编号=58880002],errorprompt[操作员的密码与输入的密码不符！]

[时间]:2019-09-24 11:26:19,176
[级别]:ERROR
[内容]:11:26:19,136 功能号[tdsecuL.4.101]，errorCode[pubA.5.7.808]，errorinfo[操作员编号=58880002],errorprompt[操作员的密码与输入的密码不符！]

[时间]:2019-09-24 11:26:19,186
[级别]:ERROR
[内容]:11:26:19,136 功能号[tdsecuL.4.101]，errorCode[pubA.5.7.808]，errorinfo[操作员编号=58880002],errorprompt[操作员的密码与输入的密码不符！]

[时间]:2019-09-24 11:26:19,198
[级别]:ERROR
[内容]:11:26:19,136 功能号[tdsecuL.4.101]，errorCode[pubA.5.7.808]，errorinfo[操作员编号=58880002],errorprompt[操作员的密码与输入的密码不符！]

[时间]:2019-09-24 11:26:19,210
[级别]:ERROR
[内容]:11:26:19,136 功能号[tdsecuL.4.101]，errorCode[pubA.5.7.808]，errorinfo[操作员编号=58880002],errorprompt[操作员的密码与输入的密码不符！]

[时间]:2019-09-24 11:26:19,338
[级别]:ERROR
[内容]:11:26:19,336 功能号[tdsecuL.4.101]，errorCode[pubA.5.7.808]，errorinfo[操作员编号=58880002],errorprompt[操作员的密码与输入的密码不符！]

[时间]:2019-09-24 11:26:19,353
[级别]:ERROR
[内容]:11:26:19,336 功能号[tdsecuL.4.101]，errorCode[pubA.5.7.808]，errorinfo[操作员编号=58880002],errorprompt[操作员的密码与输入的密码不符！]

[时间]:2019-09-24 11:26:19,364
[级别]:ERROR
[内容]:11:26:19,336 功能号[tdsecuL.4.101]，errorCode[pubA.5.7.808]，errorinfo[操作员编号=58880002],errorprompt[操作员的密码与输入的密码不符！]

[时间]:2019-09-24 11:26:19,541
[级别]:ERROR
[内容]:11:26:19,537 功能号[tdsecuL.4.101]，errorCode[pubA.5.7.808]，errorinfo[操作员编号=58880002],errorprompt[操作员的密码与输入的密码不符！]

[时间]:2019-09-24 11:26:19,554
[级别]:ERROR
[内容]:11:26:19,537 功能号[tdsecuL.4.101]，errorCode[pubA.5.7.808]，errorinfo[操作员编号=58880002],errorprompt[操作员的密码与输入的密码不符！]

[时间]:2019-09-24 11:26:19,566
[级别]:ERROR
[内容]:11:26:19,537 功能号[tdsecuL.4.101]，errorCode[pubA.5.7.808]，errorinfo[操作员编号=58880002],errorprompt[操作员的密码与输入的密码不符！]

[时间]:2019-09-24 11:26:19,576
[级别]:ERROR
[内容]:11:26:19,537 功能号[tdsecuL.4.101]，errorCode[pubA.5.7.808]，errorinfo[操作员编号=58880002],errorprompt[操作员的密码与输入的密码不符！]

[时间]:2019-09-24 11:26:19,584
[级别]:ERROR
[内容]:11:26:19,537 功能号[tdsecuL.4.101]，errorCode[pubA.5.7.808]，errorinfo[操作员编号=58880002],errorprompt[操作员的密码与输入的密码不符！]

[时间]:2019-09-24 11:26:19,594
[级别]:ERROR
[内容]:11:26:19,537 功能号[tdsecuL.4.101]，errorCode[pubA.5.7.808]，errorinfo[操作员编号=58880002],errorprompt[操作员的密码与输入的密码不符！]

[时间]:2019-09-24 11:26:19,604
[级别]:ERROR
[内容]:11:26:19,537 功能号[tdsecuL.4.101]，errorCode[pubA.5.7.808]，errorinfo[操作员编号=58880002],errorprompt[操作员的密码与输入的密码不符！]

[时间]:2019-09-24 11:26:19,614
[级别]:ERROR
[内容]:11:26:19,537 功能号[tdsecuL.4.101]，errorCode[pubA.5.7.808]，errorinfo[操作员编号=58880002],errorprompt[操作员的密码与输入的密码不符！]

[时间]:2019-09-24 11:26:19,626
[级别]:ERROR
[内容]:11:26:19,537 功能号[tdsecuL.4.101]，errorCode[pubA.5.7.808]，errorinfo[操作员编号=58880002],errorprompt[操作员的密码与输入的密码不符！]

[时间]:2019-09-24 11:26:19,636
[级别]:ERROR
[内容]:11:26:19,537 功能号[tdsecuL.4.101]，errorCode[pubA.5.7.808]，errorinfo[操作员编号=58880002],errorprompt[操作员的密码与输入的密码不符！]

[时间]:2019-09-24 11:26:19,645
[级别]:ERROR
[内容]:11:26:19,538 功能号[tdsecuL.4.101]，errorCode[pubA.5.7.808]，errorinfo[操作员编号=58880002],errorprompt[操作员的密码与输入的密码不符！]

[时间]:2019-09-24 11:26:19,744
[级别]:ERROR
[内容]:11:26:19,738 功能号[tdsecuL.4.101]，errorCode[pubA.5.7.808]，errorinfo[操作员编号=58880002],errorprompt[操作员的密码与输入的密码不符！]

[时间]:2019-09-24 11:26:19,759
[级别]:ERROR
[内容]:11:26:19,738 功能号[tdsecuL.4.101]，errorCode[pubA.5.7.808]，errorinfo[操作员编号=58880002],errorprompt[操作员的密码与输入的密码不符！]

[时间]:2019-09-24 11:26:19,768
[级别]:ERROR
[内容]:11:26:19,738 功能号[tdsecuL.4.101]，errorCode[pubA.5.7.808]，errorinfo[操作员编号=58880002],errorprompt[操作员的密码与输入的密码不符！]

[时间]:2019-09-24 11:26:19,777
[级别]:ERROR
[内容]:11:26:19,738 功能号[tdsecuL.4.101]，errorCode[pubA.5.7.808]，errorinfo[操作员编号=58880002],errorprompt[操作员的密码与输入的密码不符！]

[时间]:2019-09-24 11:26:19,792
[级别]:ERROR
[内容]:11:26:19,739 功能号[tdsecuL.4.101]，errorCode[pubA.5.7.808]，errorinfo[操作员编号=58880002],errorprompt[操作员的密码与输入的密码不符！]

[时间]:2019-09-24 11:26:19,803
[级别]:ERROR
[内容]:11:26:19,739 功能号[tdsecuL.4.101]，errorCode[pubA.5.7.808]，errorinfo[操作员编号=58880002],errorprompt[操作员的密码与输入的密码不符！]

[时间]:2019-09-24 11:26:19,814
[级别]:ERROR
[内容]:11:26:19,739 功能号[tdsecuL.4.101]，errorCode[pubA.5.7.808]，errorinfo[操作员编号=58880002],errorprompt[操作员的密码与输入的密码不符！]

[时间]:2019-09-24 11:26:19,833
[级别]:ERROR
[内容]:11:26:19,739 功能号[tdsecuL.4.101]，errorCode[pubA.5.7.808]，errorinfo[操作员编号=58880002],errorprompt[操作员的密码与输入的密码不符！]

[时间]:2019-09-24 11:26:19,845
[级别]:ERROR
[内容]:11:26:19,739 功能号[tdsecuL.4.101]，errorCode[pubA.5.7.808]，errorinfo[操作员编号=58880002],errorprompt[操作员的密码与输入的密码不符！]

[时间]:2019-09-24 11:26:19,859
[级别]:ERROR
[内容]:11:26:19,739 功能号[tdsecuL.4.101]，errorCode[pubA.5.7.808]，errorinfo[操作员编号=58880002],errorprompt[操作员的密码与输入的密码不符！]

[时间]:2019-09-24 11:26:19,874
[级别]:ERROR
[内容]:11:26:19,739 功能号[tdsecuL.4.101]，errorCode[pubA.5.7.808]，errorinfo[操作员编号=58880002],errorprompt[操作员的密码与输入的密码不符！]

[时间]:2019-09-24 11:26:19,884
[级别]:ERROR
[内容]:11:26:19,739 功能号[tdsecuL.4.101]，errorCode[pubA.5.7.808]，errorinfo[操作员编号=58880002],errorprompt[操作员的密码与输入的密码不符！]

[时间]:2019-09-24 11:26:19,895
[级别]:ERROR
[内容]:11:26:19,739 功能号[tdsecuL.4.101]，errorCode[pubA.5.7.808]，errorinfo[操作员编号=58880002],errorprompt[操作员的密码与输入的密码不符！]

[时间]:2019-09-24 11:26:19,907
[级别]:ERROR
[内容]:11:26:19,739 功能号[tdsecuL.4.101]，errorCode[pubA.5.7.808]，errorinfo[操作员编号=58880002],errorprompt[操作员的密码与输入的密码不符！]

[时间]:2019-09-24 11:26:19,919
[级别]:ERROR
[内容]:11:26:19,739 功能号[tdsecuL.4.101]，errorCode[pubA.5.7.808]，errorinfo[操作员编号=58880002],errorprompt[操作员的密码与输入的密码不符！]

[时间]:2019-09-24 11:26:19,927
[级别]:ERROR
[内容]:11:26:19,739 功能号[tdsecuL.4.101]，errorCode[pubA.5.7.808]，errorinfo[操作员编号=58880002],errorprompt[操作员的密码与输入的密码不符！]

[时间]:2019-09-24 11:26:19,937
[级别]:ERROR
[内容]:11:26:19,739 功能号[tdsecuL.4.101]，errorCode[pubA.5.7.808]，errorinfo[操作员编号=58880002],errorprompt[操作员的密码与输入的密码不符！]

[时间]:2019-09-24 11:26:19,950
[级别]:ERROR
[内容]:11:26:19,739 功能号[tdsecuL.4.101]，errorCode[pubA.5.7.808]，errorinfo[操作员编号=58880002],errorprompt[操作员的密码与输入的密码不符！]

[时间]:2019-09-24 11:26:19,961
[级别]:ERROR
[内容]:11:26:19,739 功能号[tdsecuL.4.101]，errorCode[pubA.5.7.808]，errorinfo[操作员编号=58880002],errorprompt[操作员的密码与输入的密码不符！]

[时间]:2019-09-24 11:26:19,970
[级别]:ERROR
[内容]:11:26:19,739 功能号[tdsecuL.4.101]，errorCode[pubA.5.7.808]，errorinfo[操作员编号=58880002],errorprompt[操作员的密码与输入的密码不符！]

[时间]:2019-09-24 11:26:19,981
[级别]:ERROR
[内容]:11:26:19,739 功能号[tdsecuL.4.101]，errorCode[pubA.5.7.808]，errorinfo[操作员编号=58880002],errorprompt[操作员的密码与输入的密码不符！]

[时间]:2019-09-24 11:26:19,995
[级别]:ERROR
[内容]:11:26:19,945 功能号[tdsecuL.4.101]，errorCode[pubA.5.7.808]，errorinfo[操作员编号=58880002],errorprompt[操作员的密码与输入的密码不符！]

[时间]:2019-09-24 11:26:20,003
[级别]:ERROR
[内容]:11:26:19,945 功能号[tdsecuL.4.101]，errorCode[pubA.5.7.808]，errorinfo[操作员编号=58880002],errorprompt[操作员的密码与输入的密码不符！]

[时间]:2019-09-24 11:26:20,013
[级别]:ERROR
[内容]:11:26:19,945 功能号[tdsecuL.4.101]，errorCode[pubA.5.7.808]，errorinfo[操作员编号=58880002],errorprompt[操作员的密码与输入的密码不符！]

[时间]:2019-09-24 11:26:20,030
[级别]:ERROR
[内容]:11:26:19,945 功能号[tdsecuL.4.101]，errorCode[pubA.5.7.808]，errorinfo[操作员编号=58880002],errorprompt[操作员的密码与输入的密码不符！]

[时间]:2019-09-24 11:26:20,047
[级别]:ERROR
[内容]:11:26:19,945 功能号[tdsecuL.4.101]，errorCode[pubA.5.7.808]，errorinfo[操作员编号=58880002],errorprompt[操作员的密码与输入的密码不符！]

[时间]:2019-09-24 11:26:20,064
[级别]:ERROR
[内容]:11:26:19,945 功能号[tdsecuL.4.101]，errorCode[pubA.5.7.808]，errorinfo[操作员编号=58880002],errorprompt[操作员的密码与输入的密码不符！]

[时间]:2019-09-24 11:26:20,081
[级别]:ERROR
[内容]:11:26:19,945 功能号[tdsecuL.4.101]，errorCode[pubA.5.7.808]，errorinfo[操作员编号=58880002],errorprompt[操作员的密码与输入的密码不符！]

[时间]:2019-09-24 11:26:20,092
[级别]:ERROR
[内容]:11:26:19,945 功能号[tdsecuL.4.101]，errorCode[pubA.5.7.808]，errorinfo[操作员编号=58880002],errorprompt[操作员的密码与输入的密码不符！]

[时间]:2019-09-24 11:26:20,115
[级别]:ERROR
[内容]:11:26:19,945 功能号[tdsecuL.4.101]，errorCode[pubA.5.7.808]，errorinfo[操作员编号=58880002],errorprompt[操作员的密码与输入的密码不符！]

[时间]:2019-09-24 11:26:20,133
[级别]:ERROR
[内容]:11:26:19,945 功能号[tdsecuL.4.101]，errorCode[pubA.5.7.808]，errorinfo[操作员编号=58880002],errorprompt[操作员的密码与输入的密码不符！]

[时间]:2019-09-24 11:26:20,160
[级别]:ERROR
[内容]:11:26:19,945 功能号[tdsecuL.4.101]，errorCode[pubA.5.7.808]，errorinfo[操作员编号=58880002],errorprompt[操作员的密码与输入的密码不符！]

[时间]:2019-09-24 11:26:20,185
[级别]:ERROR
[内容]:11:26:19,945 功能号[tdsecuL.4.101]，errorCode[pubA.5.7.808]，errorinfo[操作员编号=58880002],errorprompt[操作员的密码与输入的密码不符！]

[时间]:2019-09-24 11:26:20,193
[级别]:ERROR
[内容]:11:26:19,945 功能号[tdsecuL.4.101]，errorCode[pubA.5.7.808]，errorinfo[操作员编号=58880002],errorprompt[操作员的密码与输入的密码不符！]

[时间]:2019-09-24 11:26:20,204
[级别]:ERROR
[内容]:11:26:19,945 功能号[tdsecuL.4.101]，errorCode[pubA.5.7.808]，errorinfo[操作员编号=58880002],errorprompt[操作员的密码与输入的密码不符！]

[时间]:2019-09-24 11:26:20,214
[级别]:ERROR
[内容]:11:26:19,945 功能号[tdsecuL.4.101]，errorCode[pubA.5.7.808]，errorinfo[操作员编号=58880002],errorprompt[操作员的密码与输入的密码不符！]

[时间]:2019-09-24 11:26:20,226
[级别]:ERROR
[内容]:11:26:19,945 功能号[tdsecuL.4.101]，errorCode[pubA.5.7.808]，errorinfo[操作员编号=58880002],errorprompt[操作员的密码与输入的密码不符！]

[时间]:2019-09-24 11:26:20,236
[级别]:ERROR
[内容]:11:26:19,945 功能号[tdsecuL.4.101]，errorCode[pubA.5.7.808]，errorinfo[操作员编号=58880002],errorprompt[操作员的密码与输入的密码不符！]

[时间]:2019-09-24 11:26:20,247
[级别]:ERROR
[内容]:11:26:19,945 功能号[tdsecuL.4.101]，errorCode[pubA.5.7.808]，errorinfo[操作员编号=58880002],errorprompt[操作员的密码与输入的密码不符！]

[时间]:2019-09-24 11:26:20,257
[级别]:ERROR
[内容]:11:26:19,945 功能号[tdsecuL.4.101]，errorCode[pubA.5.7.808]，errorinfo[操作员编号=58880002],errorprompt[操作员的密码与输入的密码不符！]

[时间]:2019-09-24 11:26:20,267
[级别]:ERROR
[内容]:11:26:19,946 功能号[tdsecuL.4.101]，errorCode[pubA.5.7.808]，errorinfo[操作员编号=58880002],errorprompt[操作员的密码与输入的密码不符！]

[时间]:2019-09-24 11:26:20,277
[级别]:ERROR
[内容]:11:26:19,946 功能号[tdsecuL.4.101]，errorCode[pubA.5.7.808]，errorinfo[操作员编号=58880002],errorprompt[操作员的密码与输入的密码不符！]

[时间]:2019-09-24 11:26:20,287
[级别]:ERROR
[内容]:11:26:20,158 功能号[tdsecuL.4.101]，errorCode[pubA.5.7.808]，errorinfo[操作员编号=58880002],errorprompt[操作员的密码与输入的密码不符！]

[时间]:2019-09-24 11:26:20,306
[级别]:ERROR
[内容]:11:26:20,158 功能号[tdsecuL.4.101]，errorCode[pubA.5.7.808]，errorinfo[操作员编号=58880002],errorprompt[操作员的密码与输入的密码不符！]

[时间]:2019-09-24 11:26:20,322
[级别]:ERROR
[内容]:11:26:20,158 功能号[tdsecuL.4.101]，errorCode[pubA.5.7.808]，errorinfo[操作员编号=58880002],errorprompt[操作员的密码与输入的密码不符！]

[时间]:2019-09-24 11:26:20,337
[级别]:ERROR
[内容]:11:26:20,158 功能号[tdsecuL.4.101]，errorCode[pubA.5.7.808]，errorinfo[操作员编号=58880002],errorprompt[操作员的密码与输入的密码不符！]

[时间]:2019-09-24 11:26:20,361
[级别]:ERROR
[内容]:11:26:20,158 功能号[tdsecuL.4.101]，errorCode[pubA.5.7.808]，errorinfo[操作员编号=58880002],errorprompt[操作员的密码与输入的密码不符！]

[时间]:2019-09-24 11:26:20,385
[级别]:ERROR
[内容]:11:26:20,158 功能号[tdsecuL.4.101]，errorCode[pubA.5.7.808]，errorinfo[操作员编号=58880002],errorprompt[操作员的密码与输入的密码不符！]

[时间]:2019-09-24 11:26:20,405
[级别]:ERROR
[内容]:11:26:20,158 功能号[tdsecuL.4.101]，errorCode[pubA.5.7.808]，errorinfo[操作员编号=58880002],errorprompt[操作员的密码与输入的密码不符！]

[时间]:2019-09-24 11:26:20,416
[级别]:ERROR
[内容]:11:26:20,158 功能号[tdsecuL.4.101]，errorCode[pubA.5.7.808]，errorinfo[操作员编号=58880002],errorprompt[操作员的密码与输入的密码不符！]

[时间]:2019-09-24 11:26:20,425
[级别]:ERROR
[内容]:11:26:20,158 功能号[tdsecuL.4.101]，errorCode[pubA.5.7.808]，errorinfo[操作员编号=58880002],errorprompt[操作员的密码与输入的密码不符！]

[时间]:2019-09-24 11:26:20,435
[级别]:ERROR
[内容]:11:26:20,158 功能号[tdsecuL.4.101]，errorCode[pubA.5.7.808]，errorinfo[操作员编号=58880002],errorprompt[操作员的密码与输入的密码不符！]

[时间]:2019-09-24 11:26:20,445
[级别]:ERROR
[内容]:11:26:20,158 功能号[tdsecuL.4.101]，errorCode[pubA.5.7.808]，errorinfo[操作员编号=58880002],errorprompt[操作员的密码与输入的密码不符！]

[时间]:2019-09-24 11:26:20,455
[级别]:ERROR
[内容]:11:26:20,158 功能号[tdsecuL.4.101]，errorCode[pubA.5.7.808]，errorinfo[操作员编号=58880002],errorprompt[操作员的密码与输入的密码不符！]

[时间]:2019-09-24 11:26:20,481
[级别]:ERROR
[内容]:11:26:20,158 功能号[tdsecuL.4.101]，errorCode[pubA.5.7.808]，errorinfo[操作员编号=58880002],errorprompt[操作员的密码与输入的密码不符！]

[时间]:2019-09-24 11:26:20,491
[级别]:ERROR
[内容]:11:26:20,158 功能号[tdsecuL.4.101]，errorCode[pubA.5.7.808]，errorinfo[操作员编号=58880002],errorprompt[操作员的密码与输入的密码不符！]

[时间]:2019-09-24 11:26:20,499
[级别]:ERROR
[内容]:11:26:20,158 功能号[tdsecuL.4.101]，errorCode[pubA.5.7.808]，errorinfo[操作员编号=58880002],errorprompt[操作员的密码与输入的密码不符！]

[时间]:2019-09-24 11:26:20,514
[级别]:ERROR
[内容]:11:26:20,158 功能号[tdsecuL.4.101]，errorCode[pubA.5.7.808]，errorinfo[操作员编号=58880002],errorprompt[操作员的密码与输入的密码不符！]

[时间]:2019-09-24 11:26:20,533
[级别]:ERROR
[内容]:11:26:20,158 功能号[tdsecuL.4.101]，errorCode[pubA.5.7.808]，errorinfo[操作员编号=58880002],errorprompt[操作员的密码与输入的密码不符！]

[时间]:2019-09-24 11:26:20,557
[级别]:ERROR
[内容]:11:26:20,159 功能号[tdsecuL.4.101]，errorCode[pubA.5.7.808]，errorinfo[操作员编号=58880002],errorprompt[操作员的密码与输入的密码不符！]

[时间]:2019-09-24 11:26:20,572
[级别]:ERROR
[内容]:11:26:20,159 功能号[tdsecuL.4.101]，errorCode[pubA.5.7.808]，errorinfo[操作员编号=58880002],errorprompt[操作员的密码与输入的密码不符！]

[时间]:2019-09-24 11:26:20,589
[级别]:ERROR
[内容]:11:26:20,366 功能号[tdsecuL.4.101]，errorCode[pubA.5.7.808]，errorinfo[操作员编号=58880002],errorprompt[操作员的密码与输入的密码不符！]

[时间]:2019-09-24 11:26:20,600
[级别]:ERROR
[内容]:11:26:20,366 功能号[tdsecuL.4.101]，errorCode[pubA.5.7.808]，errorinfo[操作员编号=58880002],errorprompt[操作员的密码与输入的密码不符！]

[时间]:2019-09-24 11:26:20,608
[级别]:ERROR
[内容]:11:26:20,366 功能号[tdsecuL.4.101]，errorCode[pubA.5.7.808]，errorinfo[操作员编号=58880002],errorprompt[操作员的密码与输入的密码不符！]

[时间]:2019-09-24 11:26:20,619
[级别]:ERROR
[内容]:11:26:20,366 功能号[tdsecuL.4.101]，errorCode[pubA.5.7.808]，errorinfo[操作员编号=58880002],errorprompt[操作员的密码与输入的密码不符！]

[时间]:2019-09-24 11:26:20,626
[级别]:ERROR
[内容]:11:26:20,366 功能号[tdsecuL.4.101]，errorCode[pubA.5.7.808]，errorinfo[操作员编号=58880002],errorprompt[操作员的密码与输入的密码不符！]

[时间]:2019-09-24 11:26:20,636
[级别]:ERROR
[内容]:11:26:20,366 功能号[tdsecuL.4.101]，errorCode[pubA.5.7.808]，errorinfo[操作员编号=58880002],errorprompt[操作员的密码与输入的密码不符！]

[时间]:2019-09-24 11:26:20,646
[级别]:ERROR
[内容]:11:26:20,366 功能号[tdsecuL.4.101]，errorCode[pubA.5.7.808]，errorinfo[操作员编号=58880002],errorprompt[操作员的密码与输入的密码不符！]

[时间]:2019-09-24 11:26:20,654
[级别]:ERROR
[内容]:11:26:20,366 功能号[tdsecuL.4.101]，errorCode[pubA.5.7.808]，errorinfo[操作员编号=58880002],errorprompt[操作员的密码与输入的密码不符！]

[时间]:2019-09-24 11:26:20,664
[级别]:ERROR
[内容]:11:26:20,366 功能号[tdsecuL.4.101]，errorCode[pubA.5.7.808]，errorinfo[操作员编号=58880002],errorprompt[操作员的密码与输入的密码不符！]

[时间]:2019-09-24 11:26:20,674
[级别]:ERROR
[内容]:11:26:20,366 功能号[tdsecuL.4.101]，errorCode[pubA.5.7.808]，errorinfo[操作员编号=58880002],errorprompt[操作员的密码与输入的密码不符！]

[时间]:2019-09-24 11:26:20,685
[级别]:ERROR
[内容]:11:26:20,366 功能号[tdsecuL.4.101]，errorCode[pubA.5.7.808]，errorinfo[操作员编号=58880002],errorprompt[操作员的密码与输入的密码不符！]

[时间]:2019-09-24 11:26:20,696
[级别]:ERROR
[内容]:11:26:20,366 功能号[tdsecuL.4.101]，errorCode[pubA.5.7.808]，errorinfo[操作员编号=58880002],errorprompt[操作员的密码与输入的密码不符！]

[时间]:2019-09-24 11:26:20,707
[级别]:ERROR
[内容]:11:26:20,367 功能号[tdsecuL.4.101]，errorCode[pubA.5.7.808]，errorinfo[操作员编号=58880002],errorprompt[操作员的密码与输入的密码不符！]

[时间]:2019-09-24 11:26:20,715
[级别]:ERROR
[内容]:11:26:20,367 功能号[tdsecuL.4.101]，errorCode[pubA.5.7.808]，errorinfo[操作员编号=58880002],errorprompt[操作员的密码与输入的密码不符！]

[时间]:2019-09-24 11:26:20,725
[级别]:ERROR
[内容]:11:26:20,367 功能号[tdsecuL.4.101]，errorCode[pubA.5.7.808]，errorinfo[操作员编号=58880002],errorprompt[操作员的密码与输入的密码不符！]

[时间]:2019-09-24 11:26:20,736
[级别]:ERROR
[内容]:11:26:20,367 功能号[tdsecuL.4.101]，errorCode[pubA.5.7.808]，errorinfo[操作员编号=58880002],errorprompt[操作员的密码与输入的密码不符！]

[时间]:2019-09-24 11:26:20,744
[级别]:ERROR
[内容]:11:26:20,367 功能号[tdsecuL.4.101]，errorCode[pubA.5.7.808]，errorinfo[操作员编号=58880002],errorprompt[操作员的密码与输入的密码不符！]

[时间]:2019-09-24 11:26:20,752
[级别]:ERROR
[内容]:11:26:20,572 功能号[tdsecuL.4.101]，errorCode[pubA.5.7.808]，errorinfo[操作员编号=58880002],errorprompt[操作员的密码与输入的密码不符！]

[时间]:2019-09-24 11:26:20,762
[级别]:ERROR
[内容]:11:26:20,572 功能号[tdsecuL.4.101]，errorCode[pubA.5.7.808]，errorinfo[操作员编号=58880002],errorprompt[操作员的密码与输入的密码不符！]

[时间]:2019-09-24 11:26:20,772
[级别]:ERROR
[内容]:11:26:20,572 功能号[tdsecuL.4.101]，errorCode[pubA.5.7.808]，errorinfo[操作员编号=58880002],errorprompt[操作员的密码与输入的密码不符！]

[时间]:2019-09-24 11:26:20,789
[级别]:ERROR
[内容]:11:26:20,572 功能号[tdsecuL.4.101]，errorCode[pubA.5.7.808]，errorinfo[操作员编号=58880002],errorprompt[操作员的密码与输入的密码不符！]

[时间]:2019-09-24 11:26:20,811
[级别]:ERROR
[内容]:11:26:20,572 功能号[tdsecuL.4.101]，errorCode[pubA.5.7.808]，errorinfo[操作员编号=58880002],errorprompt[操作员的密码与输入的密码不符！]

[时间]:2019-09-24 11:26:20,825
[级别]:ERROR
[内容]:11:26:20,572 功能号[tdsecuL.4.101]，errorCode[pubA.5.7.808]，errorinfo[操作员编号=58880002],errorprompt[操作员的密码与输入的密码不符！]

[时间]:2019-09-24 11:26:20,835
[级别]:ERROR
[内容]:11:26:20,572 功能号[tdsecuL.4.101]，errorCode[pubA.5.7.808]，errorinfo[操作员编号=58880002],errorprompt[操作员的密码与输入的密码不符！]

[时间]:2019-09-24 11:26:20,845
[级别]:ERROR
[内容]:11:26:20,572 功能号[tdsecuL.4.101]，errorCode[pubA.5.7.808]，errorinfo[操作员编号=58880002],errorprompt[操作员的密码与输入的密码不符！]

[时间]:2019-09-24 11:26:20,858
[级别]:ERROR
[内容]:11:26:20,572 功能号[tdsecuL.4.101]，errorCode[pubA.5.7.808]，errorinfo[操作员编号=58880002],errorprompt[操作员的密码与输入的密码不符！]

[时间]:2019-09-24 11:26:20,865
[级别]:ERROR
[内容]:11:26:20,572 功能号[tdsecuL.4.101]，errorCode[pubA.5.7.808]，errorinfo[操作员编号=58880002],errorprompt[操作员的密码与输入的密码不符！]

[时间]:2019-09-24 11:26:20,875
[级别]:ERROR
[内容]:11:26:20,572 功能号[tdsecuL.4.101]，errorCode[pubA.5.7.808]，errorinfo[操作员编号=58880002],errorprompt[操作员的密码与输入的密码不符！]

[时间]:2019-09-24 11:26:20,883
[级别]:ERROR
[内容]:11:26:20,572 功能号[tdsecuL.4.101]，errorCode[pubA.5.7.808]，errorinfo[操作员编号=58880002],errorprompt[操作员的密码与输入的密码不符！]

[时间]:2019-09-24 11:26:20,893
[级别]:ERROR
[内容]:11:26:20,572 功能号[tdsecuL.4.101]，errorCode[pubA.5.7.808]，errorinfo[操作员编号=58880002],errorprompt[操作员的密码与输入的密码不符！]

[时间]:2019-09-24 11:26:20,902
[级别]:ERROR
[内容]:11:26:20,572 功能号[tdsecuL.4.101]，errorCode[pubA.5.7.808]，errorinfo[操作员编号=58880002],errorprompt[操作员的密码与输入的密码不符！]

[时间]:2019-09-24 11:26:20,912
[级别]:ERROR
[内容]:11:26:20,572 功能号[tdsecuL.4.101]，errorCode[pubA.5.7.808]，errorinfo[操作员编号=58880002],errorprompt[操作员的密码与输入的密码不符！]

[时间]:2019-09-24 11:26:20,921
[级别]:ERROR
[内容]:11:26:20,572 功能号[tdsecuL.4.101]，errorCode[pubA.5.7.808]，errorinfo[操作员编号=58880002],errorprompt[操作员的密码与输入的密码不符！]

[时间]:2019-09-24 11:26:20,930
[级别]:ERROR
[内容]:11:26:20,776 功能号[tdsecuL.4.101]，errorCode[pubA.5.7.808]，errorinfo[操作员编号=58880002],errorprompt[操作员的密码与输入的密码不符！]

[时间]:2019-09-24 11:26:20,940
[级别]:ERROR
[内容]:11:26:20,776 功能号[tdsecuL.4.101]，errorCode[pubA.5.7.808]，errorinfo[操作员编号=58880002],errorprompt[操作员的密码与输入的密码不符！]

[时间]:2019-09-24 11:26:20,949
[级别]:ERROR
[内容]:11:26:20,776 功能号[tdsecuL.4.101]，errorCode[pubA.5.7.808]，errorinfo[操作员编号=58880002],errorprompt[操作员的密码与输入的密码不符！]

[时间]:2019-09-24 11:26:20,959
[级别]:ERROR
[内容]:11:26:20,776 功能号[tdsecuL.4.101]，errorCode[pubA.5.7.808]，errorinfo[操作员编号=58880002],errorprompt[操作员的密码与输入的密码不符！]

[时间]:2019-09-24 11:26:20,972
[级别]:ERROR
[内容]:11:26:20,787 功能号[tdsecuL.4.101]，errorCode[pubA.5.7.808]，errorinfo[操作员编号=58880002],errorprompt[操作员的密码与输入的密码不符！]

[时间]:2019-09-24 11:26:20,988
[级别]:ERROR
[内容]:11:26:20,787 功能号[tdsecuL.4.101]，errorCode[pubA.5.7.808]，errorinfo[操作员编号=58880002],errorprompt[操作员的密码与输入的密码不符！]

[时间]:2019-09-24 11:26:21,003
[级别]:ERROR
[内容]:11:26:20,787 功能号[tdsecuL.4.101]，errorCode[pubA.5.7.808]，errorinfo[操作员编号=58880002],errorprompt[操作员的密码与输入的密码不符！]

[时间]:2019-09-24 11:26:21,021
[级别]:ERROR
[内容]:11:26:20,788 功能号[tdsecuL.4.101]，errorCode[pubA.5.7.808]，errorinfo[操作员编号=58880002],errorprompt[操作员的密码与输入的密码不符！]

[时间]:2019-09-24 11:26:21,042
[级别]:ERROR
[内容]:11:26:20,788 功能号[tdsecuL.4.101]，errorCode[pubA.5.7.808]，errorinfo[操作员编号=58880002],errorprompt[操作员的密码与输入的密码不符！]

[时间]:2019-09-24 11:26:21,054
[级别]:ERROR
[内容]:11:26:20,788 功能号[tdsecuL.4.101]，errorCode[pubA.5.7.808]，errorinfo[操作员编号=58880002],errorprompt[操作员的密码与输入的密码不符！]

[时间]:2019-09-24 11:26:21,071
[级别]:ERROR
[内容]:11:26:20,977 功能号[tdsecuL.4.101]，errorCode[pubA.5.7.808]，errorinfo[操作员编号=58880002],errorprompt[操作员的密码与输入的密码不符！]

[时间]:2019-09-24 11:26:21,089
[级别]:ERROR
[内容]:11:26:20,977 功能号[tdsecuL.4.101]，errorCode[pubA.5.7.808]，errorinfo[操作员编号=58880002],errorprompt[操作员的密码与输入的密码不符！]

[时间]:2019-09-24 11:26:21,101
[级别]:ERROR
[内容]:11:26:20,977 功能号[tdsecuL.4.101]，errorCode[pubA.5.7.808]，errorinfo[操作员编号=58880002],errorprompt[操作员的密码与输入的密码不符！]

[时间]:2019-09-24 11:26:21,113
[级别]:ERROR
[内容]:11:26:20,977 功能号[tdsecuL.4.101]，errorCode[pubA.5.7.808]，errorinfo[操作员编号=58880002],errorprompt[操作员的密码与输入的密码不符！]

[时间]:2019-09-24 11:26:21,123
[级别]:ERROR
[内容]:11:26:20,977 功能号[tdsecuL.4.101]，errorCode[pubA.5.7.808]，errorinfo[操作员编号=58880002],errorprompt[操作员的密码与输入的密码不符！]

[时间]:2019-09-24 11:26:21,133
[级别]:ERROR
[内容]:11:26:20,977 功能号[tdsecuL.4.101]，errorCode[pubA.5.7.808]，errorinfo[操作员编号=58880002],errorprompt[操作员的密码与输入的密码不符！]

[时间]:2019-09-24 11:26:21,143
[级别]:ERROR
[内容]:11:26:20,977 功能号[tdsecuL.4.101]，errorCode[pubA.5.7.808]，errorinfo[操作员编号=58880002],errorprompt[操作员的密码与输入的密码不符！]

[时间]:2019-09-24 11:26:21,152
[级别]:ERROR
[内容]:11:26:20,978 功能号[tdsecuL.4.101]，errorCode[pubA.5.7.808]，errorinfo[操作员编号=58880002],errorprompt[操作员的密码与输入的密码不符！]

[时间]:2019-09-24 11:26:21,163
[级别]:ERROR
[内容]:11:26:20,978 功能号[tdsecuL.4.101]，errorCode[pubA.5.7.808]，errorinfo[操作员编号=58880002],errorprompt[操作员的密码与输入的密码不符！]

[时间]:2019-09-24 11:26:21,173
[级别]:ERROR
[内容]:11:26:20,978 功能号[tdsecuL.4.101]，errorCode[pubA.5.7.808]，errorinfo[操作员编号=58880002],errorprompt[操作员的密码与输入的密码不符！]

[时间]:2019-09-24 11:26:21,183
[级别]:ERROR
[内容]:11:26:20,978 功能号[tdsecuL.4.101]，errorCode[pubA.5.7.808]，errorinfo[操作员编号=58880002],errorprompt[操作员的密码与输入的密码不符！]

[时间]:2019-09-24 11:26:21,196
[级别]:ERROR
[内容]:11:26:21,182 功能号[tdsecuL.4.101]，errorCode[pubA.5.7.808]，errorinfo[操作员编号=58880002],errorprompt[操作员的密码与输入的密码不符！]

[时间]:2019-09-24 11:26:21,206
[级别]:ERROR
[内容]:11:26:21,182 功能号[tdsecuL.4.101]，errorCode[pubA.5.7.808]，errorinfo[操作员编号=58880002],errorprompt[操作员的密码与输入的密码不符！]

[时间]:2019-09-24 11:26:21,219
[级别]:ERROR
[内容]:11:26:21,182 功能号[tdsecuL.4.101]，errorCode[pubA.5.7.808]，errorinfo[操作员编号=58880002],errorprompt[操作员的密码与输入的密码不符！]

[时间]:2019-09-24 11:26:21,236
[级别]:ERROR
[内容]:11:26:21,182 功能号[tdsecuL.4.101]，errorCode[pubA.5.7.808]，errorinfo[操作员编号=58880002],errorprompt[操作员的密码与输入的密码不符！]

[时间]:2019-09-24 11:26:21,249
[级别]:ERROR
[内容]:11:26:21,182 功能号[tdsecuL.4.101]，errorCode[pubA.5.7.808]，errorinfo[操作员编号=58880002],errorprompt[操作员的密码与输入的密码不符！]

[时间]:2019-09-24 11:26:21,259
[级别]:ERROR
[内容]:11:26:21,182 功能号[tdsecuL.4.101]，errorCode[pubA.5.7.808]，errorinfo[操作员编号=58880002],errorprompt[操作员的密码与输入的密码不符！]

[时间]:2019-09-24 11:26:21,270
[级别]:ERROR
[内容]:11:26:21,182 功能号[tdsecuL.4.101]，errorCode[pubA.5.7.808]，errorinfo[操作员编号=58880002],errorprompt[操作员的密码与输入的密码不符！]

[时间]:2019-09-24 11:26:21,279
[级别]:ERROR
[内容]:11:26:21,182 功能号[tdsecuL.4.101]，errorCode[pubA.5.7.808]，errorinfo[操作员编号=58880002],errorprompt[操作员的密码与输入的密码不符！]

[时间]:2019-09-24 11:26:21,289
[级别]:ERROR
[内容]:11:26:21,182 功能号[tdsecuL.4.101]，errorCode[pubA.5.7.808]，errorinfo[操作员编号=58880002],errorprompt[操作员的密码与输入的密码不符！]

[时间]:2019-09-24 11:26:21,297
[级别]:ERROR
[内容]:11:26:21,182 功能号[tdsecuL.4.101]，errorCode[pubA.5.7.808]，errorinfo[操作员编号=58880002],errorprompt[操作员的密码与输入的密码不符！]

[时间]:2019-09-24 11:26:21,305
[级别]:ERROR
[内容]:11:26:21,182 功能号[tdsecuL.4.101]，errorCode[pubA.5.7.808]，errorinfo[操作员编号=58880002],errorprompt[操作员的密码与输入的密码不符！]

[时间]:2019-09-24 11:26:21,316
[级别]:ERROR
[内容]:11:26:21,182 功能号[tdsecuL.4.101]，errorCode[pubA.5.7.808]，errorinfo[操作员编号=58880002],errorprompt[操作员的密码与输入的密码不符！]

[时间]:2019-09-24 11:26:21,326
[级别]:ERROR
[内容]:11:26:21,182 功能号[tdsecuL.4.101]，errorCode[pubA.5.7.808]，errorinfo[操作员编号=58880002],errorprompt[操作员的密码与输入的密码不符！]

[时间]:2019-09-24 11:26:21,336
[级别]:ERROR
[内容]:11:26:21,182 功能号[tdsecuL.4.101]，errorCode[pubA.5.7.808]，errorinfo[操作员编号=58880002],errorprompt[操作员的密码与输入的密码不符！]

[时间]:2019-09-24 11:26:21,347
[级别]:ERROR
[内容]:11:26:21,183 功能号[tdsecuL.4.101]，errorCode[pubA.5.7.808]，errorinfo[操作员编号=58880002],errorprompt[操作员的密码与输入的密码不符！]

[时间]:2019-09-24 11:26:21,357
[级别]:ERROR
[内容]:11:26:21,183 功能号[tdsecuL.4.101]，errorCode[pubA.5.7.808]，errorinfo[操作员编号=58880002],errorprompt[操作员的密码与输入的密码不符！]

[时间]:2019-09-24 11:26:21,370
[级别]:ERROR
[内容]:11:26:21,183 功能号[tdsecuL.4.101]，errorCode[pubA.5.7.808]，errorinfo[操作员编号=58880002],errorprompt[操作员的密码与输入的密码不符！]

[时间]:2019-09-24 11:26:21,383
[级别]:ERROR
[内容]:11:26:21,382 功能号[tdsecuL.4.101]，errorCode[pubA.5.7.808]，errorinfo[操作员编号=58880002],errorprompt[操作员的密码与输入的密码不符！]

[时间]:2019-09-24 11:26:21,398
[级别]:ERROR
[内容]:11:26:21,382 功能号[tdsecuL.4.101]，errorCode[pubA.5.7.808]，errorinfo[操作员编号=58880002],errorprompt[操作员的密码与输入的密码不符！]

[时间]:2019-09-24 11:26:21,411
[级别]:ERROR
[内容]:11:26:21,382 功能号[tdsecuL.4.101]，errorCode[pubA.5.7.808]，errorinfo[操作员编号=58880002],errorprompt[操作员的密码与输入的密码不符！]

[时间]:2019-09-24 11:26:21,424
[级别]:ERROR
[内容]:11:26:21,382 功能号[tdsecuL.4.101]，errorCode[pubA.5.7.808]，errorinfo[操作员编号=58880002],errorprompt[操作员的密码与输入的密码不符！]

[时间]:2019-09-24 11:26:21,436
[级别]:ERROR
[内容]:11:26:21,382 功能号[tdsecuL.4.101]，errorCode[pubA.5.7.808]，errorinfo[操作员编号=58880002],errorprompt[操作员的密码与输入的密码不符！]

[时间]:2019-09-24 11:26:21,460
[级别]:ERROR
[内容]:11:26:21,382 功能号[tdsecuL.4.101]，errorCode[pubA.5.7.808]，errorinfo[操作员编号=58880002],errorprompt[操作员的密码与输入的密码不符！]

[时间]:2019-09-24 11:26:21,472
[级别]:ERROR
[内容]:11:26:21,382 功能号[tdsecuL.4.101]，errorCode[pubA.5.7.808]，errorinfo[操作员编号=58880002],errorprompt[操作员的密码与输入的密码不符！]

[时间]:2019-09-24 11:26:21,483
[级别]:ERROR
[内容]:11:26:21,382 功能号[tdsecuL.4.101]，errorCode[pubA.5.7.808]，errorinfo[操作员编号=58880002],errorprompt[操作员的密码与输入的密码不符！]

[时间]:2019-09-24 11:26:21,492
[级别]:ERROR
[内容]:11:26:21,382 功能号[tdsecuL.4.101]，errorCode[pubA.5.7.808]，errorinfo[操作员编号=58880002],errorprompt[操作员的密码与输入的密码不符！]

[时间]:2019-09-24 11:26:21,503
[级别]:ERROR
[内容]:11:26:21,382 功能号[tdsecuL.4.101]，errorCode[pubA.5.7.808]，errorinfo[操作员编号=58880002],errorprompt[操作员的密码与输入的密码不符！]

[时间]:2019-09-24 11:26:21,514
[级别]:ERROR
[内容]:11:26:21,382 功能号[tdsecuL.4.101]，errorCode[pubA.5.7.808]，errorinfo[操作员编号=58880002],errorprompt[操作员的密码与输入的密码不符！]

[时间]:2019-09-24 11:26:21,526
[级别]:ERROR
[内容]:11:26:21,383 功能号[tdsecuL.4.101]，errorCode[pubA.5.7.808]，errorinfo[操作员编号=58880002],errorprompt[操作员的密码与输入的密码不符！]

[时间]:2019-09-24 11:26:21,538
[级别]:ERROR
[内容]:11:26:21,383 功能号[tdsecuL.4.101]，errorCode[pubA.5.7.808]，errorinfo[操作员编号=58880002],errorprompt[操作员的密码与输入的密码不符！]

[时间]:2019-09-24 11:26:21,549
[级别]:ERROR
[内容]:11:26:21,383 功能号[tdsecuL.4.101]，errorCode[pubA.5.7.808]，errorinfo[操作员编号=58880002],errorprompt[操作员的密码与输入的密码不符！]

[时间]:2019-09-24 11:26:21,561
[级别]:ERROR
[内容]:11:26:21,383 功能号[tdsecuL.4.101]，errorCode[pubA.5.7.808]，errorinfo[操作员编号=58880002],errorprompt[操作员的密码与输入的密码不符！]

[时间]:2019-09-24 11:26:21,594
[级别]:ERROR
[内容]:11:26:21,587 功能号[tdsecuL.4.101]，errorCode[pubA.5.7.808]，errorinfo[操作员编号=58880002],errorprompt[操作员的密码与输入的密码不符！]

[时间]:2019-09-24 11:26:21,603
[级别]:ERROR
[内容]:11:26:21,587 功能号[tdsecuL.4.101]，errorCode[pubA.5.7.808]，errorinfo[操作员编号=58880002],errorprompt[操作员的密码与输入的密码不符！]

[时间]:2019-09-24 11:26:21,624
[级别]:ERROR
[内容]:11:26:21,587 功能号[tdsecuL.4.101]，errorCode[pubA.5.7.808]，errorinfo[操作员编号=58880002],errorprompt[操作员的密码与输入的密码不符！]

[时间]:2019-09-24 11:26:21,650
[级别]:ERROR
[内容]:11:26:21,587 功能号[tdsecuL.4.101]，errorCode[pubA.5.7.808]，errorinfo[操作员编号=58880002],errorprompt[操作员的密码与输入的密码不符！]

[时间]:2019-09-24 11:26:21,680
[级别]:ERROR
[内容]:11:26:21,587 功能号[tdsecuL.4.101]，errorCode[pubA.5.7.808]，errorinfo[操作员编号=58880002],errorprompt[操作员的密码与输入的密码不符！]

[时间]:2019-09-24 11:26:21,692
[级别]:ERROR
[内容]:11:26:21,587 功能号[tdsecuL.4.101]，errorCode[pubA.5.7.808]，errorinfo[操作员编号=58880002],errorprompt[操作员的密码与输入的密码不符！]

[时间]:2019-09-24 11:26:21,704
[级别]:ERROR
[内容]:11:26:21,587 功能号[tdsecuL.4.101]，errorCode[pubA.5.7.808]，errorinfo[操作员编号=58880002],errorprompt[操作员的密码与输入的密码不符！]

[时间]:2019-09-24 11:26:21,717
[级别]:ERROR
[内容]:11:26:21,587 功能号[tdsecuL.4.101]，errorCode[pubA.5.7.808]，errorinfo[操作员编号=58880002],errorprompt[操作员的密码与输入的密码不符！]

[时间]:2019-09-24 11:26:21,729
[级别]:ERROR
[内容]:11:26:21,587 功能号[tdsecuL.4.101]，errorCode[pubA.5.7.808]，errorinfo[操作员编号=58880002],errorprompt[操作员的密码与输入的密码不符！]

[时间]:2019-09-24 11:26:21,741
[级别]:ERROR
[内容]:11:26:21,587 功能号[tdsecuL.4.101]，errorCode[pubA.5.7.808]，errorinfo[操作员编号=58880002],errorprompt[操作员的密码与输入的密码不符！]

[时间]:2019-09-24 11:26:21,752
[级别]:ERROR
[内容]:11:26:21,587 功能号[tdsecuL.4.101]，errorCode[pubA.5.7.808]，errorinfo[操作员编号=58880002],errorprompt[操作员的密码与输入的密码不符！]

[时间]:2019-09-24 11:26:21,764
[级别]:ERROR
[内容]:11:26:21,587 功能号[tdsecuL.4.101]，errorCode[pubA.5.7.808]，errorinfo[操作员编号=58880002],errorprompt[操作员的密码与输入的密码不符！]

[时间]:2019-09-24 11:26:21,774
[级别]:ERROR
[内容]:11:26:21,587 功能号[tdsecuL.4.101]，errorCode[pubA.5.7.808]，errorinfo[操作员编号=58880002],errorprompt[操作员的密码与输入的密码不符！]

[时间]:2019-09-24 11:26:21,788
[级别]:ERROR
[内容]:11:26:21,587 功能号[tdsecuL.4.101]，errorCode[pubA.5.7.808]，errorinfo[操作员编号=58880002],errorprompt[操作员的密码与输入的密码不符！]

[时间]:2019-09-24 11:26:21,803
[级别]:ERROR
[内容]:11:26:21,587 功能号[tdsecuL.4.101]，errorCode[pubA.5.7.808]，errorinfo[操作员编号=58880002],errorprompt[操作员的密码与输入的密码不符！]

[时间]:2019-09-24 11:26:21,816
[级别]:ERROR
[内容]:11:26:21,787 功能号[tdsecuL.4.101]，errorCode[pubA.5.7.808]，errorinfo[操作员编号=58880002],errorprompt[操作员的密码与输入的密码不符！]

[时间]:2019-09-24 11:26:21,828
[级别]:ERROR
[内容]:11:26:21,787 功能号[tdsecuL.4.101]，errorCode[pubA.5.7.808]，errorinfo[操作员编号=58880002],errorprompt[操作员的密码与输入的密码不符！]

[时间]:2019-09-24 11:26:21,838
[级别]:ERROR
[内容]:11:26:21,787 功能号[tdsecuL.4.101]，errorCode[pubA.5.7.808]，errorinfo[操作员编号=58880002],errorprompt[操作员的密码与输入的密码不符！]

[时间]:2019-09-24 11:26:21,851
[级别]:ERROR
[内容]:11:26:21,787 功能号[tdsecuL.4.101]，errorCode[pubA.5.7.808]，errorinfo[操作员编号=58880002],errorprompt[操作员的密码与输入的密码不符！]

[时间]:2019-09-24 11:26:21,864
[级别]:ERROR
[内容]:11:26:21,787 功能号[tdsecuL.4.101]，errorCode[pubA.5.7.808]，errorinfo[操作员编号=58880002],errorprompt[操作员的密码与输入的密码不符！]

[时间]:2019-09-24 11:26:21,878
[级别]:ERROR
[内容]:11:26:21,787 功能号[tdsecuL.4.101]，errorCode[pubA.5.7.808]，errorinfo[操作员编号=58880002],errorprompt[操作员的密码与输入的密码不符！]

[时间]:2019-09-24 11:26:21,893
[级别]:ERROR
[内容]:11:26:21,787 功能号[tdsecuL.4.101]，errorCode[pubA.5.7.808]，errorinfo[操作员编号=58880002],errorprompt[操作员的密码与输入的密码不符！]

[时间]:2019-09-24 11:26:21,906
[级别]:ERROR
[内容]:11:26:21,787 功能号[tdsecuL.4.101]，errorCode[pubA.5.7.808]，errorinfo[操作员编号=58880002],errorprompt[操作员的密码与输入的密码不符！]

[时间]:2019-09-24 11:26:21,917
[级别]:ERROR
[内容]:11:26:21,787 功能号[tdsecuL.4.101]，errorCode[pubA.5.7.808]，errorinfo[操作员编号=58880002],errorprompt[操作员的密码与输入的密码不符！]

[时间]:2019-09-24 11:26:21,929
[级别]:ERROR
[内容]:11:26:21,787 功能号[tdsecuL.4.101]，errorCode[pubA.5.7.808]，errorinfo[操作员编号=58880002],errorprompt[操作员的密码与输入的密码不符！]

[时间]:2019-09-24 11:26:21,939
[级别]:ERROR
[内容]:11:26:21,787 功能号[tdsecuL.4.101]，errorCode[pubA.5.7.808]，errorinfo[操作员编号=58880002],errorprompt[操作员的密码与输入的密码不符！]

[时间]:2019-09-24 11:26:21,952
[级别]:ERROR
[内容]:11:26:21,788 功能号[tdsecuL.4.101]，errorCode[pubA.5.7.808]，errorinfo[操作员编号=58880002],errorprompt[操作员的密码与输入的密码不符！]

[时间]:2019-09-24 11:26:21,997
[级别]:ERROR
[内容]:11:26:21,987 功能号[tdsecuL.4.101]，errorCode[pubA.5.7.808]，errorinfo[操作员编号=58880002],errorprompt[操作员的密码与输入的密码不符！]

[时间]:2019-09-24 11:26:22,010
[级别]:ERROR
[内容]:11:26:21,987 功能号[tdsecuL.4.101]，errorCode[pubA.5.7.808]，errorinfo[操作员编号=58880002],errorprompt[操作员的密码与输入的密码不符！]

[时间]:2019-09-24 11:26:22,020
[级别]:ERROR
[内容]:11:26:21,987 功能号[tdsecuL.4.101]，errorCode[pubA.5.7.808]，errorinfo[操作员编号=58880002],errorprompt[操作员的密码与输入的密码不符！]

[时间]:2019-09-24 11:26:22,030
[级别]:ERROR
[内容]:11:26:21,987 功能号[tdsecuL.4.101]，errorCode[pubA.5.7.808]，errorinfo[操作员编号=58880002],errorprompt[操作员的密码与输入的密码不符！]

[时间]:2019-09-24 11:26:22,043
[级别]:ERROR
[内容]:11:26:21,987 功能号[tdsecuL.4.101]，errorCode[pubA.5.7.808]，errorinfo[操作员编号=58880002],errorprompt[操作员的密码与输入的密码不符！]

[时间]:2019-09-24 11:26:22,056
[级别]:ERROR
[内容]:11:26:21,987 功能号[tdsecuL.4.101]，errorCode[pubA.5.7.808]，errorinfo[操作员编号=58880002],errorprompt[操作员的密码与输入的密码不符！]

[时间]:2019-09-24 11:26:22,069
[级别]:ERROR
[内容]:11:26:21,987 功能号[tdsecuL.4.101]，errorCode[pubA.5.7.808]，errorinfo[操作员编号=58880002],errorprompt[操作员的密码与输入的密码不符！]

[时间]:2019-09-24 11:26:22,084
[级别]:ERROR
[内容]:11:26:21,987 功能号[tdsecuL.4.101]，errorCode[pubA.5.7.808]，errorinfo[操作员编号=58880002],errorprompt[操作员的密码与输入的密码不符！]

[时间]:2019-09-24 11:26:22,100
[级别]:ERROR
[内容]:11:26:21,987 功能号[tdsecuL.4.101]，errorCode[pubA.5.7.808]，errorinfo[操作员编号=58880002],errorprompt[操作员的密码与输入的密码不符！]

[时间]:2019-09-24 11:26:22,119
[级别]:ERROR
[内容]:11:26:21,988 功能号[tdsecuL.4.101]，errorCode[pubA.5.7.808]，errorinfo[操作员编号=58880002],errorprompt[操作员的密码与输入的密码不符！]

[时间]:2019-09-24 11:26:22,135
[级别]:ERROR
[内容]:11:26:21,988 功能号[tdsecuL.4.101]，errorCode[pubA.5.7.808]，errorinfo[操作员编号=58880002],errorprompt[操作员的密码与输入的密码不符！]

[时间]:2019-09-24 11:26:22,155
[级别]:ERROR
[内容]:11:26:21,988 功能号[tdsecuL.4.101]，errorCode[pubA.5.7.808]，errorinfo[操作员编号=58880002],errorprompt[操作员的密码与输入的密码不符！]

[时间]:2019-09-24 11:26:22,170
[级别]:ERROR
[内容]:11:26:21,988 功能号[tdsecuL.4.101]，errorCode[pubA.5.7.808]，errorinfo[操作员编号=58880002],errorprompt[操作员的密码与输入的密码不符！]

[时间]:2019-09-24 11:26:22,194
[级别]:ERROR
[内容]:11:26:22,188 功能号[tdsecuL.4.101]，errorCode[pubA.5.7.808]，errorinfo[操作员编号=58880002],errorprompt[操作员的密码与输入的密码不符！]

[时间]:2019-09-24 11:26:22,208
[级别]:ERROR
[内容]:11:26:22,188 功能号[tdsecuL.4.101]，errorCode[pubA.5.7.808]，errorinfo[操作员编号=58880002],errorprompt[操作员的密码与输入的密码不符！]

[时间]:2019-09-24 11:26:22,217
[级别]:ERROR
[内容]:11:26:22,188 功能号[tdsecuL.4.101]，errorCode[pubA.5.7.808]，errorinfo[操作员编号=58880002],errorprompt[操作员的密码与输入的密码不符！]

[时间]:2019-09-24 11:26:22,229
[级别]:ERROR
[内容]:11:26:22,188 功能号[tdsecuL.4.101]，errorCode[pubA.5.7.808]，errorinfo[操作员编号=58880002],errorprompt[操作员的密码与输入的密码不符！]

[时间]:2019-09-24 11:26:22,244
[级别]:ERROR
[内容]:11:26:22,188 功能号[tdsecuL.4.101]，errorCode[pubA.5.7.808]，errorinfo[操作员编号=58880002],errorprompt[操作员的密码与输入的密码不符！]

[时间]:2019-09-24 11:26:22,261
[级别]:ERROR
[内容]:11:26:22,188 功能号[tdsecuL.4.101]，errorCode[pubA.5.7.808]，errorinfo[操作员编号=58880002],errorprompt[操作员的密码与输入的密码不符！]

[时间]:2019-09-24 11:26:22,274
[级别]:ERROR
[内容]:11:26:22,188 功能号[tdsecuL.4.101]，errorCode[pubA.5.7.808]，errorinfo[操作员编号=58880002],errorprompt[操作员的密码与输入的密码不符！]

[时间]:2019-09-24 11:26:22,290
[级别]:ERROR
[内容]:11:26:22,188 功能号[tdsecuL.4.101]，errorCode[pubA.5.7.808]，errorinfo[操作员编号=58880002],errorprompt[操作员的密码与输入的密码不符！]

[时间]:2019-09-24 11:26:22,309
[级别]:ERROR
[内容]:11:26:22,188 功能号[tdsecuL.4.101]，errorCode[pubA.5.7.808]，errorinfo[操作员编号=58880002],errorprompt[操作员的密码与输入的密码不符！]

[时间]:2019-09-24 11:26:22,335
[级别]:ERROR
[内容]:11:26:22,188 功能号[tdsecuL.4.101]，errorCode[pubA.5.7.808]，errorinfo[操作员编号=58880002],errorprompt[操作员的密码与输入的密码不符！]

[时间]:2019-09-24 11:26:22,353
[级别]:ERROR
[内容]:11:26:22,188 功能号[tdsecuL.4.101]，errorCode[pubA.5.7.808]，errorinfo[操作员编号=58880002],errorprompt[操作员的密码与输入的密码不符！]

[时间]:2019-09-24 11:26:22,367
[级别]:ERROR
[内容]:11:26:22,188 功能号[tdsecuL.4.101]，errorCode[pubA.5.7.808]，errorinfo[操作员编号=58880002],errorprompt[操作员的密码与输入的密码不符！]

[时间]:2019-09-24 11:26:22,382
[级别]:ERROR
[内容]:11:26:22,188 功能号[tdsecuL.4.101]，errorCode[pubA.5.7.808]，errorinfo[操作员编号=58880002],errorprompt[操作员的密码与输入的密码不符！]

[时间]:2019-09-24 11:26:22,401
[级别]:ERROR
[内容]:11:26:22,189 功能号[tdsecuL.4.101]，errorCode[pubA.5.7.808]，errorinfo[操作员编号=58880002],errorprompt[操作员的密码与输入的密码不符！]

[时间]:2019-09-24 11:26:22,418
[级别]:ERROR
[内容]:11:26:22,388 功能号[tdsecuL.4.101]，errorCode[pubA.5.7.808]，errorinfo[操作员编号=58880002],errorprompt[操作员的密码与输入的密码不符！]

[时间]:2019-09-24 11:26:22,434
[级别]:ERROR
[内容]:11:26:22,388 功能号[tdsecuL.4.101]，errorCode[pubA.5.7.808]，errorinfo[操作员编号=58880002],errorprompt[操作员的密码与输入的密码不符！]

[时间]:2019-09-24 11:26:22,445
[级别]:ERROR
[内容]:11:26:22,388 功能号[tdsecuL.4.101]，errorCode[pubA.5.7.808]，errorinfo[操作员编号=58880002],errorprompt[操作员的密码与输入的密码不符！]

[时间]:2019-09-24 11:26:22,458
[级别]:ERROR
[内容]:11:26:22,388 功能号[tdsecuL.4.101]，errorCode[pubA.5.7.808]，errorinfo[操作员编号=58880002],errorprompt[操作员的密码与输入的密码不符！]

[时间]:2019-09-24 11:26:22,475
[级别]:ERROR
[内容]:11:26:22,388 功能号[tdsecuL.4.101]，errorCode[pubA.5.7.808]，errorinfo[操作员编号=58880002],errorprompt[操作员的密码与输入的密码不符！]

[时间]:2019-09-24 11:26:22,493
[级别]:ERROR
[内容]:11:26:22,388 功能号[tdsecuL.4.101]，errorCode[pubA.5.7.808]，errorinfo[操作员编号=58880002],errorprompt[操作员的密码与输入的密码不符！]

[时间]:2019-09-24 11:26:22,508
[级别]:ERROR
[内容]:11:26:22,388 功能号[tdsecuL.4.101]，errorCode[pubA.5.7.808]，errorinfo[操作员编号=58880002],errorprompt[操作员的密码与输入的密码不符！]

[时间]:2019-09-24 11:26:22,526
[级别]:ERROR
[内容]:11:26:22,388 功能号[tdsecuL.4.101]，errorCode[pubA.5.7.808]，errorinfo[操作员编号=58880002],errorprompt[操作员的密码与输入的密码不符！]

[时间]:2019-09-24 11:26:22,548
[级别]:ERROR
[内容]:11:26:22,388 功能号[tdsecuL.4.101]，errorCode[pubA.5.7.808]，errorinfo[操作员编号=58880002],errorprompt[操作员的密码与输入的密码不符！]

[时间]:2019-09-24 11:26:22,567
[级别]:ERROR
[内容]:11:26:22,388 功能号[tdsecuL.4.101]，errorCode[pubA.5.7.808]，errorinfo[操作员编号=58880002],errorprompt[操作员的密码与输入的密码不符！]

[时间]:2019-09-24 11:26:22,587
[级别]:ERROR
[内容]:11:26:22,388 功能号[tdsecuL.4.101]，errorCode[pubA.5.7.808]，errorinfo[操作员编号=58880002],errorprompt[操作员的密码与输入的密码不符！]

[时间]:2019-09-24 11:26:22,611
[级别]:ERROR
[内容]:11:26:22,388 功能号[tdsecuL.4.101]，errorCode[pubA.5.7.808]，errorinfo[操作员编号=58880002],errorprompt[操作员的密码与输入的密码不符！]

[时间]:2019-09-24 11:26:22,630
[级别]:ERROR
[内容]:11:26:22,389 功能号[tdsecuL.4.101]，errorCode[pubA.5.7.808]，errorinfo[操作员编号=58880002],errorprompt[操作员的密码与输入的密码不符！]

[时间]:2019-09-24 11:26:22,644
[级别]:ERROR
[内容]:11:26:22,389 功能号[tdsecuL.4.101]，errorCode[pubA.5.7.808]，errorinfo[操作员编号=58880002],errorprompt[操作员的密码与输入的密码不符！]

[时间]:2019-09-24 11:26:22,661
[级别]:ERROR
[内容]:11:26:22,598 功能号[tdsecuL.4.101]，errorCode[pubA.5.7.808]，errorinfo[操作员编号=58880002],errorprompt[操作员的密码与输入的密码不符！]

[时间]:2019-09-24 11:26:22,675
[级别]:ERROR
[内容]:11:26:22,598 功能号[tdsecuL.4.101]，errorCode[pubA.5.7.808]，errorinfo[操作员编号=58880002],errorprompt[操作员的密码与输入的密码不符！]

[时间]:2019-09-24 11:26:22,691
[级别]:ERROR
[内容]:11:26:22,598 功能号[tdsecuL.4.101]，errorCode[pubA.5.7.808]，errorinfo[操作员编号=58880002],errorprompt[操作员的密码与输入的密码不符！]

[时间]:2019-09-24 11:26:22,712
[级别]:ERROR
[内容]:11:26:22,598 功能号[tdsecuL.4.101]，errorCode[pubA.5.7.808]，errorinfo[操作员编号=58880002],errorprompt[操作员的密码与输入的密码不符！]

[时间]:2019-09-24 11:26:22,745
[级别]:ERROR
[内容]:11:26:22,598 功能号[tdsecuL.4.101]，errorCode[pubA.5.7.808]，errorinfo[操作员编号=58880002],errorprompt[操作员的密码与输入的密码不符！]

[时间]:2019-09-24 11:26:22,816
[级别]:ERROR
[内容]:11:26:22,598 功能号[tdsecuL.4.101]，errorCode[pubA.5.7.808]，errorinfo[操作员编号=58880002],errorprompt[操作员的密码与输入的密码不符！]

[时间]:2019-09-24 11:26:22,856
[级别]:ERROR
[内容]:11:26:22,598 功能号[tdsecuL.4.101]，errorCode[pubA.5.7.808]，errorinfo[操作员编号=58880002],errorprompt[操作员的密码与输入的密码不符！]

[时间]:2019-09-24 11:26:22,875
[级别]:ERROR
[内容]:11:26:22,598 功能号[tdsecuL.4.101]，errorCode[pubA.5.7.808]，errorinfo[操作员编号=58880002],errorprompt[操作员的密码与输入的密码不符！]

[时间]:2019-09-24 11:26:22,899
[级别]:ERROR
[内容]:11:26:22,598 功能号[tdsecuL.4.101]，errorCode[pubA.5.7.808]，errorinfo[操作员编号=58880002],errorprompt[操作员的密码与输入的密码不符！]

[时间]:2019-09-24 11:26:22,922
[级别]:ERROR
[内容]:11:26:22,598 功能号[tdsecuL.4.101]，errorCode[pubA.5.7.808]，errorinfo[操作员编号=58880002],errorprompt[操作员的密码与输入的密码不符！]

[时间]:2019-09-24 11:26:22,950
[级别]:ERROR
[内容]:11:26:22,599 功能号[tdsecuL.4.101]，errorCode[pubA.5.7.808]，errorinfo[操作员编号=58880002],errorprompt[操作员的密码与输入的密码不符！]

[时间]:2019-09-24 11:26:22,963
[级别]:ERROR
[内容]:11:26:22,599 功能号[tdsecuL.4.101]，errorCode[pubA.5.7.808]，errorinfo[操作员编号=58880002],errorprompt[操作员的密码与输入的密码不符！]

[时间]:2019-09-24 11:26:22,980
[级别]:ERROR
[内容]:11:26:22,599 功能号[tdsecuL.4.101]，errorCode[pubA.5.7.808]，errorinfo[操作员编号=58880002],errorprompt[操作员的密码与输入的密码不符！]

[时间]:2019-09-24 11:26:23,001
[级别]:ERROR
[内容]:11:26:22,599 功能号[tdsecuL.4.101]，errorCode[pubA.5.7.808]，errorinfo[操作员编号=58880002],errorprompt[操作员的密码与输入的密码不符！]

[时间]:2019-09-24 11:26:23,030
[级别]:ERROR
[内容]:11:26:22,840 功能号[tdsecuL.4.101]，errorCode[pubA.5.7.808]，errorinfo[操作员编号=58880002],errorprompt[操作员的密码与输入的密码不符！]

[时间]:2019-09-24 11:26:23,061
[级别]:ERROR
[内容]:11:26:22,840 功能号[tdsecuL.4.101]，errorCode[pubA.5.7.808]，errorinfo[操作员编号=58880002],errorprompt[操作员的密码与输入的密码不符！]

[时间]:2019-09-24 11:26:23,103
[级别]:ERROR
[内容]:11:26:22,840 功能号[tdsecuL.4.101]，errorCode[pubA.5.7.808]，errorinfo[操作员编号=58880002],errorprompt[操作员的密码与输入的密码不符！]

[时间]:2019-09-24 11:26:23,114
[级别]:ERROR
[内容]:11:26:22,840 功能号[tdsecuL.4.101]，errorCode[pubA.5.7.808]，errorinfo[操作员编号=58880002],errorprompt[操作员的密码与输入的密码不符！]

[时间]:2019-09-24 11:26:23,131
[级别]:ERROR
[内容]:11:26:22,841 功能号[tdsecuL.4.101]，errorCode[pubA.5.7.808]，errorinfo[操作员编号=58880002],errorprompt[操作员的密码与输入的密码不符！]

[时间]:2019-09-24 11:26:23,143
[级别]:ERROR
[内容]:11:26:22,841 功能号[tdsecuL.4.101]，errorCode[pubA.5.7.808]，errorinfo[操作员编号=58880002],errorprompt[操作员的密码与输入的密码不符！]

[时间]:2019-09-24 11:26:23,154
[级别]:ERROR
[内容]:11:26:22,841 功能号[tdsecuL.4.101]，errorCode[pubA.5.7.808]，errorinfo[操作员编号=58880002],errorprompt[操作员的密码与输入的密码不符！]

[时间]:2019-09-24 11:26:23,164
[级别]:ERROR
[内容]:11:26:22,841 功能号[tdsecuL.4.101]，errorCode[pubA.5.7.808]，errorinfo[操作员编号=58880002],errorprompt[操作员的密码与输入的密码不符！]

[时间]:2019-09-24 11:26:23,175
[级别]:ERROR
[内容]:11:26:22,841 功能号[tdsecuL.4.101]，errorCode[pubA.5.7.808]，errorinfo[操作员编号=58880002],errorprompt[操作员的密码与输入的密码不符！]

[时间]:2019-09-24 11:26:23,186
[级别]:ERROR
[内容]:11:26:22,841 功能号[tdsecuL.4.101]，errorCode[pubA.5.7.808]，errorinfo[操作员编号=58880002],errorprompt[操作员的密码与输入的密码不符！]

[时间]:2019-09-24 11:26:23,196
[级别]:ERROR
[内容]:11:26:22,841 功能号[tdsecuL.4.101]，errorCode[pubA.5.7.808]，errorinfo[操作员编号=58880002],errorprompt[操作员的密码与输入的密码不符！]

[时间]:2019-09-24 11:26:23,207
[级别]:ERROR
[内容]:11:26:22,841 功能号[tdsecuL.4.101]，errorCode[pubA.5.7.808]，errorinfo[操作员编号=58880002],errorprompt[操作员的密码与输入的密码不符！]

[时间]:2019-09-24 11:26:23,219
[级别]:ERROR
[内容]:11:26:22,841 功能号[tdsecuL.4.101]，errorCode[pubA.5.7.808]，errorinfo[操作员编号=58880002],errorprompt[操作员的密码与输入的密码不符！]

[时间]:2019-09-24 11:26:23,230
[级别]:ERROR
[内容]:11:26:22,841 功能号[tdsecuL.4.101]，errorCode[pubA.5.7.808]，errorinfo[操作员编号=58880002],errorprompt[操作员的密码与输入的密码不符！]

[时间]:2019-09-24 11:26:23,246
[级别]:ERROR
[内容]:11:26:23,043 功能号[tdsecuL.4.101]，errorCode[pubA.5.7.808]，errorinfo[操作员编号=58880002],errorprompt[操作员的密码与输入的密码不符！]

[时间]:2019-09-24 11:26:23,270
[级别]:ERROR
[内容]:11:26:23,043 功能号[tdsecuL.4.101]，errorCode[pubA.5.7.808]，errorinfo[操作员编号=58880002],errorprompt[操作员的密码与输入的密码不符！]

[时间]:2019-09-24 11:26:23,292
[级别]:ERROR
[内容]:11:26:23,043 功能号[tdsecuL.4.101]，errorCode[pubA.5.7.808]，errorinfo[操作员编号=58880002],errorprompt[操作员的密码与输入的密码不符！]

[时间]:2019-09-24 11:26:23,312
[级别]:ERROR
[内容]:11:26:23,043 功能号[tdsecuL.4.101]，errorCode[pubA.5.7.808]，errorinfo[操作员编号=58880002],errorprompt[操作员的密码与输入的密码不符！]

[时间]:2019-09-24 11:26:23,339
[级别]:ERROR
[内容]:11:26:23,043 功能号[tdsecuL.4.101]，errorCode[pubA.5.7.808]，errorinfo[操作员编号=58880002],errorprompt[操作员的密码与输入的密码不符！]

[时间]:2019-09-24 11:26:23,358
[级别]:ERROR
[内容]:11:26:23,043 功能号[tdsecuL.4.101]，errorCode[pubA.5.7.808]，errorinfo[操作员编号=58880002],errorprompt[操作员的密码与输入的密码不符！]

[时间]:2019-09-24 11:26:23,377
[级别]:ERROR
[内容]:11:26:23,043 功能号[tdsecuL.4.101]，errorCode[pubA.5.7.808]，errorinfo[操作员编号=58880002],errorprompt[操作员的密码与输入的密码不符！]

[时间]:2019-09-24 11:26:23,394
[级别]:ERROR
[内容]:11:26:23,043 功能号[tdsecuL.4.101]，errorCode[pubA.5.7.808]，errorinfo[操作员编号=58880002],errorprompt[操作员的密码与输入的密码不符！]

[时间]:2019-09-24 11:26:23,405
[级别]:ERROR
[内容]:11:26:23,043 功能号[tdsecuL.4.101]，errorCode[pubA.5.7.808]，errorinfo[操作员编号=58880002],errorprompt[操作员的密码与输入的密码不符！]

[时间]:2019-09-24 11:26:23,415
[级别]:ERROR
[内容]:11:26:23,044 功能号[tdsecuL.4.101]，errorCode[pubA.5.7.808]，errorinfo[操作员编号=58880002],errorprompt[操作员的密码与输入的密码不符！]

[时间]:2019-09-24 11:26:23,426
[级别]:ERROR
[内容]:11:26:23,044 功能号[tdsecuL.4.101]，errorCode[pubA.5.7.808]，errorinfo[操作员编号=58880002],errorprompt[操作员的密码与输入的密码不符！]

[时间]:2019-09-24 11:26:23,436
[级别]:ERROR
[内容]:11:26:23,245 功能号[tdsecuL.4.101]，errorCode[pubA.5.7.808]，errorinfo[操作员编号=58880002],errorprompt[操作员的密码与输入的密码不符！]

[时间]:2019-09-24 11:26:23,451
[级别]:ERROR
[内容]:11:26:23,245 功能号[tdsecuL.4.101]，errorCode[pubA.5.7.808]，errorinfo[操作员编号=58880002],errorprompt[操作员的密码与输入的密码不符！]

[时间]:2019-09-24 11:26:23,464
[级别]:ERROR
[内容]:11:26:23,245 功能号[tdsecuL.4.101]，errorCode[pubA.5.7.808]，errorinfo[操作员编号=58880002],errorprompt[操作员的密码与输入的密码不符！]

[时间]:2019-09-24 11:26:23,474
[级别]:ERROR
[内容]:11:26:23,245 功能号[tdsecuL.4.101]，errorCode[pubA.5.7.808]，errorinfo[操作员编号=58880002],errorprompt[操作员的密码与输入的密码不符！]

[时间]:2019-09-24 11:26:23,486
[级别]:ERROR
[内容]:11:26:23,245 功能号[tdsecuL.4.101]，errorCode[pubA.5.7.808]，errorinfo[操作员编号=58880002],errorprompt[操作员的密码与输入的密码不符！]

[时间]:2019-09-24 11:26:23,498
[级别]:ERROR
[内容]:11:26:23,245 功能号[tdsecuL.4.101]，errorCode[pubA.5.7.808]，errorinfo[操作员编号=58880002],errorprompt[操作员的密码与输入的密码不符！]

[时间]:2019-09-24 11:26:23,509
[级别]:ERROR
[内容]:11:26:23,245 功能号[tdsecuL.4.101]，errorCode[pubA.5.7.808]，errorinfo[操作员编号=58880002],errorprompt[操作员的密码与输入的密码不符！]

[时间]:2019-09-24 11:26:23,521
[级别]:ERROR
[内容]:11:26:23,245 功能号[tdsecuL.4.101]，errorCode[pubA.5.7.808]，errorinfo[操作员编号=58880002],errorprompt[操作员的密码与输入的密码不符！]

[时间]:2019-09-24 11:26:23,538
[级别]:ERROR
[内容]:11:26:23,245 功能号[tdsecuL.4.101]，errorCode[pubA.5.7.808]，errorinfo[操作员编号=58880002],errorprompt[操作员的密码与输入的密码不符！]

[时间]:2019-09-24 11:26:23,554
[级别]:ERROR
[内容]:11:26:23,245 功能号[tdsecuL.4.101]，errorCode[pubA.5.7.808]，errorinfo[操作员编号=58880002],errorprompt[操作员的密码与输入的密码不符！]

[时间]:2019-09-24 11:26:23,567
[级别]:ERROR
[内容]:11:26:23,245 功能号[tdsecuL.4.101]，errorCode[pubA.5.7.808]，errorinfo[操作员编号=58880002],errorprompt[操作员的密码与输入的密码不符！]

[时间]:2019-09-24 11:26:23,579
[级别]:ERROR
[内容]:11:26:23,245 功能号[tdsecuL.4.101]，errorCode[pubA.5.7.808]，errorinfo[操作员编号=58880002],errorprompt[操作员的密码与输入的密码不符！]

[时间]:2019-09-24 11:26:23,588
[级别]:ERROR
[内容]:11:26:23,245 功能号[tdsecuL.4.101]，errorCode[pubA.5.7.808]，errorinfo[操作员编号=58880002],errorprompt[操作员的密码与输入的密码不符！]

[时间]:2019-09-24 11:26:23,599
[级别]:ERROR
[内容]:11:26:23,245 功能号[tdsecuL.4.101]，errorCode[pubA.5.7.808]，errorinfo[操作员编号=58880002],errorprompt[操作员的密码与输入的密码不符！]

[时间]:2019-09-24 11:26:23,610
[级别]:ERROR
[内容]:11:26:23,246 功能号[tdsecuL.4.101]，errorCode[pubA.5.7.808]，errorinfo[操作员编号=58880002],errorprompt[操作员的密码与输入的密码不符！]

[时间]:2019-09-24 11:26:23,620
[级别]:ERROR
[内容]:11:26:23,445 功能号[tdsecuL.4.101]，errorCode[pubA.5.7.808]，errorinfo[操作员编号=58880002],errorprompt[操作员的密码与输入的密码不符！]

[时间]:2019-09-24 11:26:23,632
[级别]:ERROR
[内容]:11:26:23,445 功能号[tdsecuL.4.101]，errorCode[pubA.5.7.808]，errorinfo[操作员编号=58880002],errorprompt[操作员的密码与输入的密码不符！]

[时间]:2019-09-24 11:26:23,642
[级别]:ERROR
[内容]:11:26:23,445 功能号[tdsecuL.4.101]，errorCode[pubA.5.7.808]，errorinfo[操作员编号=58880002],errorprompt[操作员的密码与输入的密码不符！]

[时间]:2019-09-24 11:26:23,656
[级别]:ERROR
[内容]:11:26:23,445 功能号[tdsecuL.4.101]，errorCode[pubA.5.7.808]，errorinfo[操作员编号=58880002],errorprompt[操作员的密码与输入的密码不符！]

[时间]:2019-09-24 11:26:23,667
[级别]:ERROR
[内容]:11:26:23,445 功能号[tdsecuL.4.101]，errorCode[pubA.5.7.808]，errorinfo[操作员编号=58880002],errorprompt[操作员的密码与输入的密码不符！]

[时间]:2019-09-24 11:26:23,677
[级别]:ERROR
[内容]:11:26:23,445 功能号[tdsecuL.4.101]，errorCode[pubA.5.7.808]，errorinfo[操作员编号=58880002],errorprompt[操作员的密码与输入的密码不符！]

[时间]:2019-09-24 11:26:23,689
[级别]:ERROR
[内容]:11:26:23,445 功能号[tdsecuL.4.101]，errorCode[pubA.5.7.808]，errorinfo[操作员编号=58880002],errorprompt[操作员的密码与输入的密码不符！]

[时间]:2019-09-24 11:26:23,700
[级别]:ERROR
[内容]:11:26:23,445 功能号[tdsecuL.4.101]，errorCode[pubA.5.7.808]，errorinfo[操作员编号=58880002],errorprompt[操作员的密码与输入的密码不符！]

[时间]:2019-09-24 11:26:23,712
[级别]:ERROR
[内容]:11:26:23,445 功能号[tdsecuL.4.101]，errorCode[pubA.5.7.808]，errorinfo[操作员编号=58880002],errorprompt[操作员的密码与输入的密码不符！]

[时间]:2019-09-24 11:26:23,723
[级别]:ERROR
[内容]:11:26:23,445 功能号[tdsecuL.4.101]，errorCode[pubA.5.7.808]，errorinfo[操作员编号=58880002],errorprompt[操作员的密码与输入的密码不符！]

[时间]:2019-09-24 11:26:23,738
[级别]:ERROR
[内容]:11:26:23,445 功能号[tdsecuL.4.101]，errorCode[pubA.5.7.808]，errorinfo[操作员编号=58880002],errorprompt[操作员的密码与输入的密码不符！]

[时间]:2019-09-24 11:26:23,752
[级别]:ERROR
[内容]:11:26:23,445 功能号[tdsecuL.4.101]，errorCode[pubA.5.7.808]，errorinfo[操作员编号=58880002],errorprompt[操作员的密码与输入的密码不符！]

[时间]:2019-09-24 11:26:23,764
[级别]:ERROR
[内容]:11:26:23,445 功能号[tdsecuL.4.101]，errorCode[pubA.5.7.808]，errorinfo[操作员编号=58880002],errorprompt[操作员的密码与输入的密码不符！]

[时间]:2019-09-24 11:26:23,775
[级别]:ERROR
[内容]:11:26:23,446 功能号[tdsecuL.4.101]，errorCode[pubA.5.7.808]，errorinfo[操作员编号=58880002],errorprompt[操作员的密码与输入的密码不符！]

[时间]:2019-09-24 11:26:23,789
[级别]:ERROR
[内容]:11:26:23,446 功能号[tdsecuL.4.101]，errorCode[pubA.5.7.808]，errorinfo[操作员编号=58880002],errorprompt[操作员的密码与输入的密码不符！]

[时间]:2019-09-24 11:26:23,802
[级别]:ERROR
[内容]:11:26:23,446 功能号[tdsecuL.4.101]，errorCode[pubA.5.7.808]，errorinfo[操作员编号=58880002],errorprompt[操作员的密码与输入的密码不符！]

[时间]:2019-09-24 11:26:23,817
[级别]:ERROR
[内容]:11:26:23,648 功能号[tdsecuL.4.101]，errorCode[pubA.5.7.808]，errorinfo[操作员编号=58880002],errorprompt[操作员的密码与输入的密码不符！]

[时间]:2019-09-24 11:26:23,830
[级别]:ERROR
[内容]:11:26:23,648 功能号[tdsecuL.4.101]，errorCode[pubA.5.7.808]，errorinfo[操作员编号=58880002],errorprompt[操作员的密码与输入的密码不符！]

[时间]:2019-09-24 11:26:23,840
[级别]:ERROR
[内容]:11:26:23,648 功能号[tdsecuL.4.101]，errorCode[pubA.5.7.808]，errorinfo[操作员编号=58880002],errorprompt[操作员的密码与输入的密码不符！]

[时间]:2019-09-24 11:26:23,857
[级别]:ERROR
[内容]:11:26:23,648 功能号[tdsecuL.4.101]，errorCode[pubA.5.7.808]，errorinfo[操作员编号=58880002],errorprompt[操作员的密码与输入的密码不符！]

[时间]:2019-09-24 11:26:23,867
[级别]:ERROR
[内容]:11:26:23,648 功能号[tdsecuL.4.101]，errorCode[pubA.5.7.808]，errorinfo[操作员编号=58880002],errorprompt[操作员的密码与输入的密码不符！]

[时间]:2019-09-24 11:26:23,884
[级别]:ERROR
[内容]:11:26:23,648 功能号[tdsecuL.4.101]，errorCode[pubA.5.7.808]，errorinfo[操作员编号=58880002],errorprompt[操作员的密码与输入的密码不符！]

[时间]:2019-09-24 11:26:23,905
[级别]:ERROR
[内容]:11:26:23,648 功能号[tdsecuL.4.101]，errorCode[pubA.5.7.808]，errorinfo[操作员编号=58880002],errorprompt[操作员的密码与输入的密码不符！]

[时间]:2019-09-24 11:26:23,924
[级别]:ERROR
[内容]:11:26:23,648 功能号[tdsecuL.4.101]，errorCode[pubA.5.7.808]，errorinfo[操作员编号=58880002],errorprompt[操作员的密码与输入的密码不符！]

[时间]:2019-09-24 11:26:23,940
[级别]:ERROR
[内容]:11:26:23,648 功能号[tdsecuL.4.101]，errorCode[pubA.5.7.808]，errorinfo[操作员编号=58880002],errorprompt[操作员的密码与输入的密码不符！]

[时间]:2019-09-24 11:26:23,965
[级别]:ERROR
[内容]:11:26:23,648 功能号[tdsecuL.4.101]，errorCode[pubA.5.7.808]，errorinfo[操作员编号=58880002],errorprompt[操作员的密码与输入的密码不符！]

[时间]:2019-09-24 11:26:23,984
[级别]:ERROR
[内容]:11:26:23,648 功能号[tdsecuL.4.101]，errorCode[pubA.5.7.808]，errorinfo[操作员编号=58880002],errorprompt[操作员的密码与输入的密码不符！]

[时间]:2019-09-24 11:26:24,004
[级别]:ERROR
[内容]:11:26:23,648 功能号[tdsecuL.4.101]，errorCode[pubA.5.7.808]，errorinfo[操作员编号=58880002],errorprompt[操作员的密码与输入的密码不符！]

[时间]:2019-09-24 11:26:24,023
[级别]:ERROR
[内容]:11:26:23,648 功能号[tdsecuL.4.101]，errorCode[pubA.5.7.808]，errorinfo[操作员编号=58880002],errorprompt[操作员的密码与输入的密码不符！]

[时间]:2019-09-24 11:26:24,038
[级别]:ERROR
[内容]:11:26:23,649 功能号[tdsecuL.4.101]，errorCode[pubA.5.7.808]，errorinfo[操作员编号=58880002],errorprompt[操作员的密码与输入的密码不符！]

[时间]:2019-09-24 11:26:24,055
[级别]:ERROR
[内容]:11:26:23,849 功能号[tdsecuL.4.101]，errorCode[pubA.5.7.808]，errorinfo[操作员编号=58880002],errorprompt[操作员的密码与输入的密码不符！]

[时间]:2019-09-24 11:26:24,070
[级别]:ERROR
[内容]:11:26:23,849 功能号[tdsecuL.4.101]，errorCode[pubA.5.7.808]，errorinfo[操作员编号=58880002],errorprompt[操作员的密码与输入的密码不符！]

[时间]:2019-09-24 11:26:24,083
[级别]:ERROR
[内容]:11:26:23,849 功能号[tdsecuL.4.101]，errorCode[pubA.5.7.808]，errorinfo[操作员编号=58880002],errorprompt[操作员的密码与输入的密码不符！]

[时间]:2019-09-24 11:26:24,097
[级别]:ERROR
[内容]:11:26:23,849 功能号[tdsecuL.4.101]，errorCode[pubA.5.7.808]，errorinfo[操作员编号=58880002],errorprompt[操作员的密码与输入的密码不符！]

[时间]:2019-09-24 11:26:24,111
[级别]:ERROR
[内容]:11:26:23,849 功能号[tdsecuL.4.101]，errorCode[pubA.5.7.808]，errorinfo[操作员编号=58880002],errorprompt[操作员的密码与输入的密码不符！]

[时间]:2019-09-24 11:26:24,123
[级别]:ERROR
[内容]:11:26:23,849 功能号[tdsecuL.4.101]，errorCode[pubA.5.7.808]，errorinfo[操作员编号=58880002],errorprompt[操作员的密码与输入的密码不符！]

[时间]:2019-09-24 11:26:24,137
[级别]:ERROR
[内容]:11:26:23,849 功能号[tdsecuL.4.101]，errorCode[pubA.5.7.808]，errorinfo[操作员编号=58880002],errorprompt[操作员的密码与输入的密码不符！]

[时间]:2019-09-24 11:26:24,148
[级别]:ERROR
[内容]:11:26:23,849 功能号[tdsecuL.4.101]，errorCode[pubA.5.7.808]，errorinfo[操作员编号=58880002],errorprompt[操作员的密码与输入的密码不符！]

[时间]:2019-09-24 11:26:24,158
[级别]:ERROR
[内容]:11:26:23,849 功能号[tdsecuL.4.101]，errorCode[pubA.5.7.808]，errorinfo[操作员编号=58880002],errorprompt[操作员的密码与输入的密码不符！]

[时间]:2019-09-24 11:26:24,176
[级别]:ERROR
[内容]:11:26:23,850 功能号[tdsecuL.4.101]，errorCode[pubA.5.7.808]，errorinfo[操作员编号=58880002],errorprompt[操作员的密码与输入的密码不符！]

[时间]:2019-09-24 11:26:24,190
[级别]:ERROR
[内容]:11:26:23,850 功能号[tdsecuL.4.101]，errorCode[pubA.5.7.808]，errorinfo[操作员编号=58880002],errorprompt[操作员的密码与输入的密码不符！]

[时间]:2019-09-24 11:26:24,207
[级别]:ERROR
[内容]:11:26:23,850 功能号[tdsecuL.4.101]，errorCode[pubA.5.7.808]，errorinfo[操作员编号=58880002],errorprompt[操作员的密码与输入的密码不符！]

[时间]:2019-09-24 11:26:24,222
[级别]:ERROR
[内容]:11:26:24,053 功能号[tdsecuL.4.101]，errorCode[pubA.5.7.808]，errorinfo[操作员编号=58880002],errorprompt[操作员的密码与输入的密码不符！]

[时间]:2019-09-24 11:26:24,236
[级别]:ERROR
[内容]:11:26:24,053 功能号[tdsecuL.4.101]，errorCode[pubA.5.7.808]，errorinfo[操作员编号=58880002],errorprompt[操作员的密码与输入的密码不符！]

[时间]:2019-09-24 11:26:24,248
[级别]:ERROR
[内容]:11:26:24,053 功能号[tdsecuL.4.101]，errorCode[pubA.5.7.808]，errorinfo[操作员编号=58880002],errorprompt[操作员的密码与输入的密码不符！]

[时间]:2019-09-24 11:26:24,261
[级别]:ERROR
[内容]:11:26:24,053 功能号[tdsecuL.4.101]，errorCode[pubA.5.7.808]，errorinfo[操作员编号=58880002],errorprompt[操作员的密码与输入的密码不符！]

[时间]:2019-09-24 11:26:24,291
[级别]:ERROR
[内容]:11:26:24,053 功能号[tdsecuL.4.101]，errorCode[pubA.5.7.808]，errorinfo[操作员编号=58880002],errorprompt[操作员的密码与输入的密码不符！]

[时间]:2019-09-24 11:26:24,344
[级别]:ERROR
[内容]:11:26:24,053 功能号[tdsecuL.4.101]，errorCode[pubA.5.7.808]，errorinfo[操作员编号=58880002],errorprompt[操作员的密码与输入的密码不符！]

[时间]:2019-09-24 11:26:24,368
[级别]:ERROR
[内容]:11:26:24,053 功能号[tdsecuL.4.101]，errorCode[pubA.5.7.808]，errorinfo[操作员编号=58880002],errorprompt[操作员的密码与输入的密码不符！]

[时间]:2019-09-24 11:26:24,392
[级别]:ERROR
[内容]:11:26:24,053 功能号[tdsecuL.4.101]，errorCode[pubA.5.7.808]，errorinfo[操作员编号=58880002],errorprompt[操作员的密码与输入的密码不符！]

