[2019-10-09 10:13:35:780]
            LogID:[ldsdk] 3500[sdk初始化完成]
            Level:INFO
            Module:sdk
            Message:sdk编译日期：May  6 2019  编译时间：11:20:30
[2019-10-09 10:51:47:796]
            LogID:[ldsdk] 3501[业务请求统计]
            Level:INFO
            Module:sdk
            Message:func：tdsecuL.4.101  dealTime:16  packetid:1  callbacktime:31
[2019-10-09 10:51:47:797]
            LogID:[ldsdk] 3501[业务请求统计]
            Level:INFO
            Module:sdk
            Message:func：tdsecuL.4.101  dealTime:47  packetid:3  callbacktime:16
[2019-10-09 10:51:47:798]
            LogID:[ldsdk] 3501[业务请求统计]
            Level:INFO
            Module:sdk
            Message:func：tdsecuL.4.101  dealTime:63  packetid:4  callbacktime:0
[2019-10-09 10:51:47:798]
            LogID:[ldsdk] 3501[业务请求统计]
            Level:INFO
            Module:sdk
            Message:func：tdsecuL.4.101  dealTime:63  packetid:2  callbacktime:0
[2019-10-09 10:51:47:798]
            LogID:[ldsdk] 3501[业务请求统计]
            Level:INFO
            Module:sdk
            Message:func：tdsecuL.4.101  dealTime:63  packetid:6  callbacktime:0
[2019-10-09 10:51:47:798]
            LogID:[ldsdk] 3501[业务请求统计]
            Level:INFO
            Module:sdk
            Message:func：tdsecuL.4.101  dealTime:47  packetid:7  callbacktime:0
[2019-10-09 10:51:47:798]
            LogID:[ldsdk] 3501[业务请求统计]
            Level:INFO
            Module:sdk
            Message:func：tdsecuL.4.101  dealTime:63  packetid:5  callbacktime:0
[2019-10-09 10:51:47:798]
            LogID:[ldsdk] 3501[业务请求统计]
            Level:INFO
            Module:sdk
            Message:func：tdsecuL.4.101  dealTime:47  packetid:13  callbacktime:0
[2019-10-09 10:51:47:798]
            LogID:[ldsdk] 3501[业务请求统计]
            Level:INFO
            Module:sdk
            Message:func：tdsecuL.4.101  dealTime:47  packetid:12  callbacktime:0
[2019-10-09 10:51:47:798]
            LogID:[ldsdk] 3501[业务请求统计]
            Level:INFO
            Module:sdk
            Message:func：tdsecuL.4.101  dealTime:47  packetid:14  callbacktime:0
[2019-10-09 10:51:48:443]
            LogID:[ldsdk] 3501[业务请求统计]
            Level:INFO
            Module:sdk
            Message:func：tdsecuL.4.101  dealTime:31  packetid:637  callbacktime:0
[2019-10-09 10:51:48:443]
            LogID:[ldsdk] 3501[业务请求统计]
            Level:INFO
            Module:sdk
            Message:func：tdsecuL.4.101  dealTime:31  packetid:639  callbacktime:0
[2019-10-09 10:51:48:443]
            LogID:[ldsdk] 3501[业务请求统计]
            Level:INFO
            Module:sdk
            Message:func：tdsecuL.4.101  dealTime:31  packetid:641  callbacktime:0
[2019-10-09 10:51:48:443]
            LogID:[ldsdk] 3501[业务请求统计]
            Level:INFO
            Module:sdk
            Message:func：tdsecuL.4.101  dealTime:31  packetid:640  callbacktime:0
[2019-10-09 10:51:48:445]
            LogID:[ldsdk] 3501[业务请求统计]
            Level:INFO
            Module:sdk
            Message:func：tdsecuL.4.101  dealTime:15  packetid:642  callbacktime:0
[2019-10-09 10:51:48:445]
            LogID:[ldsdk] 3501[业务请求统计]
            Level:INFO
            Module:sdk
            Message:func：tdsecuL.4.101  dealTime:15  packetid:644  callbacktime:0
[2019-10-09 10:51:48:445]
            LogID:[ldsdk] 3501[业务请求统计]
            Level:INFO
            Module:sdk
            Message:func：tdsecuL.4.101  dealTime:15  packetid:645  callbacktime:0
[2019-10-09 10:51:48:445]
            LogID:[ldsdk] 3501[业务请求统计]
            Level:INFO
            Module:sdk
            Message:func：tdsecuL.4.101  dealTime:15  packetid:643  callbacktime:0
[2019-10-09 10:51:48:458]
            LogID:[ldsdk] 3501[业务请求统计]
            Level:INFO
            Module:sdk
            Message:func：tdsecuL.4.101  dealTime:31  packetid:651  callbacktime:0
[2019-10-09 10:51:48:469]
            LogID:[ldsdk] 3501[业务请求统计]
            Level:INFO
            Module:sdk
            Message:func：tdsecuL.4.101  dealTime:31  packetid:646  callbacktime:0
[2019-10-09 13:09:57:925]
            LogID:[ldsdk] 3503[同步请求时间]
            Level:WARNING
            Module:sdk
            Message:func：tdsecuL.1.901  Time:15
[2019-10-09 13:09:58:990]
            LogID:[ldsdk] 3503[同步请求时间]
            Level:WARNING
            Module:sdk
            Message:func：tdsecuL.4.138  Time:47
[2019-10-09 13:10:00:173]
            LogID:[ldsdk] 3503[同步请求时间]
            Level:WARNING
            Module:sdk
            Message:func：tdsecuL.4.101  Time:187
[2019-10-09 13:10:01:317]
            LogID:[ldsdk] 3503[同步请求时间]
            Level:WARNING
            Module:sdk
            Message:func：tdsecuL.4.12  Time:109
[2019-10-09 14:07:01:884]
            LogID:[ldsdk] 3500[sdk初始化完成]
            Level:INFO
            Module:sdk
            Message:sdk编译日期：May  6 2019  编译时间：11:20:30
[2019-10-09 14:14:17:832]
            LogID:[ldsdk] 3500[sdk初始化完成]
            Level:INFO
            Module:sdk
            Message:sdk编译日期：May  6 2019  编译时间：11:20:30
[2019-10-09 14:50:48:003]
            LogID:[ldsdk] 3500[sdk初始化完成]
            Level:INFO
            Module:sdk
            Message:sdk编译日期：May  6 2019  编译时间：11:20:30
[2019-10-09 15:53:23:364]
            LogID:[ldsdk] 3500[sdk初始化完成]
            Level:INFO
            Module:sdk
            Message:sdk编译日期：May  6 2019  编译时间：11:20:30
[2019-10-09 15:54:36:514]
            LogID:[ldsdk] 3500[sdk初始化完成]
            Level:INFO
            Module:sdk
            Message:sdk编译日期：May  6 2019  编译时间：11:20:30
[2019-10-09 15:58:43:877]
            LogID:[ldsdk] 3500[sdk初始化完成]
            Level:INFO
            Module:sdk
            Message:sdk编译日期：May  6 2019  编译时间：11:20:30
