[2019-09-09 17:08:56:435]
            LogID:[ldsdk] 3500[sdk初始化完成]
            Level:INFO
            Module:sdk
            Message:sdk编译日期：May  6 2019  编译时间：11:20:30
[2019-09-09 17:16:38:738]
            LogID:[ldsdk] 3500[sdk初始化完成]
            Level:INFO
            Module:sdk
            Message:sdk编译日期：May  6 2019  编译时间：11:20:30
[2019-09-09 17:17:43:383]
            LogID:[ldsdk] 3500[sdk初始化完成]
            Level:INFO
            Module:sdk
            Message:sdk编译日期：May  6 2019  编译时间：11:20:30
[2019-09-09 17:29:07:447]
            LogID:[ldsdk] 3500[sdk初始化完成]
            Level:INFO
            Module:sdk
            Message:sdk编译日期：May  6 2019  编译时间：11:20:30
[2019-09-09 17:30:28:007]
            LogID:[ldsdk] 3500[sdk初始化完成]
            Level:INFO
            Module:sdk
            Message:sdk编译日期：May  6 2019  编译时间：11:20:30
[2019-09-09 17:37:49:511]
            LogID:[ldsdk] 3500[sdk初始化完成]
            Level:INFO
            Module:sdk
            Message:sdk编译日期：May  6 2019  编译时间：11:20:30
[2019-09-09 17:38:43:044]
            LogID:[ldsdk] 3500[sdk初始化完成]
            Level:INFO
            Module:sdk
            Message:sdk编译日期：May  6 2019  编译时间：11:20:30
