[2019-08-19 09:28:33:257]
            LogID:[ldsdk] 3500[sdk初始化完成]
            Level:INFO
            Module:sdk
            Message:sdk编译日期：May  6 2019  编译时间：11:20:30
[2019-08-19 09:33:25:904]
            LogID:[ldsdk] 3503[同步请求时间]
            Level:WARNING
            Module:sdk
            Message:func：tdsecuL.4.11  Time:313
[2019-08-19 09:33:25:973]
            LogID:[ldsdk] 3503[同步请求时间]
            Level:WARNING
            Module:sdk
            Message:func：tdsecuL.4.101  Time:47
[2019-08-19 09:33:26:092]
            LogID:[ldsdk] 3503[同步请求时间]
            Level:WARNING
            Module:sdk
            Message:func：tdsecuL.4.12  Time:109
[2019-08-19 09:33:34:858]
            LogID:[ldsdk] 3503[同步请求时间]
            Level:WARNING
            Module:sdk
            Message:func：tdsecuL.4.11  Time:344
[2019-08-19 09:33:35:884]
            LogID:[ldsdk] 3503[同步请求时间]
            Level:WARNING
            Module:sdk
            Message:func：tdsecuL.4.101  Time:31
[2019-08-19 09:33:36:035]
            LogID:[ldsdk] 3503[同步请求时间]
            Level:WARNING
            Module:sdk
            Message:func：tdsecuL.4.12  Time:141
[2019-08-19 09:38:24:804]
            LogID:[ldsdk] 3503[同步请求时间]
            Level:WARNING
            Module:sdk
            Message:func：tdsecuL.4.11  Time:297
[2019-08-19 09:38:24:846]
            LogID:[ldsdk] 3503[同步请求时间]
            Level:WARNING
            Module:sdk
            Message:func：tdsecuL.4.101  Time:31
[2019-08-19 09:38:24:957]
            LogID:[ldsdk] 3503[同步请求时间]
            Level:WARNING
            Module:sdk
            Message:func：tdsecuL.4.12  Time:109
[2019-08-19 09:38:33:638]
            LogID:[ldsdk] 3503[同步请求时间]
            Level:WARNING
            Module:sdk
            Message:func：tdsecuL.4.11  Time:281
[2019-08-19 09:38:34:670]
            LogID:[ldsdk] 3503[同步请求时间]
            Level:WARNING
            Module:sdk
            Message:func：tdsecuL.4.101  Time:31
[2019-08-19 09:38:34:760]
            LogID:[ldsdk] 3503[同步请求时间]
            Level:WARNING
            Module:sdk
            Message:func：tdsecuL.4.12  Time:94
[2019-08-19 13:11:45:309]
            LogID:[ldsdk] 3500[sdk初始化完成]
            Level:INFO
            Module:sdk
            Message:sdk编译日期：May  6 2019  编译时间：11:20:30
[2019-08-19 13:42:30:730]
            LogID:[ldsdk] 3500[sdk初始化完成]
            Level:INFO
            Module:sdk
            Message:sdk编译日期：May  6 2019  编译时间：11:20:30
[2019-08-19 13:42:37:549]
            LogID:[ldsdk] 3503[同步请求时间]
            Level:WARNING
            Module:sdk
            Message:func：tdsecuL.4.11  Time:78
[2019-08-19 13:42:38:609]
            LogID:[ldsdk] 3503[同步请求时间]
            Level:WARNING
            Module:sdk
            Message:func：tdsecuL.4.11  Time:94
[2019-08-19 13:42:39:834]
            LogID:[ldsdk] 3503[同步请求时间]
            Level:WARNING
            Module:sdk
            Message:func：tdsecuL.4.11  Time:156
[2019-08-19 13:42:40:766]
            LogID:[ldsdk] 3503[同步请求时间]
            Level:WARNING
            Module:sdk
            Message:func：tdsecuL.4.11  Time:63
[2019-08-19 13:42:41:297]
            LogID:[ldsdk] 3503[同步请求时间]
            Level:WARNING
            Module:sdk
            Message:func：tdsecuL.4.11  Time:62
[2019-08-19 13:42:41:720]
            LogID:[ldsdk] 3503[同步请求时间]
            Level:WARNING
            Module:sdk
            Message:func：tdsecuL.4.11  Time:62
[2019-08-19 13:42:42:303]
            LogID:[ldsdk] 3503[同步请求时间]
            Level:WARNING
            Module:sdk
            Message:func：tdsecuL.4.11  Time:360
[2019-08-19 13:42:42:652]
            LogID:[ldsdk] 3503[同步请求时间]
            Level:WARNING
            Module:sdk
            Message:func：tdsecuL.4.11  Time:297
[2019-08-19 13:42:42:674]
            LogID:[ldsdk] 3503[同步请求时间]
            Level:WARNING
            Module:sdk
            Message:func：tdsecuL.4.11  Time:250
[2019-08-19 13:42:42:722]
            LogID:[ldsdk] 3503[同步请求时间]
            Level:WARNING
            Module:sdk
            Message:func：tdsecuL.4.11  Time:109
[2019-08-19 13:42:42:747]
            LogID:[ldsdk] 3503[同步请求时间]
            Level:WARNING
            Module:sdk
            Message:func：tdsecuL.4.11  Time:93
[2019-08-19 13:42:43:699]
            LogID:[ldsdk] 3503[同步请求时间]
            Level:WARNING
            Module:sdk
            Message:func：tdsecuL.4.11  Time:1015
[2019-08-19 13:44:12:715]
            LogID:[ldsdk] 3503[同步请求时间]
            Level:WARNING
            Module:sdk
            Message:func：tdsecuL.4.11  Time:125
[2019-08-19 13:44:14:705]
            LogID:[ldsdk] 3503[同步请求时间]
            Level:WARNING
            Module:sdk
            Message:func：tdsecuL.4.11  Time:109
[2019-08-19 13:44:18:763]
            LogID:[ldsdk] 3500[sdk初始化完成]
            Level:INFO
            Module:sdk
            Message:sdk编译日期：May  6 2019  编译时间：11:20:30
[2019-08-19 13:44:25:324]
            LogID:[ldsdk] 3503[同步请求时间]
            Level:WARNING
            Module:sdk
            Message:func：tdsecuL.4.11  Time:62
[2019-08-19 13:46:57:473]
            LogID:[ldsdk] 3500[sdk初始化完成]
            Level:INFO
            Module:sdk
            Message:sdk编译日期：May  6 2019  编译时间：11:20:30
[2019-08-19 13:47:14:102]
            LogID:[ldsdk] 3503[同步请求时间]
            Level:WARNING
            Module:sdk
            Message:func：tdsecuL.4.11  Time:110
[2019-08-19 13:50:31:721]
            LogID:[ldsdk] 3500[sdk初始化完成]
            Level:INFO
            Module:sdk
            Message:sdk编译日期：May  6 2019  编译时间：11:20:30
[2019-08-19 13:50:50:139]
            LogID:[ldsdk] 3503[同步请求时间]
            Level:WARNING
            Module:sdk
            Message:func：tdsecuL.4.11  Time:5000
[2019-08-19 13:50:56:142]
            LogID:[ldsdk] 3503[同步请求时间]
            Level:WARNING
            Module:sdk
            Message:func：tdsecuL.4.101  Time:5000
[2019-08-19 13:51:01:143]
            LogID:[ldsdk] 3503[同步请求时间]
            Level:WARNING
            Module:sdk
            Message:func：tdsecuL.4.12  Time:5000
[2019-08-19 13:51:04:725]
            LogID:[ldsdk] 3503[同步请求时间]
            Level:WARNING
            Module:sdk
            Message:func：tdsecuL.4.11  Time:563
[2019-08-19 13:51:22:021]
            LogID:[ldsdk] 3503[同步请求时间]
            Level:WARNING
            Module:sdk
            Message:func：tdsecuL.4.101  Time:5016
[2019-08-19 13:51:32:205]
            LogID:[ldsdk] 3503[同步请求时间]
            Level:WARNING
            Module:sdk
            Message:func：tdsecuL.4.12  Time:5000
[2019-08-19 13:54:19:175]
            LogID:[ldsdk] 3500[sdk初始化完成]
            Level:INFO
            Module:sdk
            Message:sdk编译日期：May  6 2019  编译时间：11:20:30
[2019-08-19 13:54:43:474]
            LogID:[ldsdk] 3503[同步请求时间]
            Level:WARNING
            Module:sdk
            Message:func：tdsecuL.4.11  Time:5000
[2019-08-19 13:54:47:694]
            LogID:[ldsdk] 3503[同步请求时间]
            Level:WARNING
            Module:sdk
            Message:func：tdsecuL.4.101  Time:3218
[2019-08-19 13:54:50:162]
            LogID:[ldsdk] 3503[同步请求时间]
            Level:WARNING
            Module:sdk
            Message:func：tdsecuL.4.12  Time:2469
[2019-08-19 13:55:04:076]
            LogID:[ldsdk] 3503[同步请求时间]
            Level:WARNING
            Module:sdk
            Message:func：tdsecuL.4.11  Time:171
[2019-08-19 13:55:05:091]
            LogID:[ldsdk] 3503[同步请求时间]
            Level:WARNING
            Module:sdk
            Message:func：tdsecuL.4.101  Time:16
[2019-08-19 13:55:05:135]
            LogID:[ldsdk] 3503[同步请求时间]
            Level:WARNING
            Module:sdk
            Message:func：tdsecuL.4.12  Time:47
