[2019-11-06 13:54:19:505]
            LogID:[ldsdk] 3500[sdk初始化完成]
            Level:INFO
            Module:sdk
            Message:sdk编译日期：May  6 2019  编译时间：11:20:30
[2019-11-06 13:54:56:380]
            LogID:[ldsdk] 3501[业务请求统计]
            Level:INFO
            Module:sdk
            Message:func：tdsecuL.4.101  dealTime:140  packetid:2  callbacktime:0
[2019-11-06 13:54:56:387]
            LogID:[ldsdk] 3501[业务请求统计]
            Level:INFO
            Module:sdk
            Message:func：tdfutuL.8.4  dealTime:141  packetid:22  callbacktime:0
[2019-11-06 13:54:56:387]
            LogID:[ldsdk] 3501[业务请求统计]
            Level:INFO
            Module:sdk
            Message:func：tdfutuL.8.4  dealTime:141  packetid:17  callbacktime:0
[2019-11-06 13:54:56:387]
            LogID:[ldsdk] 3501[业务请求统计]
            Level:INFO
            Module:sdk
            Message:func：tdfutuL.8.4  dealTime:141  packetid:8  callbacktime:0
[2019-11-06 13:54:56:387]
            LogID:[ldsdk] 3501[业务请求统计]
            Level:INFO
            Module:sdk
            Message:func：tdfutuL.8.4  dealTime:141  packetid:12  callbacktime:0
[2019-11-06 13:54:56:388]
            LogID:[ldsdk] 3501[业务请求统计]
            Level:INFO
            Module:sdk
            Message:func：tdfutuL.8.4  dealTime:141  packetid:28  callbacktime:0
[2019-11-06 13:54:56:390]
            LogID:[ldsdk] 3501[业务请求统计]
            Level:INFO
            Module:sdk
            Message:func：tdfutuL.8.4  dealTime:141  packetid:5  callbacktime:0
[2019-11-06 13:54:56:390]
            LogID:[ldsdk] 3501[业务请求统计]
            Level:INFO
            Module:sdk
            Message:func：tdfutuL.8.4  dealTime:141  packetid:19  callbacktime:0
[2019-11-06 13:54:56:392]
            LogID:[ldsdk] 3501[业务请求统计]
            Level:INFO
            Module:sdk
            Message:func：tdfutuL.8.4  dealTime:141  packetid:26  callbacktime:0
[2019-11-06 13:54:56:392]
            LogID:[ldsdk] 3501[业务请求统计]
            Level:INFO
            Module:sdk
            Message:func：tdfutuL.8.4  dealTime:141  packetid:30  callbacktime:0
[2019-11-06 13:54:57:845]
            LogID:[ldsdk] 3501[业务请求统计]
            Level:INFO
            Module:sdk
            Message:func：pubL.19.91  dealTime:78  packetid:420  callbacktime:0
[2019-11-06 13:54:57:857]
            LogID:[ldsdk] 3501[业务请求统计]
            Level:INFO
            Module:sdk
            Message:func：pubL.19.91  dealTime:94  packetid:422  callbacktime:0
[2019-11-06 13:54:57:858]
            LogID:[ldsdk] 3501[业务请求统计]
            Level:INFO
            Module:sdk
            Message:func：pubL.19.91  dealTime:94  packetid:429  callbacktime:0
[2019-11-06 13:54:57:860]
            LogID:[ldsdk] 3501[业务请求统计]
            Level:INFO
            Module:sdk
            Message:func：pubL.19.91  dealTime:110  packetid:410  callbacktime:0
[2019-11-06 13:54:57:861]
            LogID:[ldsdk] 3501[业务请求统计]
            Level:INFO
            Module:sdk
            Message:func：pubL.19.91  dealTime:110  packetid:404  callbacktime:0
[2019-11-06 13:54:57:864]
            LogID:[ldsdk] 3501[业务请求统计]
            Level:INFO
            Module:sdk
            Message:func：pubL.19.91  dealTime:94  packetid:424  callbacktime:0
[2019-11-06 13:54:57:887]
            LogID:[ldsdk] 3501[业务请求统计]
            Level:INFO
            Module:sdk
            Message:func：pubL.19.91  dealTime:125  packetid:426  callbacktime:0
[2019-11-06 13:54:57:900]
            LogID:[ldsdk] 3501[业务请求统计]
            Level:INFO
            Module:sdk
            Message:func：pubL.19.91  dealTime:141  packetid:438  callbacktime:0
[2019-11-06 13:54:57:903]
            LogID:[ldsdk] 3501[业务请求统计]
            Level:INFO
            Module:sdk
            Message:func：pubL.19.91  dealTime:141  packetid:417  callbacktime:0
[2019-11-06 13:54:57:910]
            LogID:[ldsdk] 3501[业务请求统计]
            Level:INFO
            Module:sdk
            Message:func：pubL.19.91  dealTime:157  packetid:403  callbacktime:0
[2019-11-06 13:55:00:162]
            LogID:[ldsdk] 3501[业务请求统计]
            Level:INFO
            Module:sdk
            Message:func：pdsecuL.2.37  dealTime:391  packetid:611  callbacktime:0
[2019-11-06 13:55:00:192]
            LogID:[ldsdk] 3501[业务请求统计]
            Level:INFO
            Module:sdk
            Message:func：pdsecuL.3.21  dealTime:406  packetid:673  callbacktime:0
[2019-11-06 13:55:00:215]
            LogID:[ldsdk] 3501[业务请求统计]
            Level:INFO
            Module:sdk
            Message:func：pdsecuL.2.37  dealTime:469  packetid:605  callbacktime:0
[2019-11-06 13:55:00:228]
            LogID:[ldsdk] 3501[业务请求统计]
            Level:INFO
            Module:sdk
            Message:func：pdsecuL.2.37  dealTime:485  packetid:602  callbacktime:0
[2019-11-06 13:55:00:245]
            LogID:[ldsdk] 3501[业务请求统计]
            Level:INFO
            Module:sdk
            Message:func：pdsecuL.2.37  dealTime:500  packetid:606  callbacktime:0
[2019-11-06 13:55:00:250]
            LogID:[ldsdk] 3501[业务请求统计]
            Level:INFO
            Module:sdk
            Message:func：pdsecuL.3.71  dealTime:484  packetid:625  callbacktime:0
[2019-11-06 13:55:00:250]
            LogID:[ldsdk] 3501[业务请求统计]
            Level:INFO
            Module:sdk
            Message:func：pdsecuL.3.71  dealTime:484  packetid:626  callbacktime:0
[2019-11-06 13:55:00:252]
            LogID:[ldsdk] 3501[业务请求统计]
            Level:INFO
            Module:sdk
            Message:func：pdsecuL.2.37  dealTime:484  packetid:610  callbacktime:0
[2019-11-06 13:55:00:258]
            LogID:[ldsdk] 3501[业务请求统计]
            Level:INFO
            Module:sdk
            Message:func：pdsecuL.3.21  dealTime:500  packetid:620  callbacktime:0
[2019-11-06 13:55:00:259]
            LogID:[ldsdk] 3501[业务请求统计]
            Level:INFO
            Module:sdk
            Message:func：pdsecuL.2.37  dealTime:500  packetid:637  callbacktime:0
[2019-11-06 13:55:00:732]
            LogID:[ldsdk] 3501[业务请求统计]
            Level:INFO
            Module:sdk
            Message:func：pdsecuL.2.37  dealTime:938  packetid:792  callbacktime:0
[2019-11-06 13:55:00:733]
            LogID:[ldsdk] 3501[业务请求统计]
            Level:INFO
            Module:sdk
            Message:func：pdsecuL.3.21  dealTime:953  packetid:669  callbacktime:0
[2019-11-06 13:55:00:740]
            LogID:[ldsdk] 3501[业务请求统计]
            Level:INFO
            Module:sdk
            Message:func：pdsecuL.2.37  dealTime:953  packetid:682  callbacktime:0
[2019-11-06 13:55:00:748]
            LogID:[ldsdk] 3501[业务请求统计]
            Level:INFO
            Module:sdk
            Message:func：pdsecuL.3.21  dealTime:953  packetid:800  callbacktime:0
[2019-11-06 13:55:00:748]
            LogID:[ldsdk] 3501[业务请求统计]
            Level:INFO
            Module:sdk
            Message:func：pdsecuL.2.37  dealTime:953  packetid:767  callbacktime:0
[2019-11-06 13:55:00:793]
            LogID:[ldsdk] 3501[业务请求统计]
            Level:INFO
            Module:sdk
            Message:func：pdsecuL.2.37  dealTime:1000  packetid:734  callbacktime:15
[2019-11-06 13:55:00:793]
            LogID:[ldsdk] 3501[业务请求统计]
            Level:INFO
            Module:sdk
            Message:func：pdsecuL.2.37  dealTime:1015  packetid:706  callbacktime:0
[2019-11-06 13:55:00:793]
            LogID:[ldsdk] 3501[业务请求统计]
            Level:INFO
            Module:sdk
            Message:func：pdsecuL.2.37  dealTime:1000  packetid:788  callbacktime:0
[2019-11-06 13:55:00:793]
            LogID:[ldsdk] 3501[业务请求统计]
            Level:INFO
            Module:sdk
            Message:func：pdsecuL.3.21  dealTime:1000  packetid:773  callbacktime:0
[2019-11-06 13:55:00:795]
            LogID:[ldsdk] 3501[业务请求统计]
            Level:INFO
            Module:sdk
            Message:func：pdsecuL.2.37  dealTime:1000  packetid:791  callbacktime:0
[2019-11-06 13:55:01:892]
            LogID:[ldsdk] 3501[业务请求统计]
            Level:INFO
            Module:sdk
            Message:func：prodL.3.21  dealTime:156  packetid:803  callbacktime:0
[2019-11-06 13:55:01:898]
            LogID:[ldsdk] 3501[业务请求统计]
            Level:INFO
            Module:sdk
            Message:func：prodL.3.21  dealTime:172  packetid:820  callbacktime:0
[2019-11-06 13:55:01:901]
            LogID:[ldsdk] 3501[业务请求统计]
            Level:INFO
            Module:sdk
            Message:func：prodL.3.21  dealTime:157  packetid:866  callbacktime:0
[2019-11-06 13:55:01:924]
            LogID:[ldsdk] 3501[业务请求统计]
            Level:INFO
            Module:sdk
            Message:func：prodL.3.21  dealTime:187  packetid:842  callbacktime:0
[2019-11-06 13:55:01:944]
            LogID:[ldsdk] 3501[业务请求统计]
            Level:INFO
            Module:sdk
            Message:func：prodL.3.21  dealTime:188  packetid:871  callbacktime:0
[2019-11-06 13:55:01:945]
            LogID:[ldsdk] 3501[业务请求统计]
            Level:INFO
            Module:sdk
            Message:func：prodL.3.21  dealTime:218  packetid:838  callbacktime:0
[2019-11-06 13:55:01:947]
            LogID:[ldsdk] 3501[业务请求统计]
            Level:INFO
            Module:sdk
            Message:func：prodL.3.21  dealTime:218  packetid:818  callbacktime:0
[2019-11-06 13:55:01:949]
            LogID:[ldsdk] 3501[业务请求统计]
            Level:INFO
            Module:sdk
            Message:func：prodL.3.21  dealTime:218  packetid:808  callbacktime:0
[2019-11-06 13:55:01:950]
            LogID:[ldsdk] 3501[业务请求统计]
            Level:INFO
            Module:sdk
            Message:func：prodL.3.21  dealTime:218  packetid:807  callbacktime:0
[2019-11-06 13:55:01:951]
            LogID:[ldsdk] 3501[业务请求统计]
            Level:INFO
            Module:sdk
            Message:func：prodL.3.21  dealTime:218  packetid:811  callbacktime:0
[2019-11-06 13:55:02:928]
            LogID:[ldsdk] 3501[业务请求统计]
            Level:INFO
            Module:sdk
            Message:func：pdfutuL.2.57  dealTime:140  packetid:1015  callbacktime:0
[2019-11-06 13:55:02:932]
            LogID:[ldsdk] 3501[业务请求统计]
            Level:INFO
            Module:sdk
            Message:func：pdfutuL.2.57  dealTime:188  packetid:1007  callbacktime:0
[2019-11-06 13:55:02:954]
            LogID:[ldsdk] 3501[业务请求统计]
            Level:INFO
            Module:sdk
            Message:func：pdfutuL.2.57  dealTime:203  packetid:1005  callbacktime:0
[2019-11-06 13:55:02:956]
            LogID:[ldsdk] 3501[业务请求统计]
            Level:INFO
            Module:sdk
            Message:func：tdfutuL.2.6  dealTime:171  packetid:1010  callbacktime:0
[2019-11-06 13:55:02:971]
            LogID:[ldsdk] 3501[业务请求统计]
            Level:INFO
            Module:sdk
            Message:func：pdfutuL.2.57  dealTime:219  packetid:1006  callbacktime:0
[2019-11-06 13:55:02:981]
            LogID:[ldsdk] 3501[业务请求统计]
            Level:INFO
            Module:sdk
            Message:func：tdfutuL.2.6  dealTime:203  packetid:1019  callbacktime:0
[2019-11-06 13:55:03:002]
            LogID:[ldsdk] 3501[业务请求统计]
            Level:INFO
            Module:sdk
            Message:func：pdfutuL.2.57  dealTime:218  packetid:1026  callbacktime:0
[2019-11-06 13:55:03:025]
            LogID:[ldsdk] 3501[业务请求统计]
            Level:INFO
            Module:sdk
            Message:func：tdfutuL.2.6  dealTime:250  packetid:1030  callbacktime:0
[2019-11-06 13:55:03:033]
            LogID:[ldsdk] 3501[业务请求统计]
            Level:INFO
            Module:sdk
            Message:func：tdfutuL.2.6  dealTime:250  packetid:1029  callbacktime:0
[2019-11-06 13:55:03:036]
            LogID:[ldsdk] 3501[业务请求统计]
            Level:INFO
            Module:sdk
            Message:func：pdfutuL.2.57  dealTime:250  packetid:1017  callbacktime:0
[2019-11-06 13:55:04:030]
            LogID:[ldsdk] 3501[业务请求统计]
            Level:INFO
            Module:sdk
            Message:func：rksecuL.4.64  dealTime:282  packetid:1224  callbacktime:0
[2019-11-06 13:55:04:035]
            LogID:[ldsdk] 3501[业务请求统计]
            Level:INFO
            Module:sdk
            Message:func：rksecuL.4.64  dealTime:282  packetid:1226  callbacktime:0
[2019-11-06 13:55:04:042]
            LogID:[ldsdk] 3501[业务请求统计]
            Level:INFO
            Module:sdk
            Message:func：rksecuL.4.64  dealTime:281  packetid:1254  callbacktime:0
[2019-11-06 13:55:04:052]
            LogID:[ldsdk] 3501[业务请求统计]
            Level:INFO
            Module:sdk
            Message:func：rksecuL.4.64  dealTime:265  packetid:1362  callbacktime:0
[2019-11-06 13:55:04:081]
            LogID:[ldsdk] 3501[业务请求统计]
            Level:INFO
            Module:sdk
            Message:func：rksecuL.4.64  dealTime:312  packetid:1256  callbacktime:0
[2019-11-06 13:55:04:082]
            LogID:[ldsdk] 3501[业务请求统计]
            Level:INFO
            Module:sdk
            Message:func：rksecuL.4.64  dealTime:296  packetid:1338  callbacktime:0
[2019-11-06 13:55:04:093]
            LogID:[ldsdk] 3501[业务请求统计]
            Level:INFO
            Module:sdk
            Message:func：tdfutuL.5.21  dealTime:1312  packetid:1034  callbacktime:0
[2019-11-06 13:55:04:098]
            LogID:[ldsdk] 3501[业务请求统计]
            Level:INFO
            Module:sdk
            Message:func：tdfutuL.5.21  dealTime:1344  packetid:1003  callbacktime:0
[2019-11-06 13:55:04:112]
            LogID:[ldsdk] 3501[业务请求统计]
            Level:INFO
            Module:sdk
            Message:func：rksecuL.4.64  dealTime:360  packetid:1217  callbacktime:0
[2019-11-06 13:55:04:124]
            LogID:[ldsdk] 3501[业务请求统计]
            Level:INFO
            Module:sdk
            Message:func：rksecuL.4.64  dealTime:359  packetid:1247  callbacktime:0
[2019-11-06 13:55:05:046]
            LogID:[ldsdk] 3501[业务请求统计]
            Level:INFO
            Module:sdk
            Message:func：rksecuL.4.64  dealTime:1281  packetid:1263  callbacktime:0
[2019-11-06 13:55:05:046]
            LogID:[ldsdk] 3501[业务请求统计]
            Level:INFO
            Module:sdk
            Message:func：tdfutuL.2.6  dealTime:2234  packetid:1099  callbacktime:0
[2019-11-06 13:55:05:047]
            LogID:[ldsdk] 3501[业务请求统计]
            Level:INFO
            Module:sdk
            Message:func：tdfutuL.5.21  dealTime:2219  packetid:1142  callbacktime:0
[2019-11-06 13:55:05:048]
            LogID:[ldsdk] 3501[业务请求统计]
            Level:INFO
            Module:sdk
            Message:func：rksecuL.4.64  dealTime:1281  packetid:1279  callbacktime:0
[2019-11-06 13:55:05:049]
            LogID:[ldsdk] 3501[业务请求统计]
            Level:INFO
            Module:sdk
            Message:func：tdfutuL.5.21  dealTime:2234  packetid:1083  callbacktime:0
[2019-11-06 13:55:05:065]
            LogID:[ldsdk] 3501[业务请求统计]
            Level:INFO
            Module:sdk
            Message:func：tdsecuL.2.6  dealTime:313  packetid:1429  callbacktime:0
[2019-11-06 13:55:05:065]
            LogID:[ldsdk] 3501[业务请求统计]
            Level:INFO
            Module:sdk
            Message:func：rksecuL.4.64  dealTime:1297  packetid:1294  callbacktime:0
[2019-11-06 13:55:05:065]
            LogID:[ldsdk] 3501[业务请求统计]
            Level:INFO
            Module:sdk
            Message:func：pdfutuL.2.57  dealTime:2235  packetid:1145  callbacktime:0
[2019-11-06 13:55:05:065]
            LogID:[ldsdk] 3501[业务请求统计]
            Level:INFO
            Module:sdk
            Message:func：rksecuL.4.64  dealTime:1281  packetid:1394  callbacktime:0
[2019-11-06 13:55:05:065]
            LogID:[ldsdk] 3501[业务请求统计]
            Level:INFO
            Module:sdk
            Message:func：tdfutuL.5.21  dealTime:2235  packetid:1124  callbacktime:0
[2019-11-06 13:55:06:352]
            LogID:[ldsdk] 3501[业务请求统计]
            Level:INFO
            Module:sdk
            Message:func：tdfutuL.8.4  dealTime:47  packetid:1602  callbacktime:0
[2019-11-06 13:55:06:396]
            LogID:[ldsdk] 3501[业务请求统计]
            Level:INFO
            Module:sdk
            Message:func：tdfutuL.8.4  dealTime:78  packetid:1610  callbacktime:0
[2019-11-06 13:55:06:396]
            LogID:[ldsdk] 3501[业务请求统计]
            Level:INFO
            Module:sdk
            Message:func：tdfutuL.8.4  dealTime:78  packetid:1609  callbacktime:0
[2019-11-06 13:55:06:402]
            LogID:[ldsdk] 3501[业务请求统计]
            Level:INFO
            Module:sdk
            Message:func：tdfutuL.8.4  dealTime:94  packetid:1614  callbacktime:0
[2019-11-06 13:55:06:416]
            LogID:[ldsdk] 3501[业务请求统计]
            Level:INFO
            Module:sdk
            Message:func：tdfutuL.8.4  dealTime:109  packetid:1604  callbacktime:0
[2019-11-06 13:55:06:423]
            LogID:[ldsdk] 3501[业务请求统计]
            Level:INFO
            Module:sdk
            Message:func：tdfutuL.8.4  dealTime:109  packetid:1607  callbacktime:0
[2019-11-06 13:55:06:423]
            LogID:[ldsdk] 3501[业务请求统计]
            Level:INFO
            Module:sdk
            Message:func：tdfutuL.8.4  dealTime:109  packetid:1603  callbacktime:0
[2019-11-06 13:55:06:423]
            LogID:[ldsdk] 3501[业务请求统计]
            Level:INFO
            Module:sdk
            Message:func：tdfutuL.8.4  dealTime:109  packetid:1611  callbacktime:0
[2019-11-06 13:55:06:429]
            LogID:[ldsdk] 3501[业务请求统计]
            Level:INFO
            Module:sdk
            Message:func：tdfutuL.8.4  dealTime:109  packetid:1606  callbacktime:0
[2019-11-06 13:55:06:455]
            LogID:[ldsdk] 3501[业务请求统计]
            Level:INFO
            Module:sdk
            Message:func：tdfutuL.8.4  dealTime:140  packetid:1685  callbacktime:0
[2019-11-06 13:55:07:261]
            LogID:[ldsdk] 3501[业务请求统计]
            Level:INFO
            Module:sdk
            Message:func：tdsecuL.5.123  dealTime:906  packetid:1845  callbacktime:0
[2019-11-06 13:55:07:263]
            LogID:[ldsdk] 3501[业务请求统计]
            Level:INFO
            Module:sdk
            Message:func：tdsecuL.5.123  dealTime:797  packetid:1977  callbacktime:0
[2019-11-06 13:55:07:273]
            LogID:[ldsdk] 3501[业务请求统计]
            Level:INFO
            Module:sdk
            Message:func：tdsecuL.5.123  dealTime:813  packetid:1938  callbacktime:0
[2019-11-06 13:55:07:279]
            LogID:[ldsdk] 3501[业务请求统计]
            Level:INFO
            Module:sdk
            Message:func：tdsecuL.5.123  dealTime:844  packetid:1910  callbacktime:0
[2019-11-06 13:55:07:279]
            LogID:[ldsdk] 3501[业务请求统计]
            Level:INFO
            Module:sdk
            Message:func：tdsecuL.5.123  dealTime:860  packetid:1897  callbacktime:0
[2019-11-06 13:55:07:299]
            LogID:[ldsdk] 3501[业务请求统计]
            Level:INFO
            Module:sdk
            Message:func：tdsecuL.5.123  dealTime:828  packetid:1997  callbacktime:0
[2019-11-06 13:55:07:299]
            LogID:[ldsdk] 3501[业务请求统计]
            Level:INFO
            Module:sdk
            Message:func：tdsecuL.5.123  dealTime:922  packetid:1862  callbacktime:0
[2019-11-06 13:55:07:299]
            LogID:[ldsdk] 3501[业务请求统计]
            Level:INFO
            Module:sdk
            Message:func：tdsecuL.5.123  dealTime:859  packetid:1916  callbacktime:0
[2019-11-06 13:55:07:299]
            LogID:[ldsdk] 3501[业务请求统计]
            Level:INFO
            Module:sdk
            Message:func：tdsecuL.5.123  dealTime:875  packetid:1898  callbacktime:0
[2019-11-06 13:55:07:299]
            LogID:[ldsdk] 3501[业务请求统计]
            Level:INFO
            Module:sdk
            Message:func：tdsecuL.5.123  dealTime:828  packetid:1995  callbacktime:0
[2019-11-06 13:55:08:371]
            LogID:[ldsdk] 3501[业务请求统计]
            Level:INFO
            Module:sdk
            Message:func：tdsecuL.5.123  dealTime:718  packetid:2409  callbacktime:0
[2019-11-06 13:55:08:405]
            LogID:[ldsdk] 3501[业务请求统计]
            Level:INFO
            Module:sdk
            Message:func：pubL.19.72  dealTime:704  packetid:2586  callbacktime:0
[2019-11-06 13:55:08:405]
            LogID:[ldsdk] 3501[业务请求统计]
            Level:INFO
            Module:sdk
            Message:func：pubL.19.91  dealTime:891  packetid:2273  callbacktime:0
[2019-11-06 13:55:08:407]
            LogID:[ldsdk] 3501[业务请求统计]
            Level:INFO
            Module:sdk
            Message:func：pubL.19.91  dealTime:750  packetid:2412  callbacktime:0
[2019-11-06 13:55:08:411]
            LogID:[ldsdk] 3501[业务请求统计]
            Level:INFO
            Module:sdk
            Message:func：pdsecuL.2.37  dealTime:704  packetid:2564  callbacktime:0
[2019-11-06 13:55:08:412]
            LogID:[ldsdk] 3501[业务请求统计]
            Level:INFO
            Module:sdk
            Message:func：pubL.19.91  dealTime:750  packetid:2418  callbacktime:0
[2019-11-06 13:55:08:412]
            LogID:[ldsdk] 3501[业务请求统计]
            Level:INFO
            Module:sdk
            Message:func：pdsecuL.3.21  dealTime:704  packetid:2581  callbacktime:0
[2019-11-06 13:55:08:412]
            LogID:[ldsdk] 3501[业务请求统计]
            Level:INFO
            Module:sdk
            Message:func：tdsecuL.5.123  dealTime:938  packetid:2241  callbacktime:0
[2019-11-06 13:55:08:413]
            LogID:[ldsdk] 3501[业务请求统计]
            Level:INFO
            Module:sdk
            Message:func：pdsecuL.2.65  dealTime:719  packetid:2548  callbacktime:0
[2019-11-06 13:55:08:413]
            LogID:[ldsdk] 3501[业务请求统计]
            Level:INFO
            Module:sdk
            Message:func：pdsecuL.3.71  dealTime:704  packetid:2585  callbacktime:0
[2019-11-06 13:55:09:484]
            LogID:[ldsdk] 3501[业务请求统计]
            Level:INFO
            Module:sdk
            Message:func：tdsecuL.5.123  dealTime:1844  packetid:2353  callbacktime:16
[2019-11-06 13:55:09:484]
            LogID:[ldsdk] 3501[业务请求统计]
            Level:INFO
            Module:sdk
            Message:func：tdsecuL.5.123  dealTime:1860  packetid:2344  callbacktime:0
[2019-11-06 13:55:09:484]
            LogID:[ldsdk] 3501[业务请求统计]
            Level:INFO
            Module:sdk
            Message:func：pubL.19.91  dealTime:1750  packetid:2713  callbacktime:0
[2019-11-06 13:55:09:484]
            LogID:[ldsdk] 3501[业务请求统计]
            Level:INFO
            Module:sdk
            Message:func：tdsecuL.5.123  dealTime:1828  packetid:2399  callbacktime:0
[2019-11-06 13:55:09:484]
            LogID:[ldsdk] 3501[业务请求统计]
            Level:INFO
            Module:sdk
            Message:func：tdsecuL.5.123  dealTime:1797  packetid:2510  callbacktime:0
[2019-11-06 13:55:09:496]
            LogID:[ldsdk] 3501[业务请求统计]
            Level:INFO
            Module:sdk
            Message:func：tdsecuL.5.123  dealTime:1828  packetid:2481  callbacktime:0
[2019-11-06 13:55:09:518]
            LogID:[ldsdk] 3501[业务请求统计]
            Level:INFO
            Module:sdk
            Message:func：pdsecuL.2.37  dealTime:1781  packetid:2639  callbacktime:16
[2019-11-06 13:55:09:518]
            LogID:[ldsdk] 3501[业务请求统计]
            Level:INFO
            Module:sdk
            Message:func：pubL.19.91  dealTime:1797  packetid:2686  callbacktime:0
[2019-11-06 13:55:09:518]
            LogID:[ldsdk] 3501[业务请求统计]
            Level:INFO
            Module:sdk
            Message:func：pubL.19.91  dealTime:1797  packetid:2682  callbacktime:0
[2019-11-06 13:55:09:520]
            LogID:[ldsdk] 3501[业务请求统计]
            Level:INFO
            Module:sdk
            Message:func：tdsecuL.5.123  dealTime:1828  packetid:2529  callbacktime:0
[2019-11-06 13:55:11:885]
            LogID:[ldsdk] 3501[业务请求统计]
            Level:INFO
            Module:sdk
            Message:func：prodL.3.21  dealTime:109  packetid:2733  callbacktime:0
[2019-11-06 13:55:11:885]
            LogID:[ldsdk] 3501[业务请求统计]
            Level:INFO
            Module:sdk
            Message:func：prodL.3.21  dealTime:109  packetid:2730  callbacktime:0
[2019-11-06 13:55:11:885]
            LogID:[ldsdk] 3501[业务请求统计]
            Level:INFO
            Module:sdk
            Message:func：prodL.3.21  dealTime:109  packetid:2741  callbacktime:0
[2019-11-06 13:55:11:886]
            LogID:[ldsdk] 3501[业务请求统计]
            Level:INFO
            Module:sdk
            Message:func：prodL.3.21  dealTime:109  packetid:2727  callbacktime:0
[2019-11-06 13:55:11:889]
            LogID:[ldsdk] 3501[业务请求统计]
            Level:INFO
            Module:sdk
            Message:func：prodL.3.21  dealTime:109  packetid:2726  callbacktime:0
[2019-11-06 13:55:11:889]
            LogID:[ldsdk] 3501[业务请求统计]
            Level:INFO
            Module:sdk
            Message:func：prodL.3.21  dealTime:109  packetid:2734  callbacktime:0
[2019-11-06 13:55:11:893]
            LogID:[ldsdk] 3501[业务请求统计]
            Level:INFO
            Module:sdk
            Message:func：prodL.3.21  dealTime:109  packetid:2742  callbacktime:0
[2019-11-06 13:55:11:893]
            LogID:[ldsdk] 3501[业务请求统计]
            Level:INFO
            Module:sdk
            Message:func：prodL.3.21  dealTime:109  packetid:2723  callbacktime:0
[2019-11-06 13:55:11:893]
            LogID:[ldsdk] 3501[业务请求统计]
            Level:INFO
            Module:sdk
            Message:func：prodL.3.21  dealTime:109  packetid:2745  callbacktime:0
[2019-11-06 13:55:11:893]
            LogID:[ldsdk] 3501[业务请求统计]
            Level:INFO
            Module:sdk
            Message:func：prodL.3.21  dealTime:109  packetid:2728  callbacktime:0
[2019-11-06 13:55:12:896]
            LogID:[ldsdk] 3501[业务请求统计]
            Level:INFO
            Module:sdk
            Message:func：tdfutuL.2.6  dealTime:31  packetid:2937  callbacktime:0
[2019-11-06 13:55:12:901]
            LogID:[ldsdk] 3501[业务请求统计]
            Level:INFO
            Module:sdk
            Message:func：tdfutuL.5.11  dealTime:47  packetid:2938  callbacktime:0
[2019-11-06 13:55:12:902]
            LogID:[ldsdk] 3501[业务请求统计]
            Level:INFO
            Module:sdk
            Message:func：tdfutuL.2.6  dealTime:47  packetid:2927  callbacktime:0
[2019-11-06 13:55:12:905]
            LogID:[ldsdk] 3501[业务请求统计]
            Level:INFO
            Module:sdk
            Message:func：pdfutuL.2.57  dealTime:47  packetid:2923  callbacktime:0
[2019-11-06 13:55:12:915]
            LogID:[ldsdk] 3501[业务请求统计]
            Level:INFO
            Module:sdk
            Message:func：pdfutuL.2.57  dealTime:62  packetid:2933  callbacktime:0
[2019-11-06 13:55:12:918]
            LogID:[ldsdk] 3501[业务请求统计]
            Level:INFO
            Module:sdk
            Message:func：pdfutuL.2.57  dealTime:62  packetid:2922  callbacktime:0
[2019-11-06 13:55:12:919]
            LogID:[ldsdk] 3501[业务请求统计]
            Level:INFO
            Module:sdk
            Message:func：tdfutuL.2.6  dealTime:62  packetid:2926  callbacktime:0
[2019-11-06 13:55:12:926]
            LogID:[ldsdk] 3501[业务请求统计]
            Level:INFO
            Module:sdk
            Message:func：pdfutuL.2.57  dealTime:62  packetid:2943  callbacktime:0
[2019-11-06 13:55:12:995]
            LogID:[ldsdk] 3501[业务请求统计]
            Level:INFO
            Module:sdk
            Message:func：tdfutuL.2.6  dealTime:140  packetid:2946  callbacktime:0
[2019-11-06 13:55:12:995]
            LogID:[ldsdk] 3501[业务请求统计]
            Level:INFO
            Module:sdk
            Message:func：pdfutuL.2.57  dealTime:140  packetid:2964  callbacktime:0
[2019-11-06 13:55:13:877]
            LogID:[ldsdk] 3501[业务请求统计]
            Level:INFO
            Module:sdk
            Message:func：rksecuL.4.64  dealTime:78  packetid:3150  callbacktime:0
[2019-11-06 13:55:13:880]
            LogID:[ldsdk] 3501[业务请求统计]
            Level:INFO
            Module:sdk
            Message:func：rksecuL.4.64  dealTime:78  packetid:3152  callbacktime:0
[2019-11-06 13:55:13:888]
            LogID:[ldsdk] 3501[业务请求统计]
            Level:INFO
            Module:sdk
            Message:func：rksecuL.4.64  dealTime:109  packetid:3125  callbacktime:0
[2019-11-06 13:55:13:888]
            LogID:[ldsdk] 3501[业务请求统计]
            Level:INFO
            Module:sdk
            Message:func：rksecuL.4.64  dealTime:94  packetid:3146  callbacktime:0
[2019-11-06 13:55:13:888]
            LogID:[ldsdk] 3501[业务请求统计]
            Level:INFO
            Module:sdk
            Message:func：rksecuL.4.64  dealTime:109  packetid:3120  callbacktime:0
[2019-11-06 13:55:13:888]
            LogID:[ldsdk] 3501[业务请求统计]
            Level:INFO
            Module:sdk
            Message:func：rksecuL.4.64  dealTime:109  packetid:3119  callbacktime:0
[2019-11-06 13:55:13:888]
            LogID:[ldsdk] 3501[业务请求统计]
            Level:INFO
            Module:sdk
            Message:func：rksecuL.4.64  dealTime:109  packetid:3133  callbacktime:0
[2019-11-06 13:55:13:888]
            LogID:[ldsdk] 3501[业务请求统计]
            Level:INFO
            Module:sdk
            Message:func：rksecuL.4.64  dealTime:94  packetid:3144  callbacktime:0
[2019-11-06 13:55:13:889]
            LogID:[ldsdk] 3501[业务请求统计]
            Level:INFO
            Module:sdk
            Message:func：rksecuL.4.64  dealTime:94  packetid:3148  callbacktime:0
[2019-11-06 13:55:13:892]
            LogID:[ldsdk] 3501[业务请求统计]
            Level:INFO
            Module:sdk
            Message:func：rksecuL.4.64  dealTime:94  packetid:3154  callbacktime:0
[2019-11-06 13:55:14:890]
            LogID:[ldsdk] 3501[业务请求统计]
            Level:INFO
            Module:sdk
            Message:func：tdsecuL.2.5  dealTime:109  packetid:3341  callbacktime:0
[2019-11-06 13:55:14:913]
            LogID:[ldsdk] 3501[业务请求统计]
            Level:INFO
            Module:sdk
            Message:func：tdsecuL.2.5  dealTime:125  packetid:3335  callbacktime:0
[2019-11-06 13:55:14:918]
            LogID:[ldsdk] 3501[业务请求统计]
            Level:INFO
            Module:sdk
            Message:func：tdsecuL.2.5  dealTime:140  packetid:3338  callbacktime:0
[2019-11-06 13:55:14:925]
            LogID:[ldsdk] 3501[业务请求统计]
            Level:INFO
            Module:sdk
            Message:func：tdsecuL.2.5  dealTime:125  packetid:3367  callbacktime:0
[2019-11-06 13:55:14:927]
            LogID:[ldsdk] 3501[业务请求统计]
            Level:INFO
            Module:sdk
            Message:func：tdsecuL.2.5  dealTime:125  packetid:3358  callbacktime:0
[2019-11-06 13:55:14:927]
            LogID:[ldsdk] 3501[业务请求统计]
            Level:INFO
            Module:sdk
            Message:func：tdsecuL.2.7  dealTime:140  packetid:3320  callbacktime:0
[2019-11-06 13:55:14:927]
            LogID:[ldsdk] 3501[业务请求统计]
            Level:INFO
            Module:sdk
            Message:func：tdsecuL.2.6  dealTime:140  packetid:3327  callbacktime:0
[2019-11-06 13:55:14:929]
            LogID:[ldsdk] 3501[业务请求统计]
            Level:INFO
            Module:sdk
            Message:func：tdsecuL.2.7  dealTime:140  packetid:3319  callbacktime:0
[2019-11-06 13:55:14:932]
            LogID:[ldsdk] 3501[业务请求统计]
            Level:INFO
            Module:sdk
            Message:func：tdsecuL.2.8  dealTime:156  packetid:3347  callbacktime:0
[2019-11-06 13:55:14:933]
            LogID:[ldsdk] 3501[业务请求统计]
            Level:INFO
            Module:sdk
            Message:func：tdsecuL.2.6  dealTime:141  packetid:3357  callbacktime:0
[2019-11-06 13:55:16:809]
            LogID:[ldsdk] 3501[业务请求统计]
            Level:INFO
            Module:sdk
            Message:func：prodL.3.21  dealTime:63  packetid:3535  callbacktime:0
[2019-11-06 13:55:16:818]
            LogID:[ldsdk] 3501[业务请求统计]
            Level:INFO
            Module:sdk
            Message:func：prodL.3.21  dealTime:63  packetid:3528  callbacktime:0
[2019-11-06 13:55:16:818]
            LogID:[ldsdk] 3501[业务请求统计]
            Level:INFO
            Module:sdk
            Message:func：prodL.3.21  dealTime:63  packetid:3523  callbacktime:0
[2019-11-06 13:55:16:848]
            LogID:[ldsdk] 3501[业务请求统计]
            Level:INFO
            Module:sdk
            Message:func：prodL.3.21  dealTime:94  packetid:3534  callbacktime:0
[2019-11-06 13:55:16:860]
            LogID:[ldsdk] 3501[业务请求统计]
            Level:INFO
            Module:sdk
            Message:func：prodL.3.21  dealTime:110  packetid:3539  callbacktime:0
[2019-11-06 13:55:16:872]
            LogID:[ldsdk] 3501[业务请求统计]
            Level:INFO
            Module:sdk
            Message:func：prodL.3.21  dealTime:110  packetid:3530  callbacktime:15
[2019-11-06 13:55:16:872]
            LogID:[ldsdk] 3501[业务请求统计]
            Level:INFO
            Module:sdk
            Message:func：prodL.3.21  dealTime:125  packetid:3531  callbacktime:0
[2019-11-06 13:55:16:872]
            LogID:[ldsdk] 3501[业务请求统计]
            Level:INFO
            Module:sdk
            Message:func：prodL.3.21  dealTime:125  packetid:3542  callbacktime:0
[2019-11-06 13:55:16:872]
            LogID:[ldsdk] 3501[业务请求统计]
            Level:INFO
            Module:sdk
            Message:func：prodL.3.21  dealTime:125  packetid:3546  callbacktime:0
[2019-11-06 13:55:16:872]
            LogID:[ldsdk] 3501[业务请求统计]
            Level:INFO
            Module:sdk
            Message:func：prodL.3.21  dealTime:125  packetid:3537  callbacktime:0
[2019-11-06 13:55:17:848]
            LogID:[ldsdk] 3501[业务请求统计]
            Level:INFO
            Module:sdk
            Message:func：rksecuL.4.64  dealTime:797  packetid:3642  callbacktime:0
[2019-11-06 13:55:17:849]
            LogID:[ldsdk] 3501[业务请求统计]
            Level:INFO
            Module:sdk
            Message:func：pdfutuL.2.57  dealTime:797  packetid:3641  callbacktime:0
[2019-11-06 13:55:17:851]
            LogID:[ldsdk] 3501[业务请求统计]
            Level:INFO
            Module:sdk
            Message:func：rksecuL.4.64  dealTime:797  packetid:3784  callbacktime:0
[2019-11-06 13:55:17:966]
            LogID:[ldsdk] 3501[业务请求统计]
            Level:INFO
            Module:sdk
            Message:func：rksecuL.4.64  dealTime:906  packetid:3925  callbacktime:0
[2019-11-06 13:55:17:966]
            LogID:[ldsdk] 3501[业务请求统计]
            Level:INFO
            Module:sdk
            Message:func：rksecuL.4.64  dealTime:906  packetid:3870  callbacktime:0
[2019-11-06 13:55:17:966]
            LogID:[ldsdk] 3501[业务请求统计]
            Level:INFO
            Module:sdk
            Message:func：rksecuL.4.64  dealTime:906  packetid:3929  callbacktime:0
[2019-11-06 13:55:17:966]
            LogID:[ldsdk] 3501[业务请求统计]
            Level:INFO
            Module:sdk
            Message:func：rksecuL.4.64  dealTime:906  packetid:3914  callbacktime:0
[2019-11-06 13:55:17:967]
            LogID:[ldsdk] 3501[业务请求统计]
            Level:INFO
            Module:sdk
            Message:func：rksecuL.4.64  dealTime:906  packetid:3946  callbacktime:0
[2019-11-06 13:55:17:967]
            LogID:[ldsdk] 3501[业务请求统计]
            Level:INFO
            Module:sdk
            Message:func：prodL.3.21  dealTime:922  packetid:3798  callbacktime:0
[2019-11-06 13:55:17:967]
            LogID:[ldsdk] 3501[业务请求统计]
            Level:INFO
            Module:sdk
            Message:func：pdfutuL.2.57  dealTime:922  packetid:3680  callbacktime:0
[2019-11-06 13:55:18:817]
            LogID:[ldsdk] 3501[业务请求统计]
            Level:INFO
            Module:sdk
            Message:func：rksecuL.4.64  dealTime:1750  packetid:3921  callbacktime:0
[2019-11-06 13:55:18:838]
            LogID:[ldsdk] 3501[业务请求统计]
            Level:INFO
            Module:sdk
            Message:func：rksecuL.4.64  dealTime:1766  packetid:3760  callbacktime:31
[2019-11-06 13:55:18:839]
            LogID:[ldsdk] 3501[业务请求统计]
            Level:INFO
            Module:sdk
            Message:func：tdfutuL.5.21  dealTime:1781  packetid:3817  callbacktime:0
[2019-11-06 13:55:18:840]
            LogID:[ldsdk] 3501[业务请求统计]
            Level:INFO
            Module:sdk
            Message:func：tdfutuL.8.22  dealTime:1531  packetid:4268  callbacktime:0
[2019-11-06 13:55:18:840]
            LogID:[ldsdk] 3501[业务请求统计]
            Level:INFO
            Module:sdk
            Message:func：rksecuL.4.64  dealTime:969  packetid:5499  callbacktime:0
[2019-11-06 13:55:18:840]
            LogID:[ldsdk] 3501[业务请求统计]
            Level:INFO
            Module:sdk
            Message:func：tdsecuL.10.60  dealTime:1422  packetid:4610  callbacktime:0
[2019-11-06 13:55:18:860]
            LogID:[ldsdk] 3501[业务请求统计]
            Level:INFO
            Module:sdk
            Message:func：tdfutuL.5.21  dealTime:1797  packetid:3807  callbacktime:0
[2019-11-06 13:55:18:868]
            LogID:[ldsdk] 3501[业务请求统计]
            Level:INFO
            Module:sdk
            Message:func：tdfutuL.5.21  dealTime:1828  packetid:3666  callbacktime:0
[2019-11-06 13:55:18:869]
            LogID:[ldsdk] 3501[业务请求统计]
            Level:INFO
            Module:sdk
            Message:func：rksecuL.4.64  dealTime:1812  packetid:3932  callbacktime:0
[2019-11-06 13:55:18:869]
            LogID:[ldsdk] 3501[业务请求统计]
            Level:INFO
            Module:sdk
            Message:func：tdfutuL.5.11  dealTime:1734  packetid:3994  callbacktime:0
[2019-11-06 13:55:19:825]
            LogID:[ldsdk] 3501[业务请求统计]
            Level:INFO
            Module:sdk
            Message:func：tdfutuL.5.21  dealTime:1937  packetid:5569  callbacktime:0
[2019-11-06 13:55:19:828]
            LogID:[ldsdk] 3501[业务请求统计]
            Level:INFO
            Module:sdk
            Message:func：tdfutuL.8.22  dealTime:2453  packetid:4445  callbacktime:0
[2019-11-06 13:55:19:828]
            LogID:[ldsdk] 3501[业务请求统计]
            Level:INFO
            Module:sdk
            Message:func：rksecuL.4.64  dealTime:1953  packetid:5467  callbacktime:0
[2019-11-06 13:55:19:847]
            LogID:[ldsdk] 3501[业务请求统计]
            Level:INFO
            Module:sdk
            Message:func：rksecuL.4.64  dealTime:1906  packetid:5955  callbacktime:0
[2019-11-06 13:55:19:847]
            LogID:[ldsdk] 3501[业务请求统计]
            Level:INFO
            Module:sdk
            Message:func：tdfutuL.8.22  dealTime:2406  packetid:4685  callbacktime:0
[2019-11-06 13:55:19:847]
            LogID:[ldsdk] 3501[业务请求统计]
            Level:INFO
            Module:sdk
            Message:func：rksecuL.4.64  dealTime:1969  packetid:5505  callbacktime:0
[2019-11-06 13:55:19:849]
            LogID:[ldsdk] 3501[业务请求统计]
            Level:INFO
            Module:sdk
            Message:func：rksecuL.4.64  dealTime:2781  packetid:3931  callbacktime:0
[2019-11-06 13:55:19:849]
            LogID:[ldsdk] 3501[业务请求统计]
            Level:INFO
            Module:sdk
            Message:func：rksecuL.4.64  dealTime:1922  packetid:5664  callbacktime:0
[2019-11-06 13:55:19:854]
            LogID:[ldsdk] 3501[业务请求统计]
            Level:INFO
            Module:sdk
            Message:func：tdsecuL.10.60  dealTime:2547  packetid:4219  callbacktime:0
[2019-11-06 13:55:19:856]
            LogID:[ldsdk] 3501[业务请求统计]
            Level:INFO
            Module:sdk
            Message:func：tdfutuL.5.21  dealTime:2797  packetid:3919  callbacktime:0
[2019-11-06 13:55:20:935]
            LogID:[ldsdk] 3501[业务请求统计]
            Level:INFO
            Module:sdk
            Message:func：rksecuL.4.64  dealTime:3063  packetid:5521  callbacktime:0
[2019-11-06 13:55:20:943]
            LogID:[ldsdk] 3501[业务请求统计]
            Level:INFO
            Module:sdk
            Message:func：tdfutuL.5.21  dealTime:922  packetid:6678  callbacktime:0
[2019-11-06 13:55:20:943]
            LogID:[ldsdk] 3501[业务请求统计]
            Level:INFO
            Module:sdk
            Message:func：tdsecuL.10.60  dealTime:672  packetid:6717  callbacktime:0
[2019-11-06 13:55:20:943]
            LogID:[ldsdk] 3501[业务请求统计]
            Level:INFO
            Module:sdk
            Message:func：tdsecuL.10.60  dealTime:3625  packetid:4226  callbacktime:0
[2019-11-06 13:55:20:944]
            LogID:[ldsdk] 3501[业务请求统计]
            Level:INFO
            Module:sdk
            Message:func：rksecuL.5.19  dealTime:1141  packetid:6551  callbacktime:0
[2019-11-06 13:55:20:945]
            LogID:[ldsdk] 3501[业务请求统计]
            Level:INFO
            Module:sdk
            Message:func：rksecuL.4.64  dealTime:2985  packetid:6031  callbacktime:0
[2019-11-06 13:55:20:948]
            LogID:[ldsdk] 3501[业务请求统计]
            Level:INFO
            Module:sdk
            Message:func：rksecuL.4.64  dealTime:3015  packetid:5729  callbacktime:0
[2019-11-06 13:55:20:948]
            LogID:[ldsdk] 3501[业务请求统计]
            Level:INFO
            Module:sdk
            Message:func：rksecuL.4.64  dealTime:3015  packetid:5901  callbacktime:0
[2019-11-06 13:55:20:952]
            LogID:[ldsdk] 3501[业务请求统计]
            Level:INFO
            Module:sdk
            Message:func：rksecuL.5.18  dealTime:1171  packetid:6510  callbacktime:0
[2019-11-06 13:55:20:961]
            LogID:[ldsdk] 3501[业务请求统计]
            Level:INFO
            Module:sdk
            Message:func：rksecuL.4.64  dealTime:3078  packetid:5557  callbacktime:0
[2019-11-06 13:55:22:039]
            LogID:[ldsdk] 3501[业务请求统计]
            Level:INFO
            Module:sdk
            Message:func：rksecuL.4.64  dealTime:156  packetid:7330  callbacktime:0
[2019-11-06 13:55:22:039]
            LogID:[ldsdk] 3501[业务请求统计]
            Level:INFO
            Module:sdk
            Message:func：rksecuL.4.64  dealTime:1469  packetid:6845  callbacktime:0
[2019-11-06 13:55:22:044]
            LogID:[ldsdk] 3501[业务请求统计]
            Level:INFO
            Module:sdk
            Message:func：tdsecuL.10.60  dealTime:515  packetid:7257  callbacktime:0
[2019-11-06 13:55:22:048]
            LogID:[ldsdk] 3501[业务请求统计]
            Level:INFO
            Module:sdk
            Message:func：rksecuL.4.64  dealTime:656  packetid:7068  callbacktime:0
[2019-11-06 13:55:22:048]
            LogID:[ldsdk] 3501[业务请求统计]
            Level:INFO
            Module:sdk
            Message:func：rksecuL.4.64  dealTime:140  packetid:7340  callbacktime:0
[2019-11-06 13:55:22:048]
            LogID:[ldsdk] 3501[业务请求统计]
            Level:INFO
            Module:sdk
            Message:func：rksecuL.4.64  dealTime:672  packetid:7017  callbacktime:0
[2019-11-06 13:55:22:054]
            LogID:[ldsdk] 3501[业务请求统计]
            Level:INFO
            Module:sdk
            Message:func：rksecuL.4.64  dealTime:672  packetid:7022  callbacktime:0
[2019-11-06 13:55:22:054]
            LogID:[ldsdk] 3501[业务请求统计]
            Level:INFO
            Module:sdk
            Message:func：tdsecuL.10.60  dealTime:1765  packetid:6780  callbacktime:0
[2019-11-06 13:55:22:084]
            LogID:[ldsdk] 3501[业务请求统计]
            Level:INFO
            Module:sdk
            Message:func：rksecuL.5.19  dealTime:2281  packetid:6565  callbacktime:0
[2019-11-06 13:55:22:085]
            LogID:[ldsdk] 3501[业务请求统计]
            Level:INFO
            Module:sdk
            Message:func：tdfutuL.8.22  dealTime:4781  packetid:4185  callbacktime:0
[2019-11-06 13:55:23:110]
            LogID:[ldsdk] 3501[业务请求统计]
            Level:INFO
            Module:sdk
            Message:func：rksecuL.4.64  dealTime:219  packetid:7561  callbacktime:0
[2019-11-06 13:55:23:111]
            LogID:[ldsdk] 3501[业务请求统计]
            Level:INFO
            Module:sdk
            Message:func：rksecuL.4.64  dealTime:203  packetid:7600  callbacktime:0
[2019-11-06 13:55:23:111]
            LogID:[ldsdk] 3501[业务请求统计]
            Level:INFO
            Module:sdk
            Message:func：rksecuL.4.64  dealTime:5157  packetid:6224  callbacktime:0
[2019-11-06 13:55:23:119]
            LogID:[ldsdk] 3501[业务请求统计]
            Level:INFO
            Module:sdk
            Message:func：pdfutuL.2.57  dealTime:6062  packetid:3826  callbacktime:0
[2019-11-06 13:55:23:123]
            LogID:[ldsdk] 3501[业务请求统计]
            Level:INFO
            Module:sdk
            Message:func：rksecuL.4.64  dealTime:640  packetid:7535  callbacktime:0
[2019-11-06 13:55:23:123]
            LogID:[ldsdk] 3501[业务请求统计]
            Level:INFO
            Module:sdk
            Message:func：rksecuL.4.64  dealTime:2078  packetid:6992  callbacktime:0
[2019-11-06 13:55:23:125]
            LogID:[ldsdk] 3501[业务请求统计]
            Level:INFO
            Module:sdk
            Message:func：tdfutuL.8.22  dealTime:1578  packetid:7305  callbacktime:0
[2019-11-06 13:55:23:150]
            LogID:[ldsdk] 3501[业务请求统计]
            Level:INFO
            Module:sdk
            Message:func：rksecuL.4.64  dealTime:1782  packetid:7056  callbacktime:0
[2019-11-06 13:55:23:163]
            LogID:[ldsdk] 3501[业务请求统计]
            Level:INFO
            Module:sdk
            Message:func：rksecuL.4.64  dealTime:2563  packetid:6862  callbacktime:0
[2019-11-06 13:55:23:164]
            LogID:[ldsdk] 3501[业务请求统计]
            Level:INFO
            Module:sdk
            Message:func：rksecuL.4.64  dealTime:1797  packetid:7036  callbacktime:0
[2019-11-06 13:55:24:182]
            LogID:[ldsdk] 3501[业务请求统计]
            Level:INFO
            Module:sdk
            Message:func：rksecuL.4.64  dealTime:406  packetid:7910  callbacktime:0
[2019-11-06 13:55:24:185]
            LogID:[ldsdk] 3501[业务请求统计]
            Level:INFO
            Module:sdk
            Message:func：rksecuL.4.64  dealTime:735  packetid:7827  callbacktime:0
[2019-11-06 13:55:24:190]
            LogID:[ldsdk] 3501[业务请求统计]
            Level:INFO
            Module:sdk
            Message:func：rksecuL.4.64  dealTime:735  packetid:7824  callbacktime:0
[2019-11-06 13:55:24:192]
            LogID:[ldsdk] 3501[业务请求统计]
            Level:INFO
            Module:sdk
            Message:func：rksecuL.4.64  dealTime:406  packetid:7882  callbacktime:0
[2019-11-06 13:55:24:193]
            LogID:[ldsdk] 3501[业务请求统计]
            Level:INFO
            Module:sdk
            Message:func：rksecuL.4.64  dealTime:719  packetid:7856  callbacktime:0
[2019-11-06 13:55:24:194]
            LogID:[ldsdk] 3501[业务请求统计]
            Level:INFO
            Module:sdk
            Message:func：rksecuL.4.64  dealTime:2297  packetid:7325  callbacktime:0
[2019-11-06 13:55:24:195]
            LogID:[ldsdk] 3501[业务请求统计]
            Level:INFO
            Module:sdk
            Message:func：rksecuL.4.64  dealTime:1719  packetid:7477  callbacktime:0
[2019-11-06 13:55:24:196]
            LogID:[ldsdk] 3501[业务请求统计]
            Level:INFO
            Module:sdk
            Message:func：rksecuL.4.64  dealTime:750  packetid:7796  callbacktime:0
[2019-11-06 13:55:24:198]
            LogID:[ldsdk] 3501[业务请求统计]
            Level:INFO
            Module:sdk
            Message:func：rksecuL.4.64  dealTime:2250  packetid:7425  callbacktime:0
[2019-11-06 13:55:24:206]
            LogID:[ldsdk] 3501[业务请求统计]
            Level:INFO
            Module:sdk
            Message:func：rksecuL.4.64  dealTime:1312  packetid:7557  callbacktime:0
[2019-11-06 13:55:24:962]
            LogID:[ldsdk] 3502[业务请求超时]
            Level:WARNING
            Module:sdk
            Message:func：prodL.3.21  WaitTime:8141  packetid:3606
[2019-11-06 13:55:25:168]
            LogID:[ldsdk] 3501[业务请求统计]
            Level:INFO
            Module:sdk
            Message:func：rksecuL.4.64  dealTime:3250  packetid:7391  callbacktime:0
[2019-11-06 13:55:25:178]
            LogID:[ldsdk] 3501[业务请求统计]
            Level:INFO
            Module:sdk
            Message:func：rksecuL.4.64  dealTime:1390  packetid:7906  callbacktime:0
[2019-11-06 13:55:25:179]
            LogID:[ldsdk] 3501[业务请求统计]
            Level:INFO
            Module:sdk
            Message:func：tdsecuL.10.60  dealTime:3625  packetid:7311  callbacktime:0
[2019-11-06 13:55:25:184]
            LogID:[ldsdk] 3501[业务请求统计]
            Level:INFO
            Module:sdk
            Message:func：rksecuL.4.64  dealTime:4594  packetid:6893  callbacktime:0
[2019-11-06 13:55:25:191]
            LogID:[ldsdk] 3501[业务请求统计]
            Level:INFO
            Module:sdk
            Message:func：rksecuL.4.64  dealTime:1391  packetid:7935  callbacktime:0
[2019-11-06 13:55:25:194]
            LogID:[ldsdk] 3501[业务请求统计]
            Level:INFO
            Module:sdk
            Message:func：rksecuL.4.64  dealTime:625  packetid:8113  callbacktime:0
[2019-11-06 13:55:25:194]
            LogID:[ldsdk] 3501[业务请求统计]
            Level:INFO
            Module:sdk
            Message:func：rksecuL.4.64  dealTime:2719  packetid:7467  callbacktime:0
[2019-11-06 13:55:25:210]
            LogID:[ldsdk] 3501[业务请求统计]
            Level:INFO
            Module:sdk
            Message:func：prodL.3.21  dealTime:8156  packetid:3793  callbacktime:0
[2019-11-06 13:55:25:215]
            LogID:[ldsdk] 3501[业务请求统计]
            Level:INFO
            Module:sdk
            Message:func：rksecuL.4.64  dealTime:2328  packetid:7547  callbacktime:0
[2019-11-06 13:55:25:215]
            LogID:[ldsdk] 3501[业务请求统计]
            Level:INFO
            Module:sdk
            Message:func：rksecuL.4.64  dealTime:1766  packetid:7823  callbacktime:0
[2019-11-06 13:55:26:276]
            LogID:[ldsdk] 3501[业务请求统计]
            Level:INFO
            Module:sdk
            Message:func：rksecuL.4.64  dealTime:1110  packetid:8342  callbacktime:0
[2019-11-06 13:55:26:277]
            LogID:[ldsdk] 3501[业务请求统计]
            Level:INFO
            Module:sdk
            Message:func：rksecuL.4.64  dealTime:204  packetid:8511  callbacktime:0
[2019-11-06 13:55:26:280]
            LogID:[ldsdk] 3501[业务请求统计]
            Level:INFO
            Module:sdk
            Message:func：rksecuL.4.64  dealTime:188  packetid:8565  callbacktime:0
[2019-11-06 13:55:26:283]
            LogID:[ldsdk] 3501[业务请求统计]
            Level:INFO
            Module:sdk
            Message:func：rksecuL.4.64  dealTime:188  packetid:8590  callbacktime:0
[2019-11-06 13:55:26:285]
            LogID:[ldsdk] 3501[业务请求统计]
            Level:INFO
            Module:sdk
            Message:func：tdsecuL.10.60  dealTime:1500  packetid:8205  callbacktime:0
[2019-11-06 13:55:26:287]
            LogID:[ldsdk] 3501[业务请求统计]
            Level:INFO
            Module:sdk
            Message:func：rksecuL.5.18  dealTime:2079  packetid:7982  callbacktime:0
[2019-11-06 13:55:26:291]
            LogID:[ldsdk] 3501[业务请求统计]
            Level:INFO
            Module:sdk
            Message:func：rksecuL.4.64  dealTime:219  packetid:8527  callbacktime:0
[2019-11-06 13:55:26:291]
            LogID:[ldsdk] 3501[业务请求统计]
            Level:INFO
            Module:sdk
            Message:func：tdfutuL.2.6  dealTime:9234  packetid:3912  callbacktime:0
[2019-11-06 13:55:26:292]
            LogID:[ldsdk] 3501[业务请求统计]
            Level:INFO
            Module:sdk
            Message:func：rksecuL.4.64  dealTime:219  packetid:8528  callbacktime:0
[2019-11-06 13:55:26:307]
            LogID:[ldsdk] 3501[业务请求统计]
            Level:INFO
            Module:sdk
            Message:func：tdfutuL.8.22  dealTime:3328  packetid:7704  callbacktime:0
[2019-11-06 13:55:27:288]
            LogID:[ldsdk] 3501[业务请求统计]
            Level:INFO
            Module:sdk
            Message:func：rksecuL.4.64  dealTime:1579  packetid:8384  callbacktime:0
[2019-11-06 13:55:27:288]
            LogID:[ldsdk] 3501[业务请求统计]
            Level:INFO
            Module:sdk
            Message:func：rksecuL.4.64  dealTime:1547  packetid:8410  callbacktime:0
[2019-11-06 13:55:27:298]
            LogID:[ldsdk] 3501[业务请求统计]
            Level:INFO
            Module:sdk
            Message:func：rksecuL.4.64  dealTime:265  packetid:8919  callbacktime:0
[2019-11-06 13:55:27:302]
            LogID:[ldsdk] 3501[业务请求统计]
            Level:INFO
            Module:sdk
            Message:func：rksecuL.4.64  dealTime:1562  packetid:8470  callbacktime:0
[2019-11-06 13:55:27:302]
            LogID:[ldsdk] 3501[业务请求统计]
            Level:INFO
            Module:sdk
            Message:func：rksecuL.4.64  dealTime:265  packetid:8920  callbacktime:0
[2019-11-06 13:55:27:302]
            LogID:[ldsdk] 3501[业务请求统计]
            Level:INFO
            Module:sdk
            Message:func：rksecuL.4.64  dealTime:265  packetid:8916  callbacktime:0
[2019-11-06 13:55:27:302]
            LogID:[ldsdk] 3501[业务请求统计]
            Level:INFO
            Module:sdk
            Message:func：tdsecuL.2.6  dealTime:10047  packetid:4072  callbacktime:0
[2019-11-06 13:55:27:302]
            LogID:[ldsdk] 3501[业务请求统计]
            Level:INFO
            Module:sdk
            Message:func：rksecuL.4.64  dealTime:1219  packetid:8532  callbacktime:0
[2019-11-06 13:55:27:303]
            LogID:[ldsdk] 3501[业务请求统计]
            Level:INFO
            Module:sdk
            Message:func：prodL.3.21  dealTime:10250  packetid:3775  callbacktime:0
[2019-11-06 13:55:27:303]
            LogID:[ldsdk] 3501[业务请求统计]
            Level:INFO
            Module:sdk
            Message:func：rksecuL.4.64  dealTime:1219  packetid:8517  callbacktime:0
[2019-11-06 13:55:28:291]
            LogID:[ldsdk] 3501[业务请求统计]
            Level:INFO
            Module:sdk
            Message:func：tdfutuL.8.4  dealTime:10859  packetid:4651  callbacktime:0
[2019-11-06 13:55:28:292]
            LogID:[ldsdk] 3501[业务请求统计]
            Level:INFO
            Module:sdk
            Message:func：rksecuL.4.64  dealTime:2562  packetid:8453  callbacktime:0
[2019-11-06 13:55:28:294]
            LogID:[ldsdk] 3501[业务请求统计]
            Level:INFO
            Module:sdk
            Message:func：rksecuL.4.64  dealTime:937  packetid:9016  callbacktime:0
[2019-11-06 13:55:28:296]
            LogID:[ldsdk] 3501[业务请求统计]
            Level:INFO
            Module:sdk
            Message:func：rksecuL.4.64  dealTime:953  packetid:8993  callbacktime:0
[2019-11-06 13:55:28:296]
            LogID:[ldsdk] 3501[业务请求统计]
            Level:INFO
            Module:sdk
            Message:func：rksecuL.4.64  dealTime:1672  packetid:8727  callbacktime:0
[2019-11-06 13:55:28:298]
            LogID:[ldsdk] 3501[业务请求统计]
            Level:INFO
            Module:sdk
            Message:func：tdfutuL.8.22  dealTime:3515  packetid:8253  callbacktime:0
[2019-11-06 13:55:28:301]
            LogID:[ldsdk] 3501[业务请求统计]
            Level:INFO
            Module:sdk
            Message:func：rksecuL.4.64  dealTime:1250  packetid:8935  callbacktime:0
[2019-11-06 13:55:28:301]
            LogID:[ldsdk] 3501[业务请求统计]
            Level:INFO
            Module:sdk
            Message:func：rksecuL.4.64  dealTime:937  packetid:9018  callbacktime:0
[2019-11-06 13:55:28:308]
            LogID:[ldsdk] 3501[业务请求统计]
            Level:INFO
            Module:sdk
            Message:func：rksecuL.4.64  dealTime:2235  packetid:8520  callbacktime:0
[2019-11-06 13:55:28:308]
            LogID:[ldsdk] 3501[业务请求统计]
            Level:INFO
            Module:sdk
            Message:func：rksecuL.4.64  dealTime:1266  packetid:8941  callbacktime:0
[2019-11-06 13:55:29:411]
            LogID:[ldsdk] 3501[业务请求统计]
            Level:INFO
            Module:sdk
            Message:func：rksecuL.4.64  dealTime:2375  packetid:8925  callbacktime:0
[2019-11-06 13:55:29:411]
            LogID:[ldsdk] 3501[业务请求统计]
            Level:INFO
            Module:sdk
            Message:func：pdsecuL.2.57  dealTime:11891  packetid:4890  callbacktime:0
[2019-11-06 13:55:29:411]
            LogID:[ldsdk] 3501[业务请求统计]
            Level:INFO
            Module:sdk
            Message:func：pubL.19.91  dealTime:11844  packetid:4992  callbacktime:0
[2019-11-06 13:55:29:411]
            LogID:[ldsdk] 3501[业务请求统计]
            Level:INFO
            Module:sdk
            Message:func：pubL.19.91  dealTime:11844  packetid:5010  callbacktime:0
[2019-11-06 13:55:29:411]
            LogID:[ldsdk] 3501[业务请求统计]
            Level:INFO
            Module:sdk
            Message:func：tdfutuL.8.4  dealTime:12032  packetid:4522  callbacktime:0
[2019-11-06 13:55:29:411]
            LogID:[ldsdk] 3501[业务请求统计]
            Level:INFO
            Module:sdk
            Message:func：pdsecuL.2.57  dealTime:11891  packetid:4888  callbacktime:0
[2019-11-06 13:55:29:411]
            LogID:[ldsdk] 3501[业务请求统计]
            Level:INFO
            Module:sdk
            Message:func：rksecuL.5.18  dealTime:1688  packetid:9201  callbacktime:0
[2019-11-06 13:55:29:415]
            LogID:[ldsdk] 3501[业务请求统计]
            Level:INFO
            Module:sdk
            Message:func：tdsecuL.2.6  dealTime:12094  packetid:4368  callbacktime:0
[2019-11-06 13:55:29:417]
            LogID:[ldsdk] 3501[业务请求统计]
            Level:INFO
            Module:sdk
            Message:func：tdfutuL.2.6  dealTime:11547  packetid:5452  callbacktime:0
[2019-11-06 13:55:29:423]
            LogID:[ldsdk] 3501[业务请求统计]
            Level:INFO
            Module:sdk
            Message:func：rksecuL.5.19  dealTime:1703  packetid:9237  callbacktime:0
[2019-11-06 13:55:30:005]
            LogID:[ldsdk] 3502[业务请求超时]
            Level:WARNING
            Module:sdk
            Message:func：pdfutuL.2.57  WaitTime:12953  packetid:3718
[2019-11-06 13:55:30:511]
            LogID:[ldsdk] 3501[业务请求统计]
            Level:INFO
            Module:sdk
            Message:func：tdsecuL.2.8  dealTime:12594  packetid:5667  callbacktime:0
[2019-11-06 13:55:30:518]
            LogID:[ldsdk] 3501[业务请求统计]
            Level:INFO
            Module:sdk
            Message:func：tdsecuL.6.3  dealTime:12578  packetid:5721  callbacktime:0
[2019-11-06 13:55:30:518]
            LogID:[ldsdk] 3501[业务请求统计]
            Level:INFO
            Module:sdk
            Message:func：pdsecuL.3.71  dealTime:12969  packetid:4943  callbacktime:0
[2019-11-06 13:55:30:518]
            LogID:[ldsdk] 3501[业务请求统计]
            Level:INFO
            Module:sdk
            Message:func：prodL.3.21  dealTime:12719  packetid:5393  callbacktime:0
[2019-11-06 13:55:30:518]
            LogID:[ldsdk] 3501[业务请求统计]
            Level:INFO
            Module:sdk
            Message:func：pubL.19.91  dealTime:12828  packetid:5199  callbacktime:0
[2019-11-06 13:55:30:518]
            LogID:[ldsdk] 3501[业务请求统计]
            Level:INFO
            Module:sdk
            Message:func：pdsecuL.2.37  dealTime:12969  packetid:4927  callbacktime:0
[2019-11-06 13:55:30:521]
            LogID:[ldsdk] 3501[业务请求统计]
            Level:INFO
            Module:sdk
            Message:func：prodL.3.21  dealTime:12578  packetid:5715  callbacktime:0
[2019-11-06 13:55:30:538]
            LogID:[ldsdk] 3501[业务请求统计]
            Level:INFO
            Module:sdk
            Message:func：pdsecuL.2.57  dealTime:13047  packetid:4854  callbacktime:0
[2019-11-06 13:55:30:538]
            LogID:[ldsdk] 3501[业务请求统计]
            Level:INFO
            Module:sdk
            Message:func：prodL.3.21  dealTime:12750  packetid:5371  callbacktime:0
[2019-11-06 13:55:30:538]
            LogID:[ldsdk] 3501[业务请求统计]
            Level:INFO
            Module:sdk
            Message:func：prodL.3.21  dealTime:12594  packetid:5983  callbacktime:0
[2019-11-06 13:55:31:625]
            LogID:[ldsdk] 3501[业务请求统计]
            Level:INFO
            Module:sdk
            Message:func：tdsecuL.2.7  dealTime:13672  packetid:6077  callbacktime:0
[2019-11-06 13:55:31:627]
            LogID:[ldsdk] 3501[业务请求统计]
            Level:INFO
            Module:sdk
            Message:func：tdsecuL.2.7  dealTime:13672  packetid:6069  callbacktime:0
[2019-11-06 13:55:31:627]
            LogID:[ldsdk] 3501[业务请求统计]
            Level:INFO
            Module:sdk
            Message:func：tdfutuL.8.4  dealTime:8656  packetid:7664  callbacktime:0
[2019-11-06 13:55:31:629]
            LogID:[ldsdk] 3501[业务请求统计]
            Level:INFO
            Module:sdk
            Message:func：pdfutuL.2.57  dealTime:10140  packetid:7124  callbacktime:0
[2019-11-06 13:55:31:629]
            LogID:[ldsdk] 3501[业务请求统计]
            Level:INFO
            Module:sdk
            Message:func：tdsecuL.2.5  dealTime:13687  packetid:5746  callbacktime:0
[2019-11-06 13:55:31:629]
            LogID:[ldsdk] 3501[业务请求统计]
            Level:INFO
            Module:sdk
            Message:func：pdfutuL.2.57  dealTime:11625  packetid:6649  callbacktime:0
[2019-11-06 13:55:31:629]
            LogID:[ldsdk] 3501[业务请求统计]
            Level:INFO
            Module:sdk
            Message:func：tdsecuL.2.7  dealTime:13718  packetid:5627  callbacktime:0
[2019-11-06 13:55:31:629]
            LogID:[ldsdk] 3501[业务请求统计]
            Level:INFO
            Module:sdk
            Message:func：tdsecuL.6.1  dealTime:13672  packetid:6103  callbacktime:0
[2019-11-06 13:55:31:629]
            LogID:[ldsdk] 3501[业务请求统计]
            Level:INFO
            Module:sdk
            Message:func：pdfutuL.2.57  dealTime:13734  packetid:5527  callbacktime:0
[2019-11-06 13:55:31:629]
            LogID:[ldsdk] 3501[业务请求统计]
            Level:INFO
            Module:sdk
            Message:func：tdfutuL.8.4  dealTime:12515  packetid:6392  callbacktime:0
[2019-11-06 13:55:32:646]
            LogID:[ldsdk] 3501[业务请求统计]
            Level:INFO
            Module:sdk
            Message:func：pubL.19.91  dealTime:4906  packetid:9137  callbacktime:16
[2019-11-06 13:55:32:646]
            LogID:[ldsdk] 3501[业务请求统计]
            Level:INFO
            Module:sdk
            Message:func：tdsecuL.5.123  dealTime:15234  packetid:4581  callbacktime:0
[2019-11-06 13:55:32:646]
            LogID:[ldsdk] 3501[业务请求统计]
            Level:INFO
            Module:sdk
            Message:func：tdfutuL.8.4  dealTime:12375  packetid:6728  callbacktime:0
[2019-11-06 13:55:32:646]
            LogID:[ldsdk] 3501[业务请求统计]
            Level:INFO
            Module:sdk
            Message:func：tdsecuL.5.123  dealTime:15219  packetid:4625  callbacktime:0
[2019-11-06 13:55:32:646]
            LogID:[ldsdk] 3501[业务请求统计]
            Level:INFO
            Module:sdk
            Message:func：pubL.19.91  dealTime:4922  packetid:9135  callbacktime:0
[2019-11-06 13:55:32:646]
            LogID:[ldsdk] 3501[业务请求统计]
            Level:INFO
            Module:sdk
            Message:func：prodL.3.21  dealTime:4656  packetid:9373  callbacktime:0
[2019-11-06 13:55:32:646]
            LogID:[ldsdk] 3501[业务请求统计]
            Level:INFO
            Module:sdk
            Message:func：tdsecuL.5.123  dealTime:15313  packetid:4358  callbacktime:0
[2019-11-06 13:55:32:646]
            LogID:[ldsdk] 3501[业务请求统计]
            Level:INFO
            Module:sdk
            Message:func：tdfutuL.8.4  dealTime:7859  packetid:8225  callbacktime:0
[2019-11-06 13:55:32:646]
            LogID:[ldsdk] 3501[业务请求统计]
            Level:INFO
            Module:sdk
            Message:func：tdsecuL.5.123  dealTime:15234  packetid:4590  callbacktime:0
[2019-11-06 13:55:32:648]
            LogID:[ldsdk] 3501[业务请求统计]
            Level:INFO
            Module:sdk
            Message:func：pdfutuL.2.57  dealTime:11156  packetid:7115  callbacktime:0
