[2019-08-28 09:19:53:559]
            LogID:[ldsdk] 3500[sdk初始化完成]
            Level:INFO
            Module:sdk
            Message:sdk编译日期：May  6 2019  编译时间：11:20:30
[2019-08-28 09:20:14:109]
            LogID:[ldsdk] 3501[业务请求统计]
            Level:INFO
            Module:sdk
            Message:func：tdsecuL.4.101  dealTime:16  packetid:6  callbacktime:47
[2019-08-28 09:20:14:109]
            LogID:[ldsdk] 3501[业务请求统计]
            Level:INFO
            Module:sdk
            Message:func：tdsecuL.4.101  dealTime:63  packetid:16  callbacktime:0
[2019-08-28 09:20:14:109]
            LogID:[ldsdk] 3501[业务请求统计]
            Level:INFO
            Module:sdk
            Message:func：tdsecuL.4.101  dealTime:63  packetid:14  callbacktime:0
[2019-08-28 09:20:14:110]
            LogID:[ldsdk] 3501[业务请求统计]
            Level:INFO
            Module:sdk
            Message:func：tdsecuL.4.101  dealTime:63  packetid:10  callbacktime:0
[2019-08-28 09:20:14:110]
            LogID:[ldsdk] 3501[业务请求统计]
            Level:INFO
            Module:sdk
            Message:func：tdsecuL.4.101  dealTime:63  packetid:8  callbacktime:0
[2019-08-28 09:20:14:110]
            LogID:[ldsdk] 3501[业务请求统计]
            Level:INFO
            Module:sdk
            Message:func：tdsecuL.4.101  dealTime:47  packetid:32  callbacktime:0
[2019-08-28 09:20:14:110]
            LogID:[ldsdk] 3501[业务请求统计]
            Level:INFO
            Module:sdk
            Message:func：tdsecuL.4.101  dealTime:63  packetid:18  callbacktime:0
[2019-08-28 09:20:14:110]
            LogID:[ldsdk] 3501[业务请求统计]
            Level:INFO
            Module:sdk
            Message:func：tdsecuL.4.101  dealTime:47  packetid:42  callbacktime:0
[2019-08-28 09:20:14:110]
            LogID:[ldsdk] 3501[业务请求统计]
            Level:INFO
            Module:sdk
            Message:func：tdsecuL.4.101  dealTime:47  packetid:58  callbacktime:0
[2019-08-28 09:20:14:110]
            LogID:[ldsdk] 3501[业务请求统计]
            Level:INFO
            Module:sdk
            Message:func：tdsecuL.4.101  dealTime:63  packetid:22  callbacktime:0
[2019-08-28 09:20:15:044]
            LogID:[ldsdk] 3501[业务请求统计]
            Level:INFO
            Module:sdk
            Message:func：pubL.16.2  dealTime:437  packetid:334  callbacktime:0
[2019-08-28 09:20:15:066]
            LogID:[ldsdk] 3501[业务请求统计]
            Level:INFO
            Module:sdk
            Message:func：tdsecuL.4.11  dealTime:328  packetid:519  callbacktime:0
[2019-08-28 09:20:15:070]
            LogID:[ldsdk] 3501[业务请求统计]
            Level:INFO
            Module:sdk
            Message:func：tdsecuL.4.11  dealTime:109  packetid:557  callbacktime:0
[2019-08-28 09:20:15:078]
            LogID:[ldsdk] 3501[业务请求统计]
            Level:INFO
            Module:sdk
            Message:func：pubL.16.2  dealTime:313  packetid:532  callbacktime:0
[2019-08-28 09:20:15:082]
            LogID:[ldsdk] 3501[业务请求统计]
            Level:INFO
            Module:sdk
            Message:func：pubL.16.2  dealTime:453  packetid:428  callbacktime:0
[2019-08-28 09:20:15:088]
            LogID:[ldsdk] 3501[业务请求统计]
            Level:INFO
            Module:sdk
            Message:func：tdsecuL.4.101  dealTime:203  packetid:542  callbacktime:0
[2019-08-28 09:20:15:088]
            LogID:[ldsdk] 3501[业务请求统计]
            Level:INFO
            Module:sdk
            Message:func：tdsecuL.4.11  dealTime:109  packetid:561  callbacktime:0
[2019-08-28 09:20:15:111]
            LogID:[ldsdk] 3501[业务请求统计]
            Level:INFO
            Module:sdk
            Message:func：pubL.16.2  dealTime:31  packetid:578  callbacktime:0
[2019-08-28 09:20:15:111]
            LogID:[ldsdk] 3501[业务请求统计]
            Level:INFO
            Module:sdk
            Message:func：pubL.16.2  dealTime:31  packetid:580  callbacktime:0
[2019-08-28 09:20:15:129]
            LogID:[ldsdk] 3501[业务请求统计]
            Level:INFO
            Module:sdk
            Message:func：tdsecuL.4.101  dealTime:94  packetid:568  callbacktime:0
[2019-08-28 09:20:16:162]
            LogID:[ldsdk] 3501[业务请求统计]
            Level:INFO
            Module:sdk
            Message:func：tdsecuL.4.11  dealTime:344  packetid:729  callbacktime:0
[2019-08-28 09:20:16:165]
            LogID:[ldsdk] 3501[业务请求统计]
            Level:INFO
            Module:sdk
            Message:func：tdsecuL.4.101  dealTime:1031  packetid:586  callbacktime:0
[2019-08-28 09:20:16:167]
            LogID:[ldsdk] 3501[业务请求统计]
            Level:INFO
            Module:sdk
            Message:func：tdsecuL.4.11  dealTime:375  packetid:725  callbacktime:0
[2019-08-28 09:20:16:171]
            LogID:[ldsdk] 3501[业务请求统计]
            Level:INFO
            Module:sdk
            Message:func：pubL.16.2  dealTime:359  packetid:732  callbacktime:0
[2019-08-28 09:20:16:199]
            LogID:[ldsdk] 3501[业务请求统计]
            Level:INFO
            Module:sdk
            Message:func：tdsecuL.4.11  dealTime:360  packetid:737  callbacktime:0
[2019-08-28 09:20:16:224]
            LogID:[ldsdk] 3501[业务请求统计]
            Level:INFO
            Module:sdk
            Message:func：pubL.16.1  dealTime:422  packetid:727  callbacktime:0
[2019-08-28 09:20:16:254]
            LogID:[ldsdk] 3501[业务请求统计]
            Level:INFO
            Module:sdk
            Message:func：tdsecuL.4.11  dealTime:375  packetid:743  callbacktime:0
[2019-08-28 09:20:16:275]
            LogID:[ldsdk] 3501[业务请求统计]
            Level:INFO
            Module:sdk
            Message:func：tdsecuL.4.101  dealTime:640  packetid:702  callbacktime:0
[2019-08-28 09:20:16:286]
            LogID:[ldsdk] 3501[业务请求统计]
            Level:INFO
            Module:sdk
            Message:func：tdsecuL.4.11  dealTime:125  packetid:749  callbacktime:0
[2019-08-28 09:20:16:312]
            LogID:[ldsdk] 3501[业务请求统计]
            Level:INFO
            Module:sdk
            Message:func：tdsecuL.4.11  dealTime:156  packetid:747  callbacktime:0
[2019-08-28 09:20:17:158]
            LogID:[ldsdk] 3501[业务请求统计]
            Level:INFO
            Module:sdk
            Message:func：pubL.16.1  dealTime:672  packetid:827  callbacktime:0
[2019-08-28 09:20:17:161]
            LogID:[ldsdk] 3501[业务请求统计]
            Level:INFO
            Module:sdk
            Message:func：pubL.16.1  dealTime:656  packetid:835  callbacktime:0
[2019-08-28 09:20:17:173]
            LogID:[ldsdk] 3501[业务请求统计]
            Level:INFO
            Module:sdk
            Message:func：pubL.16.1  dealTime:2546  packetid:407  callbacktime:0
[2019-08-28 09:20:17:185]
            LogID:[ldsdk] 3501[业务请求统计]
            Level:INFO
            Module:sdk
            Message:func：tdsecuL.4.11  dealTime:859  packetid:771  callbacktime:0
[2019-08-28 09:20:17:187]
            LogID:[ldsdk] 3501[业务请求统计]
            Level:INFO
            Module:sdk
            Message:func：tdsecuL.4.11  dealTime:3062  packetid:161  callbacktime:0
[2019-08-28 09:20:17:190]
            LogID:[ldsdk] 3501[业务请求统计]
            Level:INFO
            Module:sdk
            Message:func：tdsecuL.4.11  dealTime:3062  packetid:191  callbacktime:0
[2019-08-28 09:20:17:192]
            LogID:[ldsdk] 3501[业务请求统计]
            Level:INFO
            Module:sdk
            Message:func：pubL.16.2  dealTime:31  packetid:938  callbacktime:0
[2019-08-28 09:20:17:196]
            LogID:[ldsdk] 3501[业务请求统计]
            Level:INFO
            Module:sdk
            Message:func：tdsecuL.4.11  dealTime:2859  packetid:247  callbacktime:0
[2019-08-28 09:20:17:196]
            LogID:[ldsdk] 3501[业务请求统计]
            Level:INFO
            Module:sdk
            Message:func：pubL.16.2  dealTime:844  packetid:776  callbacktime:0
[2019-08-28 09:20:17:200]
            LogID:[ldsdk] 3501[业务请求统计]
            Level:INFO
            Module:sdk
            Message:func：tdsecuL.4.101  dealTime:2875  packetid:264  callbacktime:0
[2019-08-28 09:20:18:399]
            LogID:[ldsdk] 3501[业务请求统计]
            Level:INFO
            Module:sdk
            Message:func：pubL.16.1  dealTime:3578  packetid:415  callbacktime:187
[2019-08-28 09:20:18:399]
            LogID:[ldsdk] 3501[业务请求统计]
            Level:INFO
            Module:sdk
            Message:func：pubL.16.2  dealTime:3750  packetid:478  callbacktime:0
[2019-08-28 09:20:18:399]
            LogID:[ldsdk] 3501[业务请求统计]
            Level:INFO
            Module:sdk
            Message:func：tdsecuL.4.11  dealTime:1172  packetid:961  callbacktime:0
[2019-08-28 09:20:18:399]
            LogID:[ldsdk] 3501[业务请求统计]
            Level:INFO
            Module:sdk
            Message:func：pubL.16.2  dealTime:3765  packetid:410  callbacktime:0
[2019-08-28 09:20:18:399]
            LogID:[ldsdk] 3501[业务请求统计]
            Level:INFO
            Module:sdk
            Message:func：tdsecuL.4.11  dealTime:4297  packetid:71  callbacktime:0
[2019-08-28 09:20:18:399]
            LogID:[ldsdk] 3501[业务请求统计]
            Level:INFO
            Module:sdk
            Message:func：pubL.16.2  dealTime:1937  packetid:820  callbacktime:0
[2019-08-28 09:20:18:399]
            LogID:[ldsdk] 3501[业务请求统计]
            Level:INFO
            Module:sdk
            Message:func：pubL.16.2  dealTime:937  packetid:1038  callbacktime:0
[2019-08-28 09:20:18:399]
            LogID:[ldsdk] 3501[业务请求统计]
            Level:INFO
            Module:sdk
            Message:func：pubL.16.1  dealTime:1234  packetid:939  callbacktime:0
[2019-08-28 09:20:18:399]
            LogID:[ldsdk] 3501[业务请求统计]
            Level:INFO
            Module:sdk
            Message:func：tdsecuL.4.11  dealTime:953  packetid:1035  callbacktime:0
[2019-08-28 09:20:18:399]
            LogID:[ldsdk] 3501[业务请求统计]
            Level:INFO
            Module:sdk
            Message:func：pubL.16.1  dealTime:3765  packetid:441  callbacktime:0
[2019-08-28 09:20:19:403]
            LogID:[ldsdk] 3501[业务请求统计]
            Level:INFO
            Module:sdk
            Message:func：pubL.16.1  dealTime:4594  packetid:329  callbacktime:203
[2019-08-28 09:20:19:403]
            LogID:[ldsdk] 3501[业务请求统计]
            Level:INFO
            Module:sdk
            Message:func：pubL.16.2  dealTime:2000  packetid:1012  callbacktime:0
[2019-08-28 09:20:19:403]
            LogID:[ldsdk] 3501[业务请求统计]
            Level:INFO
            Module:sdk
            Message:func：pubL.16.2  dealTime:4516  packetid:544  callbacktime:0
[2019-08-28 09:20:19:403]
            LogID:[ldsdk] 3501[业务请求统计]
            Level:INFO
            Module:sdk
            Message:func：tdsecuL.4.11  dealTime:5219  packetid:243  callbacktime:0
[2019-08-28 09:20:19:403]
            LogID:[ldsdk] 3501[业务请求统计]
            Level:INFO
            Module:sdk
            Message:func：pubL.16.1  dealTime:4781  packetid:463  callbacktime:0
[2019-08-28 09:20:19:403]
            LogID:[ldsdk] 3501[业务请求统计]
            Level:INFO
            Module:sdk
            Message:func：tdsecuL.4.11  dealTime:2047  packetid:995  callbacktime:0
[2019-08-28 09:20:19:403]
            LogID:[ldsdk] 3501[业务请求统计]
            Level:INFO
            Module:sdk
            Message:func：pubL.16.1  dealTime:4781  packetid:457  callbacktime:0
[2019-08-28 09:20:19:404]
            LogID:[ldsdk] 3501[业务请求统计]
            Level:INFO
            Module:sdk
            Message:func：pubL.16.1  dealTime:4766  packetid:475  callbacktime:0
[2019-08-28 09:20:19:404]
            LogID:[ldsdk] 3501[业务请求统计]
            Level:INFO
            Module:sdk
            Message:func：pubL.16.2  dealTime:3922  packetid:670  callbacktime:0
[2019-08-28 09:20:19:404]
            LogID:[ldsdk] 3501[业务请求统计]
            Level:INFO
            Module:sdk
            Message:func：pubL.16.1  dealTime:4781  packetid:401  callbacktime:0
[2019-08-28 09:20:20:407]
            LogID:[ldsdk] 3501[业务请求统计]
            Level:INFO
            Module:sdk
            Message:func：pubL.16.2  dealTime:5578  packetid:472  callbacktime:203
[2019-08-28 09:20:20:407]
            LogID:[ldsdk] 3501[业务请求统计]
            Level:INFO
            Module:sdk
            Message:func：pubL.16.1  dealTime:5797  packetid:345  callbacktime:0
[2019-08-28 09:20:20:407]
            LogID:[ldsdk] 3501[业务请求统计]
            Level:INFO
            Module:sdk
            Message:func：pubL.16.1  dealTime:4969  packetid:653  callbacktime:0
[2019-08-28 09:20:20:407]
            LogID:[ldsdk] 3501[业务请求统计]
            Level:INFO
            Module:sdk
            Message:func：tdsecuL.4.101  dealTime:1813  packetid:1100  callbacktime:0
[2019-08-28 09:20:20:407]
            LogID:[ldsdk] 3501[业务请求统计]
            Level:INFO
            Module:sdk
            Message:func：pubL.16.1  dealTime:3125  packetid:979  callbacktime:0
[2019-08-28 09:20:20:407]
            LogID:[ldsdk] 3501[业务请求统计]
            Level:INFO
            Module:sdk
            Message:func：tdsecuL.4.101  dealTime:3750  packetid:866  callbacktime:0
[2019-08-28 09:20:20:407]
            LogID:[ldsdk] 3501[业务请求统计]
            Level:INFO
            Module:sdk
            Message:func：tdsecuL.4.101  dealTime:4016  packetid:797  callbacktime:0
[2019-08-28 09:20:20:407]
            LogID:[ldsdk] 3501[业务请求统计]
            Level:INFO
            Module:sdk
            Message:func：tdsecuL.4.11  dealTime:6297  packetid:147  callbacktime:0
[2019-08-28 09:20:20:407]
            LogID:[ldsdk] 3501[业务请求统计]
            Level:INFO
            Module:sdk
            Message:func：pubL.16.2  dealTime:1610  packetid:1110  callbacktime:0
[2019-08-28 09:20:20:407]
            LogID:[ldsdk] 3501[业务请求统计]
            Level:INFO
            Module:sdk
            Message:func：pubL.16.1  dealTime:2813  packetid:1042  callbacktime:0
[2019-08-28 09:20:21:610]
            LogID:[ldsdk] 3501[业务请求统计]
            Level:INFO
            Module:sdk
            Message:func：pubL.16.1  dealTime:3610  packetid:1052  callbacktime:203
[2019-08-28 09:20:21:610]
            LogID:[ldsdk] 3501[业务请求统计]
            Level:INFO
            Module:sdk
            Message:func：tdsecuL.4.101  dealTime:7078  packetid:280  callbacktime:0
[2019-08-28 09:20:21:610]
            LogID:[ldsdk] 3501[业务请求统计]
            Level:INFO
            Module:sdk
            Message:func：tdsecuL.4.101  dealTime:7422  packetid:238  callbacktime:0
[2019-08-28 09:20:21:610]
            LogID:[ldsdk] 3501[业务请求统计]
            Level:INFO
            Module:sdk
            Message:func：pubL.16.1  dealTime:2000  packetid:1209  callbacktime:0
[2019-08-28 09:20:21:610]
            LogID:[ldsdk] 3501[业务请求统计]
            Level:INFO
            Module:sdk
            Message:func：tdsecuL.4.101  dealTime:4375  packetid:965  callbacktime:0
[2019-08-28 09:20:21:610]
            LogID:[ldsdk] 3501[业务请求统计]
            Level:INFO
            Module:sdk
            Message:func：tdsecuL.4.101  dealTime:5734  packetid:744  callbacktime:0
[2019-08-28 09:20:21:610]
            LogID:[ldsdk] 3501[业务请求统计]
            Level:INFO
            Module:sdk
            Message:func：tdsecuL.4.101  dealTime:4344  packetid:978  callbacktime:0
[2019-08-28 09:20:21:610]
            LogID:[ldsdk] 3501[业务请求统计]
            Level:INFO
            Module:sdk
            Message:func：tdsecuL.4.101  dealTime:5156  packetid:816  callbacktime:0
[2019-08-28 09:20:21:610]
            LogID:[ldsdk] 3501[业务请求统计]
            Level:INFO
            Module:sdk
            Message:func：tdsecuL.4.101  dealTime:5328  packetid:764  callbacktime:0
[2019-08-28 09:20:21:610]
            LogID:[ldsdk] 3501[业务请求统计]
            Level:INFO
            Module:sdk
            Message:func：pubL.16.1  dealTime:4219  packetid:1003  callbacktime:0
[2019-08-28 09:20:22:612]
            LogID:[ldsdk] 3501[业务请求统计]
            Level:INFO
            Module:sdk
            Message:func：pubL.16.1  dealTime:4437  packetid:1063  callbacktime:172
[2019-08-28 09:20:22:612]
            LogID:[ldsdk] 3501[业务请求统计]
            Level:INFO
            Module:sdk
            Message:func：pubL.16.2  dealTime:5172  packetid:1032  callbacktime:0
[2019-08-28 09:20:22:612]
            LogID:[ldsdk] 3501[业务请求统计]
            Level:INFO
            Module:sdk
            Message:func：pubL.16.2  dealTime:2406  packetid:1286  callbacktime:0
[2019-08-28 09:20:22:612]
            LogID:[ldsdk] 3501[业务请求统计]
            Level:INFO
            Module:sdk
            Message:func：tdsecuL.4.101  dealTime:7703  packetid:546  callbacktime:0
[2019-08-28 09:20:22:612]
            LogID:[ldsdk] 3501[业务请求统计]
            Level:INFO
            Module:sdk
            Message:func：tdsecuL.4.101  dealTime:8500  packetid:142  callbacktime:0
[2019-08-28 09:20:22:612]
            LogID:[ldsdk] 3501[业务请求统计]
            Level:INFO
            Module:sdk
            Message:func：tdsecuL.4.101  dealTime:8484  packetid:176  callbacktime:0
[2019-08-28 09:20:22:612]
            LogID:[ldsdk] 3501[业务请求统计]
            Level:INFO
            Module:sdk
            Message:func：tdsecuL.4.101  dealTime:6016  packetid:850  callbacktime:0
[2019-08-28 09:20:22:612]
            LogID:[ldsdk] 3501[业务请求统计]
            Level:INFO
            Module:sdk
            Message:func：pubL.16.1  dealTime:2406  packetid:1287  callbacktime:0
[2019-08-28 09:20:22:612]
            LogID:[ldsdk] 3501[业务请求统计]
            Level:INFO
            Module:sdk
            Message:func：tdsecuL.4.101  dealTime:7359  packetid:608  callbacktime:0
[2019-08-28 09:20:22:612]
            LogID:[ldsdk] 3501[业务请求统计]
            Level:INFO
            Module:sdk
            Message:func：pubL.16.2  dealTime:3813  packetid:1120  callbacktime:0
[2019-08-28 09:20:23:616]
            LogID:[ldsdk] 3501[业务请求统计]
            Level:INFO
            Module:sdk
            Message:func：pubL.16.1  dealTime:2797  packetid:1319  callbacktime:203
[2019-08-28 09:20:23:616]
            LogID:[ldsdk] 3501[业务请求统计]
            Level:INFO
            Module:sdk
            Message:func：pubL.16.1  dealTime:3000  packetid:1325  callbacktime:0
[2019-08-28 09:20:23:616]
            LogID:[ldsdk] 3501[业务请求统计]
            Level:INFO
            Module:sdk
            Message:func：pubL.16.1  dealTime:3000  packetid:1327  callbacktime:0
[2019-08-28 09:20:23:616]
            LogID:[ldsdk] 3501[业务请求统计]
            Level:INFO
            Module:sdk
            Message:func：pubL.16.1  dealTime:3000  packetid:1317  callbacktime:0
[2019-08-28 09:20:23:616]
            LogID:[ldsdk] 3501[业务请求统计]
            Level:INFO
            Module:sdk
            Message:func：pubL.16.2  dealTime:3000  packetid:1318  callbacktime:0
[2019-08-28 09:20:23:616]
            LogID:[ldsdk] 3501[业务请求统计]
            Level:INFO
            Module:sdk
            Message:func：tdsecuL.4.101  dealTime:7016  packetid:847  callbacktime:0
[2019-08-28 09:20:23:616]
            LogID:[ldsdk] 3501[业务请求统计]
            Level:INFO
            Module:sdk
            Message:func：tdsecuL.4.11  dealTime:3000  packetid:1312  callbacktime:0
[2019-08-28 09:20:23:616]
            LogID:[ldsdk] 3501[业务请求统计]
            Level:INFO
            Module:sdk
            Message:func：tdsecuL.4.11  dealTime:3000  packetid:1309  callbacktime:0
[2019-08-28 09:20:23:616]
            LogID:[ldsdk] 3501[业务请求统计]
            Level:INFO
            Module:sdk
            Message:func：pubL.16.2  dealTime:2797  packetid:1340  callbacktime:0
[2019-08-28 09:20:23:616]
            LogID:[ldsdk] 3501[业务请求统计]
            Level:INFO
            Module:sdk
            Message:func：pubL.16.1  dealTime:2797  packetid:1337  callbacktime:0
[2019-08-28 09:20:24:819]
            LogID:[ldsdk] 3501[业务请求统计]
            Level:INFO
            Module:sdk
            Message:func：pubL.16.2  dealTime:2594  packetid:1492  callbacktime:203
[2019-08-28 09:20:24:819]
            LogID:[ldsdk] 3501[业务请求统计]
            Level:INFO
            Module:sdk
            Message:func：pubL.16.2  dealTime:2797  packetid:1509  callbacktime:0
[2019-08-28 09:20:24:819]
            LogID:[ldsdk] 3501[业务请求统计]
            Level:INFO
            Module:sdk
            Message:func：pubL.16.2  dealTime:2797  packetid:1498  callbacktime:0
[2019-08-28 09:20:24:819]
            LogID:[ldsdk] 3501[业务请求统计]
            Level:INFO
            Module:sdk
            Message:func：tdsecuL.4.101  dealTime:2797  packetid:1510  callbacktime:0
[2019-08-28 09:20:24:819]
            LogID:[ldsdk] 3501[业务请求统计]
            Level:INFO
            Module:sdk
            Message:func：pubL.16.2  dealTime:2797  packetid:1512  callbacktime:0
[2019-08-28 09:20:24:819]
            LogID:[ldsdk] 3501[业务请求统计]
            Level:INFO
            Module:sdk
            Message:func：pubL.16.1  dealTime:2797  packetid:1511  callbacktime:0
[2019-08-28 09:20:24:819]
            LogID:[ldsdk] 3501[业务请求统计]
            Level:INFO
            Module:sdk
            Message:func：pubL.16.1  dealTime:2797  packetid:1513  callbacktime:0
[2019-08-28 09:20:24:819]
            LogID:[ldsdk] 3501[业务请求统计]
            Level:INFO
            Module:sdk
            Message:func：pubL.16.1  dealTime:2797  packetid:1500  callbacktime:0
[2019-08-28 09:20:24:819]
            LogID:[ldsdk] 3501[业务请求统计]
            Level:INFO
            Module:sdk
            Message:func：pubL.16.1  dealTime:2797  packetid:1515  callbacktime:0
[2019-08-28 09:20:24:819]
            LogID:[ldsdk] 3501[业务请求统计]
            Level:INFO
            Module:sdk
            Message:func：tdsecuL.4.11  dealTime:2797  packetid:1493  callbacktime:0
[2019-08-28 09:20:25:821]
            LogID:[ldsdk] 3501[业务请求统计]
            Level:INFO
            Module:sdk
            Message:func：pubL.16.1  dealTime:2610  packetid:1661  callbacktime:187
[2019-08-28 09:20:25:821]
            LogID:[ldsdk] 3501[业务请求统计]
            Level:INFO
            Module:sdk
            Message:func：pubL.16.1  dealTime:2797  packetid:1640  callbacktime:0
[2019-08-28 09:20:25:821]
            LogID:[ldsdk] 3501[业务请求统计]
            Level:INFO
            Module:sdk
            Message:func：pubL.16.2  dealTime:2797  packetid:1643  callbacktime:0
[2019-08-28 09:20:25:821]
            LogID:[ldsdk] 3501[业务请求统计]
            Level:INFO
            Module:sdk
            Message:func：tdsecuL.4.101  dealTime:2797  packetid:1656  callbacktime:0
[2019-08-28 09:20:25:821]
            LogID:[ldsdk] 3501[业务请求统计]
            Level:INFO
            Module:sdk
            Message:func：pubL.16.1  dealTime:2797  packetid:1657  callbacktime:0
[2019-08-28 09:20:25:821]
            LogID:[ldsdk] 3501[业务请求统计]
            Level:INFO
            Module:sdk
            Message:func：pubL.16.2  dealTime:2797  packetid:1638  callbacktime:0
[2019-08-28 09:20:25:821]
            LogID:[ldsdk] 3501[业务请求统计]
            Level:INFO
            Module:sdk
            Message:func：pubL.16.2  dealTime:2797  packetid:1654  callbacktime:0
[2019-08-28 09:20:25:821]
            LogID:[ldsdk] 3501[业务请求统计]
            Level:INFO
            Module:sdk
            Message:func：pubL.16.2  dealTime:2797  packetid:1648  callbacktime:0
[2019-08-28 09:20:25:821]
            LogID:[ldsdk] 3501[业务请求统计]
            Level:INFO
            Module:sdk
            Message:func：pubL.16.2  dealTime:2797  packetid:1660  callbacktime:0
[2019-08-28 09:20:25:821]
            LogID:[ldsdk] 3501[业务请求统计]
            Level:INFO
            Module:sdk
            Message:func：tdsecuL.4.11  dealTime:2797  packetid:1642  callbacktime:0
[2019-08-28 09:20:27:024]
            LogID:[ldsdk] 3501[业务请求统计]
            Level:INFO
            Module:sdk
            Message:func：pubL.16.2  dealTime:2610  packetid:1838  callbacktime:187
[2019-08-28 09:20:27:024]
            LogID:[ldsdk] 3501[业务请求统计]
            Level:INFO
            Module:sdk
            Message:func：pubL.16.1  dealTime:2797  packetid:1811  callbacktime:0
[2019-08-28 09:20:27:024]
            LogID:[ldsdk] 3501[业务请求统计]
            Level:INFO
            Module:sdk
            Message:func：pubL.16.1  dealTime:2797  packetid:1837  callbacktime:0
[2019-08-28 09:20:27:024]
            LogID:[ldsdk] 3501[业务请求统计]
            Level:INFO
            Module:sdk
            Message:func：pubL.16.2  dealTime:2797  packetid:1835  callbacktime:0
[2019-08-28 09:20:27:024]
            LogID:[ldsdk] 3501[业务请求统计]
            Level:INFO
            Module:sdk
            Message:func：pubL.16.1  dealTime:2797  packetid:1816  callbacktime:0
[2019-08-28 09:20:27:024]
            LogID:[ldsdk] 3501[业务请求统计]
            Level:INFO
            Module:sdk
            Message:func：tdsecuL.4.101  dealTime:2797  packetid:1823  callbacktime:0
[2019-08-28 09:20:27:024]
            LogID:[ldsdk] 3501[业务请求统计]
            Level:INFO
            Module:sdk
            Message:func：tdsecuL.4.101  dealTime:2797  packetid:1833  callbacktime:0
[2019-08-28 09:20:27:024]
            LogID:[ldsdk] 3501[业务请求统计]
            Level:INFO
            Module:sdk
            Message:func：pubL.16.2  dealTime:2797  packetid:1825  callbacktime:0
[2019-08-28 09:20:27:024]
            LogID:[ldsdk] 3501[业务请求统计]
            Level:INFO
            Module:sdk
            Message:func：pubL.16.1  dealTime:2797  packetid:1832  callbacktime:0
[2019-08-28 09:20:27:024]
            LogID:[ldsdk] 3501[业务请求统计]
            Level:INFO
            Module:sdk
            Message:func：tdsecuL.4.11  dealTime:2797  packetid:1812  callbacktime:0
[2019-08-28 09:20:28:026]
            LogID:[ldsdk] 3501[业务请求统计]
            Level:INFO
            Module:sdk
            Message:func：pubL.16.1  dealTime:2610  packetid:1977  callbacktime:203
[2019-08-28 09:20:28:026]
            LogID:[ldsdk] 3501[业务请求统计]
            Level:INFO
            Module:sdk
            Message:func：pubL.16.1  dealTime:2813  packetid:1983  callbacktime:0
[2019-08-28 09:20:28:026]
            LogID:[ldsdk] 3501[业务请求统计]
            Level:INFO
            Module:sdk
            Message:func：tdsecuL.4.101  dealTime:2610  packetid:1989  callbacktime:0
[2019-08-28 09:20:28:026]
            LogID:[ldsdk] 3501[业务请求统计]
            Level:INFO
            Module:sdk
            Message:func：tdsecuL.4.101  dealTime:2610  packetid:1995  callbacktime:0
[2019-08-28 09:20:28:026]
            LogID:[ldsdk] 3501[业务请求统计]
            Level:INFO
            Module:sdk
            Message:func：tdsecuL.4.101  dealTime:2610  packetid:2008  callbacktime:0
[2019-08-28 09:20:28:026]
            LogID:[ldsdk] 3501[业务请求统计]
            Level:INFO
            Module:sdk
            Message:func：tdsecuL.4.101  dealTime:2610  packetid:2010  callbacktime:0
[2019-08-28 09:20:28:026]
            LogID:[ldsdk] 3501[业务请求统计]
            Level:INFO
            Module:sdk
            Message:func：pubL.16.1  dealTime:2813  packetid:1973  callbacktime:0
[2019-08-28 09:20:28:026]
            LogID:[ldsdk] 3501[业务请求统计]
            Level:INFO
            Module:sdk
            Message:func：tdsecuL.4.101  dealTime:2610  packetid:2004  callbacktime:0
[2019-08-28 09:20:28:026]
            LogID:[ldsdk] 3501[业务请求统计]
            Level:INFO
            Module:sdk
            Message:func：pubL.16.1  dealTime:3016  packetid:1941  callbacktime:0
[2019-08-28 09:20:28:026]
            LogID:[ldsdk] 3501[业务请求统计]
            Level:INFO
            Module:sdk
            Message:func：pubL.16.2  dealTime:2813  packetid:1966  callbacktime:0
[2019-08-28 09:20:29:029]
            LogID:[ldsdk] 3501[业务请求统计]
            Level:INFO
            Module:sdk
            Message:func：tdsecuL.4.101  dealTime:2610  packetid:2136  callbacktime:0
[2019-08-28 09:20:29:029]
            LogID:[ldsdk] 3501[业务请求统计]
            Level:INFO
            Module:sdk
            Message:func：pubL.16.2  dealTime:2610  packetid:2140  callbacktime:0
[2019-08-28 09:20:29:029]
            LogID:[ldsdk] 3501[业务请求统计]
            Level:INFO
            Module:sdk
            Message:func：pubL.16.1  dealTime:2610  packetid:2147  callbacktime:0
[2019-08-28 09:20:29:029]
            LogID:[ldsdk] 3501[业务请求统计]
            Level:INFO
            Module:sdk
            Message:func：pubL.16.2  dealTime:2610  packetid:2160  callbacktime:0
[2019-08-28 09:20:29:029]
            LogID:[ldsdk] 3501[业务请求统计]
            Level:INFO
            Module:sdk
            Message:func：pubL.16.2  dealTime:2610  packetid:2152  callbacktime:0
[2019-08-28 09:20:29:029]
            LogID:[ldsdk] 3501[业务请求统计]
            Level:INFO
            Module:sdk
            Message:func：pubL.16.2  dealTime:2610  packetid:2162  callbacktime:0
[2019-08-28 09:20:29:029]
            LogID:[ldsdk] 3501[业务请求统计]
            Level:INFO
            Module:sdk
            Message:func：pubL.16.1  dealTime:2610  packetid:2137  callbacktime:0
[2019-08-28 09:20:29:030]
            LogID:[ldsdk] 3501[业务请求统计]
            Level:INFO
            Module:sdk
            Message:func：pubL.16.2  dealTime:2610  packetid:2144  callbacktime:0
[2019-08-28 09:20:29:229]
            LogID:[ldsdk] 3501[业务请求统计]
            Level:INFO
            Module:sdk
            Message:func：pubL.16.2  dealTime:2610  packetid:2148  callbacktime:187
[2019-08-28 09:20:29:229]
            LogID:[ldsdk] 3501[业务请求统计]
            Level:INFO
            Module:sdk
            Message:func：pubL.16.1  dealTime:2797  packetid:2155  callbacktime:0
[2019-08-28 09:20:30:231]
            LogID:[ldsdk] 3501[业务请求统计]
            Level:INFO
            Module:sdk
            Message:func：pubL.16.2  dealTime:2610  packetid:2284  callbacktime:203
[2019-08-28 09:20:30:231]
            LogID:[ldsdk] 3501[业务请求统计]
            Level:INFO
            Module:sdk
            Message:func：tdsecuL.4.101  dealTime:2813  packetid:2303  callbacktime:0
[2019-08-28 09:20:30:231]
            LogID:[ldsdk] 3501[业务请求统计]
            Level:INFO
            Module:sdk
            Message:func：pubL.16.2  dealTime:2813  packetid:2300  callbacktime:0
[2019-08-28 09:20:30:231]
            LogID:[ldsdk] 3501[业务请求统计]
            Level:INFO
            Module:sdk
            Message:func：tdsecuL.4.101  dealTime:2813  packetid:2306  callbacktime:0
[2019-08-28 09:20:30:231]
            LogID:[ldsdk] 3501[业务请求统计]
            Level:INFO
            Module:sdk
            Message:func：pubL.16.1  dealTime:2813  packetid:2291  callbacktime:0
[2019-08-28 09:20:30:231]
            LogID:[ldsdk] 3501[业务请求统计]
            Level:INFO
            Module:sdk
            Message:func：pubL.16.2  dealTime:2813  packetid:2310  callbacktime:0
[2019-08-28 09:20:30:231]
            LogID:[ldsdk] 3501[业务请求统计]
            Level:INFO
            Module:sdk
            Message:func：pubL.16.1  dealTime:2813  packetid:2286  callbacktime:0
[2019-08-28 09:20:30:231]
            LogID:[ldsdk] 3501[业务请求统计]
            Level:INFO
            Module:sdk
            Message:func：pubL.16.1  dealTime:2813  packetid:2307  callbacktime:0
[2019-08-28 09:20:30:231]
            LogID:[ldsdk] 3501[业务请求统计]
            Level:INFO
            Module:sdk
            Message:func：pubL.16.1  dealTime:2813  packetid:2302  callbacktime:0
[2019-08-28 09:20:30:231]
            LogID:[ldsdk] 3501[业务请求统计]
            Level:INFO
            Module:sdk
            Message:func：pubL.16.1  dealTime:2813  packetid:2281  callbacktime:0
[2019-08-28 09:20:31:435]
            LogID:[ldsdk] 3501[业务请求统计]
            Level:INFO
            Module:sdk
            Message:func：pubL.16.2  dealTime:2609  packetid:2466  callbacktime:203
[2019-08-28 09:20:31:435]
            LogID:[ldsdk] 3501[业务请求统计]
            Level:INFO
            Module:sdk
            Message:func：tdsecuL.4.101  dealTime:2812  packetid:2475  callbacktime:0
[2019-08-28 09:20:31:435]
            LogID:[ldsdk] 3501[业务请求统计]
            Level:INFO
            Module:sdk
            Message:func：pubL.16.2  dealTime:2812  packetid:2476  callbacktime:0
[2019-08-28 09:20:31:435]
            LogID:[ldsdk] 3501[业务请求统计]
            Level:INFO
            Module:sdk
            Message:func：pubL.16.2  dealTime:2812  packetid:2461  callbacktime:0
[2019-08-28 09:20:31:435]
            LogID:[ldsdk] 3501[业务请求统计]
            Level:INFO
            Module:sdk
            Message:func：pubL.16.2  dealTime:2812  packetid:2471  callbacktime:0
[2019-08-28 09:20:31:435]
            LogID:[ldsdk] 3501[业务请求统计]
            Level:INFO
            Module:sdk
            Message:func：pubL.16.1  dealTime:2812  packetid:2468  callbacktime:0
[2019-08-28 09:20:31:435]
            LogID:[ldsdk] 3501[业务请求统计]
            Level:INFO
            Module:sdk
            Message:func：pubL.16.1  dealTime:2812  packetid:2463  callbacktime:0
[2019-08-28 09:20:31:435]
            LogID:[ldsdk] 3501[业务请求统计]
            Level:INFO
            Module:sdk
            Message:func：pubL.16.1  dealTime:2812  packetid:2473  callbacktime:0
[2019-08-28 09:20:31:435]
            LogID:[ldsdk] 3501[业务请求统计]
            Level:INFO
            Module:sdk
            Message:func：tdsecuL.4.11  dealTime:2812  packetid:2464  callbacktime:0
[2019-08-28 09:20:31:435]
            LogID:[ldsdk] 3501[业务请求统计]
            Level:INFO
            Module:sdk
            Message:func：tdsecuL.4.11  dealTime:2812  packetid:2458  callbacktime:0
[2019-08-28 09:20:32:438]
            LogID:[ldsdk] 3501[业务请求统计]
            Level:INFO
            Module:sdk
            Message:func：tdsecuL.4.101  dealTime:2609  packetid:2617  callbacktime:203
[2019-08-28 09:20:32:438]
            LogID:[ldsdk] 3501[业务请求统计]
            Level:INFO
            Module:sdk
            Message:func：tdsecuL.4.101  dealTime:2812  packetid:2630  callbacktime:0
[2019-08-28 09:20:32:438]
            LogID:[ldsdk] 3501[业务请求统计]
            Level:INFO
            Module:sdk
            Message:func：tdsecuL.4.101  dealTime:2609  packetid:2637  callbacktime:0
[2019-08-28 09:20:32:438]
            LogID:[ldsdk] 3501[业务请求统计]
            Level:INFO
            Module:sdk
            Message:func：pubL.16.1  dealTime:2812  packetid:2615  callbacktime:0
[2019-08-28 09:20:32:438]
            LogID:[ldsdk] 3501[业务请求统计]
            Level:INFO
            Module:sdk
            Message:func：pubL.16.2  dealTime:2812  packetid:2634  callbacktime:0
[2019-08-28 09:20:32:438]
            LogID:[ldsdk] 3501[业务请求统计]
            Level:INFO
            Module:sdk
            Message:func：pubL.16.2  dealTime:2812  packetid:2632  callbacktime:0
[2019-08-28 09:20:32:438]
            LogID:[ldsdk] 3501[业务请求统计]
            Level:INFO
            Module:sdk
            Message:func：pubL.16.1  dealTime:2609  packetid:2635  callbacktime:0
[2019-08-28 09:20:32:438]
            LogID:[ldsdk] 3501[业务请求统计]
            Level:INFO
            Module:sdk
            Message:func：pubL.16.2  dealTime:2812  packetid:2628  callbacktime:0
[2019-08-28 09:20:32:438]
            LogID:[ldsdk] 3501[业务请求统计]
            Level:INFO
            Module:sdk
            Message:func：pubL.16.1  dealTime:2812  packetid:2631  callbacktime:0
[2019-08-28 09:20:32:438]
            LogID:[ldsdk] 3501[业务请求统计]
            Level:INFO
            Module:sdk
            Message:func：tdsecuL.4.101  dealTime:2812  packetid:2627  callbacktime:0
[2019-08-28 09:21:30:032]
            LogID:[ldsdk] 3503[同步请求时间]
            Level:WARNING
            Module:sdk
            Message:func：tdsecuL.4.11  Time:110
[2019-08-28 09:21:31:055]
            LogID:[ldsdk] 3503[同步请求时间]
            Level:WARNING
            Module:sdk
            Message:func：tdsecuL.4.101  Time:15
[2019-08-28 09:21:31:198]
            LogID:[ldsdk] 3503[同步请求时间]
            Level:WARNING
            Module:sdk
            Message:func：tdsecuL.4.12  Time:157
