[2019-09-26 15:18:34:097]
            LogID:[ldsdk] 3500[sdk初始化完成]
            Level:INFO
            Module:sdk
            Message:sdk编译日期：May  6 2019  编译时间：11:20:30
[2019-09-26 15:21:47:697]
            LogID:[ldsdk] 3500[sdk初始化完成]
            Level:INFO
            Module:sdk
            Message:sdk编译日期：May  6 2019  编译时间：11:20:30
[2019-09-26 15:34:52:085]
            LogID:[ldsdk] 3500[sdk初始化完成]
            Level:INFO
            Module:sdk
            Message:sdk编译日期：May  6 2019  编译时间：11:20:30
[2019-09-26 15:57:54:637]
            LogID:[ldsdk] 3500[sdk初始化完成]
            Level:INFO
            Module:sdk
            Message:sdk编译日期：May  6 2019  编译时间：11:20:30
[2019-09-26 15:58:13:402]
            LogID:[ldsdk] 3501[业务请求统计]
            Level:INFO
            Module:sdk
            Message:func：pdsecuL.2.37  dealTime:15  packetid:2  callbacktime:16
[2019-09-26 15:58:13:404]
            LogID:[ldsdk] 3501[业务请求统计]
            Level:INFO
            Module:sdk
            Message:func：pdsecuL.2.37  dealTime:31  packetid:9  callbacktime:0
[2019-09-26 15:58:13:473]
            LogID:[ldsdk] 3501[业务请求统计]
            Level:INFO
            Module:sdk
            Message:func：pdsecuL.2.37  dealTime:109  packetid:6  callbacktime:0
[2019-09-26 15:58:13:474]
            LogID:[ldsdk] 3501[业务请求统计]
            Level:INFO
            Module:sdk
            Message:func：pdsecuL.2.37  dealTime:109  packetid:3  callbacktime:0
[2019-09-26 15:58:13:474]
            LogID:[ldsdk] 3501[业务请求统计]
            Level:INFO
            Module:sdk
            Message:func：pdsecuL.2.37  dealTime:109  packetid:10  callbacktime:0
[2019-09-26 15:58:13:474]
            LogID:[ldsdk] 3501[业务请求统计]
            Level:INFO
            Module:sdk
            Message:func：pdsecuL.2.37  dealTime:109  packetid:20  callbacktime:0
[2019-09-26 15:58:13:474]
            LogID:[ldsdk] 3501[业务请求统计]
            Level:INFO
            Module:sdk
            Message:func：pdsecuL.2.37  dealTime:109  packetid:15  callbacktime:0
[2019-09-26 15:58:13:474]
            LogID:[ldsdk] 3501[业务请求统计]
            Level:INFO
            Module:sdk
            Message:func：pdsecuL.2.37  dealTime:109  packetid:12  callbacktime:0
[2019-09-26 15:58:13:475]
            LogID:[ldsdk] 3501[业务请求统计]
            Level:INFO
            Module:sdk
            Message:func：pdsecuL.2.37  dealTime:109  packetid:34  callbacktime:0
[2019-09-26 15:58:13:475]
            LogID:[ldsdk] 3501[业务请求统计]
            Level:INFO
            Module:sdk
            Message:func：pdsecuL.2.37  dealTime:109  packetid:31  callbacktime:0
[2019-09-26 15:58:14:027]
            LogID:[ldsdk] 3501[业务请求统计]
            Level:INFO
            Module:sdk
            Message:func：pdsecuL.2.37  dealTime:344  packetid:352  callbacktime:0
[2019-09-26 15:58:14:027]
            LogID:[ldsdk] 3501[业务请求统计]
            Level:INFO
            Module:sdk
            Message:func：pdsecuL.2.37  dealTime:344  packetid:355  callbacktime:0
[2019-09-26 15:58:14:027]
            LogID:[ldsdk] 3501[业务请求统计]
            Level:INFO
            Module:sdk
            Message:func：pdsecuL.2.37  dealTime:344  packetid:354  callbacktime:0
[2019-09-26 15:58:14:027]
            LogID:[ldsdk] 3501[业务请求统计]
            Level:INFO
            Module:sdk
            Message:func：pdsecuL.2.37  dealTime:344  packetid:356  callbacktime:0
[2019-09-26 15:58:14:028]
            LogID:[ldsdk] 3501[业务请求统计]
            Level:INFO
            Module:sdk
            Message:func：pdsecuL.2.37  dealTime:328  packetid:359  callbacktime:0
[2019-09-26 15:58:14:028]
            LogID:[ldsdk] 3501[业务请求统计]
            Level:INFO
            Module:sdk
            Message:func：pdsecuL.2.37  dealTime:328  packetid:364  callbacktime:0
[2019-09-26 15:58:14:028]
            LogID:[ldsdk] 3501[业务请求统计]
            Level:INFO
            Module:sdk
            Message:func：pdsecuL.2.37  dealTime:328  packetid:361  callbacktime:0
[2019-09-26 15:58:14:028]
            LogID:[ldsdk] 3501[业务请求统计]
            Level:INFO
            Module:sdk
            Message:func：pdsecuL.2.37  dealTime:328  packetid:360  callbacktime:0
[2019-09-26 15:58:14:029]
            LogID:[ldsdk] 3501[业务请求统计]
            Level:INFO
            Module:sdk
            Message:func：pdsecuL.2.37  dealTime:328  packetid:363  callbacktime:0
[2019-09-26 15:58:14:029]
            LogID:[ldsdk] 3501[业务请求统计]
            Level:INFO
            Module:sdk
            Message:func：pdsecuL.2.37  dealTime:328  packetid:366  callbacktime:0
[2019-09-26 16:35:51:703]
            LogID:[ldsdk] 3500[sdk初始化完成]
            Level:INFO
            Module:sdk
            Message:sdk编译日期：May  6 2019  编译时间：11:20:30
[2019-09-26 16:36:26:123]
            LogID:[ldsdk] 3503[同步请求时间]
            Level:WARNING
            Module:sdk
            Message:func：pdsecuL.3.1  Time:110
[2019-09-26 16:37:22:454]
            LogID:[ldsdk] 3500[sdk初始化完成]
            Level:INFO
            Module:sdk
            Message:sdk编译日期：May  6 2019  编译时间：11:20:30
[2019-09-26 16:37:44:819]
            LogID:[ldsdk] 3503[同步请求时间]
            Level:WARNING
            Module:sdk
            Message:func：pdsecuL.3.1  Time:31
[2019-09-26 16:37:49:882]
            LogID:[ldsdk] 3503[同步请求时间]
            Level:WARNING
            Module:sdk
            Message:func：tdsecuL.1.901  Time:15
[2019-09-26 16:37:50:980]
            LogID:[ldsdk] 3503[同步请求时间]
            Level:WARNING
            Module:sdk
            Message:func：tdsecuL.4.11  Time:47
[2019-09-26 16:37:52:008]
            LogID:[ldsdk] 3503[同步请求时间]
            Level:WARNING
            Module:sdk
            Message:func：tdsecuL.4.101  Time:15
[2019-09-26 16:37:53:363]
            LogID:[ldsdk] 3503[同步请求时间]
            Level:WARNING
            Module:sdk
            Message:func：tdsecuL.4.12  Time:328
[2019-09-26 16:42:44:816]
            LogID:[ldsdk] 3503[同步请求时间]
            Level:WARNING
            Module:sdk
            Message:func：pdsecuL.3.1  Time:31
[2019-09-26 16:42:49:840]
            LogID:[ldsdk] 3503[同步请求时间]
            Level:WARNING
            Module:sdk
            Message:func：tdsecuL.1.901  Time:16
[2019-09-26 16:42:50:915]
            LogID:[ldsdk] 3503[同步请求时间]
            Level:WARNING
            Module:sdk
            Message:func：tdsecuL.4.11  Time:47
[2019-09-26 16:42:51:944]
            LogID:[ldsdk] 3503[同步请求时间]
            Level:WARNING
            Module:sdk
            Message:func：tdsecuL.4.101  Time:16
[2019-09-26 16:42:53:182]
            LogID:[ldsdk] 3503[同步请求时间]
            Level:WARNING
            Module:sdk
            Message:func：tdsecuL.4.12  Time:218
[2019-09-26 16:53:24:667]
            LogID:[ldsdk] 3500[sdk初始化完成]
            Level:INFO
            Module:sdk
            Message:sdk编译日期：May  6 2019  编译时间：11:20:30
[2019-09-26 17:31:30:988]
            LogID:[ldsdk] 3500[sdk初始化完成]
            Level:INFO
            Module:sdk
            Message:sdk编译日期：May  6 2019  编译时间：11:20:30
[2019-09-26 17:32:09:207]
            LogID:[ldsdk] 3503[同步请求时间]
            Level:WARNING
            Module:sdk
            Message:func：pdsecuL.3.1  Time:32
[2019-09-26 17:32:14:241]
            LogID:[ldsdk] 3503[同步请求时间]
            Level:WARNING
            Module:sdk
            Message:func：tdsecuL.1.901  Time:16
[2019-09-26 17:32:15:305]
            LogID:[ldsdk] 3503[同步请求时间]
            Level:WARNING
            Module:sdk
            Message:func：tdsecuL.4.11  Time:47
[2019-09-26 17:32:16:368]
            LogID:[ldsdk] 3503[同步请求时间]
            Level:WARNING
            Module:sdk
            Message:func：tdsecuL.4.101  Time:47
[2019-09-26 17:32:17:462]
            LogID:[ldsdk] 3503[同步请求时间]
            Level:WARNING
            Module:sdk
            Message:func：tdsecuL.4.12  Time:79
[2019-09-26 17:37:56:619]
            LogID:[ldsdk] 3500[sdk初始化完成]
            Level:INFO
            Module:sdk
            Message:sdk编译日期：May  6 2019  编译时间：11:20:30
[2019-09-26 17:38:33:316]
            LogID:[ldsdk] 3503[同步请求时间]
            Level:WARNING
            Module:sdk
            Message:func：tdsecuL.1.901  Time:63
[2019-09-26 17:38:35:324]
            LogID:[ldsdk] 3503[同步请求时间]
            Level:WARNING
            Module:sdk
            Message:func：tdsecuL.4.16  Time:984
[2019-09-26 17:51:06:408]
            LogID:[ldsdk] 3503[同步请求时间]
            Level:WARNING
            Module:sdk
            Message:func：tdsecuL.1.901  Time:1719
[2019-09-26 17:52:03:136]
            LogID:[ldsdk] 3503[同步请求时间]
            Level:WARNING
            Module:sdk
            Message:func：tdsecuL.4.16  Time:15
[2019-09-26 17:52:25:445]
            LogID:[ldsdk] 3503[同步请求时间]
            Level:WARNING
            Module:sdk
            Message:func：tdsecuL.1.901  Time:16
[2019-09-26 17:52:55:046]
            LogID:[ldsdk] 3503[同步请求时间]
            Level:WARNING
            Module:sdk
            Message:func：tdsecuL.4.16  Time:31
[2019-09-26 17:54:38:717]
            LogID:[ldsdk] 3503[同步请求时间]
            Level:WARNING
            Module:sdk
            Message:func：tdsecuL.1.901  Time:0
[2019-09-26 17:56:52:668]
            LogID:[ldsdk] 3503[同步请求时间]
            Level:WARNING
            Module:sdk
            Message:func：tdsecuL.4.16  Time:1063
[2019-09-26 17:57:06:018]
            LogID:[ldsdk] 3503[同步请求时间]
            Level:WARNING
            Module:sdk
            Message:func：tdsecuL.1.901  Time:16
[2019-09-26 18:06:00:230]
            LogID:[ldsdk] 3503[同步请求时间]
            Level:WARNING
            Module:sdk
            Message:func：tdsecuL.4.16  Time:78
[2019-09-26 18:06:04:785]
            LogID:[ldsdk] 3503[同步请求时间]
            Level:WARNING
            Module:sdk
            Message:func：tdsecuL.1.901  Time:16
[2019-09-26 18:06:05:913]
            LogID:[ldsdk] 3503[同步请求时间]
            Level:WARNING
            Module:sdk
            Message:func：tdsecuL.4.16  Time:110
[2019-09-26 18:09:16:649]
            LogID:[ldsdk] 3503[同步请求时间]
            Level:WARNING
            Module:sdk
            Message:func：tdsecuL.1.901  Time:125
