[2019-08-06 10:02:37:905]
            LogID:[ldsdk] 3500[sdk初始化完成]
            Level:INFO
            Module:sdk
            Message:sdk编译日期：May  6 2019  编译时间：11:20:30
[2019-08-06 10:03:02:413]
            LogID:[ldsdk] 3500[sdk初始化完成]
            Level:INFO
            Module:sdk
            Message:sdk编译日期：May  6 2019  编译时间：11:20:30
[2019-08-06 10:03:21:362]
            LogID:[ldsdk] 3500[sdk初始化完成]
            Level:INFO
            Module:sdk
            Message:sdk编译日期：May  6 2019  编译时间：11:20:30
[2019-08-06 10:05:27:196]
            LogID:[ldsdk] 3500[sdk初始化完成]
            Level:INFO
            Module:sdk
            Message:sdk编译日期：May  6 2019  编译时间：11:20:30
[2019-08-06 10:09:21:457]
            LogID:[ldsdk] 3500[sdk初始化完成]
            Level:INFO
            Module:sdk
            Message:sdk编译日期：May  6 2019  编译时间：11:20:30
[2019-08-06 10:09:53:060]
            LogID:[ldsdk] 3500[sdk初始化完成]
            Level:INFO
            Module:sdk
            Message:sdk编译日期：May  6 2019  编译时间：11:20:30
[2019-08-06 10:23:40:435]
            LogID:[ldsdk] 3500[sdk初始化完成]
            Level:INFO
            Module:sdk
            Message:sdk编译日期：May  6 2019  编译时间：11:20:30
[2019-08-06 10:24:22:286]
            LogID:[ldsdk] 3500[sdk初始化完成]
            Level:INFO
            Module:sdk
            Message:sdk编译日期：May  6 2019  编译时间：11:20:30
[2019-08-06 10:24:50:843]
            LogID:[ldsdk] 3500[sdk初始化完成]
            Level:INFO
            Module:sdk
            Message:sdk编译日期：May  6 2019  编译时间：11:20:30
[2019-08-06 10:25:49:305]
            LogID:[ldsdk] 3500[sdk初始化完成]
            Level:INFO
            Module:sdk
            Message:sdk编译日期：May  6 2019  编译时间：11:20:30
[2019-08-06 10:26:33:613]
            LogID:[ldsdk] 3500[sdk初始化完成]
            Level:INFO
            Module:sdk
            Message:sdk编译日期：May  6 2019  编译时间：11:20:30
[2019-08-06 10:28:43:566]
            LogID:[ldsdk] 3500[sdk初始化完成]
            Level:INFO
            Module:sdk
            Message:sdk编译日期：May  6 2019  编译时间：11:20:30
[2019-08-06 10:29:02:425]
            LogID:[ldsdk] 3500[sdk初始化完成]
            Level:INFO
            Module:sdk
            Message:sdk编译日期：May  6 2019  编译时间：11:20:30
[2019-08-06 10:29:52:366]
            LogID:[ldsdk] 3500[sdk初始化完成]
            Level:INFO
            Module:sdk
            Message:sdk编译日期：May  6 2019  编译时间：11:20:30
[2019-08-06 10:30:47:817]
            LogID:[ldsdk] 3500[sdk初始化完成]
            Level:INFO
            Module:sdk
            Message:sdk编译日期：May  6 2019  编译时间：11:20:30
[2019-08-06 10:32:09:927]
            LogID:[ldsdk] 3501[业务请求统计]
            Level:INFO
            Module:sdk
            Message:func：tdsecuL.4.11  dealTime:375  packetid:2  callbacktime:16
[2019-08-06 10:32:09:992]
            LogID:[ldsdk] 3501[业务请求统计]
            Level:INFO
            Module:sdk
            Message:func：tdsecuL.4.11  dealTime:422  packetid:131  callbacktime:0
[2019-08-06 10:32:10:004]
            LogID:[ldsdk] 3501[业务请求统计]
            Level:INFO
            Module:sdk
            Message:func：tdsecuL.4.11  dealTime:422  packetid:109  callbacktime:0
[2019-08-06 10:32:10:051]
            LogID:[ldsdk] 3501[业务请求统计]
            Level:INFO
            Module:sdk
            Message:func：tdsecuL.4.11  dealTime:484  packetid:76  callbacktime:0
[2019-08-06 10:32:10:063]
            LogID:[ldsdk] 3501[业务请求统计]
            Level:INFO
            Module:sdk
            Message:func：tdsecuL.4.11  dealTime:500  packetid:32  callbacktime:0
[2019-08-06 10:32:10:122]
            LogID:[ldsdk] 3501[业务请求统计]
            Level:INFO
            Module:sdk
            Message:func：tdsecuL.4.11  dealTime:562  packetid:33  callbacktime:0
[2019-08-06 10:32:10:128]
            LogID:[ldsdk] 3501[业务请求统计]
            Level:INFO
            Module:sdk
            Message:func：tdsecuL.4.11  dealTime:562  packetid:42  callbacktime:0
[2019-08-06 10:32:10:136]
            LogID:[ldsdk] 3501[业务请求统计]
            Level:INFO
            Module:sdk
            Message:func：tdsecuL.4.11  dealTime:563  packetid:102  callbacktime:0
[2019-08-06 10:32:10:147]
            LogID:[ldsdk] 3501[业务请求统计]
            Level:INFO
            Module:sdk
            Message:func：tdsecuL.4.11  dealTime:610  packetid:4  callbacktime:0
[2019-08-06 10:32:10:446]
            LogID:[ldsdk] 3501[业务请求统计]
            Level:INFO
            Module:sdk
            Message:func：tdsecuL.4.11  dealTime:906  packetid:13  callbacktime:0
[2019-08-06 10:32:10:874]
            LogID:[ldsdk] 3501[业务请求统计]
            Level:INFO
            Module:sdk
            Message:func：tdsecuL.4.11  dealTime:1312  packetid:65  callbacktime:0
[2019-08-06 10:32:10:902]
            LogID:[ldsdk] 3501[业务请求统计]
            Level:INFO
            Module:sdk
            Message:func：tdsecuL.4.11  dealTime:1329  packetid:129  callbacktime:0
[2019-08-06 10:32:10:962]
            LogID:[ldsdk] 3501[业务请求统计]
            Level:INFO
            Module:sdk
            Message:func：tdsecuL.4.11  dealTime:1406  packetid:70  callbacktime:0
[2019-08-06 10:32:10:974]
            LogID:[ldsdk] 3501[业务请求统计]
            Level:INFO
            Module:sdk
            Message:func：tdsecuL.4.11  dealTime:1391  packetid:163  callbacktime:0
[2019-08-06 10:32:10:982]
            LogID:[ldsdk] 3501[业务请求统计]
            Level:INFO
            Module:sdk
            Message:func：tdsecuL.4.11  dealTime:407  packetid:211  callbacktime:0
[2019-08-06 10:32:10:989]
            LogID:[ldsdk] 3501[业务请求统计]
            Level:INFO
            Module:sdk
            Message:func：tdsecuL.4.11  dealTime:266  packetid:230  callbacktime:0
[2019-08-06 10:32:10:989]
            LogID:[ldsdk] 3501[业务请求统计]
            Level:INFO
            Module:sdk
            Message:func：tdsecuL.4.11  dealTime:1407  packetid:78  callbacktime:0
[2019-08-06 10:32:11:000]
            LogID:[ldsdk] 3501[业务请求统计]
            Level:INFO
            Module:sdk
            Message:func：tdsecuL.4.11  dealTime:328  packetid:220  callbacktime:0
[2019-08-06 10:32:11:000]
            LogID:[ldsdk] 3501[业务请求统计]
            Level:INFO
            Module:sdk
            Message:func：tdsecuL.4.11  dealTime:1437  packetid:60  callbacktime:0
[2019-08-06 10:32:11:004]
            LogID:[ldsdk] 3501[业务请求统计]
            Level:INFO
            Module:sdk
            Message:func：tdsecuL.4.11  dealTime:1437  packetid:34  callbacktime:0
[2019-08-06 10:32:12:093]
            LogID:[ldsdk] 3501[业务请求统计]
            Level:INFO
            Module:sdk
            Message:func：tdsecuL.4.11  dealTime:2531  packetid:58  callbacktime:0
[2019-08-06 10:32:12:093]
            LogID:[ldsdk] 3501[业务请求统计]
            Level:INFO
            Module:sdk
            Message:func：tdsecuL.4.11  dealTime:2516  packetid:136  callbacktime:0
[2019-08-06 10:32:12:164]
            LogID:[ldsdk] 3501[业务请求统计]
            Level:INFO
            Module:sdk
            Message:func：tdsecuL.4.11  dealTime:2594  packetid:80  callbacktime:0
[2019-08-06 10:32:12:216]
            LogID:[ldsdk] 3501[业务请求统计]
            Level:INFO
            Module:sdk
            Message:func：tdsecuL.4.11  dealTime:2625  packetid:141  callbacktime:0
[2019-08-06 10:32:12:216]
            LogID:[ldsdk] 3501[业务请求统计]
            Level:INFO
            Module:sdk
            Message:func：tdsecuL.4.11  dealTime:1219  packetid:244  callbacktime:0
[2019-08-06 10:32:12:545]
            LogID:[ldsdk] 3501[业务请求统计]
            Level:INFO
            Module:sdk
            Message:func：tdsecuL.4.11  dealTime:2984  packetid:25  callbacktime:0
[2019-08-06 10:32:12:547]
            LogID:[ldsdk] 3501[业务请求统计]
            Level:INFO
            Module:sdk
            Message:func：tdsecuL.4.11  dealTime:2984  packetid:66  callbacktime:0
[2019-08-06 10:32:12:614]
            LogID:[ldsdk] 3501[业务请求统计]
            Level:INFO
            Module:sdk
            Message:func：tdsecuL.4.11  dealTime:1641  packetid:241  callbacktime:0
[2019-08-06 10:32:12:616]
            LogID:[ldsdk] 3501[业务请求统计]
            Level:INFO
            Module:sdk
            Message:func：tdsecuL.4.11  dealTime:3031  packetid:148  callbacktime:0
[2019-08-06 10:32:12:631]
            LogID:[ldsdk] 3501[业务请求统计]
            Level:INFO
            Module:sdk
            Message:func：tdsecuL.4.11  dealTime:3078  packetid:24  callbacktime:0
[2019-08-06 10:32:12:935]
            LogID:[ldsdk] 3501[业务请求统计]
            Level:INFO
            Module:sdk
            Message:func：tdsecuL.4.11  dealTime:3360  packetid:97  callbacktime:0
[2019-08-06 10:32:12:938]
            LogID:[ldsdk] 3501[业务请求统计]
            Level:INFO
            Module:sdk
            Message:func：tdsecuL.4.11  dealTime:1922  packetid:250  callbacktime:0
[2019-08-06 10:32:13:012]
            LogID:[ldsdk] 3501[业务请求统计]
            Level:INFO
            Module:sdk
            Message:func：tdsecuL.4.11  dealTime:3469  packetid:8  callbacktime:0
[2019-08-06 10:32:13:015]
            LogID:[ldsdk] 3501[业务请求统计]
            Level:INFO
            Module:sdk
            Message:func：tdsecuL.4.11  dealTime:3422  packetid:164  callbacktime:0
[2019-08-06 10:32:13:031]
            LogID:[ldsdk] 3501[业务请求统计]
            Level:INFO
            Module:sdk
            Message:func：tdsecuL.4.11  dealTime:3469  packetid:18  callbacktime:0
[2019-08-06 10:32:13:034]
            LogID:[ldsdk] 3501[业务请求统计]
            Level:INFO
            Module:sdk
            Message:func：tdsecuL.4.11  dealTime:3469  packetid:16  callbacktime:0
[2019-08-06 10:32:13:035]
            LogID:[ldsdk] 3501[业务请求统计]
            Level:INFO
            Module:sdk
            Message:func：tdsecuL.4.11  dealTime:1985  packetid:252  callbacktime:0
[2019-08-06 10:32:13:041]
            LogID:[ldsdk] 3501[业务请求统计]
            Level:INFO
            Module:sdk
            Message:func：tdsecuL.4.11  dealTime:3484  packetid:45  callbacktime:0
[2019-08-06 10:32:13:043]
            LogID:[ldsdk] 3501[业务请求统计]
            Level:INFO
            Module:sdk
            Message:func：tdsecuL.4.11  dealTime:3469  packetid:87  callbacktime:0
[2019-08-06 10:32:13:132]
            LogID:[ldsdk] 3501[业务请求统计]
            Level:INFO
            Module:sdk
            Message:func：tdsecuL.4.11  dealTime:3594  packetid:15  callbacktime:0
[2019-08-06 10:32:14:051]
            LogID:[ldsdk] 3501[业务请求统计]
            Level:INFO
            Module:sdk
            Message:func：tdsecuL.4.11  dealTime:4453  packetid:159  callbacktime:0
[2019-08-06 10:32:14:055]
            LogID:[ldsdk] 3501[业务请求统计]
            Level:INFO
            Module:sdk
            Message:func：tdsecuL.4.11  dealTime:891  packetid:305  callbacktime:0
[2019-08-06 10:32:14:069]
            LogID:[ldsdk] 3501[业务请求统计]
            Level:INFO
            Module:sdk
            Message:func：tdsecuL.4.11  dealTime:718  packetid:320  callbacktime:0
[2019-08-06 10:32:14:088]
            LogID:[ldsdk] 3501[业务请求统计]
            Level:INFO
            Module:sdk
            Message:func：tdsecuL.4.11  dealTime:4500  packetid:149  callbacktime:0
[2019-08-06 10:32:14:088]
            LogID:[ldsdk] 3501[业务请求统计]
            Level:INFO
            Module:sdk
            Message:func：tdsecuL.4.11  dealTime:1453  packetid:280  callbacktime:0
[2019-08-06 10:32:14:088]
            LogID:[ldsdk] 3501[业务请求统计]
            Level:INFO
            Module:sdk
            Message:func：tdsecuL.4.11  dealTime:3391  packetid:229  callbacktime:0
[2019-08-06 10:32:14:089]
            LogID:[ldsdk] 3501[业务请求统计]
            Level:INFO
            Module:sdk
            Message:func：tdsecuL.4.11  dealTime:4531  packetid:28  callbacktime:0
[2019-08-06 10:32:14:095]
            LogID:[ldsdk] 3501[业务请求统计]
            Level:INFO
            Module:sdk
            Message:func：tdsecuL.4.11  dealTime:4516  packetid:111  callbacktime:0
[2019-08-06 10:32:14:098]
            LogID:[ldsdk] 3501[业务请求统计]
            Level:INFO
            Module:sdk
            Message:func：tdsecuL.4.11  dealTime:4516  packetid:137  callbacktime:0
[2019-08-06 10:32:14:111]
            LogID:[ldsdk] 3501[业务请求统计]
            Level:INFO
            Module:sdk
            Message:func：tdsecuL.4.11  dealTime:3313  packetid:233  callbacktime:0
[2019-08-06 10:32:15:154]
            LogID:[ldsdk] 3501[业务请求统计]
            Level:INFO
            Module:sdk
            Message:func：tdsecuL.4.11  dealTime:5563  packetid:198  callbacktime:0
[2019-08-06 10:32:15:154]
            LogID:[ldsdk] 3501[业务请求统计]
            Level:INFO
            Module:sdk
            Message:func：tdsecuL.4.11  dealTime:907  packetid:427  callbacktime:0
[2019-08-06 10:32:15:189]
            LogID:[ldsdk] 3501[业务请求统计]
            Level:INFO
            Module:sdk
            Message:func：tdsecuL.4.11  dealTime:3906  packetid:262  callbacktime:0
[2019-08-06 10:32:15:194]
            LogID:[ldsdk] 3501[业务请求统计]
            Level:INFO
            Module:sdk
            Message:func：tdsecuL.4.11  dealTime:4562  packetid:217  callbacktime:0
[2019-08-06 10:32:15:197]
            LogID:[ldsdk] 3501[业务请求统计]
            Level:INFO
            Module:sdk
            Message:func：tdsecuL.4.11  dealTime:4593  packetid:213  callbacktime:0
[2019-08-06 10:32:15:198]
            LogID:[ldsdk] 3501[业务请求统计]
            Level:INFO
            Module:sdk
            Message:func：tdsecuL.4.11  dealTime:1109  packetid:411  callbacktime:0
[2019-08-06 10:32:15:206]
            LogID:[ldsdk] 3501[业务请求统计]
            Level:INFO
            Module:sdk
            Message:func：tdsecuL.4.11  dealTime:4000  packetid:260  callbacktime:0
[2019-08-06 10:32:15:210]
            LogID:[ldsdk] 3501[业务请求统计]
            Level:INFO
            Module:sdk
            Message:func：tdsecuL.4.11  dealTime:1328  packetid:380  callbacktime:0
[2019-08-06 10:32:15:214]
            LogID:[ldsdk] 3501[业务请求统计]
            Level:INFO
            Module:sdk
            Message:func：tdsecuL.4.11  dealTime:1437  packetid:368  callbacktime:0
[2019-08-06 10:32:15:216]
            LogID:[ldsdk] 3501[业务请求统计]
            Level:INFO
            Module:sdk
            Message:func：tdsecuL.4.11  dealTime:5625  packetid:153  callbacktime:0
[2019-08-06 10:32:16:259]
            LogID:[ldsdk] 3501[业务请求统计]
            Level:INFO
            Module:sdk
            Message:func：tdsecuL.4.11  dealTime:1891  packetid:438  callbacktime:0
[2019-08-06 10:32:16:264]
            LogID:[ldsdk] 3501[业务请求统计]
            Level:INFO
            Module:sdk
            Message:func：tdsecuL.4.11  dealTime:2266  packetid:398  callbacktime:0
[2019-08-06 10:32:16:264]
            LogID:[ldsdk] 3501[业务请求统计]
            Level:INFO
            Module:sdk
            Message:func：tdsecuL.4.11  dealTime:3219  packetid:298  callbacktime:0
[2019-08-06 10:32:16:279]
            LogID:[ldsdk] 3501[业务请求统计]
            Level:INFO
            Module:sdk
            Message:func：tdsecuL.4.11  dealTime:2844  packetid:329  callbacktime:0
[2019-08-06 10:32:16:284]
            LogID:[ldsdk] 3501[业务请求统计]
            Level:INFO
            Module:sdk
            Message:func：tdsecuL.4.11  dealTime:2172  packetid:417  callbacktime:0
[2019-08-06 10:32:16:284]
            LogID:[ldsdk] 3501[业务请求统计]
            Level:INFO
            Module:sdk
            Message:func：tdsecuL.4.11  dealTime:3235  packetid:297  callbacktime:0
[2019-08-06 10:32:16:297]
            LogID:[ldsdk] 3501[业务请求统计]
            Level:INFO
            Module:sdk
            Message:func：tdsecuL.4.11  dealTime:2125  packetid:421  callbacktime:0
[2019-08-06 10:32:16:298]
            LogID:[ldsdk] 3501[业务请求统计]
            Level:INFO
            Module:sdk
            Message:func：tdsecuL.4.11  dealTime:2875  packetid:326  callbacktime:0
[2019-08-06 10:32:16:321]
            LogID:[ldsdk] 3501[业务请求统计]
            Level:INFO
            Module:sdk
            Message:func：tdsecuL.4.11  dealTime:2781  packetid:345  callbacktime:0
[2019-08-06 10:32:16:322]
            LogID:[ldsdk] 3501[业务请求统计]
            Level:INFO
            Module:sdk
            Message:func：tdsecuL.4.11  dealTime:2078  packetid:428  callbacktime:0
[2019-08-06 10:46:04:654]
            LogID:[ldsdk] 3500[sdk初始化完成]
            Level:INFO
            Module:sdk
            Message:sdk编译日期：May  6 2019  编译时间：11:20:30
[2019-08-06 10:48:25:439]
            LogID:[ldsdk] 3500[sdk初始化完成]
            Level:INFO
            Module:sdk
            Message:sdk编译日期：May  6 2019  编译时间：11:20:30
[2019-08-06 10:55:50:463]
            LogID:[ldsdk] 3500[sdk初始化完成]
            Level:INFO
            Module:sdk
            Message:sdk编译日期：May  6 2019  编译时间：11:20:30
[2019-08-06 11:01:30:443]
            LogID:[ldsdk] 3500[sdk初始化完成]
            Level:INFO
            Module:sdk
            Message:sdk编译日期：May  6 2019  编译时间：11:20:30
[2019-08-06 11:05:35:603]
            LogID:[ldsdk] 3500[sdk初始化完成]
            Level:INFO
            Module:sdk
            Message:sdk编译日期：May  6 2019  编译时间：11:20:30
[2019-08-06 11:06:46:933]
            LogID:[ldsdk] 3500[sdk初始化完成]
            Level:INFO
            Module:sdk
            Message:sdk编译日期：May  6 2019  编译时间：11:20:30
[2019-08-06 11:17:04:271]
            LogID:[ldsdk] 3500[sdk初始化完成]
            Level:INFO
            Module:sdk
            Message:sdk编译日期：May  6 2019  编译时间：11:20:30
[2019-08-06 11:27:44:871]
            LogID:[ldsdk] 3500[sdk初始化完成]
            Level:INFO
            Module:sdk
            Message:sdk编译日期：May  6 2019  编译时间：11:20:30
[2019-08-06 11:28:50:970]
            LogID:[ldsdk] 3500[sdk初始化完成]
            Level:INFO
            Module:sdk
            Message:sdk编译日期：May  6 2019  编译时间：11:20:30
[2019-08-06 11:30:49:274]
            LogID:[ldsdk] 3500[sdk初始化完成]
            Level:INFO
            Module:sdk
            Message:sdk编译日期：May  6 2019  编译时间：11:20:30
[2019-08-06 11:32:25:878]
            LogID:[ldsdk] 3501[业务请求统计]
            Level:INFO
            Module:sdk
            Message:func：tdsecuL.4.11  dealTime:172  packetid:9  callbacktime:0
[2019-08-06 11:32:25:878]
            LogID:[ldsdk] 3501[业务请求统计]
            Level:INFO
            Module:sdk
            Message:func：tdsecuL.4.11  dealTime:172  packetid:6  callbacktime:0
[2019-08-06 11:32:25:879]
            LogID:[ldsdk] 3501[业务请求统计]
            Level:INFO
            Module:sdk
            Message:func：tdsecuL.4.11  dealTime:172  packetid:11  callbacktime:0
[2019-08-06 11:32:25:885]
            LogID:[ldsdk] 3501[业务请求统计]
            Level:INFO
            Module:sdk
            Message:func：tdsecuL.4.11  dealTime:188  packetid:8  callbacktime:0
[2019-08-06 11:32:25:889]
            LogID:[ldsdk] 3501[业务请求统计]
            Level:INFO
            Module:sdk
            Message:func：tdsecuL.4.11  dealTime:188  packetid:4  callbacktime:0
[2019-08-06 11:32:25:904]
            LogID:[ldsdk] 3501[业务请求统计]
            Level:INFO
            Module:sdk
            Message:func：tdsecuL.4.11  dealTime:188  packetid:15  callbacktime:16
[2019-08-06 11:32:25:904]
            LogID:[ldsdk] 3501[业务请求统计]
            Level:INFO
            Module:sdk
            Message:func：tdsecuL.4.11  dealTime:204  packetid:7  callbacktime:0
[2019-08-06 11:32:25:909]
            LogID:[ldsdk] 3501[业务请求统计]
            Level:INFO
            Module:sdk
            Message:func：tdsecuL.4.11  dealTime:204  packetid:12  callbacktime:0
[2019-08-06 11:32:25:926]
            LogID:[ldsdk] 3501[业务请求统计]
            Level:INFO
            Module:sdk
            Message:func：tdsecuL.4.11  dealTime:219  packetid:21  callbacktime:0
[2019-08-06 11:32:25:934]
            LogID:[ldsdk] 3501[业务请求统计]
            Level:INFO
            Module:sdk
            Message:func：tdsecuL.4.11  dealTime:235  packetid:23  callbacktime:0
[2019-08-06 11:32:26:513]
            LogID:[ldsdk] 3501[业务请求统计]
            Level:INFO
            Module:sdk
            Message:func：tdsecuL.4.11  dealTime:797  packetid:76  callbacktime:0
[2019-08-06 11:32:26:513]
            LogID:[ldsdk] 3501[业务请求统计]
            Level:INFO
            Module:sdk
            Message:func：tdsecuL.4.11  dealTime:797  packetid:81  callbacktime:0
[2019-08-06 11:32:26:517]
            LogID:[ldsdk] 3501[业务请求统计]
            Level:INFO
            Module:sdk
            Message:func：tdsecuL.4.11  dealTime:797  packetid:61  callbacktime:0
[2019-08-06 11:32:26:518]
            LogID:[ldsdk] 3501[业务请求统计]
            Level:INFO
            Module:sdk
            Message:func：tdsecuL.4.11  dealTime:797  packetid:75  callbacktime:0
[2019-08-06 11:32:26:528]
            LogID:[ldsdk] 3501[业务请求统计]
            Level:INFO
            Module:sdk
            Message:func：tdsecuL.4.11  dealTime:797  packetid:127  callbacktime:0
[2019-08-06 11:32:26:532]
            LogID:[ldsdk] 3501[业务请求统计]
            Level:INFO
            Module:sdk
            Message:func：tdsecuL.4.11  dealTime:813  packetid:84  callbacktime:0
[2019-08-06 11:32:26:538]
            LogID:[ldsdk] 3501[业务请求统计]
            Level:INFO
            Module:sdk
            Message:func：tdsecuL.4.11  dealTime:828  packetid:101  callbacktime:0
[2019-08-06 11:32:26:552]
            LogID:[ldsdk] 3501[业务请求统计]
            Level:INFO
            Module:sdk
            Message:func：tdsecuL.4.11  dealTime:860  packetid:45  callbacktime:0
[2019-08-06 11:32:26:605]
            LogID:[ldsdk] 3501[业务请求统计]
            Level:INFO
            Module:sdk
            Message:func：tdsecuL.4.11  dealTime:891  packetid:114  callbacktime:0
[2019-08-06 11:32:26:608]
            LogID:[ldsdk] 3501[业务请求统计]
            Level:INFO
            Module:sdk
            Message:func：tdsecuL.4.11  dealTime:891  packetid:69  callbacktime:0
[2019-08-06 11:32:27:601]
            LogID:[ldsdk] 3501[业务请求统计]
            Level:INFO
            Module:sdk
            Message:func：tdsecuL.4.11  dealTime:1907  packetid:13  callbacktime:0
[2019-08-06 11:32:27:604]
            LogID:[ldsdk] 3501[业务请求统计]
            Level:INFO
            Module:sdk
            Message:func：tdsecuL.4.11  dealTime:1860  packetid:215  callbacktime:0
[2019-08-06 11:32:27:605]
            LogID:[ldsdk] 3501[业务请求统计]
            Level:INFO
            Module:sdk
            Message:func：tdsecuL.4.11  dealTime:1860  packetid:192  callbacktime:0
[2019-08-06 11:32:27:626]
            LogID:[ldsdk] 3501[业务请求统计]
            Level:INFO
            Module:sdk
            Message:func：tdsecuL.4.11  dealTime:1890  packetid:161  callbacktime:0
[2019-08-06 11:32:27:629]
            LogID:[ldsdk] 3501[业务请求统计]
            Level:INFO
            Module:sdk
            Message:func：tdsecuL.4.11  dealTime:1859  packetid:248  callbacktime:0
[2019-08-06 11:32:27:631]
            LogID:[ldsdk] 3501[业务请求统计]
            Level:INFO
            Module:sdk
            Message:func：tdsecuL.4.11  dealTime:1906  packetid:174  callbacktime:0
[2019-08-06 11:32:27:642]
            LogID:[ldsdk] 3501[业务请求统计]
            Level:INFO
            Module:sdk
            Message:func：tdsecuL.4.11  dealTime:1891  packetid:217  callbacktime:0
[2019-08-06 11:32:27:643]
            LogID:[ldsdk] 3501[业务请求统计]
            Level:INFO
            Module:sdk
            Message:func：tdsecuL.4.11  dealTime:1906  packetid:139  callbacktime:0
[2019-08-06 11:32:27:646]
            LogID:[ldsdk] 3501[业务请求统计]
            Level:INFO
            Module:sdk
            Message:func：tdsecuL.4.11  dealTime:1922  packetid:152  callbacktime:0
[2019-08-06 11:32:27:652]
            LogID:[ldsdk] 3501[业务请求统计]
            Level:INFO
            Module:sdk
            Message:func：tdsecuL.4.11  dealTime:1907  packetid:198  callbacktime:0
[2019-08-06 11:32:28:695]
            LogID:[ldsdk] 3501[业务请求统计]
            Level:INFO
            Module:sdk
            Message:func：tdsecuL.4.11  dealTime:2937  packetid:271  callbacktime:0
[2019-08-06 11:32:28:702]
            LogID:[ldsdk] 3501[业务请求统计]
            Level:INFO
            Module:sdk
            Message:func：tdsecuL.4.11  dealTime:2906  packetid:361  callbacktime:0
[2019-08-06 11:32:28:702]
            LogID:[ldsdk] 3501[业务请求统计]
            Level:INFO
            Module:sdk
            Message:func：tdsecuL.4.11  dealTime:2921  packetid:339  callbacktime:0
[2019-08-06 11:32:28:721]
            LogID:[ldsdk] 3501[业务请求统计]
            Level:INFO
            Module:sdk
            Message:func：tdsecuL.4.11  dealTime:2922  packetid:376  callbacktime:0
[2019-08-06 11:32:28:736]
            LogID:[ldsdk] 3501[业务请求统计]
            Level:INFO
            Module:sdk
            Message:func：tdsecuL.4.11  dealTime:2969  packetid:277  callbacktime:0
[2019-08-06 11:32:28:753]
            LogID:[ldsdk] 3501[业务请求统计]
            Level:INFO
            Module:sdk
            Message:func：tdsecuL.4.11  dealTime:3000  packetid:224  callbacktime:0
[2019-08-06 11:32:28:754]
            LogID:[ldsdk] 3501[业务请求统计]
            Level:INFO
            Module:sdk
            Message:func：tdsecuL.4.11  dealTime:2968  packetid:299  callbacktime:0
[2019-08-06 11:32:28:767]
            LogID:[ldsdk] 3501[业务请求统计]
            Level:INFO
            Module:sdk
            Message:func：tdsecuL.4.11  dealTime:2969  packetid:367  callbacktime:0
[2019-08-06 11:32:28:769]
            LogID:[ldsdk] 3501[业务请求统计]
            Level:INFO
            Module:sdk
            Message:func：tdsecuL.4.11  dealTime:2984  packetid:335  callbacktime:0
[2019-08-06 11:32:28:780]
            LogID:[ldsdk] 3501[业务请求统计]
            Level:INFO
            Module:sdk
            Message:func：tdsecuL.4.11  dealTime:3000  packetid:321  callbacktime:0
[2019-08-06 11:32:29:805]
            LogID:[ldsdk] 3501[业务请求统计]
            Level:INFO
            Module:sdk
            Message:func：tdsecuL.4.11  dealTime:3969  packetid:565  callbacktime:0
[2019-08-06 11:32:29:805]
            LogID:[ldsdk] 3501[业务请求统计]
            Level:INFO
            Module:sdk
            Message:func：tdsecuL.4.11  dealTime:3953  packetid:617  callbacktime:0
[2019-08-06 11:32:29:838]
            LogID:[ldsdk] 3501[业务请求统计]
            Level:INFO
            Module:sdk
            Message:func：tdsecuL.4.11  dealTime:4016  packetid:509  callbacktime:0
[2019-08-06 11:32:29:840]
            LogID:[ldsdk] 3501[业务请求统计]
            Level:INFO
            Module:sdk
            Message:func：tdsecuL.4.11  dealTime:4016  packetid:505  callbacktime:0
[2019-08-06 11:32:29:863]
            LogID:[ldsdk] 3501[业务请求统计]
            Level:INFO
            Module:sdk
            Message:func：tdsecuL.4.11  dealTime:4032  packetid:487  callbacktime:0
[2019-08-06 11:32:29:909]
            LogID:[ldsdk] 3501[业务请求统计]
            Level:INFO
            Module:sdk
            Message:func：tdsecuL.4.11  dealTime:4094  packetid:449  callbacktime:0
[2019-08-06 11:32:29:930]
            LogID:[ldsdk] 3501[业务请求统计]
            Level:INFO
            Module:sdk
            Message:func：tdsecuL.4.11  dealTime:4156  packetid:332  callbacktime:0
[2019-08-06 11:32:29:931]
            LogID:[ldsdk] 3501[业务请求统计]
            Level:INFO
            Module:sdk
            Message:func：tdsecuL.4.11  dealTime:4110  packetid:508  callbacktime:0
[2019-08-06 11:32:29:969]
            LogID:[ldsdk] 3501[业务请求统计]
            Level:INFO
            Module:sdk
            Message:func：tdsecuL.4.11  dealTime:4141  packetid:498  callbacktime:0
[2019-08-06 11:32:29:969]
            LogID:[ldsdk] 3501[业务请求统计]
            Level:INFO
            Module:sdk
            Message:func：tdsecuL.4.11  dealTime:4141  packetid:481  callbacktime:0
[2019-08-06 11:32:30:913]
            LogID:[ldsdk] 3501[业务请求统计]
            Level:INFO
            Module:sdk
            Message:func：tdsecuL.4.11  dealTime:5062  packetid:602  callbacktime:0
[2019-08-06 11:32:30:916]
            LogID:[ldsdk] 3501[业务请求统计]
            Level:INFO
            Module:sdk
            Message:func：tdsecuL.4.11  dealTime:5078  packetid:552  callbacktime:0
[2019-08-06 11:32:30:922]
            LogID:[ldsdk] 3501[业务请求统计]
            Level:INFO
            Module:sdk
            Message:func：tdsecuL.4.11  dealTime:5062  packetid:637  callbacktime:0
[2019-08-06 11:32:30:922]
            LogID:[ldsdk] 3501[业务请求统计]
            Level:INFO
            Module:sdk
            Message:func：tdsecuL.4.11  dealTime:4984  packetid:886  callbacktime:0
[2019-08-06 11:32:30:932]
            LogID:[ldsdk] 3501[业务请求统计]
            Level:INFO
            Module:sdk
            Message:func：tdsecuL.4.11  dealTime:5078  packetid:613  callbacktime:0
[2019-08-06 11:32:30:933]
            LogID:[ldsdk] 3501[业务请求统计]
            Level:INFO
            Module:sdk
            Message:func：tdsecuL.4.11  dealTime:5063  packetid:699  callbacktime:0
[2019-08-06 11:32:30:947]
            LogID:[ldsdk] 3501[业务请求统计]
            Level:INFO
            Module:sdk
            Message:func：tdsecuL.4.11  dealTime:5109  packetid:571  callbacktime:0
[2019-08-06 11:32:30:949]
            LogID:[ldsdk] 3501[业务请求统计]
            Level:INFO
            Module:sdk
            Message:func：tdsecuL.4.11  dealTime:5093  packetid:599  callbacktime:0
[2019-08-06 11:32:30:983]
            LogID:[ldsdk] 3501[业务请求统计]
            Level:INFO
            Module:sdk
            Message:func：tdsecuL.4.11  dealTime:5094  packetid:761  callbacktime:0
[2019-08-06 11:32:30:997]
            LogID:[ldsdk] 3501[业务请求统计]
            Level:INFO
            Module:sdk
            Message:func：tdsecuL.4.11  dealTime:5156  packetid:591  callbacktime:0
[2019-08-06 11:32:31:919]
            LogID:[ldsdk] 3501[业务请求统计]
            Level:INFO
            Module:sdk
            Message:func：tdsecuL.4.11  dealTime:6000  packetid:785  callbacktime:0
[2019-08-06 11:32:31:921]
            LogID:[ldsdk] 3501[业务请求统计]
            Level:INFO
            Module:sdk
            Message:func：tdsecuL.4.11  dealTime:6015  packetid:763  callbacktime:0
[2019-08-06 11:32:31:928]
            LogID:[ldsdk] 3501[业务请求统计]
            Level:INFO
            Module:sdk
            Message:func：tdsecuL.4.11  dealTime:6047  packetid:736  callbacktime:0
[2019-08-06 11:32:31:930]
            LogID:[ldsdk] 3501[业务请求统计]
            Level:INFO
            Module:sdk
            Message:func：tdsecuL.4.11  dealTime:6016  packetid:787  callbacktime:0
[2019-08-06 11:32:31:942]
            LogID:[ldsdk] 3501[业务请求统计]
            Level:INFO
            Module:sdk
            Message:func：tdsecuL.4.11  dealTime:6000  packetid:856  callbacktime:0
[2019-08-06 11:32:31:945]
            LogID:[ldsdk] 3501[业务请求统计]
            Level:INFO
            Module:sdk
            Message:func：tdsecuL.4.11  dealTime:6062  packetid:745  callbacktime:0
[2019-08-06 11:32:31:948]
            LogID:[ldsdk] 3501[业务请求统计]
            Level:INFO
            Module:sdk
            Message:func：tdsecuL.4.11  dealTime:6078  packetid:683  callbacktime:0
[2019-08-06 11:32:31:973]
            LogID:[ldsdk] 3501[业务请求统计]
            Level:INFO
            Module:sdk
            Message:func：tdsecuL.4.11  dealTime:6094  packetid:685  callbacktime:0
[2019-08-06 11:32:31:975]
            LogID:[ldsdk] 3501[业务请求统计]
            Level:INFO
            Module:sdk
            Message:func：tdsecuL.4.11  dealTime:6078  packetid:782  callbacktime:0
[2019-08-06 11:32:31:978]
            LogID:[ldsdk] 3501[业务请求统计]
            Level:INFO
            Module:sdk
            Message:func：tdsecuL.4.11  dealTime:6094  packetid:744  callbacktime:0
[2019-08-06 11:32:33:028]
            LogID:[ldsdk] 3501[业务请求统计]
            Level:INFO
            Module:sdk
            Message:func：tdsecuL.4.11  dealTime:7016  packetid:1134  callbacktime:0
[2019-08-06 11:32:33:037]
            LogID:[ldsdk] 3501[业务请求统计]
            Level:INFO
            Module:sdk
            Message:func：tdsecuL.4.11  dealTime:7094  packetid:935  callbacktime:0
[2019-08-06 11:32:33:042]
            LogID:[ldsdk] 3501[业务请求统计]
            Level:INFO
            Module:sdk
            Message:func：tdsecuL.4.11  dealTime:7078  packetid:970  callbacktime:0
[2019-08-06 11:32:33:044]
            LogID:[ldsdk] 3501[业务请求统计]
            Level:INFO
            Module:sdk
            Message:func：tdsecuL.4.11  dealTime:7125  packetid:835  callbacktime:0
[2019-08-06 11:32:33:081]
            LogID:[ldsdk] 3501[业务请求统计]
            Level:INFO
            Module:sdk
            Message:func：tdsecuL.4.11  dealTime:7156  packetid:817  callbacktime:0
[2019-08-06 11:32:33:092]
            LogID:[ldsdk] 3501[业务请求统计]
            Level:INFO
            Module:sdk
            Message:func：tdsecuL.4.11  dealTime:7141  packetid:905  callbacktime:0
[2019-08-06 11:32:33:097]
            LogID:[ldsdk] 3501[业务请求统计]
            Level:INFO
            Module:sdk
            Message:func：tdsecuL.4.11  dealTime:7156  packetid:859  callbacktime:0
[2019-08-06 11:32:33:099]
            LogID:[ldsdk] 3501[业务请求统计]
            Level:INFO
            Module:sdk
            Message:func：tdsecuL.4.11  dealTime:7109  packetid:1032  callbacktime:0
[2019-08-06 11:32:33:101]
            LogID:[ldsdk] 3501[业务请求统计]
            Level:INFO
            Module:sdk
            Message:func：tdsecuL.4.11  dealTime:7157  packetid:937  callbacktime:0
[2019-08-06 11:32:33:118]
            LogID:[ldsdk] 3501[业务请求统计]
            Level:INFO
            Module:sdk
            Message:func：tdsecuL.4.11  dealTime:7172  packetid:920  callbacktime:0
[2019-08-06 11:32:34:147]
            LogID:[ldsdk] 3501[业务请求统计]
            Level:INFO
            Module:sdk
            Message:func：tdsecuL.4.11  dealTime:8172  packetid:1035  callbacktime:0
[2019-08-06 11:32:34:152]
            LogID:[ldsdk] 3501[业务请求统计]
            Level:INFO
            Module:sdk
            Message:func：tdsecuL.4.11  dealTime:8188  packetid:979  callbacktime:0
[2019-08-06 11:32:34:152]
            LogID:[ldsdk] 3501[业务请求统计]
            Level:INFO
            Module:sdk
            Message:func：tdsecuL.4.11  dealTime:8172  packetid:1019  callbacktime:0
[2019-08-06 11:32:34:156]
            LogID:[ldsdk] 3501[业务请求统计]
            Level:INFO
            Module:sdk
            Message:func：tdsecuL.4.11  dealTime:8141  packetid:1144  callbacktime:0
[2019-08-06 11:32:34:162]
            LogID:[ldsdk] 3501[业务请求统计]
            Level:INFO
            Module:sdk
            Message:func：tdsecuL.4.11  dealTime:8187  packetid:1056  callbacktime:0
[2019-08-06 11:32:34:162]
            LogID:[ldsdk] 3501[业务请求统计]
            Level:INFO
            Module:sdk
            Message:func：tdsecuL.4.11  dealTime:8156  packetid:1119  callbacktime:0
[2019-08-06 11:32:34:163]
            LogID:[ldsdk] 3501[业务请求统计]
            Level:INFO
            Module:sdk
            Message:func：tdsecuL.4.11  dealTime:8156  packetid:1151  callbacktime:0
[2019-08-06 11:32:34:167]
            LogID:[ldsdk] 3501[业务请求统计]
            Level:INFO
            Module:sdk
            Message:func：tdsecuL.4.11  dealTime:8219  packetid:939  callbacktime:0
[2019-08-06 11:32:34:167]
            LogID:[ldsdk] 3501[业务请求统计]
            Level:INFO
            Module:sdk
            Message:func：tdsecuL.4.11  dealTime:8140  packetid:1224  callbacktime:0
[2019-08-06 11:32:34:200]
            LogID:[ldsdk] 3501[业务请求统计]
            Level:INFO
            Module:sdk
            Message:func：tdsecuL.4.11  dealTime:8218  packetid:1024  callbacktime:0
[2019-08-06 11:32:35:039]
            LogID:[ldsdk] 3502[业务请求超时]
            Level:WARNING
            Module:sdk
            Message:func：tdsecuL.4.11  WaitTime:9094  packetid:908
[2019-08-06 11:32:35:274]
            LogID:[ldsdk] 3501[业务请求统计]
            Level:INFO
            Module:sdk
            Message:func：tdsecuL.4.11  dealTime:9282  packetid:1078  callbacktime:0
[2019-08-06 11:32:35:277]
            LogID:[ldsdk] 3501[业务请求统计]
            Level:INFO
            Module:sdk
            Message:func：tdsecuL.4.11  dealTime:9282  packetid:1108  callbacktime:0
[2019-08-06 11:32:35:279]
            LogID:[ldsdk] 3501[业务请求统计]
            Level:INFO
            Module:sdk
            Message:func：tdsecuL.4.11  dealTime:9297  packetid:1030  callbacktime:0
[2019-08-06 11:32:35:281]
            LogID:[ldsdk] 3501[业务请求统计]
            Level:INFO
            Module:sdk
            Message:func：tdsecuL.4.11  dealTime:9313  packetid:947  callbacktime:0
[2019-08-06 11:32:35:292]
            LogID:[ldsdk] 3501[业务请求统计]
            Level:INFO
            Module:sdk
            Message:func：tdsecuL.4.11  dealTime:9281  packetid:1135  callbacktime:0
[2019-08-06 11:32:35:317]
            LogID:[ldsdk] 3501[业务请求统计]
            Level:INFO
            Module:sdk
            Message:func：tdsecuL.4.11  dealTime:9297  packetid:1122  callbacktime:0
[2019-08-06 11:32:35:319]
            LogID:[ldsdk] 3501[业务请求统计]
            Level:INFO
            Module:sdk
            Message:func：tdsecuL.4.11  dealTime:9312  packetid:1163  callbacktime:0
[2019-08-06 11:32:35:319]
            LogID:[ldsdk] 3501[业务请求统计]
            Level:INFO
            Module:sdk
            Message:func：tdsecuL.4.11  dealTime:9281  packetid:1255  callbacktime:0
[2019-08-06 11:32:35:322]
            LogID:[ldsdk] 3501[业务请求统计]
            Level:INFO
            Module:sdk
            Message:func：tdsecuL.4.11  dealTime:9296  packetid:1226  callbacktime:0
[2019-08-06 11:32:35:324]
            LogID:[ldsdk] 3501[业务请求统计]
            Level:INFO
            Module:sdk
            Message:func：tdsecuL.4.11  dealTime:9343  packetid:1037  callbacktime:0
[2019-08-06 11:32:36:350]
            LogID:[ldsdk] 3501[业务请求统计]
            Level:INFO
            Module:sdk
            Message:func：tdsecuL.4.11  dealTime:10344  packetid:1157  callbacktime:0
[2019-08-06 11:32:36:360]
            LogID:[ldsdk] 3501[业务请求统计]
            Level:INFO
            Module:sdk
            Message:func：tdsecuL.4.11  dealTime:10313  packetid:1258  callbacktime:0
[2019-08-06 11:32:36:363]
            LogID:[ldsdk] 3501[业务请求统计]
            Level:INFO
            Module:sdk
            Message:func：tdsecuL.4.11  dealTime:10266  packetid:1431  callbacktime:0
[2019-08-06 11:32:36:383]
            LogID:[ldsdk] 3501[业务请求统计]
            Level:INFO
            Module:sdk
            Message:func：tdsecuL.4.11  dealTime:10234  packetid:1703  callbacktime:0
[2019-08-06 11:32:36:394]
            LogID:[ldsdk] 3501[业务请求统计]
            Level:INFO
            Module:sdk
            Message:func：tdsecuL.4.11  dealTime:10313  packetid:1367  callbacktime:0
[2019-08-06 11:32:36:394]
            LogID:[ldsdk] 3501[业务请求统计]
            Level:INFO
            Module:sdk
            Message:func：tdsecuL.4.11  dealTime:10313  packetid:1368  callbacktime:0
[2019-08-06 11:32:36:394]
            LogID:[ldsdk] 3501[业务请求统计]
            Level:INFO
            Module:sdk
            Message:func：tdsecuL.4.11  dealTime:10328  packetid:1338  callbacktime:0
[2019-08-06 11:32:36:394]
            LogID:[ldsdk] 3501[业务请求统计]
            Level:INFO
            Module:sdk
            Message:func：tdsecuL.4.11  dealTime:10250  packetid:1644  callbacktime:0
[2019-08-06 11:32:36:413]
            LogID:[ldsdk] 3501[业务请求统计]
            Level:INFO
            Module:sdk
            Message:func：tdsecuL.4.11  dealTime:10344  packetid:1384  callbacktime:0
[2019-08-06 11:32:36:422]
            LogID:[ldsdk] 3501[业务请求统计]
            Level:INFO
            Module:sdk
            Message:func：tdsecuL.4.11  dealTime:10406  packetid:1160  callbacktime:0
[2019-08-06 11:32:37:459]
            LogID:[ldsdk] 3501[业务请求统计]
            Level:INFO
            Module:sdk
            Message:func：tdsecuL.4.11  dealTime:11328  packetid:1645  callbacktime:0
[2019-08-06 11:32:37:462]
            LogID:[ldsdk] 3501[业务请求统计]
            Level:INFO
            Module:sdk
            Message:func：tdsecuL.4.11  dealTime:11375  packetid:1435  callbacktime:0
[2019-08-06 11:32:37:468]
            LogID:[ldsdk] 3501[业务请求统计]
            Level:INFO
            Module:sdk
            Message:func：tdsecuL.4.11  dealTime:11359  packetid:1504  callbacktime:0
[2019-08-06 11:32:37:470]
            LogID:[ldsdk] 3501[业务请求统计]
            Level:INFO
            Module:sdk
            Message:func：tdsecuL.4.11  dealTime:11359  packetid:1535  callbacktime:0
[2019-08-06 11:32:37:474]
            LogID:[ldsdk] 3501[业务请求统计]
            Level:INFO
            Module:sdk
            Message:func：tdsecuL.4.11  dealTime:11360  packetid:1583  callbacktime:0
[2019-08-06 11:32:37:480]
            LogID:[ldsdk] 3501[业务请求统计]
            Level:INFO
            Module:sdk
            Message:func：tdsecuL.4.11  dealTime:11422  packetid:1358  callbacktime:0
[2019-08-06 11:32:37:480]
            LogID:[ldsdk] 3501[业务请求统计]
            Level:INFO
            Module:sdk
            Message:func：tdsecuL.4.11  dealTime:11391  packetid:1456  callbacktime:0
[2019-08-06 11:32:37:493]
            LogID:[ldsdk] 3501[业务请求统计]
            Level:INFO
            Module:sdk
            Message:func：tdsecuL.4.11  dealTime:11375  packetid:1551  callbacktime:0
[2019-08-06 11:32:37:508]
            LogID:[ldsdk] 3501[业务请求统计]
            Level:INFO
            Module:sdk
            Message:func：tdsecuL.4.11  dealTime:11406  packetid:1527  callbacktime:0
[2019-08-06 11:32:37:510]
            LogID:[ldsdk] 3501[业务请求统计]
            Level:INFO
            Module:sdk
            Message:func：tdsecuL.4.11  dealTime:11438  packetid:1378  callbacktime:0
[2019-08-06 11:32:38:493]
            LogID:[ldsdk] 3501[业务请求统计]
            Level:INFO
            Module:sdk
            Message:func：tdsecuL.4.11  dealTime:12312  packetid:1899  callbacktime:0
[2019-08-06 11:32:38:505]
            LogID:[ldsdk] 3501[业务请求统计]
            Level:INFO
            Module:sdk
            Message:func：tdsecuL.4.11  dealTime:12375  packetid:1628  callbacktime:0
[2019-08-06 11:32:38:513]
            LogID:[ldsdk] 3501[业务请求统计]
            Level:INFO
            Module:sdk
            Message:func：tdsecuL.4.11  dealTime:12406  packetid:1518  callbacktime:0
[2019-08-06 11:32:38:516]
            LogID:[ldsdk] 3501[业务请求统计]
            Level:INFO
            Module:sdk
            Message:func：tdsecuL.4.11  dealTime:12344  packetid:1772  callbacktime:0
[2019-08-06 11:32:38:536]
            LogID:[ldsdk] 3501[业务请求统计]
            Level:INFO
            Module:sdk
            Message:func：tdsecuL.4.11  dealTime:12438  packetid:1473  callbacktime:0
[2019-08-06 11:32:38:536]
            LogID:[ldsdk] 3501[业务请求统计]
            Level:INFO
            Module:sdk
            Message:func：tdsecuL.4.11  dealTime:12469  packetid:1348  callbacktime:0
[2019-08-06 11:32:38:541]
            LogID:[ldsdk] 3501[业务请求统计]
            Level:INFO
            Module:sdk
            Message:func：tdsecuL.4.11  dealTime:12453  packetid:1452  callbacktime:0
[2019-08-06 11:32:38:542]
            LogID:[ldsdk] 3501[业务请求统计]
            Level:INFO
            Module:sdk
            Message:func：tdsecuL.4.11  dealTime:12406  packetid:1621  callbacktime:0
[2019-08-06 11:32:38:550]
            LogID:[ldsdk] 3501[业务请求统计]
            Level:INFO
            Module:sdk
            Message:func：tdsecuL.4.11  dealTime:12359  packetid:1876  callbacktime:0
[2019-08-06 11:32:38:550]
            LogID:[ldsdk] 3501[业务请求统计]
            Level:INFO
            Module:sdk
            Message:func：tdsecuL.4.11  dealTime:11859  packetid:2065  callbacktime:0
[2019-08-06 11:32:39:578]
            LogID:[ldsdk] 3501[业务请求统计]
            Level:INFO
            Module:sdk
            Message:func：tdsecuL.4.11  dealTime:13421  packetid:1745  callbacktime:0
[2019-08-06 11:32:39:581]
            LogID:[ldsdk] 3501[业务请求统计]
            Level:INFO
            Module:sdk
            Message:func：tdsecuL.4.11  dealTime:13390  packetid:1869  callbacktime:0
[2019-08-06 11:32:39:586]
            LogID:[ldsdk] 3501[业务请求统计]
            Level:INFO
            Module:sdk
            Message:func：tdsecuL.4.11  dealTime:13422  packetid:1788  callbacktime:0
[2019-08-06 11:32:39:589]
            LogID:[ldsdk] 3501[业务请求统计]
            Level:INFO
            Module:sdk
            Message:func：tdsecuL.4.11  dealTime:13437  packetid:1741  callbacktime:0
[2019-08-06 11:32:39:590]
            LogID:[ldsdk] 3501[业务请求统计]
            Level:INFO
            Module:sdk
            Message:func：tdsecuL.4.11  dealTime:13453  packetid:1683  callbacktime:0
[2019-08-06 11:32:39:597]
            LogID:[ldsdk] 3501[业务请求统计]
            Level:INFO
            Module:sdk
            Message:func：tdsecuL.4.11  dealTime:13437  packetid:1730  callbacktime:0
[2019-08-06 11:32:39:603]
            LogID:[ldsdk] 3501[业务请求统计]
            Level:INFO
            Module:sdk
            Message:func：tdsecuL.4.11  dealTime:12110  packetid:2156  callbacktime:0
[2019-08-06 11:32:39:612]
            LogID:[ldsdk] 3501[业务请求统计]
            Level:INFO
            Module:sdk
            Message:func：tdsecuL.4.11  dealTime:13453  packetid:1750  callbacktime:0
[2019-08-06 11:32:39:621]
            LogID:[ldsdk] 3501[业务请求统计]
            Level:INFO
            Module:sdk
            Message:func：tdsecuL.4.11  dealTime:13453  packetid:1834  callbacktime:0
[2019-08-06 11:32:39:624]
            LogID:[ldsdk] 3501[业务请求统计]
            Level:INFO
            Module:sdk
            Message:func：tdsecuL.4.11  dealTime:13484  packetid:1668  callbacktime:0
[2019-08-06 11:32:40:076]
            LogID:[ldsdk] 3502[业务请求超时]
            Level:WARNING
            Module:sdk
            Message:func：tdsecuL.4.11  WaitTime:13953  packetid:1559
[2019-08-06 11:32:40:691]
            LogID:[ldsdk] 3501[业务请求统计]
            Level:INFO
            Module:sdk
            Message:func：tdsecuL.4.11  dealTime:14500  packetid:1856  callbacktime:0
[2019-08-06 11:32:40:692]
            LogID:[ldsdk] 3501[业务请求统计]
            Level:INFO
            Module:sdk
            Message:func：tdsecuL.4.11  dealTime:14485  packetid:1958  callbacktime:0
[2019-08-06 11:32:40:693]
            LogID:[ldsdk] 3501[业务请求统计]
            Level:INFO
            Module:sdk
            Message:func：tdsecuL.4.11  dealTime:14515  packetid:1868  callbacktime:0
[2019-08-06 11:32:40:694]
            LogID:[ldsdk] 3501[业务请求统计]
            Level:INFO
            Module:sdk
            Message:func：tdsecuL.4.11  dealTime:13265  packetid:2151  callbacktime:0
[2019-08-06 11:32:40:694]
            LogID:[ldsdk] 3501[业务请求统计]
            Level:INFO
            Module:sdk
            Message:func：tdsecuL.4.11  dealTime:14546  packetid:1766  callbacktime:0
[2019-08-06 11:32:40:702]
            LogID:[ldsdk] 3501[业务请求统计]
            Level:INFO
            Module:sdk
            Message:func：tdsecuL.4.11  dealTime:14562  packetid:1670  callbacktime:0
[2019-08-06 11:32:40:709]
            LogID:[ldsdk] 3501[业务请求统计]
            Level:INFO
            Module:sdk
            Message:func：tdsecuL.4.11  dealTime:14531  packetid:1870  callbacktime:0
[2019-08-06 11:32:40:716]
            LogID:[ldsdk] 3501[业务请求统计]
            Level:INFO
            Module:sdk
            Message:func：tdsecuL.4.11  dealTime:14562  packetid:1737  callbacktime:0
[2019-08-06 11:32:40:730]
            LogID:[ldsdk] 3501[业务请求统计]
            Level:INFO
            Module:sdk
            Message:func：tdsecuL.4.11  dealTime:14547  packetid:1867  callbacktime:0
[2019-08-06 11:32:40:748]
            LogID:[ldsdk] 3501[业务请求统计]
            Level:INFO
            Module:sdk
            Message:func：tdsecuL.4.11  dealTime:14562  packetid:1918  callbacktime:0
[2019-08-06 11:32:41:795]
            LogID:[ldsdk] 3501[业务请求统计]
            Level:INFO
            Module:sdk
            Message:func：tdsecuL.4.11  dealTime:14969  packetid:2077  callbacktime:0
[2019-08-06 11:32:41:799]
            LogID:[ldsdk] 3501[业务请求统计]
            Level:INFO
            Module:sdk
            Message:func：tdsecuL.4.11  dealTime:14578  packetid:2128  callbacktime:0
[2019-08-06 11:32:41:811]
            LogID:[ldsdk] 3501[业务请求统计]
            Level:INFO
            Module:sdk
            Message:func：tdsecuL.4.11  dealTime:15625  packetid:1863  callbacktime:0
[2019-08-06 11:32:41:815]
            LogID:[ldsdk] 3501[业务请求统计]
            Level:INFO
            Module:sdk
            Message:func：tdsecuL.4.11  dealTime:15641  packetid:1851  callbacktime:0
[2019-08-06 11:32:41:815]
            LogID:[ldsdk] 3501[业务请求统计]
            Level:INFO
            Module:sdk
            Message:func：tdsecuL.4.11  dealTime:15641  packetid:1840  callbacktime:0
[2019-08-06 11:32:41:816]
            LogID:[ldsdk] 3501[业务请求统计]
            Level:INFO
            Module:sdk
            Message:func：tdsecuL.4.11  dealTime:15110  packetid:2069  callbacktime:0
[2019-08-06 11:32:41:816]
            LogID:[ldsdk] 3501[业务请求统计]
            Level:INFO
            Module:sdk
            Message:func：tdsecuL.4.11  dealTime:15610  packetid:1956  callbacktime:0
[2019-08-06 11:32:41:816]
            LogID:[ldsdk] 3501[业务请求统计]
            Level:INFO
            Module:sdk
            Message:func：tdsecuL.4.11  dealTime:14594  packetid:2127  callbacktime:0
[2019-08-06 11:32:41:822]
            LogID:[ldsdk] 3501[业务请求统计]
            Level:INFO
            Module:sdk
            Message:func：tdsecuL.4.11  dealTime:15625  packetid:1979  callbacktime:0
[2019-08-06 11:32:41:827]
            LogID:[ldsdk] 3501[业务请求统计]
            Level:INFO
            Module:sdk
            Message:func：tdsecuL.4.11  dealTime:13203  packetid:2303  callbacktime:0
[2019-08-06 11:32:42:902]
            LogID:[ldsdk] 3501[业务请求统计]
            Level:INFO
            Module:sdk
            Message:func：tdsecuL.4.11  dealTime:13641  packetid:2402  callbacktime:0
[2019-08-06 11:32:42:902]
            LogID:[ldsdk] 3501[业务请求统计]
            Level:INFO
            Module:sdk
            Message:func：tdsecuL.4.11  dealTime:15250  packetid:2177  callbacktime:0
[2019-08-06 11:32:42:902]
            LogID:[ldsdk] 3501[业务请求统计]
            Level:INFO
            Module:sdk
            Message:func：tdsecuL.4.11  dealTime:16375  packetid:2053  callbacktime:0
[2019-08-06 11:32:42:911]
            LogID:[ldsdk] 3501[业务请求统计]
            Level:INFO
            Module:sdk
            Message:func：tdsecuL.4.11  dealTime:14640  packetid:2254  callbacktime:0
[2019-08-06 11:32:42:911]
            LogID:[ldsdk] 3501[业务请求统计]
            Level:INFO
            Module:sdk
            Message:func：tdsecuL.4.11  dealTime:15765  packetid:2117  callbacktime:0
[2019-08-06 11:32:42:912]
            LogID:[ldsdk] 3501[业务请求统计]
            Level:INFO
            Module:sdk
            Message:func：tdsecuL.4.11  dealTime:15015  packetid:2205  callbacktime:0
[2019-08-06 11:32:42:912]
            LogID:[ldsdk] 3501[业务请求统计]
            Level:INFO
            Module:sdk
            Message:func：tdsecuL.4.11  dealTime:16406  packetid:2051  callbacktime:0
[2019-08-06 11:32:42:912]
            LogID:[ldsdk] 3501[业务请求统计]
            Level:INFO
            Module:sdk
            Message:func：tdsecuL.4.11  dealTime:13640  packetid:2407  callbacktime:0
[2019-08-06 11:32:42:912]
            LogID:[ldsdk] 3501[业务请求统计]
            Level:INFO
            Module:sdk
            Message:func：tdsecuL.4.11  dealTime:10265  packetid:2859  callbacktime:0
[2019-08-06 11:32:42:912]
            LogID:[ldsdk] 3501[业务请求统计]
            Level:INFO
            Module:sdk
            Message:func：tdsecuL.4.11  dealTime:15469  packetid:2153  callbacktime:0
[2019-08-06 11:32:44:041]
            LogID:[ldsdk] 3501[业务请求统计]
            Level:INFO
            Module:sdk
            Message:func：tdsecuL.4.11  dealTime:15812  packetid:2250  callbacktime:0
[2019-08-06 11:32:44:045]
            LogID:[ldsdk] 3501[业务请求统计]
            Level:INFO
            Module:sdk
            Message:func：tdsecuL.4.11  dealTime:16781  packetid:2132  callbacktime:0
[2019-08-06 11:32:44:061]
            LogID:[ldsdk] 3501[业务请求统计]
            Level:INFO
            Module:sdk
            Message:func：tdsecuL.4.11  dealTime:14360  packetid:2454  callbacktime:0
[2019-08-06 11:32:44:069]
            LogID:[ldsdk] 3501[业务请求统计]
            Level:INFO
            Module:sdk
            Message:func：tdsecuL.4.11  dealTime:15890  packetid:2245  callbacktime:0
[2019-08-06 11:32:44:074]
            LogID:[ldsdk] 3501[业务请求统计]
            Level:INFO
            Module:sdk
            Message:func：tdsecuL.4.11  dealTime:15687  packetid:2266  callbacktime:0
[2019-08-06 11:32:44:088]
            LogID:[ldsdk] 3501[业务请求统计]
            Level:INFO
            Module:sdk
            Message:func：tdsecuL.4.11  dealTime:13984  packetid:2493  callbacktime:0
[2019-08-06 11:32:44:099]
            LogID:[ldsdk] 3501[业务请求统计]
            Level:INFO
            Module:sdk
            Message:func：tdsecuL.4.11  dealTime:16500  packetid:2168  callbacktime:0
[2019-08-06 11:32:44:100]
            LogID:[ldsdk] 3501[业务请求统计]
            Level:INFO
            Module:sdk
            Message:func：tdsecuL.4.11  dealTime:14391  packetid:2459  callbacktime:0
[2019-08-06 11:32:44:107]
            LogID:[ldsdk] 3501[业务请求统计]
            Level:INFO
            Module:sdk
            Message:func：tdsecuL.4.11  dealTime:14797  packetid:2417  callbacktime:0
[2019-08-06 11:32:44:119]
            LogID:[ldsdk] 3501[业务请求统计]
            Level:INFO
            Module:sdk
            Message:func：tdsecuL.4.11  dealTime:17109  packetid:2099  callbacktime:0
[2019-08-06 11:32:45:014]
            LogID:[ldsdk] 3501[业务请求统计]
            Level:INFO
            Module:sdk
            Message:func：tdsecuL.4.11  dealTime:14125  packetid:2619  callbacktime:0
[2019-08-06 11:32:45:014]
            LogID:[ldsdk] 3501[业务请求统计]
            Level:INFO
            Module:sdk
            Message:func：tdsecuL.4.11  dealTime:15406  packetid:2447  callbacktime:0
[2019-08-06 11:32:45:018]
            LogID:[ldsdk] 3501[业务请求统计]
            Level:INFO
            Module:sdk
            Message:func：tdsecuL.4.11  dealTime:16188  packetid:2327  callbacktime:0
[2019-08-06 11:32:45:021]
            LogID:[ldsdk] 3501[业务请求统计]
            Level:INFO
            Module:sdk
            Message:func：tdsecuL.4.11  dealTime:16547  packetid:2289  callbacktime:0
[2019-08-06 11:32:45:022]
            LogID:[ldsdk] 3501[业务请求统计]
            Level:INFO
            Module:sdk
            Message:func：tdsecuL.4.11  dealTime:13922  packetid:2648  callbacktime:0
[2019-08-06 11:32:45:040]
            LogID:[ldsdk] 3501[业务请求统计]
            Level:INFO
            Module:sdk
            Message:func：tdsecuL.4.11  dealTime:16828  packetid:2248  callbacktime:0
[2019-08-06 11:32:45:054]
            LogID:[ldsdk] 3501[业务请求统计]
            Level:INFO
            Module:sdk
            Message:func：tdsecuL.4.11  dealTime:14594  packetid:2552  callbacktime:0
[2019-08-06 11:32:45:059]
            LogID:[ldsdk] 3501[业务请求统计]
            Level:INFO
            Module:sdk
            Message:func：tdsecuL.4.11  dealTime:16438  packetid:2305  callbacktime:0
[2019-08-06 11:32:45:059]
            LogID:[ldsdk] 3501[业务请求统计]
            Level:INFO
            Module:sdk
            Message:func：tdsecuL.4.11  dealTime:14235  packetid:2610  callbacktime:0
[2019-08-06 11:32:45:075]
            LogID:[ldsdk] 3501[业务请求统计]
            Level:INFO
            Module:sdk
            Message:func：tdsecuL.4.11  dealTime:16828  packetid:2251  callbacktime:0
[2019-08-06 11:32:45:113]
            LogID:[ldsdk] 3502[业务请求超时]
            Level:WARNING
            Module:sdk
            Message:func：tdsecuL.4.11  WaitTime:17672  packetid:2152
[2019-08-06 11:32:46:140]
            LogID:[ldsdk] 3501[业务请求统计]
            Level:INFO
            Module:sdk
            Message:func：tdsecuL.4.11  dealTime:17266  packetid:2346  callbacktime:0
[2019-08-06 11:32:46:140]
            LogID:[ldsdk] 3501[业务请求统计]
            Level:INFO
            Module:sdk
            Message:func：tdsecuL.4.11  dealTime:17438  packetid:2315  callbacktime:0
[2019-08-06 11:32:46:140]
            LogID:[ldsdk] 3501[业务请求统计]
            Level:INFO
            Module:sdk
            Message:func：tdsecuL.4.11  dealTime:14719  packetid:2684  callbacktime:0
[2019-08-06 11:32:46:140]
            LogID:[ldsdk] 3501[业务请求统计]
            Level:INFO
            Module:sdk
            Message:func：tdsecuL.4.11  dealTime:14938  packetid:2658  callbacktime:0
[2019-08-06 11:32:46:161]
            LogID:[ldsdk] 3501[业务请求统计]
            Level:INFO
            Module:sdk
            Message:func：tdsecuL.4.11  dealTime:17094  packetid:2359  callbacktime:0
[2019-08-06 11:32:46:167]
            LogID:[ldsdk] 3501[业务请求统计]
            Level:INFO
            Module:sdk
            Message:func：tdsecuL.4.11  dealTime:16672  packetid:2438  callbacktime:0
[2019-08-06 11:32:46:171]
            LogID:[ldsdk] 3501[业务请求统计]
            Level:INFO
            Module:sdk
            Message:func：tdsecuL.4.11  dealTime:15344  packetid:2607  callbacktime:0
[2019-08-06 11:32:46:175]
            LogID:[ldsdk] 3501[业务请求统计]
            Level:INFO
            Module:sdk
            Message:func：tdsecuL.4.11  dealTime:15297  packetid:2612  callbacktime:0
[2019-08-06 11:32:46:183]
            LogID:[ldsdk] 3501[业务请求统计]
            Level:INFO
            Module:sdk
            Message:func：tdsecuL.4.11  dealTime:15828  packetid:2531  callbacktime:0
[2019-08-06 11:32:46:189]
            LogID:[ldsdk] 3501[业务请求统计]
            Level:INFO
            Module:sdk
            Message:func：tdsecuL.4.11  dealTime:15797  packetid:2535  callbacktime:0
[2019-08-06 11:32:47:228]
            LogID:[ldsdk] 3501[业务请求统计]
            Level:INFO
            Module:sdk
            Message:func：tdsecuL.4.11  dealTime:13828  packetid:2960  callbacktime:0
[2019-08-06 11:32:47:234]
            LogID:[ldsdk] 3501[业务请求统计]
            Level:INFO
            Module:sdk
            Message:func：tdsecuL.4.11  dealTime:15391  packetid:2744  callbacktime:0
[2019-08-06 11:32:47:236]
            LogID:[ldsdk] 3501[业务请求统计]
            Level:INFO
            Module:sdk
            Message:func：tdsecuL.4.11  dealTime:16922  packetid:2521  callbacktime:0
[2019-08-06 11:32:47:275]
            LogID:[ldsdk] 3501[业务请求统计]
            Level:INFO
            Module:sdk
            Message:func：tdsecuL.4.11  dealTime:15657  packetid:2712  callbacktime:0
[2019-08-06 11:32:47:277]
            LogID:[ldsdk] 3501[业务请求统计]
            Level:INFO
            Module:sdk
            Message:func：tdsecuL.4.11  dealTime:16735  packetid:2561  callbacktime:0
[2019-08-06 11:32:47:287]
            LogID:[ldsdk] 3501[业务请求统计]
            Level:INFO
            Module:sdk
            Message:func：tdsecuL.4.11  dealTime:11172  packetid:3300  callbacktime:0
[2019-08-06 11:32:47:313]
            LogID:[ldsdk] 3501[业务请求统计]
            Level:INFO
            Module:sdk
            Message:func：tdsecuL.4.11  dealTime:18453  packetid:2337  callbacktime:0
[2019-08-06 11:32:47:314]
            LogID:[ldsdk] 3501[业务请求统计]
            Level:INFO
            Module:sdk
            Message:func：tdsecuL.4.11  dealTime:14375  packetid:2902  callbacktime:0
[2019-08-06 11:32:47:314]
            LogID:[ldsdk] 3501[业务请求统计]
            Level:INFO
            Module:sdk
            Message:func：tdsecuL.4.11  dealTime:14797  packetid:2837  callbacktime:0
[2019-08-06 11:32:47:314]
            LogID:[ldsdk] 3501[业务请求统计]
            Level:INFO
            Module:sdk
            Message:func：tdsecuL.4.11  dealTime:11235  packetid:3286  callbacktime:0
[2019-08-06 11:32:48:340]
            LogID:[ldsdk] 3501[业务请求统计]
            Level:INFO
            Module:sdk
            Message:func：tdsecuL.4.11  dealTime:11328  packetid:3424  callbacktime:0
[2019-08-06 11:32:48:347]
            LogID:[ldsdk] 3501[业务请求统计]
            Level:INFO
            Module:sdk
            Message:func：tdsecuL.4.11  dealTime:16656  packetid:2725  callbacktime:0
[2019-08-06 11:32:48:351]
            LogID:[ldsdk] 3501[业务请求统计]
            Level:INFO
            Module:sdk
            Message:func：tdsecuL.4.11  dealTime:14672  packetid:3003  callbacktime:0
[2019-08-06 11:32:48:352]
            LogID:[ldsdk] 3501[业务请求统计]
            Level:INFO
            Module:sdk
            Message:func：tdsecuL.4.11  dealTime:16110  packetid:2796  callbacktime:0
[2019-08-06 11:32:48:355]
            LogID:[ldsdk] 3501[业务请求统计]
            Level:INFO
            Module:sdk
            Message:func：tdsecuL.4.11  dealTime:12250  packetid:3291  callbacktime:0
[2019-08-06 11:32:48:361]
            LogID:[ldsdk] 3501[业务请求统计]
            Level:INFO
            Module:sdk
            Message:func：tdsecuL.4.11  dealTime:10828  packetid:3504  callbacktime:0
[2019-08-06 11:32:48:369]
            LogID:[ldsdk] 3501[业务请求统计]
            Level:INFO
            Module:sdk
            Message:func：tdsecuL.4.11  dealTime:16156  packetid:2795  callbacktime:0
[2019-08-06 11:32:48:369]
            LogID:[ldsdk] 3501[业务请求统计]
            Level:INFO
            Module:sdk
            Message:func：tdsecuL.4.11  dealTime:15062  packetid:2948  callbacktime:0
[2019-08-06 11:32:48:378]
            LogID:[ldsdk] 3501[业务请求统计]
            Level:INFO
            Module:sdk
            Message:func：tdsecuL.4.11  dealTime:14578  packetid:3018  callbacktime:0
[2019-08-06 11:32:48:378]
            LogID:[ldsdk] 3501[业务请求统计]
            Level:INFO
            Module:sdk
            Message:func：tdsecuL.4.11  dealTime:16000  packetid:2817  callbacktime:0
[2019-08-06 11:32:49:448]
            LogID:[ldsdk] 3501[业务请求统计]
            Level:INFO
            Module:sdk
            Message:func：tdsecuL.4.11  dealTime:14515  packetid:3145  callbacktime:0
[2019-08-06 11:32:49:449]
            LogID:[ldsdk] 3501[业务请求统计]
            Level:INFO
            Module:sdk
            Message:func：tdsecuL.4.11  dealTime:14093  packetid:3181  callbacktime:0
[2019-08-06 11:32:49:477]
            LogID:[ldsdk] 3501[业务请求统计]
            Level:INFO
            Module:sdk
            Message:func：tdsecuL.4.11  dealTime:17813  packetid:2722  callbacktime:0
[2019-08-06 11:32:49:479]
            LogID:[ldsdk] 3501[业务请求统计]
            Level:INFO
            Module:sdk
            Message:func：tdsecuL.4.11  dealTime:9094  packetid:3839  callbacktime:0
[2019-08-06 11:32:49:494]
            LogID:[ldsdk] 3501[业务请求统计]
            Level:INFO
            Module:sdk
            Message:func：tdsecuL.4.11  dealTime:15125  packetid:3084  callbacktime:0
[2019-08-06 11:32:49:554]
            LogID:[ldsdk] 3501[业务请求统计]
            Level:INFO
            Module:sdk
            Message:func：tdsecuL.4.11  dealTime:16344  packetid:2937  callbacktime:0
[2019-08-06 11:32:49:555]
            LogID:[ldsdk] 3501[业务请求统计]
            Level:INFO
            Module:sdk
            Message:func：tdsecuL.4.11  dealTime:16766  packetid:2881  callbacktime:0
[2019-08-06 11:32:49:562]
            LogID:[ldsdk] 3501[业务请求统计]
            Level:INFO
            Module:sdk
            Message:func：tdsecuL.4.11  dealTime:14813  packetid:3118  callbacktime:0
[2019-08-06 11:32:49:562]
            LogID:[ldsdk] 3501[业务请求统计]
            Level:INFO
            Module:sdk
            Message:func：tdsecuL.4.11  dealTime:10828  packetid:3650  callbacktime:0
[2019-08-06 11:32:49:567]
            LogID:[ldsdk] 3501[业务请求统计]
            Level:INFO
            Module:sdk
            Message:func：tdsecuL.4.11  dealTime:12641  packetid:3414  callbacktime:0
[2019-08-06 11:32:50:149]
            LogID:[ldsdk] 3502[业务请求超时]
            Level:WARNING
            Module:sdk
            Message:func：tdsecuL.4.11  WaitTime:19235  packetid:2622
[2019-08-06 11:32:50:579]
            LogID:[ldsdk] 3501[业务请求统计]
            Level:INFO
            Module:sdk
            Message:func：tdsecuL.4.11  dealTime:15453  packetid:3163  callbacktime:0
[2019-08-06 11:32:50:579]
            LogID:[ldsdk] 3501[业务请求统计]
            Level:INFO
            Module:sdk
            Message:func：tdsecuL.4.11  dealTime:18531  packetid:2773  callbacktime:0
[2019-08-06 11:32:50:579]
            LogID:[ldsdk] 3501[业务请求统计]
            Level:INFO
            Module:sdk
            Message:func：tdsecuL.4.11  dealTime:14703  packetid:3262  callbacktime:0
[2019-08-06 11:32:50:580]
            LogID:[ldsdk] 3501[业务请求统计]
            Level:INFO
            Module:sdk
            Message:func：tdsecuL.4.11  dealTime:17015  packetid:2982  callbacktime:0
[2019-08-06 11:32:50:580]
            LogID:[ldsdk] 3501[业务请求统计]
            Level:INFO
            Module:sdk
            Message:func：tdsecuL.4.11  dealTime:17234  packetid:2949  callbacktime:0
[2019-08-06 11:32:50:581]
            LogID:[ldsdk] 3501[业务请求统计]
            Level:INFO
            Module:sdk
            Message:func：tdsecuL.4.11  dealTime:14953  packetid:3221  callbacktime:0
[2019-08-06 11:32:50:584]
            LogID:[ldsdk] 3501[业务请求统计]
            Level:INFO
            Module:sdk
            Message:func：tdsecuL.4.11  dealTime:12734  packetid:3536  callbacktime:0
[2019-08-06 11:32:50:595]
            LogID:[ldsdk] 3501[业务请求统计]
            Level:INFO
            Module:sdk
            Message:func：tdsecuL.4.11  dealTime:17875  packetid:2868  callbacktime:0
[2019-08-06 11:32:50:599]
            LogID:[ldsdk] 3501[业务请求统计]
            Level:INFO
            Module:sdk
            Message:func：tdsecuL.4.11  dealTime:12844  packetid:3531  callbacktime:0
[2019-08-06 11:32:50:601]
            LogID:[ldsdk] 3501[业务请求统计]
            Level:INFO
            Module:sdk
            Message:func：tdsecuL.4.11  dealTime:15735  packetid:3131  callbacktime:0
[2019-08-06 11:32:51:583]
            LogID:[ldsdk] 3501[业务请求统计]
            Level:INFO
            Module:sdk
            Message:func：tdsecuL.4.11  dealTime:16515  packetid:3159  callbacktime:0
[2019-08-06 11:32:51:583]
            LogID:[ldsdk] 3501[业务请求统计]
            Level:INFO
            Module:sdk
            Message:func：tdsecuL.4.11  dealTime:16296  packetid:3170  callbacktime:0
[2019-08-06 11:32:51:592]
            LogID:[ldsdk] 3501[业务请求统计]
            Level:INFO
            Module:sdk
            Message:func：tdsecuL.4.11  dealTime:10594  packetid:3925  callbacktime:0
[2019-08-06 11:32:51:592]
            LogID:[ldsdk] 3501[业务请求统计]
            Level:INFO
            Module:sdk
            Message:func：tdsecuL.4.11  dealTime:11531  packetid:3799  callbacktime:0
[2019-08-06 11:32:51:592]
            LogID:[ldsdk] 3501[业务请求统计]
            Level:INFO
            Module:sdk
            Message:func：tdsecuL.4.11  dealTime:14672  packetid:3412  callbacktime:0
[2019-08-06 11:32:51:607]
            LogID:[ldsdk] 3501[业务请求统计]
            Level:INFO
            Module:sdk
            Message:func：tdsecuL.4.11  dealTime:11641  packetid:3785  callbacktime:0
[2019-08-06 11:32:51:607]
            LogID:[ldsdk] 3501[业务请求统计]
            Level:INFO
            Module:sdk
            Message:func：tdsecuL.4.11  dealTime:17719  packetid:3024  callbacktime:0
[2019-08-06 11:32:51:613]
            LogID:[ldsdk] 3501[业务请求统计]
            Level:INFO
            Module:sdk
            Message:func：tdsecuL.4.11  dealTime:12594  packetid:3673  callbacktime:0
[2019-08-06 11:32:51:614]
            LogID:[ldsdk] 3501[业务请求统计]
            Level:INFO
            Module:sdk
            Message:func：tdsecuL.4.11  dealTime:19047  packetid:2846  callbacktime:0
[2019-08-06 11:32:51:622]
            LogID:[ldsdk] 3501[业务请求统计]
            Level:INFO
            Module:sdk
            Message:func：tdsecuL.4.11  dealTime:10031  packetid:4002  callbacktime:0
[2019-08-06 11:32:52:668]
            LogID:[ldsdk] 3501[业务请求统计]
            Level:INFO
            Module:sdk
            Message:func：tdsecuL.4.11  dealTime:15328  packetid:3467  callbacktime:0
[2019-08-06 11:32:52:668]
            LogID:[ldsdk] 3501[业务请求统计]
            Level:INFO
            Module:sdk
            Message:func：tdsecuL.4.11  dealTime:16328  packetid:3335  callbacktime:0
[2019-08-06 11:32:52:676]
            LogID:[ldsdk] 3501[业务请求统计]
            Level:INFO
            Module:sdk
            Message:func：tdsecuL.4.11  dealTime:12844  packetid:3763  callbacktime:0
[2019-08-06 11:32:52:692]
            LogID:[ldsdk] 3501[业务请求统计]
            Level:INFO
            Module:sdk
            Message:func：tdsecuL.4.11  dealTime:15485  packetid:3445  callbacktime:0
[2019-08-06 11:32:52:696]
            LogID:[ldsdk] 3501[业务请求统计]
            Level:INFO
            Module:sdk
            Message:func：tdsecuL.4.11  dealTime:17500  packetid:3166  callbacktime:0
[2019-08-06 11:32:52:699]
            LogID:[ldsdk] 3501[业务请求统计]
            Level:INFO
            Module:sdk
            Message:func：tdsecuL.4.11  dealTime:11265  packetid:3975  callbacktime:0
[2019-08-06 11:32:52:703]
            LogID:[ldsdk] 3501[业务请求统计]
            Level:INFO
            Module:sdk
            Message:func：tdsecuL.4.11  dealTime:16375  packetid:3333  callbacktime:0
[2019-08-06 11:32:52:708]
            LogID:[ldsdk] 3501[业务请求统计]
            Level:INFO
            Module:sdk
            Message:func：tdsecuL.4.11  dealTime:14671  packetid:3565  callbacktime:0
[2019-08-06 11:32:52:712]
            LogID:[ldsdk] 3501[业务请求统计]
            Level:INFO
            Module:sdk
            Message:func：tdsecuL.4.11  dealTime:10187  packetid:4123  callbacktime:0
[2019-08-06 11:32:52:731]
            LogID:[ldsdk] 3501[业务请求统计]
            Level:INFO
            Module:sdk
            Message:func：tdsecuL.4.11  dealTime:15985  packetid:3387  callbacktime:0
[2019-08-06 11:32:53:803]
            LogID:[ldsdk] 3501[业务请求统计]
            Level:INFO
            Module:sdk
            Message:func：tdsecuL.4.11  dealTime:15406  packetid:3602  callbacktime:0
[2019-08-06 11:32:53:826]
            LogID:[ldsdk] 3501[业务请求统计]
            Level:INFO
            Module:sdk
            Message:func：tdsecuL.4.11  dealTime:16906  packetid:3413  callbacktime:0
[2019-08-06 11:32:53:891]
            LogID:[ldsdk] 3501[业务请求统计]
            Level:INFO
            Module:sdk
            Message:func：tdsecuL.4.11  dealTime:17563  packetid:3334  callbacktime:0
[2019-08-06 11:32:53:899]
            LogID:[ldsdk] 3501[业务请求统计]
            Level:INFO
            Module:sdk
            Message:func：tdsecuL.4.11  dealTime:16032  packetid:3543  callbacktime:0
[2019-08-06 11:32:53:904]
            LogID:[ldsdk] 3501[业务请求统计]
            Level:INFO
            Module:sdk
            Message:func：tdsecuL.4.11  dealTime:10579  packetid:4240  callbacktime:0
[2019-08-06 11:32:53:907]
            LogID:[ldsdk] 3501[业务请求统计]
            Level:INFO
            Module:sdk
            Message:func：tdsecuL.4.11  dealTime:13250  packetid:3875  callbacktime:0
[2019-08-06 11:32:53:907]
            LogID:[ldsdk] 3501[业务请求统计]
            Level:INFO
            Module:sdk
            Message:func：tdsecuL.4.11  dealTime:15579  packetid:3597  callbacktime:0
[2019-08-06 11:32:53:913]
            LogID:[ldsdk] 3501[业务请求统计]
            Level:INFO
            Module:sdk
            Message:func：tdsecuL.4.11  dealTime:11969  packetid:4061  callbacktime:0
[2019-08-06 11:32:53:916]
            LogID:[ldsdk] 3501[业务请求统计]
            Level:INFO
            Module:sdk
            Message:func：tdsecuL.4.11  dealTime:15125  packetid:3656  callbacktime:0
[2019-08-06 11:32:53:916]
            LogID:[ldsdk] 3501[业务请求统计]
            Level:INFO
            Module:sdk
            Message:func：tdsecuL.4.11  dealTime:12047  packetid:4048  callbacktime:0
[2019-08-06 11:32:54:887]
            LogID:[ldsdk] 3501[业务请求统计]
            Level:INFO
            Module:sdk
            Message:func：tdsecuL.4.11  dealTime:15172  packetid:3746  callbacktime:0
[2019-08-06 11:32:54:917]
            LogID:[ldsdk] 3501[业务请求统计]
            Level:INFO
            Module:sdk
            Message:func：tdsecuL.4.11  dealTime:12719  packetid:4086  callbacktime:0
[2019-08-06 11:32:55:185]
            LogID:[ldsdk] 3502[业务请求超时]
            Level:WARNING
            Module:sdk
            Message:func：tdsecuL.4.11  WaitTime:22688  packetid:2833
[2019-08-06 11:32:55:240]
            LogID:[ldsdk] 3501[业务请求统计]
            Level:INFO
            Module:sdk
            Message:func：tdsecuL.4.11  dealTime:19453  packetid:3252  callbacktime:0
[2019-08-06 11:32:55:243]
            LogID:[ldsdk] 3501[业务请求统计]
            Level:INFO
            Module:sdk
            Message:func：tdsecuL.4.11  dealTime:16437  packetid:3658  callbacktime:0
[2019-08-06 11:32:55:307]
            LogID:[ldsdk] 3501[业务请求统计]
            Level:INFO
            Module:sdk
            Message:func：tdsecuL.4.11  dealTime:15203  packetid:3804  callbacktime:0
[2019-08-06 11:32:55:383]
            LogID:[ldsdk] 3501[业务请求统计]
            Level:INFO
            Module:sdk
            Message:func：tdsecuL.4.11  dealTime:19281  packetid:3289  callbacktime:0
[2019-08-06 11:32:55:386]
            LogID:[ldsdk] 3501[业务请求统计]
            Level:INFO
            Module:sdk
            Message:func：tdsecuL.4.11  dealTime:15125  packetid:3820  callbacktime:0
[2019-08-06 11:32:55:391]
            LogID:[ldsdk] 3501[业务请求统计]
            Level:INFO
            Module:sdk
            Message:func：tdsecuL.4.11  dealTime:12188  packetid:4228  callbacktime:0
[2019-08-06 11:32:55:394]
            LogID:[ldsdk] 3501[业务请求统计]
            Level:INFO
            Module:sdk
            Message:func：tdsecuL.4.11  dealTime:18672  packetid:3381  callbacktime:0
[2019-08-06 11:32:55:412]
            LogID:[ldsdk] 3501[业务请求统计]
            Level:INFO
            Module:sdk
            Message:func：tdsecuL.4.11  dealTime:15579  packetid:3762  callbacktime:15
[2019-08-06 11:32:55:994]
            LogID:[ldsdk] 3501[业务请求统计]
            Level:INFO
            Module:sdk
            Message:func：tdsecuL.4.11  dealTime:15953  packetid:3797  callbacktime:0
[2019-08-06 11:32:56:019]
            LogID:[ldsdk] 3501[业务请求统计]
            Level:INFO
            Module:sdk
            Message:func：tdsecuL.4.11  dealTime:15922  packetid:3802  callbacktime:0
[2019-08-06 11:32:56:025]
            LogID:[ldsdk] 3501[业务请求统计]
            Level:INFO
            Module:sdk
            Message:func：tdsecuL.4.11  dealTime:16985  packetid:3677  callbacktime:0
[2019-08-06 11:32:56:028]
            LogID:[ldsdk] 3501[业务请求统计]
            Level:INFO
            Module:sdk
            Message:func：tdsecuL.4.11  dealTime:17579  packetid:3609  callbacktime:0
[2019-08-06 11:32:56:035]
            LogID:[ldsdk] 3501[业务请求统计]
            Level:INFO
            Module:sdk
            Message:func：tdsecuL.4.11  dealTime:18563  packetid:3491  callbacktime:0
[2019-08-06 11:32:56:040]
            LogID:[ldsdk] 3501[业务请求统计]
            Level:INFO
            Module:sdk
            Message:func：tdsecuL.4.11  dealTime:13015  packetid:4199  callbacktime:0
[2019-08-06 11:32:56:043]
            LogID:[ldsdk] 3501[业务请求统计]
            Level:INFO
            Module:sdk
            Message:func：tdsecuL.4.11  dealTime:15359  packetid:3881  callbacktime:0
[2019-08-06 11:32:56:044]
            LogID:[ldsdk] 3501[业务请求统计]
            Level:INFO
            Module:sdk
            Message:func：tdsecuL.4.11  dealTime:11625  packetid:4389  callbacktime:0
[2019-08-06 11:32:56:048]
            LogID:[ldsdk] 3501[业务请求统计]
            Level:INFO
            Module:sdk
            Message:func：tdsecuL.4.11  dealTime:18031  packetid:3563  callbacktime:0
[2019-08-06 11:32:56:062]
            LogID:[ldsdk] 3501[业务请求统计]
            Level:INFO
            Module:sdk
            Message:func：tdsecuL.4.11  dealTime:18719  packetid:3466  callbacktime:0
[2019-08-06 11:32:57:103]
            LogID:[ldsdk] 3501[业务请求统计]
            Level:INFO
            Module:sdk
            Message:func：tdsecuL.4.11  dealTime:14203  packetid:4182  callbacktime:0
[2019-08-06 11:32:57:107]
            LogID:[ldsdk] 3501[业务请求统计]
            Level:INFO
            Module:sdk
            Message:func：tdsecuL.4.11  dealTime:15047  packetid:4068  callbacktime:0
[2019-08-06 11:32:57:110]
            LogID:[ldsdk] 3501[业务请求统计]
            Level:INFO
            Module:sdk
            Message:func：tdsecuL.4.11  dealTime:12610  packetid:4408  callbacktime:0
[2019-08-06 11:32:57:144]
            LogID:[ldsdk] 3501[业务请求统计]
            Level:INFO
            Module:sdk
            Message:func：tdsecuL.4.11  dealTime:12078  packetid:4472  callbacktime:0
[2019-08-06 11:32:57:144]
            LogID:[ldsdk] 3501[业务请求统计]
            Level:INFO
            Module:sdk
            Message:func：tdsecuL.4.11  dealTime:12969  packetid:4358  callbacktime:0
[2019-08-06 11:32:57:185]
            LogID:[ldsdk] 3501[业务请求统计]
            Level:INFO
            Module:sdk
            Message:func：tdsecuL.4.11  dealTime:19047  packetid:3576  callbacktime:0
[2019-08-06 11:32:57:193]
            LogID:[ldsdk] 3501[业务请求统计]
            Level:INFO
            Module:sdk
            Message:func：tdsecuL.4.11  dealTime:19000  packetid:3586  callbacktime:0
[2019-08-06 11:32:57:196]
            LogID:[ldsdk] 3501[业务请求统计]
            Level:INFO
            Module:sdk
            Message:func：tdsecuL.4.11  dealTime:15859  packetid:3966  callbacktime:0
[2019-08-06 11:32:57:197]
            LogID:[ldsdk] 3501[业务请求统计]
            Level:INFO
            Module:sdk
            Message:func：tdsecuL.4.11  dealTime:12015  packetid:4502  callbacktime:0
[2019-08-06 11:32:57:198]
            LogID:[ldsdk] 3501[业务请求统计]
            Level:INFO
            Module:sdk
            Message:func：tdsecuL.4.11  dealTime:15015  packetid:4085  callbacktime:0
[2019-08-06 11:32:58:209]
            LogID:[ldsdk] 3501[业务请求统计]
            Level:INFO
            Module:sdk
            Message:func：tdsecuL.4.11  dealTime:13266  packetid:4455  callbacktime:0
[2019-08-06 11:32:58:210]
            LogID:[ldsdk] 3501[业务请求统计]
            Level:INFO
            Module:sdk
            Message:func：tdsecuL.4.11  dealTime:16359  packetid:4044  callbacktime:0
[2019-08-06 11:32:58:218]
            LogID:[ldsdk] 3501[业务请求统计]
            Level:INFO
            Module:sdk
            Message:func：tdsecuL.4.11  dealTime:14375  packetid:4315  callbacktime:0
[2019-08-06 11:32:58:223]
            LogID:[ldsdk] 3501[业务请求统计]
            Level:INFO
            Module:sdk
            Message:func：tdsecuL.4.11  dealTime:14453  packetid:4304  callbacktime:0
[2019-08-06 11:32:58:229]
            LogID:[ldsdk] 3501[业务请求统计]
            Level:INFO
            Module:sdk
            Message:func：tdsecuL.4.11  dealTime:20922  packetid:3460  callbacktime:0
[2019-08-06 11:32:58:241]
            LogID:[ldsdk] 3501[业务请求统计]
            Level:INFO
            Module:sdk
            Message:func：tdsecuL.4.11  dealTime:15640  packetid:4140  callbacktime:0
[2019-08-06 11:32:58:260]
            LogID:[ldsdk] 3501[业务请求统计]
            Level:INFO
            Module:sdk
            Message:func：tdsecuL.4.11  dealTime:17234  packetid:3928  callbacktime:0
[2019-08-06 11:32:58:260]
            LogID:[ldsdk] 3501[业务请求统计]
            Level:INFO
            Module:sdk
            Message:func：tdsecuL.4.11  dealTime:16875  packetid:3971  callbacktime:0
[2019-08-06 11:32:58:271]
            LogID:[ldsdk] 3501[业务请求统计]
            Level:INFO
            Module:sdk
            Message:func：tdsecuL.4.11  dealTime:17469  packetid:3899  callbacktime:0
[2019-08-06 11:32:58:271]
            LogID:[ldsdk] 3501[业务请求统计]
            Level:INFO
            Module:sdk
            Message:func：tdsecuL.4.11  dealTime:12938  packetid:4529  callbacktime:0
[2019-08-06 11:32:59:215]
            LogID:[ldsdk] 3501[业务请求统计]
            Level:INFO
            Module:sdk
            Message:func：tdsecuL.4.11  dealTime:20547  packetid:3642  callbacktime:0
[2019-08-06 11:32:59:216]
            LogID:[ldsdk] 3501[业务请求统计]
            Level:INFO
            Module:sdk
            Message:func：tdsecuL.4.11  dealTime:17094  packetid:4077  callbacktime:0
[2019-08-06 11:32:59:223]
            LogID:[ldsdk] 3501[业务请求统计]
            Level:INFO
            Module:sdk
            Message:func：tdsecuL.4.11  dealTime:16203  packetid:4197  callbacktime:0
[2019-08-06 11:32:59:232]
            LogID:[ldsdk] 3501[业务请求统计]
            Level:INFO
            Module:sdk
            Message:func：tdsecuL.4.11  dealTime:15922  packetid:4239  callbacktime:0
[2019-08-06 11:32:59:236]
            LogID:[ldsdk] 3501[业务请求统计]
            Level:INFO
            Module:sdk
            Message:func：tdsecuL.4.11  dealTime:19563  packetid:3739  callbacktime:0
[2019-08-06 11:32:59:244]
            LogID:[ldsdk] 3501[业务请求统计]
            Level:INFO
            Module:sdk
            Message:func：tdsecuL.4.11  dealTime:19125  packetid:3805  callbacktime:0
[2019-08-06 11:32:59:255]
            LogID:[ldsdk] 3501[业务请求统计]
            Level:INFO
            Module:sdk
            Message:func：tdsecuL.4.11  dealTime:17109  packetid:4080  callbacktime:0
[2019-08-06 11:32:59:269]
            LogID:[ldsdk] 3501[业务请求统计]
            Level:INFO
            Module:sdk
            Message:func：tdsecuL.4.11  dealTime:15938  packetid:4241  callbacktime:0
[2019-08-06 11:32:59:277]
            LogID:[ldsdk] 3501[业务请求统计]
            Level:INFO
            Module:sdk
            Message:func：tdsecuL.4.11  dealTime:17438  packetid:4040  callbacktime:0
[2019-08-06 11:32:59:279]
            LogID:[ldsdk] 3501[业务请求统计]
            Level:INFO
            Module:sdk
            Message:func：tdsecuL.4.11  dealTime:13610  packetid:4573  callbacktime:0
[2019-08-06 11:33:00:222]
            LogID:[ldsdk] 3502[业务请求超时]
            Level:WARNING
            Module:sdk
            Message:func：tdsecuL.4.11  WaitTime:22641  packetid:3514
[2019-08-06 11:33:00:323]
            LogID:[ldsdk] 3501[业务请求统计]
            Level:INFO
            Module:sdk
            Message:func：tdsecuL.4.11  dealTime:15406  packetid:4451  callbacktime:0
[2019-08-06 11:33:00:341]
            LogID:[ldsdk] 3501[业务请求统计]
            Level:INFO
            Module:sdk
            Message:func：tdsecuL.4.11  dealTime:16078  packetid:4370  callbacktime:0
[2019-08-06 11:33:00:358]
            LogID:[ldsdk] 3501[业务请求统计]
            Level:INFO
            Module:sdk
            Message:func：tdsecuL.4.11  dealTime:17282  packetid:4205  callbacktime:0
[2019-08-06 11:33:00:369]
            LogID:[ldsdk] 3501[业务请求统计]
            Level:INFO
            Module:sdk
            Message:func：tdsecuL.4.11  dealTime:18750  packetid:4010  callbacktime:0
[2019-08-06 11:33:00:369]
            LogID:[ldsdk] 3501[业务请求统计]
            Level:INFO
            Module:sdk
            Message:func：tdsecuL.4.11  dealTime:16734  packetid:4284  callbacktime:0
[2019-08-06 11:33:00:376]
            LogID:[ldsdk] 3501[业务请求统计]
            Level:INFO
            Module:sdk
            Message:func：tdsecuL.4.11  dealTime:16422  packetid:4333  callbacktime:0
[2019-08-06 11:33:00:376]
            LogID:[ldsdk] 3501[业务请求统计]
            Level:INFO
            Module:sdk
            Message:func：tdsecuL.4.11  dealTime:20734  packetid:3733  callbacktime:0
[2019-08-06 11:33:00:395]
            LogID:[ldsdk] 3501[业务请求统计]
            Level:INFO
            Module:sdk
            Message:func：tdsecuL.4.11  dealTime:16000  packetid:4386  callbacktime:0
[2019-08-06 11:33:00:399]
            LogID:[ldsdk] 3501[业务请求统计]
            Level:INFO
            Module:sdk
            Message:func：tdsecuL.4.11  dealTime:16469  packetid:4325  callbacktime:0
[2019-08-06 11:33:00:400]
            LogID:[ldsdk] 3501[业务请求统计]
            Level:INFO
            Module:sdk
            Message:func：tdsecuL.4.11  dealTime:16610  packetid:4310  callbacktime:0
[2019-08-06 11:33:01:431]
            LogID:[ldsdk] 3501[业务请求统计]
            Level:INFO
            Module:sdk
            Message:func：tdsecuL.4.11  dealTime:15563  packetid:4601  callbacktime:0
[2019-08-06 11:33:01:433]
            LogID:[ldsdk] 3501[业务请求统计]
            Level:INFO
            Module:sdk
            Message:func：tdsecuL.4.11  dealTime:18094  packetid:4244  callbacktime:0
[2019-08-06 11:33:01:445]
            LogID:[ldsdk] 3501[业务请求统计]
            Level:INFO
            Module:sdk
            Message:func：tdsecuL.4.11  dealTime:18921  packetid:4124  callbacktime:0
[2019-08-06 11:33:01:462]
            LogID:[ldsdk] 3501[业务请求统计]
            Level:INFO
            Module:sdk
            Message:func：tdsecuL.4.11  dealTime:17625  packetid:4317  callbacktime:0
[2019-08-06 11:33:01:492]
            LogID:[ldsdk] 3501[业务请求统计]
            Level:INFO
            Module:sdk
            Message:func：tdsecuL.4.11  dealTime:17812  packetid:4289  callbacktime:0
[2019-08-06 11:33:01:522]
            LogID:[ldsdk] 3501[业务请求统计]
            Level:INFO
            Module:sdk
            Message:func：tdsecuL.4.11  dealTime:21860  packetid:3737  callbacktime:0
[2019-08-06 11:33:01:529]
            LogID:[ldsdk] 3501[业务请求统计]
            Level:INFO
            Module:sdk
            Message:func：tdsecuL.4.11  dealTime:17047  packetid:4405  callbacktime:0
[2019-08-06 11:33:01:547]
            LogID:[ldsdk] 3501[业务请求统计]
            Level:INFO
            Module:sdk
            Message:func：tdsecuL.4.11  dealTime:16328  packetid:4505  callbacktime:0
[2019-08-06 11:33:01:547]
            LogID:[ldsdk] 3501[业务请求统计]
            Level:INFO
            Module:sdk
            Message:func：tdsecuL.4.11  dealTime:18172  packetid:4249  callbacktime:0
[2019-08-06 11:33:01:563]
            LogID:[ldsdk] 3501[业务请求统计]
            Level:INFO
            Module:sdk
            Message:func：tdsecuL.4.11  dealTime:20625  packetid:3920  callbacktime:0
[2019-08-06 11:33:02:547]
            LogID:[ldsdk] 3501[业务请求统计]
            Level:INFO
            Module:sdk
            Message:func：tdsecuL.4.11  dealTime:17531  packetid:4463  callbacktime:0
[2019-08-06 11:33:02:548]
            LogID:[ldsdk] 3501[业务请求统计]
            Level:INFO
            Module:sdk
            Message:func：tdsecuL.4.11  dealTime:17078  packetid:4549  callbacktime:0
[2019-08-06 11:33:02:586]
            LogID:[ldsdk] 3501[业务请求统计]
            Level:INFO
            Module:sdk
            Message:func：tdsecuL.4.11  dealTime:19219  packetid:4250  callbacktime:0
[2019-08-06 11:33:02:604]
            LogID:[ldsdk] 3501[业务请求统计]
            Level:INFO
            Module:sdk
            Message:func：tdsecuL.4.11  dealTime:19563  packetid:4202  callbacktime:0
[2019-08-06 11:33:02:604]
            LogID:[ldsdk] 3501[业务请求统计]
            Level:INFO
            Module:sdk
            Message:func：tdsecuL.4.11  dealTime:16688  packetid:4608  callbacktime:0
[2019-08-06 11:33:02:604]
            LogID:[ldsdk] 3501[业务请求统计]
            Level:INFO
            Module:sdk
            Message:func：tdsecuL.4.11  dealTime:21125  packetid:3982  callbacktime:0
[2019-08-06 11:33:02:605]
            LogID:[ldsdk] 3501[业务请求统计]
            Level:INFO
            Module:sdk
            Message:func：tdsecuL.4.11  dealTime:19688  packetid:4187  callbacktime:0
[2019-08-06 11:33:02:609]
            LogID:[ldsdk] 3501[业务请求统计]
            Level:INFO
            Module:sdk
            Message:func：tdsecuL.4.11  dealTime:16594  packetid:4617  callbacktime:0
[2019-08-06 11:33:02:609]
            LogID:[ldsdk] 3501[业务请求统计]
            Level:INFO
            Module:sdk
            Message:func：tdsecuL.4.11  dealTime:19110  packetid:4262  callbacktime:0
[2019-08-06 11:33:02:609]
            LogID:[ldsdk] 3501[业务请求统计]
            Level:INFO
            Module:sdk
            Message:func：tdsecuL.4.11  dealTime:17422  packetid:4499  callbacktime:0
[2019-08-06 11:33:03:766]
            LogID:[ldsdk] 3501[业务请求统计]
            Level:INFO
            Module:sdk
            Message:func：tdsecuL.4.11  dealTime:17859  packetid:4604  callbacktime:0
[2019-08-06 11:33:03:804]
            LogID:[ldsdk] 3501[业务请求统计]
            Level:INFO
            Module:sdk
            Message:func：tdsecuL.4.11  dealTime:18469  packetid:4528  callbacktime:0
[2019-08-06 15:46:36:552]
            LogID:[ldsdk] 3500[sdk初始化完成]
            Level:INFO
            Module:sdk
            Message:sdk编译日期：May  6 2019  编译时间：11:20:30
[2019-08-06 15:51:13:572]
            LogID:[ldsdk] 3502[业务请求超时]
            Level:WARNING
            Module:sdk
            Message:func：tdsecuL.4.11  WaitTime:7906  packetid:1
[2019-08-06 15:51:18:610]
            LogID:[ldsdk] 3502[业务请求超时]
            Level:WARNING
            Module:sdk
            Message:func：tdsecuL.4.11  WaitTime:12938  packetid:2
[2019-08-06 15:51:23:646]
            LogID:[ldsdk] 3502[业务请求超时]
            Level:WARNING
            Module:sdk
            Message:func：tdsecuL.4.11  WaitTime:17985  packetid:3
[2019-08-06 15:51:28:683]
            LogID:[ldsdk] 3502[业务请求超时]
            Level:WARNING
            Module:sdk
            Message:func：tdsecuL.4.11  WaitTime:23016  packetid:4
[2019-08-06 15:51:42:790]
            LogID:[ldsdk] 3500[sdk初始化完成]
            Level:INFO
            Module:sdk
            Message:sdk编译日期：May  6 2019  编译时间：11:20:30
