[2019-09-11 13:57:23:575]
            LogID:[ldsdk] 3500[sdk初始化完成]
            Level:INFO
            Module:sdk
            Message:sdk编译日期：May  6 2019  编译时间：11:20:30
[2019-09-11 13:57:54:911]
            LogID:[ldsdk] 3501[业务请求统计]
            Level:INFO
            Module:sdk
            Message:func：tdsecuL.4.101  dealTime:32  packetid:18  callbacktime:0
[2019-09-11 13:57:54:911]
            LogID:[ldsdk] 3501[业务请求统计]
            Level:INFO
            Module:sdk
            Message:func：tdsecuL.4.101  dealTime:32  packetid:8  callbacktime:0
[2019-09-11 13:57:54:911]
            LogID:[ldsdk] 3501[业务请求统计]
            Level:INFO
            Module:sdk
            Message:func：tdsecuL.4.101  dealTime:32  packetid:12  callbacktime:0
[2019-09-11 13:57:54:911]
            LogID:[ldsdk] 3501[业务请求统计]
            Level:INFO
            Module:sdk
            Message:func：tdsecuL.4.101  dealTime:32  packetid:16  callbacktime:0
[2019-09-11 13:57:54:911]
            LogID:[ldsdk] 3501[业务请求统计]
            Level:INFO
            Module:sdk
            Message:func：tdsecuL.4.101  dealTime:32  packetid:34  callbacktime:0
[2019-09-11 13:57:54:911]
            LogID:[ldsdk] 3501[业务请求统计]
            Level:INFO
            Module:sdk
            Message:func：tdsecuL.4.101  dealTime:32  packetid:2  callbacktime:0
[2019-09-11 13:57:54:921]
            LogID:[ldsdk] 3501[业务请求统计]
            Level:INFO
            Module:sdk
            Message:func：tdsecuL.4.101  dealTime:32  packetid:10  callbacktime:0
[2019-09-11 13:57:54:921]
            LogID:[ldsdk] 3501[业务请求统计]
            Level:INFO
            Module:sdk
            Message:func：tdsecuL.4.101  dealTime:32  packetid:58  callbacktime:0
[2019-09-11 13:57:54:921]
            LogID:[ldsdk] 3501[业务请求统计]
            Level:INFO
            Module:sdk
            Message:func：tdsecuL.4.101  dealTime:32  packetid:78  callbacktime:0
[2019-09-11 13:57:54:921]
            LogID:[ldsdk] 3501[业务请求统计]
            Level:INFO
            Module:sdk
            Message:func：tdsecuL.4.101  dealTime:32  packetid:44  callbacktime:0
[2019-09-11 13:57:55:124]
            LogID:[ldsdk] 3501[业务请求统计]
            Level:INFO
            Module:sdk
            Message:func：tdsecuL.4.101  dealTime:47  packetid:140  callbacktime:172
[2019-09-11 13:57:55:124]
            LogID:[ldsdk] 3501[业务请求统计]
            Level:INFO
            Module:sdk
            Message:func：tdsecuL.4.101  dealTime:235  packetid:66  callbacktime:0
[2019-09-11 13:57:55:124]
            LogID:[ldsdk] 3501[业务请求统计]
            Level:INFO
            Module:sdk
            Message:func：tdsecuL.4.101  dealTime:235  packetid:98  callbacktime:0
[2019-09-11 13:57:55:124]
            LogID:[ldsdk] 3501[业务请求统计]
            Level:INFO
            Module:sdk
            Message:func：tdsecuL.4.101  dealTime:219  packetid:150  callbacktime:0
[2019-09-11 13:57:55:124]
            LogID:[ldsdk] 3501[业务请求统计]
            Level:INFO
            Module:sdk
            Message:func：tdsecuL.4.101  dealTime:235  packetid:80  callbacktime:0
[2019-09-11 13:57:55:124]
            LogID:[ldsdk] 3501[业务请求统计]
            Level:INFO
            Module:sdk
            Message:func：tdsecuL.4.101  dealTime:235  packetid:106  callbacktime:0
[2019-09-11 13:57:55:124]
            LogID:[ldsdk] 3501[业务请求统计]
            Level:INFO
            Module:sdk
            Message:func：tdsecuL.4.101  dealTime:235  packetid:76  callbacktime:0
[2019-09-11 13:57:55:124]
            LogID:[ldsdk] 3501[业务请求统计]
            Level:INFO
            Module:sdk
            Message:func：tdsecuL.4.101  dealTime:219  packetid:132  callbacktime:0
[2019-09-11 13:57:55:124]
            LogID:[ldsdk] 3501[业务请求统计]
            Level:INFO
            Module:sdk
            Message:func：tdsecuL.4.101  dealTime:219  packetid:148  callbacktime:0
[2019-09-11 13:57:55:124]
            LogID:[ldsdk] 3501[业务请求统计]
            Level:INFO
            Module:sdk
            Message:func：tdsecuL.4.101  dealTime:219  packetid:130  callbacktime:0
[2019-09-11 13:57:56:328]
            LogID:[ldsdk] 3501[业务请求统计]
            Level:INFO
            Module:sdk
            Message:func：tdsecuL.4.11  dealTime:1234  packetid:143  callbacktime:188
[2019-09-11 13:57:56:328]
            LogID:[ldsdk] 3501[业务请求统计]
            Level:INFO
            Module:sdk
            Message:func：tdsecuL.4.11  dealTime:1422  packetid:155  callbacktime:0
[2019-09-11 13:57:56:328]
            LogID:[ldsdk] 3501[业务请求统计]
            Level:INFO
            Module:sdk
            Message:func：tdsecuL.4.11  dealTime:1375  packetid:239  callbacktime:0
[2019-09-11 13:57:56:328]
            LogID:[ldsdk] 3501[业务请求统计]
            Level:INFO
            Module:sdk
            Message:func：tdsecuL.4.101  dealTime:1422  packetid:192  callbacktime:0
[2019-09-11 13:57:56:328]
            LogID:[ldsdk] 3501[业务请求统计]
            Level:INFO
            Module:sdk
            Message:func：tdsecuL.4.11  dealTime:1422  packetid:169  callbacktime:0
[2019-09-11 13:57:56:328]
            LogID:[ldsdk] 3501[业务请求统计]
            Level:INFO
            Module:sdk
            Message:func：tdsecuL.4.11  dealTime:1438  packetid:19  callbacktime:0
[2019-09-11 13:57:56:328]
            LogID:[ldsdk] 3501[业务请求统计]
            Level:INFO
            Module:sdk
            Message:func：tdsecuL.4.11  dealTime:1391  packetid:227  callbacktime:0
[2019-09-11 13:57:56:328]
            LogID:[ldsdk] 3501[业务请求统计]
            Level:INFO
            Module:sdk
            Message:func：tdsecuL.4.101  dealTime:1422  packetid:156  callbacktime:0
[2019-09-11 13:57:56:328]
            LogID:[ldsdk] 3501[业务请求统计]
            Level:INFO
            Module:sdk
            Message:func：tdsecuL.4.101  dealTime:656  packetid:332  callbacktime:0
[2019-09-11 13:57:56:328]
            LogID:[ldsdk] 3501[业务请求统计]
            Level:INFO
            Module:sdk
            Message:func：tdsecuL.4.11  dealTime:1000  packetid:277  callbacktime:0
[2019-09-11 13:57:57:530]
            LogID:[ldsdk] 3501[业务请求统计]
            Level:INFO
            Module:sdk
            Message:func：tdsecuL.4.101  dealTime:1016  packetid:414  callbacktime:187
[2019-09-11 13:57:57:530]
            LogID:[ldsdk] 3501[业务请求统计]
            Level:INFO
            Module:sdk
            Message:func：tdsecuL.4.101  dealTime:2000  packetid:306  callbacktime:0
[2019-09-11 13:57:57:530]
            LogID:[ldsdk] 3501[业务请求统计]
            Level:INFO
            Module:sdk
            Message:func：tdsecuL.4.101  dealTime:1000  packetid:442  callbacktime:0
[2019-09-11 13:57:57:530]
            LogID:[ldsdk] 3501[业务请求统计]
            Level:INFO
            Module:sdk
            Message:func：tdsecuL.4.101  dealTime:1203  packetid:422  callbacktime:0
[2019-09-11 13:57:57:530]
            LogID:[ldsdk] 3501[业务请求统计]
            Level:INFO
            Module:sdk
            Message:func：tdsecuL.4.101  dealTime:1391  packetid:406  callbacktime:0
[2019-09-11 13:57:57:530]
            LogID:[ldsdk] 3501[业务请求统计]
            Level:INFO
            Module:sdk
            Message:func：tdsecuL.4.101  dealTime:1000  packetid:452  callbacktime:0
[2019-09-11 13:57:57:530]
            LogID:[ldsdk] 3501[业务请求统计]
            Level:INFO
            Module:sdk
            Message:func：tdsecuL.4.101  dealTime:1000  packetid:460  callbacktime:0
[2019-09-11 13:57:57:530]
            LogID:[ldsdk] 3501[业务请求统计]
            Level:INFO
            Module:sdk
            Message:func：tdsecuL.4.11  dealTime:1187  packetid:423  callbacktime:0
[2019-09-11 13:57:57:530]
            LogID:[ldsdk] 3501[业务请求统计]
            Level:INFO
            Module:sdk
            Message:func：tdsecuL.4.101  dealTime:797  packetid:472  callbacktime:0
[2019-09-11 13:57:57:530]
            LogID:[ldsdk] 3501[业务请求统计]
            Level:INFO
            Module:sdk
            Message:func：tdsecuL.4.11  dealTime:1203  packetid:421  callbacktime:0
[2019-09-11 13:57:58:533]
            LogID:[ldsdk] 3501[业务请求统计]
            Level:INFO
            Module:sdk
            Message:func：tdsecuL.4.101  dealTime:1000  packetid:578  callbacktime:203
[2019-09-11 13:57:58:533]
            LogID:[ldsdk] 3501[业务请求统计]
            Level:INFO
            Module:sdk
            Message:func：tdsecuL.4.11  dealTime:1407  packetid:539  callbacktime:0
[2019-09-11 13:57:58:533]
            LogID:[ldsdk] 3501[业务请求统计]
            Level:INFO
            Module:sdk
            Message:func：tdsecuL.4.101  dealTime:1203  packetid:562  callbacktime:0
[2019-09-11 13:57:58:533]
            LogID:[ldsdk] 3501[业务请求统计]
            Level:INFO
            Module:sdk
            Message:func：tdsecuL.4.101  dealTime:1203  packetid:566  callbacktime:0
[2019-09-11 13:57:58:533]
            LogID:[ldsdk] 3501[业务请求统计]
            Level:INFO
            Module:sdk
            Message:func：tdsecuL.4.101  dealTime:1203  packetid:568  callbacktime:0
[2019-09-11 13:57:58:533]
            LogID:[ldsdk] 3501[业务请求统计]
            Level:INFO
            Module:sdk
            Message:func：tdsecuL.4.11  dealTime:1407  packetid:537  callbacktime:0
[2019-09-11 13:57:58:533]
            LogID:[ldsdk] 3501[业务请求统计]
            Level:INFO
            Module:sdk
            Message:func：tdsecuL.4.11  dealTime:1407  packetid:533  callbacktime:0
[2019-09-11 13:57:58:533]
            LogID:[ldsdk] 3501[业务请求统计]
            Level:INFO
            Module:sdk
            Message:func：tdsecuL.4.101  dealTime:1203  packetid:572  callbacktime:0
[2019-09-11 13:57:58:533]
            LogID:[ldsdk] 3501[业务请求统计]
            Level:INFO
            Module:sdk
            Message:func：tdsecuL.4.11  dealTime:1407  packetid:529  callbacktime:0
[2019-09-11 13:57:58:533]
            LogID:[ldsdk] 3501[业务请求统计]
            Level:INFO
            Module:sdk
            Message:func：tdsecuL.4.11  dealTime:1407  packetid:535  callbacktime:0
[2019-09-11 13:57:59:735]
            LogID:[ldsdk] 3501[业务请求统计]
            Level:INFO
            Module:sdk
            Message:func：tdsecuL.4.11  dealTime:1203  packetid:711  callbacktime:203
[2019-09-11 13:57:59:735]
            LogID:[ldsdk] 3501[业务请求统计]
            Level:INFO
            Module:sdk
            Message:func：tdsecuL.4.11  dealTime:1406  packetid:693  callbacktime:0
[2019-09-11 13:57:59:735]
            LogID:[ldsdk] 3501[业务请求统计]
            Level:INFO
            Module:sdk
            Message:func：tdsecuL.4.11  dealTime:1610  packetid:679  callbacktime:0
[2019-09-11 13:57:59:735]
            LogID:[ldsdk] 3501[业务请求统计]
            Level:INFO
            Module:sdk
            Message:func：tdsecuL.4.11  dealTime:1406  packetid:695  callbacktime:0
[2019-09-11 13:57:59:735]
            LogID:[ldsdk] 3501[业务请求统计]
            Level:INFO
            Module:sdk
            Message:func：tdsecuL.4.11  dealTime:1406  packetid:691  callbacktime:0
[2019-09-11 13:57:59:735]
            LogID:[ldsdk] 3501[业务请求统计]
            Level:INFO
            Module:sdk
            Message:func：tdsecuL.4.11  dealTime:1406  packetid:697  callbacktime:0
[2019-09-11 13:57:59:735]
            LogID:[ldsdk] 3501[业务请求统计]
            Level:INFO
            Module:sdk
            Message:func：tdsecuL.4.11  dealTime:1406  packetid:699  callbacktime:0
[2019-09-11 13:57:59:735]
            LogID:[ldsdk] 3501[业务请求统计]
            Level:INFO
            Module:sdk
            Message:func：tdsecuL.4.11  dealTime:1406  packetid:713  callbacktime:0
[2019-09-11 13:57:59:736]
            LogID:[ldsdk] 3501[业务请求统计]
            Level:INFO
            Module:sdk
            Message:func：tdsecuL.4.11  dealTime:1610  packetid:685  callbacktime:0
[2019-09-11 13:57:59:736]
            LogID:[ldsdk] 3501[业务请求统计]
            Level:INFO
            Module:sdk
            Message:func：tdsecuL.4.11  dealTime:1406  packetid:709  callbacktime:0
[2019-09-11 13:58:00:738]
            LogID:[ldsdk] 3501[业务请求统计]
            Level:INFO
            Module:sdk
            Message:func：tdsecuL.4.101  dealTime:1203  packetid:852  callbacktime:203
[2019-09-11 13:58:00:738]
            LogID:[ldsdk] 3501[业务请求统计]
            Level:INFO
            Module:sdk
            Message:func：tdsecuL.4.101  dealTime:1406  packetid:850  callbacktime:0
[2019-09-11 13:58:00:738]
            LogID:[ldsdk] 3501[业务请求统计]
            Level:INFO
            Module:sdk
            Message:func：tdsecuL.4.101  dealTime:1406  packetid:856  callbacktime:0
[2019-09-11 13:58:00:738]
            LogID:[ldsdk] 3501[业务请求统计]
            Level:INFO
            Module:sdk
            Message:func：tdsecuL.4.11  dealTime:1406  packetid:831  callbacktime:0
[2019-09-11 13:58:00:738]
            LogID:[ldsdk] 3501[业务请求统计]
            Level:INFO
            Module:sdk
            Message:func：tdsecuL.4.11  dealTime:1406  packetid:857  callbacktime:0
[2019-09-11 13:58:00:738]
            LogID:[ldsdk] 3501[业务请求统计]
            Level:INFO
            Module:sdk
            Message:func：tdsecuL.4.11  dealTime:1406  packetid:843  callbacktime:0
[2019-09-11 13:58:00:738]
            LogID:[ldsdk] 3501[业务请求统计]
            Level:INFO
            Module:sdk
            Message:func：tdsecuL.4.11  dealTime:1406  packetid:837  callbacktime:0
[2019-09-11 13:58:00:738]
            LogID:[ldsdk] 3501[业务请求统计]
            Level:INFO
            Module:sdk
            Message:func：tdsecuL.4.11  dealTime:1406  packetid:833  callbacktime:0
[2019-09-11 13:58:00:738]
            LogID:[ldsdk] 3501[业务请求统计]
            Level:INFO
            Module:sdk
            Message:func：tdsecuL.4.101  dealTime:1406  packetid:834  callbacktime:0
[2019-09-11 13:58:00:738]
            LogID:[ldsdk] 3501[业务请求统计]
            Level:INFO
            Module:sdk
            Message:func：tdsecuL.4.101  dealTime:1406  packetid:842  callbacktime:0
[2019-09-11 13:58:01:741]
            LogID:[ldsdk] 3501[业务请求统计]
            Level:INFO
            Module:sdk
            Message:func：tdsecuL.4.11  dealTime:1797  packetid:899  callbacktime:203
[2019-09-11 13:58:01:741]
            LogID:[ldsdk] 3501[业务请求统计]
            Level:INFO
            Module:sdk
            Message:func：tdsecuL.4.11  dealTime:1406  packetid:977  callbacktime:0
[2019-09-11 13:58:01:741]
            LogID:[ldsdk] 3501[业务请求统计]
            Level:INFO
            Module:sdk
            Message:func：tdsecuL.4.101  dealTime:1203  packetid:1004  callbacktime:0
[2019-09-11 13:58:01:741]
            LogID:[ldsdk] 3501[业务请求统计]
            Level:INFO
            Module:sdk
            Message:func：tdsecuL.4.101  dealTime:1406  packetid:994  callbacktime:0
[2019-09-11 13:58:01:741]
            LogID:[ldsdk] 3501[业务请求统计]
            Level:INFO
            Module:sdk
            Message:func：tdsecuL.4.101  dealTime:1203  packetid:1000  callbacktime:0
[2019-09-11 13:58:01:741]
            LogID:[ldsdk] 3501[业务请求统计]
            Level:INFO
            Module:sdk
            Message:func：tdsecuL.4.101  dealTime:1203  packetid:1010  callbacktime:0
[2019-09-11 13:58:01:741]
            LogID:[ldsdk] 3501[业务请求统计]
            Level:INFO
            Module:sdk
            Message:func：tdsecuL.4.101  dealTime:1203  packetid:1006  callbacktime:0
[2019-09-11 13:58:01:741]
            LogID:[ldsdk] 3501[业务请求统计]
            Level:INFO
            Module:sdk
            Message:func：tdsecuL.4.101  dealTime:1203  packetid:1020  callbacktime:0
[2019-09-11 13:58:01:741]
            LogID:[ldsdk] 3501[业务请求统计]
            Level:INFO
            Module:sdk
            Message:func：tdsecuL.4.11  dealTime:1406  packetid:993  callbacktime:0
[2019-09-11 13:58:01:741]
            LogID:[ldsdk] 3501[业务请求统计]
            Level:INFO
            Module:sdk
            Message:func：tdsecuL.4.101  dealTime:1203  packetid:1008  callbacktime:0
[2019-09-11 13:58:02:944]
            LogID:[ldsdk] 3501[业务请求统计]
            Level:INFO
            Module:sdk
            Message:func：tdsecuL.4.101  dealTime:1000  packetid:1190  callbacktime:203
[2019-09-11 13:58:02:944]
            LogID:[ldsdk] 3501[业务请求统计]
            Level:INFO
            Module:sdk
            Message:func：tdsecuL.4.101  dealTime:1203  packetid:1188  callbacktime:0
[2019-09-11 13:58:02:944]
            LogID:[ldsdk] 3501[业务请求统计]
            Level:INFO
            Module:sdk
            Message:func：tdsecuL.4.101  dealTime:1203  packetid:1168  callbacktime:0
[2019-09-11 13:58:02:944]
            LogID:[ldsdk] 3501[业务请求统计]
            Level:INFO
            Module:sdk
            Message:func：tdsecuL.4.11  dealTime:1406  packetid:1163  callbacktime:0
[2019-09-11 13:58:02:944]
            LogID:[ldsdk] 3501[业务请求统计]
            Level:INFO
            Module:sdk
            Message:func：tdsecuL.4.101  dealTime:1406  packetid:1148  callbacktime:0
[2019-09-11 13:58:02:944]
            LogID:[ldsdk] 3501[业务请求统计]
            Level:INFO
            Module:sdk
            Message:func：tdsecuL.4.101  dealTime:1203  packetid:1184  callbacktime:0
[2019-09-11 13:58:02:944]
            LogID:[ldsdk] 3501[业务请求统计]
            Level:INFO
            Module:sdk
            Message:func：tdsecuL.4.101  dealTime:1203  packetid:1178  callbacktime:0
[2019-09-11 13:58:02:944]
            LogID:[ldsdk] 3501[业务请求统计]
            Level:INFO
            Module:sdk
            Message:func：tdsecuL.4.101  dealTime:1203  packetid:1174  callbacktime:0
[2019-09-11 13:58:02:944]
            LogID:[ldsdk] 3501[业务请求统计]
            Level:INFO
            Module:sdk
            Message:func：tdsecuL.4.101  dealTime:1203  packetid:1192  callbacktime:0
[2019-09-11 13:58:02:944]
            LogID:[ldsdk] 3501[业务请求统计]
            Level:INFO
            Module:sdk
            Message:func：tdsecuL.4.11  dealTime:1609  packetid:1111  callbacktime:0
[2019-09-11 13:58:03:946]
            LogID:[ldsdk] 3501[业务请求统计]
            Level:INFO
            Module:sdk
            Message:func：tdsecuL.4.11  dealTime:1203  packetid:1297  callbacktime:203
[2019-09-11 13:58:03:946]
            LogID:[ldsdk] 3501[业务请求统计]
            Level:INFO
            Module:sdk
            Message:func：tdsecuL.4.11  dealTime:1594  packetid:1273  callbacktime:0
[2019-09-11 13:58:03:946]
            LogID:[ldsdk] 3501[业务请求统计]
            Level:INFO
            Module:sdk
            Message:func：tdsecuL.4.11  dealTime:1406  packetid:1301  callbacktime:0
[2019-09-11 13:58:03:946]
            LogID:[ldsdk] 3501[业务请求统计]
            Level:INFO
            Module:sdk
            Message:func：tdsecuL.4.11  dealTime:1406  packetid:1295  callbacktime:0
[2019-09-11 13:58:03:946]
            LogID:[ldsdk] 3501[业务请求统计]
            Level:INFO
            Module:sdk
            Message:func：tdsecuL.4.11  dealTime:1406  packetid:1279  callbacktime:0
[2019-09-11 13:58:03:946]
            LogID:[ldsdk] 3501[业务请求统计]
            Level:INFO
            Module:sdk
            Message:func：tdsecuL.4.11  dealTime:1406  packetid:1299  callbacktime:0
[2019-09-11 13:58:03:946]
            LogID:[ldsdk] 3501[业务请求统计]
            Level:INFO
            Module:sdk
            Message:func：tdsecuL.4.11  dealTime:1406  packetid:1281  callbacktime:0
[2019-09-11 13:58:03:946]
            LogID:[ldsdk] 3501[业务请求统计]
            Level:INFO
            Module:sdk
            Message:func：tdsecuL.4.11  dealTime:1406  packetid:1283  callbacktime:0
[2019-09-11 13:58:03:946]
            LogID:[ldsdk] 3501[业务请求统计]
            Level:INFO
            Module:sdk
            Message:func：tdsecuL.4.101  dealTime:1406  packetid:1304  callbacktime:0
[2019-09-11 13:58:03:946]
            LogID:[ldsdk] 3501[业务请求统计]
            Level:INFO
            Module:sdk
            Message:func：tdsecuL.4.11  dealTime:1406  packetid:1291  callbacktime:0
[2019-09-11 13:58:05:149]
            LogID:[ldsdk] 3501[业务请求统计]
            Level:INFO
            Module:sdk
            Message:func：tdsecuL.4.11  dealTime:1406  packetid:1433  callbacktime:203
[2019-09-11 13:58:05:149]
            LogID:[ldsdk] 3501[业务请求统计]
            Level:INFO
            Module:sdk
            Message:func：tdsecuL.4.101  dealTime:1406  packetid:1464  callbacktime:0
[2019-09-11 13:58:05:149]
            LogID:[ldsdk] 3501[业务请求统计]
            Level:INFO
            Module:sdk
            Message:func：tdsecuL.4.101  dealTime:1406  packetid:1456  callbacktime:0
[2019-09-11 13:58:05:149]
            LogID:[ldsdk] 3501[业务请求统计]
            Level:INFO
            Module:sdk
            Message:func：tdsecuL.4.101  dealTime:1406  packetid:1466  callbacktime:0
[2019-09-11 13:58:05:149]
            LogID:[ldsdk] 3501[业务请求统计]
            Level:INFO
            Module:sdk
            Message:func：tdsecuL.4.101  dealTime:1406  packetid:1468  callbacktime:0
[2019-09-11 13:58:05:149]
            LogID:[ldsdk] 3501[业务请求统计]
            Level:INFO
            Module:sdk
            Message:func：tdsecuL.4.101  dealTime:1406  packetid:1474  callbacktime:0
[2019-09-11 13:58:05:149]
            LogID:[ldsdk] 3501[业务请求统计]
            Level:INFO
            Module:sdk
            Message:func：tdsecuL.4.101  dealTime:1406  packetid:1462  callbacktime:0
[2019-09-11 13:58:05:149]
            LogID:[ldsdk] 3501[业务请求统计]
            Level:INFO
            Module:sdk
            Message:func：tdsecuL.4.101  dealTime:1406  packetid:1454  callbacktime:0
[2019-09-11 13:58:05:149]
            LogID:[ldsdk] 3501[业务请求统计]
            Level:INFO
            Module:sdk
            Message:func：tdsecuL.4.11  dealTime:1609  packetid:1429  callbacktime:0
[2019-09-11 13:58:05:149]
            LogID:[ldsdk] 3501[业务请求统计]
            Level:INFO
            Module:sdk
            Message:func：tdsecuL.4.11  dealTime:1797  packetid:1399  callbacktime:0
[2019-09-11 13:58:06:151]
            LogID:[ldsdk] 3501[业务请求统计]
            Level:INFO
            Module:sdk
            Message:func：tdsecuL.4.101  dealTime:1391  packetid:1574  callbacktime:203
[2019-09-11 13:58:06:151]
            LogID:[ldsdk] 3501[业务请求统计]
            Level:INFO
            Module:sdk
            Message:func：tdsecuL.4.11  dealTime:1594  packetid:1577  callbacktime:0
[2019-09-11 13:58:06:151]
            LogID:[ldsdk] 3501[业务请求统计]
            Level:INFO
            Module:sdk
            Message:func：tdsecuL.4.11  dealTime:1594  packetid:1583  callbacktime:0
[2019-09-11 13:58:06:151]
            LogID:[ldsdk] 3501[业务请求统计]
            Level:INFO
            Module:sdk
            Message:func：tdsecuL.4.11  dealTime:1594  packetid:1585  callbacktime:0
[2019-09-11 13:58:06:151]
            LogID:[ldsdk] 3501[业务请求统计]
            Level:INFO
            Module:sdk
            Message:func：tdsecuL.4.101  dealTime:1406  packetid:1594  callbacktime:0
[2019-09-11 13:58:06:151]
            LogID:[ldsdk] 3501[业务请求统计]
            Level:INFO
            Module:sdk
            Message:func：tdsecuL.4.101  dealTime:1406  packetid:1592  callbacktime:0
[2019-09-11 13:58:06:151]
            LogID:[ldsdk] 3501[业务请求统计]
            Level:INFO
            Module:sdk
            Message:func：tdsecuL.4.101  dealTime:1406  packetid:1588  callbacktime:0
[2019-09-11 13:58:06:151]
            LogID:[ldsdk] 3501[业务请求统计]
            Level:INFO
            Module:sdk
            Message:func：tdsecuL.4.101  dealTime:1406  packetid:1598  callbacktime:0
[2019-09-11 13:58:06:151]
            LogID:[ldsdk] 3501[业务请求统计]
            Level:INFO
            Module:sdk
            Message:func：tdsecuL.4.101  dealTime:1406  packetid:1602  callbacktime:0
[2019-09-11 13:58:06:151]
            LogID:[ldsdk] 3501[业务请求统计]
            Level:INFO
            Module:sdk
            Message:func：tdsecuL.4.101  dealTime:1391  packetid:1608  callbacktime:0
[2019-09-11 13:58:07:354]
            LogID:[ldsdk] 3501[业务请求统计]
            Level:INFO
            Module:sdk
            Message:func：tdsecuL.4.11  dealTime:1391  packetid:1751  callbacktime:203
[2019-09-11 13:58:07:354]
            LogID:[ldsdk] 3501[业务请求统计]
            Level:INFO
            Module:sdk
            Message:func：tdsecuL.4.101  dealTime:1594  packetid:1752  callbacktime:0
[2019-09-11 13:58:07:354]
            LogID:[ldsdk] 3501[业务请求统计]
            Level:INFO
            Module:sdk
            Message:func：tdsecuL.4.11  dealTime:1594  packetid:1745  callbacktime:0
[2019-09-11 13:58:07:354]
            LogID:[ldsdk] 3501[业务请求统计]
            Level:INFO
            Module:sdk
            Message:func：tdsecuL.4.11  dealTime:1594  packetid:1741  callbacktime:0
[2019-09-11 13:58:07:354]
            LogID:[ldsdk] 3501[业务请求统计]
            Level:INFO
            Module:sdk
            Message:func：tdsecuL.4.101  dealTime:1406  packetid:1762  callbacktime:0
[2019-09-11 13:58:07:354]
            LogID:[ldsdk] 3501[业务请求统计]
            Level:INFO
            Module:sdk
            Message:func：tdsecuL.4.101  dealTime:1406  packetid:1760  callbacktime:0
[2019-09-11 13:58:07:354]
            LogID:[ldsdk] 3501[业务请求统计]
            Level:INFO
            Module:sdk
            Message:func：tdsecuL.4.101  dealTime:1406  packetid:1780  callbacktime:0
[2019-09-11 13:58:07:354]
            LogID:[ldsdk] 3501[业务请求统计]
            Level:INFO
            Module:sdk
            Message:func：tdsecuL.4.101  dealTime:1406  packetid:1764  callbacktime:0
[2019-09-11 13:58:07:354]
            LogID:[ldsdk] 3501[业务请求统计]
            Level:INFO
            Module:sdk
            Message:func：tdsecuL.4.101  dealTime:1406  packetid:1776  callbacktime:0
[2019-09-11 13:58:07:354]
            LogID:[ldsdk] 3501[业务请求统计]
            Level:INFO
            Module:sdk
            Message:func：tdsecuL.4.101  dealTime:1406  packetid:1756  callbacktime:0
