[时间]:2019-08-06 10:32:00,472
[级别]:INFO
[内容]:10:32:00,458 开始启动

[时间]:2019-08-06 10:32:05,283
[级别]:INFO
[内容]:10:32:05,276 结束启动

[时间]:2019-08-06 10:32:09,120
[级别]:INFO
[内容]:10:32:09,107 开始启动

[时间]:2019-08-06 10:32:11,019
[级别]:ERROR
[内容]:10:32:11,013 功能号[tdsecuL.4.11]，errorCode[tdsecuA.4.13.707]，errorinfo[价格类型=1,订单价格=0.000000000],errorprompt[限价订单价格不合法！]

[时间]:2019-08-06 10:32:14,662
[级别]:INFO
[内容]:10:32:14,656 结束启动

[时间]:2019-08-06 11:32:24,907
[级别]:INFO
[内容]:11:32:24,892 开始启动

[时间]:2019-08-06 11:32:30,438
[级别]:ERROR
[内容]:11:32:30,430 功能号[tdsecuL.4.11]，errorCode[tdsecuA.4.13.707]，errorinfo[价格类型=1,订单价格=0.000000000],errorprompt[限价订单价格不合法！]

[时间]:2019-08-06 11:32:30,789
[级别]:ERROR
[内容]:11:32:30,778 功能号[tdsecuL.4.11]，errorCode[tdsecuA.4.13.707]，errorinfo[价格类型=1,订单价格=0.000000000],errorprompt[限价订单价格不合法！]

[时间]:2019-08-06 11:32:31,021
[级别]:ERROR
[内容]:11:32:31,014 功能号[tdsecuL.4.11]，errorCode[tdsecuA.4.13.707]，errorinfo[价格类型=1,订单价格=0.000000000],errorprompt[限价订单价格不合法！]

[时间]:2019-08-06 11:32:32,099
[级别]:ERROR
[内容]:11:32:32,093 功能号[tdsecuL.4.11]，errorCode[tdsecuA.4.13.707]，errorinfo[价格类型=1,订单价格=0.000000000],errorprompt[限价订单价格不合法！]

[时间]:2019-08-06 11:32:32,786
[级别]:ERROR
[内容]:11:32:32,785 功能号[tdsecuL.4.11]，errorCode[tdsecuA.4.13.707]，errorinfo[价格类型=1,订单价格=0.000000000],errorprompt[限价订单价格不合法！]

[时间]:2019-08-06 11:32:33,028
[级别]:ERROR
[内容]:11:32:33,018 功能号[tdsecuL.4.11]，errorCode[tdsecuA.4.13.707]，errorinfo[价格类型=1,订单价格=0.000000000],errorprompt[限价订单价格不合法！]

[时间]:2019-08-06 11:32:33,914
[级别]:ERROR
[内容]:11:32:33,907 功能号[tdsecuL.4.11]，errorCode[tdsecuA.4.13.707]，errorinfo[价格类型=1,订单价格=0.000000000],errorprompt[限价订单价格不合法！]

[时间]:2019-08-06 11:32:44,188
[级别]:ERROR
[内容]:11:32:44,186 功能号[tdsecuL.4.11]，errorCode[tdsecuA.4.13.707]，errorinfo[价格类型=1,订单价格=0.000000000],errorprompt[限价订单价格不合法！]

[时间]:2019-08-06 11:32:46,077
[级别]:INFO
[内容]:11:32:46,072 结束启动

[时间]:2019-08-06 11:32:48,874
[级别]:ERROR
[内容]:11:32:48,870 功能号[tdsecuL.4.11]，errorCode[tdsecuA.4.13.707]，errorinfo[价格类型=1,订单价格=0.000000000],errorprompt[限价订单价格不合法！]

[时间]:2019-08-06 11:32:52,896
[级别]:ERROR
[内容]:11:32:52,885 功能号[tdsecuL.4.11]，errorCode[tdsecuA.4.13.707]，errorinfo[价格类型=1,订单价格=0.000000000],errorprompt[限价订单价格不合法！]

[时间]:2019-08-06 11:32:57,275
[级别]:ERROR
[内容]:11:32:57,267 功能号[tdsecuL.4.11]，errorCode[tdsecuA.4.13.707]，errorinfo[价格类型=1,订单价格=0.000000000],errorprompt[限价订单价格不合法！]

[时间]:2019-08-06 11:32:59,057
[级别]:ERROR
[内容]:11:32:59,051 功能号[tdsecuL.4.11]，errorCode[tdsecuA.4.13.707]，errorinfo[价格类型=1,订单价格=0.000000000],errorprompt[限价订单价格不合法！]

[时间]:2019-08-06 15:50:44,697
[级别]:INFO
[内容]:15:50:44,683 开始启动

[时间]:2019-08-06 15:50:54,921
[级别]:INFO
[内容]:15:50:54,918 开始启动

[时间]:2019-08-06 15:51:10,531
[级别]:INFO
[内容]:15:51:10,529 结束启动

[时间]:2019-08-06 15:51:14,533
[级别]:INFO
[内容]:15:51:14,527 开始启动

[时间]:2019-08-06 15:51:23,427
[级别]:INFO
[内容]:15:51:23,418 结束启动

[时间]:2019-08-06 15:52:04,463
[级别]:INFO
[内容]:15:52:04,448 开始启动

[时间]:2019-08-06 15:52:05,110
[级别]:ERROR
[内容]:15:52:05,107 发现文件格式错误
System.NullReferenceException: 未将对象引用设置到对象的实例。
   在 LDsdkDefineEx.LDFastMessageAdapter.GetBizBodyRecord()
   在 MyLR.MainViewModel.LoadCaseData(String filePath, List`1 funList) 位置 D:\code\OSM2.0\trunk\Clients\TradeClient\MyLR\MainViewModel .cs:行号 245
   在 MyLR.MainViewModel.Work(CaseGroup caseGroup) 位置 D:\code\OSM2.0\trunk\Clients\TradeClient\MyLR\MainViewModel .cs:行号 437

