[时间]:2019-10-11 08:47:16,601
[级别]:INFO
[内容]:08:47:16,587 开始启动

[时间]:2019-10-11 08:47:55,218
[级别]:INFO
[内容]:08:47:55,206 开始启动

[时间]:2019-10-11 08:48:04,957
[级别]:INFO
[内容]:08:48:04,956 开始启动

[时间]:2019-10-11 08:48:22,960
[级别]:INFO
[内容]:08:48:22,957 结束启动

[时间]:2019-10-11 08:48:42,709
[级别]:INFO
[内容]:08:48:42,707 开始启动

[时间]:2019-10-11 08:50:24,382
[级别]:INFO
[内容]:08:50:24,369 开始启动

[时间]:2019-10-11 08:59:04,643
[级别]:INFO
[内容]:08:59:04,631 开始启动

[时间]:2019-10-11 08:59:07,022
[级别]:INFO
[内容]:08:59:07,011 开始启动

[时间]:2019-10-11 08:59:08,025
[级别]:INFO
[内容]:08:59:08,019 开始启动

[时间]:2019-10-11 08:59:08,661
[级别]:INFO
[内容]:08:59:08,660 开始启动

[时间]:2019-10-11 08:59:09,145
[级别]:INFO
[内容]:08:59:09,134 开始启动

[时间]:2019-10-11 08:59:09,602
[级别]:INFO
[内容]:08:59:09,582 开始启动

[时间]:2019-10-11 08:59:10,171
[级别]:INFO
[内容]:08:59:10,158 开始启动

[时间]:2019-10-11 08:59:10,658
[级别]:INFO
[内容]:08:59:10,640 开始启动

[时间]:2019-10-11 08:59:17,869
[级别]:INFO
[内容]:08:59:17,863 结束启动

[时间]:2019-10-11 08:59:18,508
[级别]:INFO
[内容]:08:59:18,503 开始启动

[时间]:2019-10-11 09:00:48,571
[级别]:INFO
[内容]:09:00:48,557 开始启动

[时间]:2019-10-11 09:00:57,410
[级别]:INFO
[内容]:09:00:57,402 结束启动

[时间]:2019-10-11 09:01:21,377
[级别]:INFO
[内容]:09:01:21,367 开始启动

[时间]:2019-10-11 09:01:22,564
[级别]:ERROR
[内容]:09:01:22,561 功能号[tdsecuL.5.31]，errorCode[prodA.8.114.4]，errorinfo[资产账户编号=42420004],errorprompt[所需查找的业务数据记录不存在！]

[时间]:2019-10-11 09:01:22,575
[级别]:ERROR
[内容]:09:01:22,564 功能号[tdsecuL.5.31]，errorCode[prodA.8.114.4]，errorinfo[资产账户编号=42420004],errorprompt[所需查找的业务数据记录不存在！]

[时间]:2019-10-11 09:01:22,623
[级别]:ERROR
[内容]:09:01:22,621 功能号[tdsecuL.5.31]，errorCode[prodA.8.114.4]，errorinfo[资产账户编号=43430003],errorprompt[所需查找的业务数据记录不存在！]

[时间]:2019-10-11 09:01:22,643
[级别]:ERROR
[内容]:09:01:22,630 功能号[tdsecuL.5.31]，errorCode[prodA.8.114.4]，errorinfo[资产账户编号=44440004],errorprompt[所需查找的业务数据记录不存在！]

[时间]:2019-10-11 09:01:22,661
[级别]:ERROR
[内容]:09:01:22,642 功能号[tdsecuL.5.31]，errorCode[prodA.8.114.4]，errorinfo[资产账户编号=44440004],errorprompt[所需查找的业务数据记录不存在！]

[时间]:2019-10-11 09:01:22,894
[级别]:ERROR
[内容]:09:01:22,885 功能号[tdsecuL.5.31]，errorCode[prodA.8.114.4]，errorinfo[资产账户编号=45450001],errorprompt[所需查找的业务数据记录不存在！]

[时间]:2019-10-11 09:01:23,060
[级别]:ERROR
[内容]:09:01:23,057 功能号[tdsecuL.5.31]，errorCode[prodA.8.114.4]，errorinfo[资产账户编号=42420005],errorprompt[所需查找的业务数据记录不存在！]

[时间]:2019-10-11 09:01:23,083
[级别]:ERROR
[内容]:09:01:23,077 功能号[tdsecuL.5.31]，errorCode[prodA.8.114.4]，errorinfo[资产账户编号=44440004],errorprompt[所需查找的业务数据记录不存在！]

[时间]:2019-10-11 09:01:28,572
[级别]:INFO
[内容]:09:01:28,566 开始启动

[时间]:2019-10-11 09:01:29,795
[级别]:ERROR
[内容]:09:01:29,792 功能号[tdsecuL.5.31]，errorCode[prodA.8.114.4]，errorinfo[资产账户编号=42420004],errorprompt[所需查找的业务数据记录不存在！]

[时间]:2019-10-11 09:01:29,806
[级别]:ERROR
[内容]:09:01:29,793 功能号[tdsecuL.5.31]，errorCode[prodA.8.114.4]，errorinfo[资产账户编号=42420004],errorprompt[所需查找的业务数据记录不存在！]

[时间]:2019-10-11 09:01:29,824
[级别]:ERROR
[内容]:09:01:29,819 功能号[tdsecuL.5.31]，errorCode[prodA.8.114.4]，errorinfo[资产账户编号=44440004],errorprompt[所需查找的业务数据记录不存在！]

[时间]:2019-10-11 09:01:29,866
[级别]:ERROR
[内容]:09:01:29,863 功能号[tdsecuL.5.31]，errorCode[prodA.8.114.4]，errorinfo[资产账户编号=43430003],errorprompt[所需查找的业务数据记录不存在！]

[时间]:2019-10-11 09:01:29,887
[级别]:ERROR
[内容]:09:01:29,882 功能号[tdsecuL.5.31]，errorCode[prodA.8.114.4]，errorinfo[资产账户编号=44440004],errorprompt[所需查找的业务数据记录不存在！]

[时间]:2019-10-11 09:01:30,040
[级别]:ERROR
[内容]:09:01:30,032 功能号[tdsecuL.5.31]，errorCode[prodA.8.114.4]，errorinfo[资产账户编号=45450001],errorprompt[所需查找的业务数据记录不存在！]

[时间]:2019-10-11 09:01:30,147
[级别]:ERROR
[内容]:09:01:30,136 功能号[tdsecuL.5.31]，errorCode[prodA.8.114.4]，errorinfo[资产账户编号=42420005],errorprompt[所需查找的业务数据记录不存在！]

[时间]:2019-10-11 09:01:30,168
[级别]:ERROR
[内容]:09:01:30,159 功能号[tdsecuL.5.31]，errorCode[prodA.8.114.4]，errorinfo[资产账户编号=44440004],errorprompt[所需查找的业务数据记录不存在！]

[时间]:2019-10-11 09:01:32,512
[级别]:INFO
[内容]:09:01:32,504 开始启动

[时间]:2019-10-11 09:01:33,551
[级别]:ERROR
[内容]:09:01:33,542 功能号[tdsecuL.5.31]，errorCode[prodA.8.114.4]，errorinfo[资产账户编号=42420004],errorprompt[所需查找的业务数据记录不存在！]

[时间]:2019-10-11 09:01:33,562
[级别]:ERROR
[内容]:09:01:33,544 功能号[tdsecuL.5.31]，errorCode[prodA.8.114.4]，errorinfo[资产账户编号=42420004],errorprompt[所需查找的业务数据记录不存在！]

[时间]:2019-10-11 09:01:33,578
[级别]:ERROR
[内容]:09:01:33,560 功能号[tdsecuL.5.31]，errorCode[prodA.8.114.4]，errorinfo[资产账户编号=44440004],errorprompt[所需查找的业务数据记录不存在！]

[时间]:2019-10-11 09:01:33,644
[级别]:ERROR
[内容]:09:01:33,635 功能号[tdsecuL.5.31]，errorCode[prodA.8.114.4]，errorinfo[资产账户编号=43430003],errorprompt[所需查找的业务数据记录不存在！]

[时间]:2019-10-11 09:01:33,653
[级别]:ERROR
[内容]:09:01:33,649 功能号[tdsecuL.5.31]，errorCode[prodA.8.114.4]，errorinfo[资产账户编号=44440004],errorprompt[所需查找的业务数据记录不存在！]

[时间]:2019-10-11 09:01:33,816
[级别]:ERROR
[内容]:09:01:33,805 功能号[tdsecuL.5.31]，errorCode[prodA.8.114.4]，errorinfo[资产账户编号=45450001],errorprompt[所需查找的业务数据记录不存在！]

[时间]:2019-10-11 09:01:33,917
[级别]:ERROR
[内容]:09:01:33,914 功能号[tdsecuL.5.31]，errorCode[prodA.8.114.4]，errorinfo[资产账户编号=44440004],errorprompt[所需查找的业务数据记录不存在！]

[时间]:2019-10-11 09:01:33,929
[级别]:ERROR
[内容]:09:01:33,914 功能号[tdsecuL.5.31]，errorCode[prodA.8.114.4]，errorinfo[资产账户编号=42420005],errorprompt[所需查找的业务数据记录不存在！]

[时间]:2019-10-11 09:01:35,492
[级别]:INFO
[内容]:09:01:35,481 开始启动

[时间]:2019-10-11 09:01:36,673
[级别]:ERROR
[内容]:09:01:36,651 功能号[tdsecuL.5.31]，errorCode[prodA.8.114.4]，errorinfo[资产账户编号=42420004],errorprompt[所需查找的业务数据记录不存在！]

[时间]:2019-10-11 09:01:36,693
[级别]:ERROR
[内容]:09:01:36,674 功能号[tdsecuL.5.31]，errorCode[prodA.8.114.4]，errorinfo[资产账户编号=42420004],errorprompt[所需查找的业务数据记录不存在！]

[时间]:2019-10-11 09:01:36,707
[级别]:ERROR
[内容]:09:01:36,678 功能号[tdsecuL.5.31]，errorCode[prodA.8.114.4]，errorinfo[资产账户编号=44440004],errorprompt[所需查找的业务数据记录不存在！]

[时间]:2019-10-11 09:01:36,727
[级别]:ERROR
[内容]:09:01:36,718 功能号[tdsecuL.5.31]，errorCode[prodA.8.114.4]，errorinfo[资产账户编号=43430003],errorprompt[所需查找的业务数据记录不存在！]

[时间]:2019-10-11 09:01:36,744
[级别]:ERROR
[内容]:09:01:36,736 功能号[tdsecuL.5.31]，errorCode[prodA.8.114.4]，errorinfo[资产账户编号=44440004],errorprompt[所需查找的业务数据记录不存在！]

[时间]:2019-10-11 09:01:36,918
[级别]:ERROR
[内容]:09:01:36,908 功能号[tdsecuL.5.31]，errorCode[prodA.8.114.4]，errorinfo[资产账户编号=45450001],errorprompt[所需查找的业务数据记录不存在！]

[时间]:2019-10-11 09:01:36,941
[级别]:ERROR
[内容]:09:01:36,937 功能号[tdsecuL.5.31]，errorCode[prodA.8.114.4]，errorinfo[资产账户编号=44440004],errorprompt[所需查找的业务数据记录不存在！]

[时间]:2019-10-11 09:01:36,954
[级别]:ERROR
[内容]:09:01:36,938 功能号[tdsecuL.5.31]，errorCode[prodA.8.114.4]，errorinfo[资产账户编号=42420005],errorprompt[所需查找的业务数据记录不存在！]

[时间]:2019-10-11 09:01:44,926
[级别]:INFO
[内容]:09:01:44,922 开始启动

[时间]:2019-10-11 09:01:46,115
[级别]:ERROR
[内容]:09:01:46,112 功能号[tdsecuL.5.31]，errorCode[prodA.8.114.4]，errorinfo[资产账户编号=42420004],errorprompt[所需查找的业务数据记录不存在！]

[时间]:2019-10-11 09:01:46,130
[级别]:ERROR
[内容]:09:01:46,113 功能号[tdsecuL.5.31]，errorCode[prodA.8.114.4]，errorinfo[资产账户编号=42420004],errorprompt[所需查找的业务数据记录不存在！]

[时间]:2019-10-11 09:01:46,202
[级别]:ERROR
[内容]:09:01:46,194 功能号[tdsecuL.5.31]，errorCode[prodA.8.114.4]，errorinfo[资产账户编号=44440004],errorprompt[所需查找的业务数据记录不存在！]

[时间]:2019-10-11 09:01:46,214
[级别]:ERROR
[内容]:09:01:46,200 功能号[tdsecuL.5.31]，errorCode[prodA.8.114.4]，errorinfo[资产账户编号=43430003],errorprompt[所需查找的业务数据记录不存在！]

[时间]:2019-10-11 09:01:46,234
[级别]:ERROR
[内容]:09:01:46,228 功能号[tdsecuL.5.31]，errorCode[prodA.8.114.4]，errorinfo[资产账户编号=44440004],errorprompt[所需查找的业务数据记录不存在！]

[时间]:2019-10-11 09:01:46,449
[级别]:ERROR
[内容]:09:01:46,439 功能号[tdsecuL.5.31]，errorCode[prodA.8.114.4]，errorinfo[资产账户编号=44440004],errorprompt[所需查找的业务数据记录不存在！]

[时间]:2019-10-11 09:01:46,491
[级别]:ERROR
[内容]:09:01:46,480 功能号[tdsecuL.5.31]，errorCode[prodA.8.114.4]，errorinfo[资产账户编号=42420005],errorprompt[所需查找的业务数据记录不存在！]

[时间]:2019-10-11 09:01:46,503
[级别]:ERROR
[内容]:09:01:46,487 功能号[tdsecuL.5.31]，errorCode[prodA.8.114.4]，errorinfo[资产账户编号=45450001],errorprompt[所需查找的业务数据记录不存在！]

[时间]:2019-10-11 09:01:46,660
[级别]:ERROR
[内容]:09:01:46,649 功能号[tdsecuL.5.31]，errorCode[prodA.8.114.4]，errorinfo[资产账户编号=44440004],errorprompt[所需查找的业务数据记录不存在！]

[时间]:2019-10-11 09:01:46,736
[级别]:ERROR
[内容]:09:01:46,726 功能号[tdsecuL.5.31]，errorCode[prodA.8.114.4]，errorinfo[资产账户编号=43430002],errorprompt[所需查找的业务数据记录不存在！]

[时间]:2019-10-11 09:01:46,760
[级别]:ERROR
[内容]:09:01:46,756 功能号[tdsecuL.5.31]，errorCode[prodA.8.114.4]，errorinfo[资产账户编号=43430002],errorprompt[所需查找的业务数据记录不存在！]

[时间]:2019-10-11 09:01:46,922
[级别]:ERROR
[内容]:09:01:46,911 功能号[tdsecuL.5.31]，errorCode[prodA.8.114.4]，errorinfo[资产账户编号=45450004],errorprompt[所需查找的业务数据记录不存在！]

[时间]:2019-10-11 09:01:47,014
[级别]:ERROR
[内容]:09:01:47,011 功能号[tdsecuL.5.31]，errorCode[prodA.8.114.4]，errorinfo[资产账户编号=44440002],errorprompt[所需查找的业务数据记录不存在！]

[时间]:2019-10-11 09:01:47,036
[级别]:ERROR
[内容]:09:01:47,028 功能号[tdsecuL.5.31]，errorCode[prodA.8.114.4]，errorinfo[资产账户编号=44440003],errorprompt[所需查找的业务数据记录不存在！]

[时间]:2019-10-11 09:01:47,050
[级别]:ERROR
[内容]:09:01:47,034 功能号[tdsecuL.5.31]，errorCode[prodA.8.114.4]，errorinfo[资产账户编号=45450005],errorprompt[所需查找的业务数据记录不存在！]

[时间]:2019-10-11 09:01:47,118
[级别]:ERROR
[内容]:09:01:47,116 功能号[tdsecuL.5.31]，errorCode[prodA.8.114.4]，errorinfo[资产账户编号=43430005],errorprompt[所需查找的业务数据记录不存在！]

[时间]:2019-10-11 09:01:47,184
[级别]:ERROR
[内容]:09:01:47,181 功能号[tdsecuL.5.31]，errorCode[prodA.8.114.4]，errorinfo[资产账户编号=43430005],errorprompt[所需查找的业务数据记录不存在！]

[时间]:2019-10-11 09:02:01,499
[级别]:INFO
[内容]:09:02:01,497 开始启动

[时间]:2019-10-11 09:02:10,952
[级别]:INFO
[内容]:09:02:10,949 结束启动

[时间]:2019-10-11 09:02:28,496
[级别]:INFO
[内容]:09:02:28,495 开始启动

[时间]:2019-10-11 09:02:36,357
[级别]:ERROR
[内容]:09:02:36,350 功能号[tdsecuL.5.31]，errorCode[prodA.8.114.4]，errorinfo[资产账户编号=42420004],errorprompt[所需查找的业务数据记录不存在！]

[时间]:2019-10-11 09:03:10,224
[级别]:INFO
[内容]:09:03:10,219 结束启动

[时间]:2019-10-11 09:03:14,568
[级别]:ERROR
[内容]:09:03:14,564 功能号[tdsecuL.5.31]，errorCode[prodA.8.114.4]，errorinfo[资产账户编号=42420004],errorprompt[所需查找的业务数据记录不存在！]

[时间]:2019-10-11 09:03:27,354
[级别]:INFO
[内容]:09:03:27,346 开始启动

[时间]:2019-10-11 09:03:34,231
[级别]:ERROR
[内容]:09:03:34,227 功能号[tdsecuL.5.31]，errorCode[prodA.8.114.4]，errorinfo[资产账户编号=42420004],errorprompt[所需查找的业务数据记录不存在！]

[时间]:2019-10-11 09:03:41,299
[级别]:INFO
[内容]:09:03:41,295 开始启动

[时间]:2019-10-11 09:03:49,560
[级别]:INFO
[内容]:09:03:49,557 开始启动

[时间]:2019-10-11 09:04:02,938
[级别]:ERROR
[内容]:09:04:02,932 功能号[tdsecuL.5.31]，errorCode[prodA.8.114.4]，errorinfo[资产账户编号=42420004],errorprompt[所需查找的业务数据记录不存在！]

[时间]:2019-10-11 09:04:08,435
[级别]:INFO
[内容]:09:04:08,427 开始启动

[时间]:2019-10-11 09:04:15,304
[级别]:INFO
[内容]:09:04:15,298 结束启动

[时间]:2019-10-11 09:04:48,632
[级别]:INFO
[内容]:09:04:48,619 开始启动

[时间]:2019-10-11 09:05:08,258
[级别]:INFO
[内容]:09:05:08,253 结束启动

[时间]:2019-10-11 09:06:00,311
[级别]:INFO
[内容]:09:06:00,298 开始启动

[时间]:2019-10-11 09:27:11,880
[级别]:INFO
[内容]:09:27:11,867 开始启动

