[时间]:2019-08-28 09:20:11,831
[级别]:INFO
[内容]:09:20:10,172 开始启动

[时间]:2019-08-28 09:20:15,313
[级别]:ERROR
[内容]:09:20:15,306 功能号[pubL.16.1]，errorCode[pubA.16.4.4a]，errorinfo[证券代码=308],errorprompt[所需查找的业务数据记录不存在！]

[时间]:2019-08-28 09:20:15,558
[级别]:ERROR
[内容]:09:20:15,551 功能号[pubL.16.1]，errorCode[pubA.16.4.4a]，errorinfo[证券代码=2226],errorprompt[所需查找的业务数据记录不存在！]

[时间]:2019-08-28 09:20:15,568
[级别]:ERROR
[内容]:09:20:15,552 功能号[pubL.16.1]，errorCode[pubA.16.4.4a]，errorinfo[证券代码=2102],errorprompt[所需查找的业务数据记录不存在！]

[时间]:2019-08-28 09:20:15,597
[级别]:ERROR
[内容]:09:20:15,590 功能号[pubL.16.1]，errorCode[pubA.16.4.4a]，errorinfo[证券代码=4],errorprompt[所需查找的业务数据记录不存在！]

[时间]:2019-08-28 09:20:15,744
[级别]:ERROR
[内容]:09:20:15,734 功能号[pubL.16.1]，errorCode[pubA.16.4.4a]，errorinfo[证券代码=2722],errorprompt[所需查找的业务数据记录不存在！]

[时间]:2019-08-28 09:20:16,413
[级别]:ERROR
[内容]:09:20:16,405 功能号[pubL.16.1]，errorCode[pubA.16.4.4a]，errorinfo[证券代码=717],errorprompt[所需查找的业务数据记录不存在！]

[时间]:2019-08-28 09:20:16,507
[级别]:ERROR
[内容]:09:20:16,506 功能号[pubL.16.1]，errorCode[pubA.16.4.4a]，errorinfo[证券代码=19505],errorprompt[所需查找的业务数据记录不存在！]

[时间]:2019-08-28 09:20:16,971
[级别]:ERROR
[内容]:09:20:16,965 功能号[pubL.16.1]，errorCode[pubA.16.4.4a]，errorinfo[证券代码=2868],errorprompt[所需查找的业务数据记录不存在！]

[时间]:2019-08-28 09:20:17,173
[级别]:ERROR
[内容]:09:20:17,161 功能号[pubL.16.1]，errorCode[pubA.16.4.4a]，errorinfo[证券代码=16],errorprompt[所需查找的业务数据记录不存在！]

[时间]:2019-08-28 09:20:17,299
[级别]:ERROR
[内容]:09:20:17,293 功能号[pubL.16.1]，errorCode[pubA.16.4.4a]，errorinfo[证券代码=3866],errorprompt[所需查找的业务数据记录不存在！]

[时间]:2019-08-28 09:20:17,403
[级别]:ERROR
[内容]:09:20:17,397 功能号[pubL.16.1]，errorCode[pubA.16.4.4a]，errorinfo[证券代码=1530],errorprompt[所需查找的业务数据记录不存在！]

[时间]:2019-08-28 09:20:17,799
[级别]:ERROR
[内容]:09:20:17,796 功能号[pubL.16.1]，errorCode[pubA.16.4.4a]，errorinfo[证券代码=905],errorprompt[所需查找的业务数据记录不存在！]

[时间]:2019-08-28 09:20:17,808
[级别]:ERROR
[内容]:09:20:17,797 功能号[pubL.16.1]，errorCode[pubA.16.4.4a]，errorinfo[证券代码=425],errorprompt[所需查找的业务数据记录不存在！]

[时间]:2019-08-28 09:20:18,002
[级别]:ERROR
[内容]:09:20:17,998 功能号[pubL.16.1]，errorCode[pubA.16.4.4a]，errorinfo[证券代码=1530],errorprompt[所需查找的业务数据记录不存在！]

[时间]:2019-08-28 09:20:18,404
[级别]:ERROR
[内容]:09:20:18,400 功能号[pubL.16.1]，errorCode[pubA.16.4.4a]，errorinfo[证券代码=6],errorprompt[所需查找的业务数据记录不存在！]

[时间]:2019-08-28 09:20:18,605
[级别]:ERROR
[内容]:09:20:18,599 功能号[pubL.16.1]，errorCode[pubA.16.4.4a]，errorinfo[证券代码=6196],errorprompt[所需查找的业务数据记录不存在！]

[时间]:2019-08-28 09:20:19,005
[级别]:ERROR
[内容]:09:20:19,001 功能号[pubL.16.1]，errorCode[pubA.16.4.4a]，errorinfo[证券代码=1530],errorprompt[所需查找的业务数据记录不存在！]

[时间]:2019-08-28 09:20:19,212
[级别]:ERROR
[内容]:09:20:19,202 功能号[pubL.16.1]，errorCode[pubA.16.4.4a]，errorinfo[证券代码=6169],errorprompt[所需查找的业务数据记录不存在！]

[时间]:2019-08-28 09:20:19,405
[级别]:ERROR
[内容]:09:20:19,403 功能号[pubL.16.1]，errorCode[pubA.16.4.4a]，errorinfo[证券代码=1530],errorprompt[所需查找的业务数据记录不存在！]

[时间]:2019-08-28 09:20:19,413
[级别]:ERROR
[内容]:09:20:19,404 功能号[pubL.16.1]，errorCode[pubA.16.4.4a]，errorinfo[证券代码=6169],errorprompt[所需查找的业务数据记录不存在！]

[时间]:2019-08-28 09:20:19,612
[级别]:ERROR
[内容]:09:20:19,606 功能号[pubL.16.1]，errorCode[pubA.16.4.4a]，errorinfo[证券代码=6169],errorprompt[所需查找的业务数据记录不存在！]

[时间]:2019-08-28 09:20:20,016
[级别]:ERROR
[内容]:09:20:20,007 功能号[pubL.16.1]，errorCode[pubA.16.4.4a]，errorinfo[证券代码=363],errorprompt[所需查找的业务数据记录不存在！]

[时间]:2019-08-28 09:20:20,217
[级别]:ERROR
[内容]:09:20:20,207 功能号[pubL.16.1]，errorCode[pubA.16.4.4a]，errorinfo[证券代码=363],errorprompt[所需查找的业务数据记录不存在！]

[时间]:2019-08-28 09:20:21,019
[级别]:ERROR
[内容]:09:20:21,009 功能号[pubL.16.1]，errorCode[pubA.16.4.4a]，errorinfo[证券代码=1816],errorprompt[所需查找的业务数据记录不存在！]

[时间]:2019-08-28 09:20:21,220
[级别]:ERROR
[内容]:09:20:21,210 功能号[pubL.16.1]，errorCode[pubA.16.4.4a]，errorinfo[证券代码=905],errorprompt[所需查找的业务数据记录不存在！]

[时间]:2019-08-28 09:20:22,014
[级别]:ERROR
[内容]:09:20:22,011 功能号[pubL.16.1]，errorCode[pubA.16.4.4a]，errorinfo[证券代码=1972],errorprompt[所需查找的业务数据记录不存在！]

[时间]:2019-08-28 09:20:23,222
[级别]:ERROR
[内容]:09:20:23,215 功能号[pubL.16.1]，errorCode[pubA.16.4.4a]，errorinfo[证券代码=803],errorprompt[所需查找的业务数据记录不存在！]

[时间]:2019-08-28 09:20:23,422
[级别]:ERROR
[内容]:09:20:23,415 功能号[pubL.16.1]，errorCode[pubA.16.4.4a]，errorinfo[证券代码=1972],errorprompt[所需查找的业务数据记录不存在！]

[时间]:2019-08-28 09:20:23,430
[级别]:ERROR
[内容]:09:20:23,415 功能号[pubL.16.1]，errorCode[pubA.16.4.4a]，errorinfo[证券代码=659],errorprompt[所需查找的业务数据记录不存在！]

[时间]:2019-08-28 09:20:23,620
[级别]:ERROR
[内容]:09:20:23,616 功能号[pubL.16.1]，errorCode[pubA.16.4.4a]，errorinfo[证券代码=659],errorprompt[所需查找的业务数据记录不存在！]

[时间]:2019-08-28 09:20:23,628
[级别]:ERROR
[内容]:09:20:23,616 功能号[pubL.16.1]，errorCode[pubA.16.4.4a]，errorinfo[证券代码=659],errorprompt[所需查找的业务数据记录不存在！]

[时间]:2019-08-28 09:20:23,634
[级别]:ERROR
[内容]:09:20:23,616 功能号[pubL.16.1]，errorCode[pubA.16.4.4a]，errorinfo[证券代码=886],errorprompt[所需查找的业务数据记录不存在！]

[时间]:2019-08-28 09:20:23,822
[级别]:ERROR
[内容]:09:20:23,816 功能号[pubL.16.1]，errorCode[pubA.16.4.4a]，errorinfo[证券代码=928],errorprompt[所需查找的业务数据记录不存在！]

[时间]:2019-08-28 09:20:23,830
[级别]:ERROR
[内容]:09:20:23,816 功能号[pubL.16.1]，errorCode[pubA.16.4.4a]，errorinfo[证券代码=91016],errorprompt[所需查找的业务数据记录不存在！]

[时间]:2019-08-28 09:20:23,837
[级别]:ERROR
[内容]:09:20:23,816 功能号[pubL.16.1]，errorCode[pubA.16.4.4a]，errorinfo[证券代码=91016],errorprompt[所需查找的业务数据记录不存在！]

[时间]:2019-08-28 09:20:24,027
[级别]:ERROR
[内容]:09:20:24,017 功能号[pubL.16.1]，errorCode[pubA.16.4.4a]，errorinfo[证券代码=91016],errorprompt[所需查找的业务数据记录不存在！]

[时间]:2019-08-28 09:20:24,420
[级别]:ERROR
[内容]:09:20:24,418 功能号[pubL.16.1]，errorCode[pubA.16.4.4a]，errorinfo[证券代码=1816],errorprompt[所需查找的业务数据记录不存在！]

[时间]:2019-08-28 09:20:24,430
[级别]:ERROR
[内容]:09:20:24,418 功能号[pubL.16.1]，errorCode[pubA.16.4.4a]，errorinfo[证券代码=1816],errorprompt[所需查找的业务数据记录不存在！]

[时间]:2019-08-28 09:20:24,439
[级别]:ERROR
[内容]:09:20:24,418 功能号[pubL.16.1]，errorCode[pubA.16.4.4a]，errorinfo[证券代码=2899],errorprompt[所需查找的业务数据记录不存在！]

[时间]:2019-08-28 09:20:24,619
[级别]:ERROR
[内容]:09:20:24,618 功能号[pubL.16.1]，errorCode[pubA.16.4.4a]，errorinfo[证券代码=2899],errorprompt[所需查找的业务数据记录不存在！]

[时间]:2019-08-28 09:20:24,627
[级别]:ERROR
[内容]:09:20:24,618 功能号[pubL.16.1]，errorCode[pubA.16.4.4a]，errorinfo[证券代码=2899],errorprompt[所需查找的业务数据记录不存在！]

[时间]:2019-08-28 09:20:24,634
[级别]:ERROR
[内容]:09:20:24,618 功能号[pubL.16.1]，errorCode[pubA.16.4.4a]，errorinfo[证券代码=2899],errorprompt[所需查找的业务数据记录不存在！]

[时间]:2019-08-28 09:20:25,021
[级别]:ERROR
[内容]:09:20:25,019 功能号[pubL.16.1]，errorCode[pubA.16.4.4a]，errorinfo[证券代码=1816],errorprompt[所需查找的业务数据记录不存在！]

[时间]:2019-08-28 09:20:25,221
[级别]:ERROR
[内容]:09:20:25,219 功能号[pubL.16.1]，errorCode[pubA.16.4.4a]，errorinfo[证券代码=1816],errorprompt[所需查找的业务数据记录不存在！]

[时间]:2019-08-28 09:20:25,228
[级别]:ERROR
[内容]:09:20:25,220 功能号[pubL.16.1]，errorCode[pubA.16.4.4a]，errorinfo[证券代码=415],errorprompt[所需查找的业务数据记录不存在！]

[时间]:2019-08-28 09:20:25,428
[级别]:ERROR
[内容]:09:20:25,420 功能号[pubL.16.1]，errorCode[pubA.16.4.4a]，errorinfo[证券代码=415],errorprompt[所需查找的业务数据记录不存在！]

[时间]:2019-08-28 09:20:25,435
[级别]:ERROR
[内容]:09:20:25,420 功能号[pubL.16.1]，errorCode[pubA.16.4.4a]，errorinfo[证券代码=415],errorprompt[所需查找的业务数据记录不存在！]

[时间]:2019-08-28 09:20:27,032
[级别]:ERROR
[内容]:09:20:27,024 功能号[pubL.16.1]，errorCode[pubA.16.4.4a]，errorinfo[证券代码=19],errorprompt[所需查找的业务数据记录不存在！]

[时间]:2019-08-28 09:20:27,225
[级别]:ERROR
[内容]:09:20:27,224 功能号[pubL.16.1]，errorCode[pubA.16.4.4a]，errorinfo[证券代码=19],errorprompt[所需查找的业务数据记录不存在！]

[时间]:2019-08-28 09:20:27,233
[级别]:ERROR
[内容]:09:20:27,224 功能号[pubL.16.1]，errorCode[pubA.16.4.4a]，errorinfo[证券代码=439],errorprompt[所需查找的业务数据记录不存在！]

[时间]:2019-08-28 09:20:27,830
[级别]:ERROR
[内容]:09:20:27,826 功能号[pubL.16.1]，errorCode[pubA.16.4.4a]，errorinfo[证券代码=919],errorprompt[所需查找的业务数据记录不存在！]

[时间]:2019-08-28 09:20:28,030
[级别]:ERROR
[内容]:09:20:28,026 功能号[pubL.16.1]，errorCode[pubA.16.4.4a]，errorinfo[证券代码=2426],errorprompt[所需查找的业务数据记录不存在！]

[时间]:2019-08-28 09:20:28,438
[级别]:ERROR
[内容]:09:20:28,427 功能号[pubL.16.1]，errorCode[pubA.16.4.4a]，errorinfo[证券代码=91066],errorprompt[所需查找的业务数据记录不存在！]

[时间]:2019-08-28 09:20:29,231
[级别]:ERROR
[内容]:09:20:29,229 功能号[pubL.16.1]，errorCode[pubA.16.4.4a]，errorinfo[证券代码=2688],errorprompt[所需查找的业务数据记录不存在！]

[时间]:2019-08-28 09:20:29,631
[级别]:ERROR
[内容]:09:20:29,630 功能号[pubL.16.1]，errorCode[pubA.16.4.4a]，errorinfo[证券代码=2454],errorprompt[所需查找的业务数据记录不存在！]

[时间]:2019-08-28 09:20:29,659
[级别]:INFO
[内容]:09:20:29,652 结束启动

[时间]:2019-08-28 09:20:30,432
[级别]:ERROR
[内容]:09:20:30,431 功能号[pubL.16.1]，errorCode[pubA.16.4.4a]，errorinfo[证券代码=2238],errorprompt[所需查找的业务数据记录不存在！]

[时间]:2019-08-28 09:20:30,636
[级别]:ERROR
[内容]:09:20:30,632 功能号[pubL.16.1]，errorCode[pubA.16.4.4a]，errorinfo[证券代码=2238],errorprompt[所需查找的业务数据记录不存在！]

[时间]:2019-08-28 09:20:31,645
[级别]:ERROR
[内容]:09:20:31,636 功能号[pubL.16.1]，errorCode[pubA.16.4.4a]，errorinfo[证券代码=995],errorprompt[所需查找的业务数据记录不存在！]

[时间]:2019-08-28 09:20:31,652
[级别]:ERROR
[内容]:09:20:31,636 功能号[pubL.16.1]，errorCode[pubA.16.4.4a]，errorinfo[证券代码=20239],errorprompt[所需查找的业务数据记录不存在！]

[时间]:2019-08-28 09:20:31,658
[级别]:ERROR
[内容]:09:20:31,636 功能号[pubL.16.1]，errorCode[pubA.16.4.4a]，errorinfo[证券代码=2386],errorprompt[所需查找的业务数据记录不存在！]

[时间]:2019-08-28 09:20:31,847
[级别]:ERROR
[内容]:09:20:31,836 功能号[pubL.16.1]，errorCode[pubA.16.4.4a]，errorinfo[证券代码=20239],errorprompt[所需查找的业务数据记录不存在！]

[时间]:2019-08-28 09:20:32,038
[级别]:ERROR
[内容]:09:20:32,037 功能号[pubL.16.1]，errorCode[pubA.16.4.4a]，errorinfo[证券代码=2899],errorprompt[所需查找的业务数据记录不存在！]

[时间]:2019-08-28 09:20:32,045
[级别]:ERROR
[内容]:09:20:32,037 功能号[pubL.16.1]，errorCode[pubA.16.4.4a]，errorinfo[证券代码=2227],errorprompt[所需查找的业务数据记录不存在！]

[时间]:2019-08-28 09:20:32,053
[级别]:ERROR
[内容]:09:20:32,037 功能号[pubL.16.1]，errorCode[pubA.16.4.4a]，errorinfo[证券代码=2227],errorprompt[所需查找的业务数据记录不存在！]

[时间]:2019-08-28 09:20:32,244
[级别]:ERROR
[内容]:09:20:32,237 功能号[pubL.16.1]，errorCode[pubA.16.4.4a]，errorinfo[证券代码=2868],errorprompt[所需查找的业务数据记录不存在！]

[时间]:2019-08-28 09:20:32,252
[级别]:ERROR
[内容]:09:20:32,237 功能号[pubL.16.1]，errorCode[pubA.16.4.4a]，errorinfo[证券代码=2868],errorprompt[所需查找的业务数据记录不存在！]

[时间]:2019-08-28 09:20:32,259
[级别]:ERROR
[内容]:09:20:32,237 功能号[pubL.16.1]，errorCode[pubA.16.4.4a]，errorinfo[证券代码=19526],errorprompt[所需查找的业务数据记录不存在！]

