[时间]:2019-11-01 12:18:33,972
[级别]:INFO
[内容]:12:18:33,957 开始启动

[时间]:2019-11-01 12:18:36,016
[级别]:ERROR
[内容]:12:18:36,015 功能号[pubL.11.30]，errorCode[pubA.3.310.4]，errorinfo[操作员机构编号=4141],errorprompt[所需查找的业务数据记录不存在！]

[时间]:2019-11-01 12:18:36,030
[级别]:ERROR
[内容]:12:18:36,026 功能号[tdsecuL.5.123]，errorCode[pubA.3.310.4]，errorinfo[操作员机构编号=4141],errorprompt[所需查找的业务数据记录不存在！]

[时间]:2019-11-01 12:18:36,042
[级别]:ERROR
[内容]:12:18:36,041 功能号[pubL.19.91]，errorCode[pubA.3.310.4]，errorinfo[操作员机构编号=4646],errorprompt[所需查找的业务数据记录不存在！]

[时间]:2019-11-01 12:18:36,068
[级别]:ERROR
[内容]:12:18:36,059 功能号[tdsecuL.4.101]，errorCode[pubA.3.310.4]，errorinfo[操作员机构编号=4141],errorprompt[所需查找的业务数据记录不存在！]

[时间]:2019-11-01 12:18:36,083
[级别]:ERROR
[内容]:12:18:36,059 功能号[pubL.19.91]，errorCode[pubA.3.310.4]，errorinfo[操作员机构编号=4848],errorprompt[所需查找的业务数据记录不存在！]

[时间]:2019-11-01 12:18:36,101
[级别]:ERROR
[内容]:12:18:36,059 功能号[tdsecuL.4.101]，errorCode[pubA.3.310.4]，errorinfo[操作员机构编号=4141],errorprompt[所需查找的业务数据记录不存在！]

[时间]:2019-11-01 12:18:36,130
[级别]:ERROR
[内容]:12:18:36,059 功能号[tdsecuL.4.101]，errorCode[pubA.3.310.4]，errorinfo[操作员机构编号=4141],errorprompt[所需查找的业务数据记录不存在！]

[时间]:2019-11-01 12:18:36,143
[级别]:ERROR
[内容]:12:18:36,059 功能号[pubL.19.91]，errorCode[pubA.3.310.4]，errorinfo[操作员机构编号=4848],errorprompt[所需查找的业务数据记录不存在！]

[时间]:2019-11-01 12:18:36,157
[级别]:ERROR
[内容]:12:18:36,085 功能号[tdsecuL.2.5]，errorCode[pubA.3.310.4]，errorinfo[操作员机构编号=4141],errorprompt[所需查找的业务数据记录不存在！]

[时间]:2019-11-01 12:18:36,168
[级别]:ERROR
[内容]:12:18:36,085 功能号[tdsecuL.4.101]，errorCode[pubA.3.310.4]，errorinfo[操作员机构编号=4141],errorprompt[所需查找的业务数据记录不存在！]

[时间]:2019-11-01 12:18:36,180
[级别]:ERROR
[内容]:12:18:36,085 功能号[tdsecuL.4.101]，errorCode[pubA.3.310.4]，errorinfo[操作员机构编号=4141],errorprompt[所需查找的业务数据记录不存在！]

[时间]:2019-11-01 12:18:36,190
[级别]:ERROR
[内容]:12:18:36,085 功能号[pubL.19.91]，errorCode[pubA.3.310.4]，errorinfo[操作员机构编号=4444],errorprompt[所需查找的业务数据记录不存在！]

[时间]:2019-11-01 12:18:36,201
[级别]:ERROR
[内容]:12:18:36,085 功能号[pubL.19.91]，errorCode[pubA.3.310.4]，errorinfo[操作员机构编号=4141],errorprompt[所需查找的业务数据记录不存在！]

[时间]:2019-11-01 12:18:36,211
[级别]:ERROR
[内容]:12:18:36,085 功能号[pubL.19.91]，errorCode[pubA.3.310.4]，errorinfo[操作员机构编号=4545],errorprompt[所需查找的业务数据记录不存在！]

[时间]:2019-11-01 12:18:36,220
[级别]:ERROR
[内容]:12:18:36,085 功能号[tdsecuL.2.5]，errorCode[pubA.3.310.4]，errorinfo[操作员机构编号=4141],errorprompt[所需查找的业务数据记录不存在！]

[时间]:2019-11-01 12:18:36,232
[级别]:ERROR
[内容]:12:18:36,085 功能号[tdsecuL.4.101]，errorCode[pubA.3.310.4]，errorinfo[操作员机构编号=4141],errorprompt[所需查找的业务数据记录不存在！]

[时间]:2019-11-01 12:18:36,241
[级别]:ERROR
[内容]:12:18:36,085 功能号[tdsecuL.5.123]，errorCode[pubA.3.310.4]，errorinfo[操作员机构编号=4141],errorprompt[所需查找的业务数据记录不存在！]

[时间]:2019-11-01 12:18:36,250
[级别]:ERROR
[内容]:12:18:36,085 功能号[pubL.19.91]，errorCode[pubA.3.310.4]，errorinfo[操作员机构编号=4747],errorprompt[所需查找的业务数据记录不存在！]

[时间]:2019-11-01 12:18:36,259
[级别]:ERROR
[内容]:12:18:36,085 功能号[pubL.19.91]，errorCode[pubA.3.310.4]，errorinfo[操作员机构编号=4646],errorprompt[所需查找的业务数据记录不存在！]

[时间]:2019-11-01 12:18:36,269
[级别]:ERROR
[内容]:12:18:36,085 功能号[tdsecuL.4.101]，errorCode[pubA.3.310.4]，errorinfo[操作员机构编号=4141],errorprompt[所需查找的业务数据记录不存在！]

[时间]:2019-11-01 12:18:36,278
[级别]:ERROR
[内容]:12:18:36,086 功能号[tdsecuL.4.101]，errorCode[pubA.3.310.4]，errorinfo[操作员机构编号=4141],errorprompt[所需查找的业务数据记录不存在！]

[时间]:2019-11-01 12:18:36,287
[级别]:ERROR
[内容]:12:18:36,104 功能号[tdsecuL.2.6]，errorCode[pubA.3.310.4]，errorinfo[操作员机构编号=4747],errorprompt[所需查找的业务数据记录不存在！]

[时间]:2019-11-01 12:18:36,297
[级别]:ERROR
[内容]:12:18:36,104 功能号[pubL.19.91]，errorCode[pubA.3.310.4]，errorinfo[操作员机构编号=4747],errorprompt[所需查找的业务数据记录不存在！]

[时间]:2019-11-01 12:18:36,306
[级别]:ERROR
[内容]:12:18:36,104 功能号[tdsecuL.5.123]，errorCode[pubA.3.310.4]，errorinfo[操作员机构编号=4141],errorprompt[所需查找的业务数据记录不存在！]

[时间]:2019-11-01 12:18:36,318
[级别]:ERROR
[内容]:12:18:36,104 功能号[pubL.19.91]，errorCode[pubA.3.310.4]，errorinfo[操作员机构编号=4646],errorprompt[所需查找的业务数据记录不存在！]

[时间]:2019-11-01 12:18:36,332
[级别]:ERROR
[内容]:12:18:36,104 功能号[pubL.19.91]，errorCode[pubA.3.310.4]，errorinfo[操作员机构编号=4747],errorprompt[所需查找的业务数据记录不存在！]

[时间]:2019-11-01 12:18:36,345
[级别]:ERROR
[内容]:12:18:36,104 功能号[pubL.19.91]，errorCode[pubA.3.310.4]，errorinfo[操作员机构编号=4141],errorprompt[所需查找的业务数据记录不存在！]

[时间]:2019-11-01 12:18:36,358
[级别]:ERROR
[内容]:12:18:36,104 功能号[tdsecuL.5.123]，errorCode[pubA.3.310.4]，errorinfo[操作员机构编号=4141],errorprompt[所需查找的业务数据记录不存在！]

[时间]:2019-11-01 12:18:36,366
[级别]:ERROR
[内容]:12:18:36,104 功能号[tdsecuL.4.101]，errorCode[pubA.3.310.4]，errorinfo[操作员机构编号=4141],errorprompt[所需查找的业务数据记录不存在！]

[时间]:2019-11-01 12:18:36,374
[级别]:ERROR
[内容]:12:18:36,104 功能号[pubL.19.91]，errorCode[pubA.3.310.4]，errorinfo[操作员机构编号=4848],errorprompt[所需查找的业务数据记录不存在！]

[时间]:2019-11-01 12:18:36,384
[级别]:ERROR
[内容]:12:18:36,104 功能号[tdsecuL.2.6]，errorCode[pubA.3.310.4]，errorinfo[操作员机构编号=4545],errorprompt[所需查找的业务数据记录不存在！]

[时间]:2019-11-01 12:18:36,394
[级别]:ERROR
[内容]:12:18:36,104 功能号[pubL.19.91]，errorCode[pubA.3.310.4]，errorinfo[操作员机构编号=4141],errorprompt[所需查找的业务数据记录不存在！]

[时间]:2019-11-01 12:18:36,403
[级别]:ERROR
[内容]:12:18:36,104 功能号[pubL.19.91]，errorCode[pubA.3.310.4]，errorinfo[操作员机构编号=4141],errorprompt[所需查找的业务数据记录不存在！]

[时间]:2019-11-01 12:18:36,413
[级别]:ERROR
[内容]:12:18:36,104 功能号[tdsecuL.5.123]，errorCode[pubA.3.310.4]，errorinfo[操作员机构编号=4141],errorprompt[所需查找的业务数据记录不存在！]

[时间]:2019-11-01 12:18:36,423
[级别]:ERROR
[内容]:12:18:36,104 功能号[pubL.19.91]，errorCode[pubA.3.310.4]，errorinfo[操作员机构编号=4747],errorprompt[所需查找的业务数据记录不存在！]

[时间]:2019-11-01 12:18:36,980
[级别]:ERROR
[内容]:12:18:36,977 功能号[pubL.19.91]，errorCode[pubA.3.310.4]，errorinfo[操作员机构编号=4747],errorprompt[所需查找的业务数据记录不存在！]

[时间]:2019-11-01 12:18:37,000
[级别]:ERROR
[内容]:12:18:36,977 功能号[tdsecuL.5.123]，errorCode[pubA.3.310.4]，errorinfo[操作员机构编号=4141],errorprompt[所需查找的业务数据记录不存在！]

[时间]:2019-11-01 12:18:37,017
[级别]:ERROR
[内容]:12:18:36,977 功能号[tdsecuL.4.101]，errorCode[pubA.3.310.4]，errorinfo[操作员机构编号=4141],errorprompt[所需查找的业务数据记录不存在！]

[时间]:2019-11-01 12:18:37,031
[级别]:ERROR
[内容]:12:18:36,977 功能号[tdsecuL.2.5]，errorCode[pubA.3.310.4]，errorinfo[操作员机构编号=4141],errorprompt[所需查找的业务数据记录不存在！]

[时间]:2019-11-01 12:18:37,063
[级别]:ERROR
[内容]:12:18:36,990 功能号[tdsecuL.2.7]，errorCode[pubA.3.310.4]，errorinfo[操作员机构编号=4646],errorprompt[所需查找的业务数据记录不存在！]

[时间]:2019-11-01 12:18:37,078
[级别]:ERROR
[内容]:12:18:37,008 功能号[tdsecuL.2.8]，errorCode[pubA.3.310.4]，errorinfo[操作员机构编号=4848],errorprompt[所需查找的业务数据记录不存在！]

[时间]:2019-11-01 12:18:37,093
[级别]:ERROR
[内容]:12:18:37,008 功能号[tdsecuL.2.6]，errorCode[pubA.3.310.4]，errorinfo[操作员机构编号=4545],errorprompt[所需查找的业务数据记录不存在！]

[时间]:2019-11-01 12:18:37,113
[级别]:ERROR
[内容]:12:18:37,008 功能号[pubL.19.91]，errorCode[pubA.3.310.4]，errorinfo[操作员机构编号=4646],errorprompt[所需查找的业务数据记录不存在！]

[时间]:2019-11-01 12:18:37,130
[级别]:ERROR
[内容]:12:18:37,008 功能号[pubL.19.91]，errorCode[pubA.3.310.4]，errorinfo[操作员机构编号=4040],errorprompt[所需查找的业务数据记录不存在！]

[时间]:2019-11-01 12:18:37,145
[级别]:ERROR
[内容]:12:18:37,008 功能号[pubL.19.91]，errorCode[pubA.3.310.4]，errorinfo[操作员机构编号=4545],errorprompt[所需查找的业务数据记录不存在！]

[时间]:2019-11-01 12:18:37,200
[级别]:ERROR
[内容]:12:18:37,008 功能号[pubL.19.91]，errorCode[pubA.3.310.4]，errorinfo[操作员机构编号=4040],errorprompt[所需查找的业务数据记录不存在！]

[时间]:2019-11-01 12:18:37,222
[级别]:ERROR
[内容]:12:18:37,008 功能号[pubL.19.91]，errorCode[pubA.3.310.4]，errorinfo[操作员机构编号=4040],errorprompt[所需查找的业务数据记录不存在！]

[时间]:2019-11-01 12:18:37,238
[级别]:ERROR
[内容]:12:18:37,008 功能号[tdsecuL.5.123]，errorCode[pubA.3.310.4]，errorinfo[操作员机构编号=4141],errorprompt[所需查找的业务数据记录不存在！]

[时间]:2019-11-01 12:18:37,258
[级别]:ERROR
[内容]:12:18:37,009 功能号[tdsecuL.5.123]，errorCode[pubA.3.310.4]，errorinfo[操作员机构编号=4141],errorprompt[所需查找的业务数据记录不存在！]

[时间]:2019-11-01 12:18:37,281
[级别]:ERROR
[内容]:12:18:37,009 功能号[pubL.19.91]，errorCode[pubA.5.7.808]，errorinfo[操作员编号=42420001],errorprompt[操作员的密码与输入的密码不符！]

[时间]:2019-11-01 12:18:37,294
[级别]:ERROR
[内容]:12:18:37,009 功能号[pubL.19.91]，errorCode[pubA.5.7.808]，errorinfo[操作员编号=42420001],errorprompt[操作员的密码与输入的密码不符！]

[时间]:2019-11-01 12:18:37,312
[级别]:ERROR
[内容]:12:18:37,009 功能号[tdsecuL.2.7]，errorCode[pubA.3.310.4]，errorinfo[操作员机构编号=4949],errorprompt[所需查找的业务数据记录不存在！]

[时间]:2019-11-01 12:18:37,342
[级别]:ERROR
[内容]:12:18:37,009 功能号[tdsecuL.2.7]，errorCode[pubA.3.310.4]，errorinfo[操作员机构编号=4141],errorprompt[所需查找的业务数据记录不存在！]

[时间]:2019-11-01 12:18:37,359
[级别]:ERROR
[内容]:12:18:37,013 功能号[tdsecuL.2.5]，errorCode[pubA.3.310.4]，errorinfo[操作员机构编号=4141],errorprompt[所需查找的业务数据记录不存在！]

[时间]:2019-11-01 12:18:37,371
[级别]:ERROR
[内容]:12:18:37,013 功能号[pubL.19.91]，errorCode[pubA.3.310.4]，errorinfo[操作员机构编号=4747],errorprompt[所需查找的业务数据记录不存在！]

[时间]:2019-11-01 12:18:37,385
[级别]:ERROR
[内容]:12:18:37,013 功能号[pubL.19.91]，errorCode[pubA.3.310.4]，errorinfo[操作员机构编号=4747],errorprompt[所需查找的业务数据记录不存在！]

[时间]:2019-11-01 12:18:37,403
[级别]:ERROR
[内容]:12:18:37,013 功能号[tdsecuL.5.123]，errorCode[pubA.3.310.4]，errorinfo[操作员机构编号=4141],errorprompt[所需查找的业务数据记录不存在！]

[时间]:2019-11-01 12:18:37,415
[级别]:ERROR
[内容]:12:18:37,013 功能号[pubL.19.91]，errorCode[pubA.3.310.4]，errorinfo[操作员机构编号=4949],errorprompt[所需查找的业务数据记录不存在！]

[时间]:2019-11-01 12:18:37,428
[级别]:ERROR
[内容]:12:18:37,013 功能号[tdsecuL.2.5]，errorCode[pubA.3.310.4]，errorinfo[操作员机构编号=4141],errorprompt[所需查找的业务数据记录不存在！]

[时间]:2019-11-01 12:18:37,447
[级别]:ERROR
[内容]:12:18:37,013 功能号[tdsecuL.4.101]，errorCode[pubA.3.310.4]，errorinfo[操作员机构编号=4141],errorprompt[所需查找的业务数据记录不存在！]

[时间]:2019-11-01 12:18:37,464
[级别]:ERROR
[内容]:12:18:37,013 功能号[pubL.19.91]，errorCode[pubA.5.7.808]，errorinfo[操作员编号=42420001],errorprompt[操作员的密码与输入的密码不符！]

[时间]:2019-11-01 12:18:37,478
[级别]:ERROR
[内容]:12:18:37,013 功能号[pubL.19.91]，errorCode[pubA.3.310.4]，errorinfo[操作员机构编号=4444],errorprompt[所需查找的业务数据记录不存在！]

[时间]:2019-11-01 12:18:37,522
[级别]:ERROR
[内容]:12:18:37,013 功能号[pubL.19.91]，errorCode[pubA.3.310.4]，errorinfo[操作员机构编号=4949],errorprompt[所需查找的业务数据记录不存在！]

[时间]:2019-11-01 12:18:37,549
[级别]:ERROR
[内容]:12:18:37,014 功能号[pubL.19.91]，errorCode[pubA.3.310.4]，errorinfo[操作员机构编号=4141],errorprompt[所需查找的业务数据记录不存在！]

[时间]:2019-11-01 12:18:37,563
[级别]:ERROR
[内容]:12:18:37,014 功能号[tdsecuL.5.123]，errorCode[pubA.3.310.4]，errorinfo[操作员机构编号=4141],errorprompt[所需查找的业务数据记录不存在！]

[时间]:2019-11-01 12:18:37,574
[级别]:ERROR
[内容]:12:18:37,014 功能号[tdsecuL.5.123]，errorCode[pubA.3.310.4]，errorinfo[操作员机构编号=4141],errorprompt[所需查找的业务数据记录不存在！]

[时间]:2019-11-01 12:18:37,598
[级别]:ERROR
[内容]:12:18:37,014 功能号[tdsecuL.4.101]，errorCode[pubA.3.310.4]，errorinfo[操作员机构编号=4141],errorprompt[所需查找的业务数据记录不存在！]

[时间]:2019-11-01 12:18:37,615
[级别]:ERROR
[内容]:12:18:37,014 功能号[tdsecuL.2.6]，errorCode[pubA.3.310.4]，errorinfo[操作员机构编号=4949],errorprompt[所需查找的业务数据记录不存在！]

[时间]:2019-11-01 12:18:37,665
[级别]:ERROR
[内容]:12:18:37,014 功能号[pubL.19.91]，errorCode[pubA.3.310.4]，errorinfo[操作员机构编号=4949],errorprompt[所需查找的业务数据记录不存在！]

[时间]:2019-11-01 12:18:37,677
[级别]:ERROR
[内容]:12:18:37,014 功能号[pubL.19.91]，errorCode[pubA.3.310.4]，errorinfo[操作员机构编号=4141],errorprompt[所需查找的业务数据记录不存在！]

[时间]:2019-11-01 12:18:37,803
[级别]:ERROR
[内容]:12:18:37,014 功能号[pubL.19.91]，errorCode[pubA.5.7.808]，errorinfo[操作员编号=42420001],errorprompt[操作员的密码与输入的密码不符！]

[时间]:2019-11-01 12:18:37,825
[级别]:ERROR
[内容]:12:18:37,014 功能号[tdsecuL.5.123]，errorCode[pubA.3.310.4]，errorinfo[操作员机构编号=4141],errorprompt[所需查找的业务数据记录不存在！]

[时间]:2019-11-01 12:18:37,837
[级别]:ERROR
[内容]:12:18:37,014 功能号[pubL.19.91]，errorCode[pubA.3.310.4]，errorinfo[操作员机构编号=4545],errorprompt[所需查找的业务数据记录不存在！]

[时间]:2019-11-01 12:18:37,849
[级别]:ERROR
[内容]:12:18:37,014 功能号[pubL.19.91]，errorCode[pubA.3.310.4]，errorinfo[操作员机构编号=4747],errorprompt[所需查找的业务数据记录不存在！]

[时间]:2019-11-01 12:18:37,908
[级别]:ERROR
[内容]:12:18:37,014 功能号[pubL.19.91]，errorCode[pubA.5.7.808]，errorinfo[操作员编号=42420001],errorprompt[操作员的密码与输入的密码不符！]

[时间]:2019-11-01 12:18:37,924
[级别]:ERROR
[内容]:12:18:37,014 功能号[tdsecuL.2.5]，errorCode[pubA.3.310.4]，errorinfo[操作员机构编号=4141],errorprompt[所需查找的业务数据记录不存在！]

[时间]:2019-11-01 12:18:37,942
[级别]:ERROR
[内容]:12:18:37,014 功能号[tdsecuL.2.5]，errorCode[pubA.3.310.4]，errorinfo[操作员机构编号=4141],errorprompt[所需查找的业务数据记录不存在！]

[时间]:2019-11-01 12:18:37,964
[级别]:ERROR
[内容]:12:18:37,014 功能号[tdsecuL.5.123]，errorCode[pubA.3.310.4]，errorinfo[操作员机构编号=4141],errorprompt[所需查找的业务数据记录不存在！]

[时间]:2019-11-01 12:18:37,982
[级别]:ERROR
[内容]:12:18:37,014 功能号[tdsecuL.5.123]，errorCode[pubA.3.310.4]，errorinfo[操作员机构编号=4141],errorprompt[所需查找的业务数据记录不存在！]

[时间]:2019-11-01 12:18:38,019
[级别]:ERROR
[内容]:12:18:37,015 功能号[tdsecuL.2.5]，errorCode[pubA.3.310.4]，errorinfo[操作员机构编号=4141],errorprompt[所需查找的业务数据记录不存在！]

[时间]:2019-11-01 12:18:38,032
[级别]:ERROR
[内容]:12:18:37,015 功能号[pubL.19.91]，errorCode[pubA.3.310.4]，errorinfo[操作员机构编号=4646],errorprompt[所需查找的业务数据记录不存在！]

[时间]:2019-11-01 12:18:38,046
[级别]:ERROR
[内容]:12:18:37,015 功能号[pubL.19.91]，errorCode[pubA.5.7.808]，errorinfo[操作员编号=42420001],errorprompt[操作员的密码与输入的密码不符！]

[时间]:2019-11-01 12:18:38,081
[级别]:ERROR
[内容]:12:18:37,016 功能号[tdsecuL.2.7]，errorCode[pubA.3.310.4]，errorinfo[操作员机构编号=4646],errorprompt[所需查找的业务数据记录不存在！]

[时间]:2019-11-01 12:18:38,094
[级别]:ERROR
[内容]:12:18:37,017 功能号[pubL.19.91]，errorCode[pubA.3.310.4]，errorinfo[操作员机构编号=4949],errorprompt[所需查找的业务数据记录不存在！]

[时间]:2019-11-01 12:18:38,105
[级别]:ERROR
[内容]:12:18:37,017 功能号[pubL.19.91]，errorCode[pubA.3.310.4]，errorinfo[操作员机构编号=4141],errorprompt[所需查找的业务数据记录不存在！]

[时间]:2019-11-01 12:18:38,127
[级别]:ERROR
[内容]:12:18:37,017 功能号[pubL.19.91]，errorCode[pubA.3.310.4]，errorinfo[操作员机构编号=4141],errorprompt[所需查找的业务数据记录不存在！]

[时间]:2019-11-01 12:18:38,141
[级别]:ERROR
[内容]:12:18:37,017 功能号[tdsecuL.2.5]，errorCode[pubA.3.310.4]，errorinfo[操作员机构编号=4141],errorprompt[所需查找的业务数据记录不存在！]

[时间]:2019-11-01 12:18:38,156
[级别]:ERROR
[内容]:12:18:37,017 功能号[pubL.19.91]，errorCode[pubA.3.310.4]，errorinfo[操作员机构编号=4949],errorprompt[所需查找的业务数据记录不存在！]

[时间]:2019-11-01 12:18:38,171
[级别]:ERROR
[内容]:12:18:37,017 功能号[tdsecuL.2.8]，errorCode[pubA.3.310.4]，errorinfo[操作员机构编号=4848],errorprompt[所需查找的业务数据记录不存在！]

[时间]:2019-11-01 12:18:38,184
[级别]:ERROR
[内容]:12:18:37,017 功能号[pubL.19.91]，errorCode[pubA.3.310.4]，errorinfo[操作员机构编号=4747],errorprompt[所需查找的业务数据记录不存在！]

[时间]:2019-11-01 12:18:38,231
[级别]:ERROR
[内容]:12:18:37,017 功能号[tdsecuL.2.6]，errorCode[pubA.5.7.808]，errorinfo[操作员编号=42420001],errorprompt[操作员的密码与输入的密码不符！]

[时间]:2019-11-01 12:18:38,254
[级别]:ERROR
[内容]:12:18:37,017 功能号[pubL.19.91]，errorCode[pubA.3.310.4]，errorinfo[操作员机构编号=4949],errorprompt[所需查找的业务数据记录不存在！]

[时间]:2019-11-01 12:18:38,274
[级别]:ERROR
[内容]:12:18:37,017 功能号[tdsecuL.2.5]，errorCode[pubA.3.310.4]，errorinfo[操作员机构编号=4141],errorprompt[所需查找的业务数据记录不存在！]

[时间]:2019-11-01 12:18:38,291
[级别]:ERROR
[内容]:12:18:37,017 功能号[pubL.19.91]，errorCode[pubA.3.310.4]，errorinfo[操作员机构编号=4949],errorprompt[所需查找的业务数据记录不存在！]

[时间]:2019-11-01 12:18:38,303
[级别]:ERROR
[内容]:12:18:37,017 功能号[pubL.19.91]，errorCode[pubA.3.310.4]，errorinfo[操作员机构编号=4040],errorprompt[所需查找的业务数据记录不存在！]

[时间]:2019-11-01 12:18:38,346
[级别]:ERROR
[内容]:12:18:37,017 功能号[pubL.19.91]，errorCode[pubA.3.310.4]，errorinfo[操作员机构编号=4747],errorprompt[所需查找的业务数据记录不存在！]

[时间]:2019-11-01 12:18:38,406
[级别]:ERROR
[内容]:12:18:37,017 功能号[tdsecuL.2.8]，errorCode[pubA.3.310.4]，errorinfo[操作员机构编号=4848],errorprompt[所需查找的业务数据记录不存在！]

[时间]:2019-11-01 12:18:38,473
[级别]:ERROR
[内容]:12:18:37,017 功能号[tdsecuL.5.123]，errorCode[pubA.3.310.4]，errorinfo[操作员机构编号=4141],errorprompt[所需查找的业务数据记录不存在！]

[时间]:2019-11-01 12:18:38,486
[级别]:ERROR
[内容]:12:18:37,017 功能号[tdsecuL.5.123]，errorCode[pubA.3.310.4]，errorinfo[操作员机构编号=4141],errorprompt[所需查找的业务数据记录不存在！]

[时间]:2019-11-01 12:18:38,510
[级别]:ERROR
[内容]:12:18:37,018 功能号[pubL.19.91]，errorCode[pubA.3.310.4]，errorinfo[操作员机构编号=4545],errorprompt[所需查找的业务数据记录不存在！]

[时间]:2019-11-01 12:18:38,533
[级别]:ERROR
[内容]:12:18:37,018 功能号[pubL.19.91]，errorCode[pubA.3.310.4]，errorinfo[操作员机构编号=4545],errorprompt[所需查找的业务数据记录不存在！]

[时间]:2019-11-01 12:18:38,546
[级别]:ERROR
[内容]:12:18:37,018 功能号[pubL.19.91]，errorCode[pubA.3.310.4]，errorinfo[操作员机构编号=4040],errorprompt[所需查找的业务数据记录不存在！]

[时间]:2019-11-01 12:18:38,560
[级别]:ERROR
[内容]:12:18:37,018 功能号[tdsecuL.5.123]，errorCode[pubA.3.310.4]，errorinfo[操作员机构编号=4141],errorprompt[所需查找的业务数据记录不存在！]

[时间]:2019-11-01 12:18:38,578
[级别]:ERROR
[内容]:12:18:37,030 功能号[pdsecuL.2.37]，errorCode[pubA.3.310.4]，errorinfo[操作员机构编号=4141],errorprompt[所需查找的业务数据记录不存在！]

[时间]:2019-11-01 12:18:38,681
[级别]:ERROR
[内容]:12:18:37,031 功能号[tdsecuL.2.5]，errorCode[pubA.3.310.4]，errorinfo[操作员机构编号=4141],errorprompt[所需查找的业务数据记录不存在！]

[时间]:2019-11-01 12:18:38,718
[级别]:ERROR
[内容]:12:18:37,031 功能号[tdsecuL.2.7]，errorCode[pubA.3.310.4]，errorinfo[操作员机构编号=4949],errorprompt[所需查找的业务数据记录不存在！]

[时间]:2019-11-01 12:18:38,817
[级别]:ERROR
[内容]:12:18:37,062 功能号[tdfutuL.2.6]，errorCode[pubA.3.310.4]，errorinfo[操作员机构编号=4141],errorprompt[所需查找的业务数据记录不存在！]

[时间]:2019-11-01 12:18:38,841
[级别]:ERROR
[内容]:12:18:37,200 功能号[pubL.19.91]，errorCode[pubA.3.310.4]，errorinfo[操作员机构编号=4141],errorprompt[所需查找的业务数据记录不存在！]

[时间]:2019-11-01 12:18:38,854
[级别]:ERROR
[内容]:12:18:37,200 功能号[tdsecuL.5.123]，errorCode[pubA.3.310.4]，errorinfo[操作员机构编号=4141],errorprompt[所需查找的业务数据记录不存在！]

[时间]:2019-11-01 12:18:38,958
[级别]:ERROR
[内容]:12:18:37,200 功能号[tdsecuL.2.6]，errorCode[pubA.3.310.4]，errorinfo[操作员机构编号=4848],errorprompt[所需查找的业务数据记录不存在！]

[时间]:2019-11-01 12:18:38,990
[级别]:ERROR
[内容]:12:18:37,201 功能号[pdfutuL.2.57]，errorCode[pubA.3.310.4]，errorinfo[操作员机构编号=4141],errorprompt[所需查找的业务数据记录不存在！]

[时间]:2019-11-01 12:18:39,027
[级别]:ERROR
[内容]:12:18:37,218 功能号[tdsecuL.6.3]，errorCode[pubA.5.7.808]，errorinfo[操作员编号=42420001],errorprompt[操作员的密码与输入的密码不符！]

[时间]:2019-11-01 12:18:39,054
[级别]:ERROR
[内容]:12:18:37,218 功能号[tdsecuL.2.5]，errorCode[pubA.3.310.4]，errorinfo[操作员机构编号=4141],errorprompt[所需查找的业务数据记录不存在！]

[时间]:2019-11-01 12:18:39,066
[级别]:ERROR
[内容]:12:18:37,218 功能号[tdsecuL.5.123]，errorCode[pubA.3.310.4]，errorinfo[操作员机构编号=4141],errorprompt[所需查找的业务数据记录不存在！]

[时间]:2019-11-01 12:18:39,088
[级别]:ERROR
[内容]:12:18:37,250 功能号[tdsecuL.2.5]，errorCode[pubA.3.310.4]，errorinfo[操作员机构编号=4141],errorprompt[所需查找的业务数据记录不存在！]

[时间]:2019-11-01 12:18:39,170
[级别]:ERROR
[内容]:12:18:37,250 功能号[tdsecuL.5.123]，errorCode[pubA.3.310.4]，errorinfo[操作员机构编号=4141],errorprompt[所需查找的业务数据记录不存在！]

[时间]:2019-11-01 12:18:39,182
[级别]:ERROR
[内容]:12:18:37,250 功能号[tdsecuL.6.1]，errorCode[pubA.5.7.808]，errorinfo[操作员编号=42420001],errorprompt[操作员的密码与输入的密码不符！]

[时间]:2019-11-01 12:18:39,223
[级别]:ERROR
[内容]:12:18:37,250 功能号[pdsecuL.2.37]，errorCode[pubA.3.310.4]，errorinfo[操作员机构编号=4141],errorprompt[所需查找的业务数据记录不存在！]

[时间]:2019-11-01 12:18:39,398
[级别]:ERROR
[内容]:12:18:37,250 功能号[tdsecuL.5.123]，errorCode[pubA.3.310.4]，errorinfo[操作员机构编号=4141],errorprompt[所需查找的业务数据记录不存在！]

[时间]:2019-11-01 12:18:39,418
[级别]:ERROR
[内容]:12:18:37,250 功能号[tdsecuL.5.123]，errorCode[pubA.3.310.4]，errorinfo[操作员机构编号=4141],errorprompt[所需查找的业务数据记录不存在！]

[时间]:2019-11-01 12:18:39,448
[级别]:ERROR
[内容]:12:18:37,250 功能号[pubL.19.91]，errorCode[pubA.3.310.4]，errorinfo[操作员机构编号=4848],errorprompt[所需查找的业务数据记录不存在！]

[时间]:2019-11-01 12:18:39,483
[级别]:ERROR
[内容]:12:18:37,250 功能号[pubL.19.91]，errorCode[pubA.3.310.4]，errorinfo[操作员机构编号=4545],errorprompt[所需查找的业务数据记录不存在！]

[时间]:2019-11-01 12:18:39,502
[级别]:ERROR
[内容]:12:18:37,250 功能号[pubL.19.91]，errorCode[pubA.3.310.4]，errorinfo[操作员机构编号=4949],errorprompt[所需查找的业务数据记录不存在！]

[时间]:2019-11-01 12:18:39,527
[级别]:ERROR
[内容]:12:18:37,250 功能号[pubL.19.91]，errorCode[pubA.3.310.4]，errorinfo[操作员机构编号=4949],errorprompt[所需查找的业务数据记录不存在！]

[时间]:2019-11-01 12:18:39,550
[级别]:ERROR
[内容]:12:18:37,250 功能号[tdsecuL.5.123]，errorCode[pubA.3.310.4]，errorinfo[操作员机构编号=4141],errorprompt[所需查找的业务数据记录不存在！]

[时间]:2019-11-01 12:18:39,580
[级别]:ERROR
[内容]:12:18:37,250 功能号[tdsecuL.2.6]，errorCode[pubA.3.310.4]，errorinfo[操作员机构编号=4747],errorprompt[所需查找的业务数据记录不存在！]

[时间]:2019-11-01 12:18:39,600
[级别]:ERROR
[内容]:12:18:37,250 功能号[tdsecuL.5.123]，errorCode[pubA.3.310.4]，errorinfo[操作员机构编号=4141],errorprompt[所需查找的业务数据记录不存在！]

[时间]:2019-11-01 12:18:39,625
[级别]:ERROR
[内容]:12:18:37,250 功能号[pdfutuL.2.57]，errorCode[pubA.3.310.4]，errorinfo[操作员机构编号=4141],errorprompt[所需查找的业务数据记录不存在！]

[时间]:2019-11-01 12:18:39,650
[级别]:ERROR
[内容]:12:18:37,250 功能号[pubL.19.91]，errorCode[pubA.5.7.808]，errorinfo[操作员编号=42420001],errorprompt[操作员的密码与输入的密码不符！]

[时间]:2019-11-01 12:18:39,671
[级别]:ERROR
[内容]:12:18:37,250 功能号[pubL.19.91]，errorCode[pubA.3.310.4]，errorinfo[操作员机构编号=4141],errorprompt[所需查找的业务数据记录不存在！]

[时间]:2019-11-01 12:18:39,686
[级别]:ERROR
[内容]:12:18:37,250 功能号[pubL.19.91]，errorCode[pubA.3.310.4]，errorinfo[操作员机构编号=4949],errorprompt[所需查找的业务数据记录不存在！]

[时间]:2019-11-01 12:18:39,701
[级别]:ERROR
[内容]:12:18:37,250 功能号[pubL.19.91]，errorCode[pubA.3.310.4]，errorinfo[操作员机构编号=4545],errorprompt[所需查找的业务数据记录不存在！]

[时间]:2019-11-01 12:18:39,774
[级别]:ERROR
[内容]:12:18:37,250 功能号[pdsecuL.2.37]，errorCode[pubA.3.310.4]，errorinfo[操作员机构编号=4141],errorprompt[所需查找的业务数据记录不存在！]

[时间]:2019-11-01 12:18:39,794
[级别]:ERROR
[内容]:12:18:37,250 功能号[pubL.19.91]，errorCode[pubA.3.310.4]，errorinfo[操作员机构编号=4545],errorprompt[所需查找的业务数据记录不存在！]

[时间]:2019-11-01 12:18:39,808
[级别]:ERROR
[内容]:12:18:37,250 功能号[tdsecuL.5.123]，errorCode[pubA.3.310.4]，errorinfo[操作员机构编号=4141],errorprompt[所需查找的业务数据记录不存在！]

[时间]:2019-11-01 12:18:39,824
[级别]:ERROR
[内容]:12:18:37,250 功能号[pubL.19.91]，errorCode[pubA.5.7.61]，errorinfo[操作员编号=43430001,操作员状态=2],errorprompt[操作员已被冻结！]

[时间]:2019-11-01 12:18:39,845
[级别]:ERROR
[内容]:12:18:37,250 功能号[pdsecuL.2.37]，errorCode[pubA.3.310.4]，errorinfo[操作员机构编号=4141],errorprompt[所需查找的业务数据记录不存在！]

[时间]:2019-11-01 12:18:39,863
[级别]:ERROR
[内容]:12:18:37,250 功能号[pubL.19.91]，errorCode[pubA.5.7.808]，errorinfo[操作员编号=42420001],errorprompt[操作员的密码与输入的密码不符！]

[时间]:2019-11-01 12:18:39,881
[级别]:ERROR
[内容]:12:18:37,250 功能号[pubL.19.91]，errorCode[pubA.3.310.4]，errorinfo[操作员机构编号=4040],errorprompt[所需查找的业务数据记录不存在！]

[时间]:2019-11-01 12:18:39,901
[级别]:ERROR
[内容]:12:18:37,250 功能号[tdsecuL.2.7]，errorCode[pubA.3.310.4]，errorinfo[操作员机构编号=4848],errorprompt[所需查找的业务数据记录不存在！]

[时间]:2019-11-01 12:18:39,924
[级别]:ERROR
[内容]:12:18:37,250 功能号[tdsecuL.2.5]，errorCode[pubA.3.310.4]，errorinfo[操作员机构编号=4141],errorprompt[所需查找的业务数据记录不存在！]

[时间]:2019-11-01 12:18:39,941
[级别]:ERROR
[内容]:12:18:37,250 功能号[pubL.19.91]，errorCode[pubA.3.310.4]，errorinfo[操作员机构编号=4545],errorprompt[所需查找的业务数据记录不存在！]

[时间]:2019-11-01 12:18:39,955
[级别]:ERROR
[内容]:12:18:37,273 功能号[pdfutuL.2.57]，errorCode[pubA.3.310.4]，errorinfo[操作员机构编号=4141],errorprompt[所需查找的业务数据记录不存在！]

[时间]:2019-11-01 12:18:39,969
[级别]:ERROR
[内容]:12:18:37,273 功能号[pubL.19.91]，errorCode[pubA.3.310.4]，errorinfo[操作员机构编号=4949],errorprompt[所需查找的业务数据记录不存在！]

[时间]:2019-11-01 12:18:39,986
[级别]:ERROR
[内容]:12:18:37,273 功能号[tdfutuL.2.6]，errorCode[pubA.3.310.4]，errorinfo[操作员机构编号=4141],errorprompt[所需查找的业务数据记录不存在！]

[时间]:2019-11-01 12:18:40,003
[级别]:ERROR
[内容]:12:18:37,273 功能号[pubL.19.91]，errorCode[pubA.3.310.4]，errorinfo[操作员机构编号=4949],errorprompt[所需查找的业务数据记录不存在！]

[时间]:2019-11-01 12:18:40,019
[级别]:ERROR
[内容]:12:18:37,273 功能号[pubL.19.91]，errorCode[pubA.3.310.4]，errorinfo[操作员机构编号=4040],errorprompt[所需查找的业务数据记录不存在！]

[时间]:2019-11-01 12:18:40,059
[级别]:ERROR
[内容]:12:18:37,273 功能号[pubL.19.91]，errorCode[pubA.3.310.4]，errorinfo[操作员机构编号=4949],errorprompt[所需查找的业务数据记录不存在！]

[时间]:2019-11-01 12:18:40,074
[级别]:ERROR
[内容]:12:18:37,273 功能号[tdsecuL.6.3]，errorCode[pubA.5.7.808]，errorinfo[操作员编号=42420001],errorprompt[操作员的密码与输入的密码不符！]

[时间]:2019-11-01 12:18:40,102
[级别]:ERROR
[内容]:12:18:37,273 功能号[pubL.19.91]，errorCode[pubA.3.310.4]，errorinfo[操作员机构编号=4949],errorprompt[所需查找的业务数据记录不存在！]

[时间]:2019-11-01 12:18:40,138
[级别]:ERROR
[内容]:12:18:37,273 功能号[tdsecuL.2.8]，errorCode[pubA.3.310.4]，errorinfo[操作员机构编号=4545],errorprompt[所需查找的业务数据记录不存在！]

[时间]:2019-11-01 12:18:40,155
[级别]:ERROR
[内容]:12:18:37,273 功能号[pubL.19.91]，errorCode[pubA.3.310.4]，errorinfo[操作员机构编号=4040],errorprompt[所需查找的业务数据记录不存在！]

[时间]:2019-11-01 12:18:40,171
[级别]:ERROR
[内容]:12:18:37,273 功能号[tdsecuL.2.6]，errorCode[pubA.5.7.808]，errorinfo[操作员编号=42420001],errorprompt[操作员的密码与输入的密码不符！]

[时间]:2019-11-01 12:18:40,183
[级别]:ERROR
[内容]:12:18:37,273 功能号[pubL.19.91]，errorCode[pubA.3.310.4]，errorinfo[操作员机构编号=4444],errorprompt[所需查找的业务数据记录不存在！]

[时间]:2019-11-01 12:18:40,196
[级别]:ERROR
[内容]:12:18:37,273 功能号[pubL.19.91]，errorCode[pubA.3.310.4]，errorinfo[操作员机构编号=4040],errorprompt[所需查找的业务数据记录不存在！]

[时间]:2019-11-01 12:18:40,229
[级别]:ERROR
[内容]:12:18:37,273 功能号[pdfutuL.2.57]，errorCode[pubA.3.310.4]，errorinfo[操作员机构编号=4141],errorprompt[所需查找的业务数据记录不存在！]

[时间]:2019-11-01 12:18:40,243
[级别]:ERROR
[内容]:12:18:37,273 功能号[pubL.19.91]，errorCode[pubA.3.310.4]，errorinfo[操作员机构编号=4545],errorprompt[所需查找的业务数据记录不存在！]

[时间]:2019-11-01 12:18:40,258
[级别]:ERROR
[内容]:12:18:37,273 功能号[pubL.19.91]，errorCode[pubA.5.7.808]，errorinfo[操作员编号=42420001],errorprompt[操作员的密码与输入的密码不符！]

[时间]:2019-11-01 12:18:40,272
[级别]:ERROR
[内容]:12:18:37,290 功能号[pdsecuL.3.21]，errorCode[pubA.3.310.4]，errorinfo[操作员机构编号=4141],errorprompt[所需查找的业务数据记录不存在！]

[时间]:2019-11-01 12:18:40,290
[级别]:ERROR
[内容]:12:18:37,290 功能号[tdfutuL.2.6]，errorCode[pubA.3.310.4]，errorinfo[操作员机构编号=4141],errorprompt[所需查找的业务数据记录不存在！]

[时间]:2019-11-01 12:18:40,314
[级别]:ERROR
[内容]:12:18:37,290 功能号[pdsecuL.2.37]，errorCode[pubA.3.310.4]，errorinfo[操作员机构编号=4141],errorprompt[所需查找的业务数据记录不存在！]

[时间]:2019-11-01 12:18:40,331
[级别]:ERROR
[内容]:12:18:37,290 功能号[tdsecuL.2.7]，errorCode[pubA.5.7.61]，errorinfo[操作员编号=43430001,操作员状态=2],errorprompt[操作员已被冻结！]

[时间]:2019-11-01 12:18:40,352
[级别]:ERROR
[内容]:12:18:37,290 功能号[tdsecuL.2.7]，errorCode[pubA.3.310.4]，errorinfo[操作员机构编号=4848],errorprompt[所需查找的业务数据记录不存在！]

[时间]:2019-11-01 12:18:40,367
[级别]:ERROR
[内容]:12:18:37,290 功能号[pubL.19.91]，errorCode[pubA.3.310.4]，errorinfo[操作员机构编号=4646],errorprompt[所需查找的业务数据记录不存在！]

[时间]:2019-11-01 12:18:40,379
[级别]:ERROR
[内容]:12:18:37,290 功能号[pdsecuL.3.21]，errorCode[pubA.3.310.4]，errorinfo[操作员机构编号=4141],errorprompt[所需查找的业务数据记录不存在！]

[时间]:2019-11-01 12:18:40,402
[级别]:ERROR
[内容]:12:18:37,290 功能号[pubL.19.91]，errorCode[pubA.3.310.4]，errorinfo[操作员机构编号=4444],errorprompt[所需查找的业务数据记录不存在！]

[时间]:2019-11-01 12:18:40,415
[级别]:ERROR
[内容]:12:18:37,291 功能号[pdfutuL.2.57]，errorCode[pubA.3.310.4]，errorinfo[操作员机构编号=4141],errorprompt[所需查找的业务数据记录不存在！]

[时间]:2019-11-01 12:18:40,440
[级别]:ERROR
[内容]:12:18:37,298 功能号[pubL.19.91]，errorCode[pubA.3.310.4]，errorinfo[操作员机构编号=4141],errorprompt[所需查找的业务数据记录不存在！]

[时间]:2019-11-01 12:18:40,457
[级别]:ERROR
[内容]:12:18:37,298 功能号[pubL.19.91]，errorCode[pubA.3.310.4]，errorinfo[操作员机构编号=4545],errorprompt[所需查找的业务数据记录不存在！]

[时间]:2019-11-01 12:18:40,473
[级别]:ERROR
[内容]:12:18:37,299 功能号[pubL.19.91]，errorCode[pubA.3.310.4]，errorinfo[操作员机构编号=4545],errorprompt[所需查找的业务数据记录不存在！]

[时间]:2019-11-01 12:18:40,512
[级别]:ERROR
[内容]:12:18:37,299 功能号[pubL.19.91]，errorCode[pubA.3.310.4]，errorinfo[操作员机构编号=4848],errorprompt[所需查找的业务数据记录不存在！]

[时间]:2019-11-01 12:18:40,527
[级别]:ERROR
[内容]:12:18:37,319 功能号[prodL.3.21]，errorCode[pubA.3.310.4]，errorinfo[操作员机构编号=4444],errorprompt[所需查找的业务数据记录不存在！]

[时间]:2019-11-01 12:18:40,547
[级别]:ERROR
[内容]:12:18:37,319 功能号[pubL.19.91]，errorCode[pubA.3.310.4]，errorinfo[操作员机构编号=4444],errorprompt[所需查找的业务数据记录不存在！]

[时间]:2019-11-01 12:18:40,564
[级别]:ERROR
[内容]:12:18:37,319 功能号[pubL.19.91]，errorCode[pubA.3.310.4]，errorinfo[操作员机构编号=4747],errorprompt[所需查找的业务数据记录不存在！]

[时间]:2019-11-01 12:18:40,657
[级别]:ERROR
[内容]:12:18:37,319 功能号[tdsecuL.2.6]，errorCode[pubA.3.310.4]，errorinfo[操作员机构编号=4545],errorprompt[所需查找的业务数据记录不存在！]

[时间]:2019-11-01 12:18:40,696
[级别]:ERROR
[内容]:12:18:37,319 功能号[tdsecuL.2.5]，errorCode[pubA.3.310.4]，errorinfo[操作员机构编号=4141],errorprompt[所需查找的业务数据记录不存在！]

[时间]:2019-11-01 12:18:40,744
[级别]:ERROR
[内容]:12:18:37,319 功能号[pubL.19.91]，errorCode[pubA.3.310.4]，errorinfo[操作员机构编号=4949],errorprompt[所需查找的业务数据记录不存在！]

[时间]:2019-11-01 12:18:40,779
[级别]:ERROR
[内容]:12:18:37,319 功能号[tdsecuL.2.5]，errorCode[pubA.3.310.4]，errorinfo[操作员机构编号=4141],errorprompt[所需查找的业务数据记录不存在！]

[时间]:2019-11-01 12:18:40,801
[级别]:ERROR
[内容]:12:18:37,319 功能号[tdsecuL.2.5]，errorCode[pubA.3.310.4]，errorinfo[操作员机构编号=4141],errorprompt[所需查找的业务数据记录不存在！]

[时间]:2019-11-01 12:18:40,839
[级别]:ERROR
[内容]:12:18:37,319 功能号[pubL.19.91]，errorCode[pubA.3.310.4]，errorinfo[操作员机构编号=4141],errorprompt[所需查找的业务数据记录不存在！]

[时间]:2019-11-01 12:18:40,857
[级别]:ERROR
[内容]:12:18:37,325 功能号[tdsecuL.2.5]，errorCode[pubA.3.310.4]，errorinfo[操作员机构编号=4141],errorprompt[所需查找的业务数据记录不存在！]

[时间]:2019-11-01 12:18:40,999
[级别]:ERROR
[内容]:12:18:37,326 功能号[pubL.19.91]，errorCode[pubA.3.310.4]，errorinfo[操作员机构编号=4646],errorprompt[所需查找的业务数据记录不存在！]

[时间]:2019-11-01 12:18:41,023
[级别]:ERROR
[内容]:12:18:37,326 功能号[pubL.19.91]，errorCode[pubA.3.310.4]，errorinfo[操作员机构编号=4646],errorprompt[所需查找的业务数据记录不存在！]

[时间]:2019-11-01 12:18:41,081
[级别]:ERROR
[内容]:12:18:37,326 功能号[pubL.19.91]，errorCode[pubA.3.310.4]，errorinfo[操作员机构编号=4949],errorprompt[所需查找的业务数据记录不存在！]

[时间]:2019-11-01 12:18:41,143
[级别]:ERROR
[内容]:12:18:37,326 功能号[pubL.19.91]，errorCode[pubA.3.310.4]，errorinfo[操作员机构编号=4747],errorprompt[所需查找的业务数据记录不存在！]

