[时间]:2019-09-02 13:32:05,767
[级别]:INFO
[内容]:13:32:05,754 开始启动

[时间]:2019-09-02 13:33:14,509
[级别]:ERROR
[内容]:13:33:14,506 功能号[pubL.16.1]，errorCode[pubA.16.4.4a]，errorinfo[证券代码=90],errorprompt[所需查找的业务数据记录不存在！]

[时间]:2019-09-02 13:33:14,914
[级别]:ERROR
[内容]:13:33:14,909 功能号[pubL.16.1]，errorCode[pubA.16.4.4a]，errorinfo[证券代码=1066],errorprompt[所需查找的业务数据记录不存在！]

[时间]:2019-09-02 13:33:15,116
[级别]:ERROR
[内容]:13:33:15,108 功能号[pubL.16.1]，errorCode[pubA.16.4.4a]，errorinfo[证券代码=19526],errorprompt[所需查找的业务数据记录不存在！]

[时间]:2019-09-02 13:33:15,127
[级别]:ERROR
[内容]:13:33:15,108 功能号[pubL.16.1]，errorCode[pubA.16.4.4a]，errorinfo[证券代码=19526],errorprompt[所需查找的业务数据记录不存在！]

[时间]:2019-09-02 13:33:15,320
[级别]:ERROR
[内容]:13:33:15,309 功能号[pubL.16.1]，errorCode[pubA.16.4.4a]，errorinfo[证券代码=1066],errorprompt[所需查找的业务数据记录不存在！]

[时间]:2019-09-02 13:33:15,329
[级别]:ERROR
[内容]:13:33:15,309 功能号[pubL.16.1]，errorCode[pubA.16.4.4a]，errorinfo[证券代码=1066],errorprompt[所需查找的业务数据记录不存在！]

[时间]:2019-09-02 13:33:15,341
[级别]:ERROR
[内容]:13:33:15,310 功能号[pubL.16.1]，errorCode[pubA.16.4.4a]，errorinfo[证券代码=2743],errorprompt[所需查找的业务数据记录不存在！]

[时间]:2019-09-02 13:33:15,513
[级别]:ERROR
[内容]:13:33:15,509 功能号[pubL.16.1]，errorCode[pubA.16.4.4a]，errorinfo[证券代码=1638],errorprompt[所需查找的业务数据记录不存在！]

[时间]:2019-09-02 13:33:15,913
[级别]:ERROR
[内容]:13:33:15,910 功能号[pubL.16.1]，errorCode[pubA.16.4.4a]，errorinfo[证券代码=1638],errorprompt[所需查找的业务数据记录不存在！]

[时间]:2019-09-02 13:33:16,321
[级别]:ERROR
[内容]:13:33:16,311 功能号[pubL.16.1]，errorCode[pubA.16.4.4a]，errorinfo[证券代码=582],errorprompt[所需查找的业务数据记录不存在！]

[时间]:2019-09-02 13:33:16,523
[级别]:ERROR
[内容]:13:33:16,512 功能号[pubL.16.1]，errorCode[pubA.16.4.4a]，errorinfo[证券代码=2540],errorprompt[所需查找的业务数据记录不存在！]

[时间]:2019-09-02 13:33:16,923
[级别]:ERROR
[内容]:13:33:16,915 功能号[pubL.16.1]，errorCode[pubA.16.4.4a]，errorinfo[证券代码=751],errorprompt[所需查找的业务数据记录不存在！]

[时间]:2019-09-02 13:33:17,127
[级别]:ERROR
[内容]:13:33:17,116 功能号[pubL.16.1]，errorCode[pubA.16.4.4a]，errorinfo[证券代码=751],errorprompt[所需查找的业务数据记录不存在！]

[时间]:2019-09-02 13:33:17,323
[级别]:ERROR
[内容]:13:33:17,316 功能号[pubL.16.1]，errorCode[pubA.16.4.4a]，errorinfo[证券代码=751],errorprompt[所需查找的业务数据记录不存在！]

[时间]:2019-09-02 13:33:17,332
[级别]:ERROR
[内容]:13:33:17,317 功能号[pubL.16.1]，errorCode[pubA.16.4.4a]，errorinfo[证券代码=2],errorprompt[所需查找的业务数据记录不存在！]

[时间]:2019-09-02 13:33:17,342
[级别]:ERROR
[内容]:13:33:17,317 功能号[pubL.16.1]，errorCode[pubA.16.4.4a]，errorinfo[证券代码=2743],errorprompt[所需查找的业务数据记录不存在！]

[时间]:2019-09-02 13:33:17,724
[级别]:ERROR
[内容]:13:33:17,717 功能号[pubL.16.1]，errorCode[pubA.16.4.4a]，errorinfo[证券代码=2],errorprompt[所需查找的业务数据记录不存在！]

