[时间]:2019-08-16 08:55:31,584
[级别]:ERROR
[内容]:08:55:31,571 tdsecuL.4.11发送失败，错误号=-3

[时间]:2019-08-16 08:55:36,593
[级别]:ERROR
[内容]:08:55:36,585 tdsecuL.4.101发送失败，错误号=-3

[时间]:2019-08-16 08:55:36,649
[级别]:ERROR
[内容]:08:55:36,642 tdsecuL.4.11发送失败，错误号=-3

[时间]:2019-08-16 08:55:45,556
[级别]:ERROR
[内容]:08:55:45,554 tdsecuL.4.12发送失败，错误号=-3

[时间]:2019-08-16 08:55:55,284
[级别]:ERROR
[内容]:08:55:55,278 tdsecuL.4.11发送失败，错误号=-3

[时间]:2019-08-16 08:56:00,309
[级别]:ERROR
[内容]:08:56:00,291 tdsecuL.4.101发送失败，错误号=-3

[时间]:2019-08-16 08:56:05,312
[级别]:ERROR
[内容]:08:56:05,311 tdsecuL.4.12发送失败，错误号=-3

[时间]:2019-08-16 08:56:09,874
[级别]:ERROR
[内容]:08:56:09,869 tdsecuL.4.11发送失败，错误号=-3

[时间]:2019-08-16 08:56:15,731
[级别]:ERROR
[内容]:08:56:15,728 tdsecuL.4.12发送失败，错误号=-3

[时间]:2019-08-16 09:06:24,888
[级别]:ERROR
[内容]:09:06:24,875 tdsecuL.4.11发送失败，错误号=-3

[时间]:2019-08-16 09:06:25,049
[级别]:ERROR
[内容]:09:06:25,048 tdsecuL.4.11发送失败，错误号=-3

[时间]:2019-08-16 09:06:29,896
[级别]:ERROR
[内容]:09:06:29,888 tdsecuL.4.101发送失败，错误号=-3

[时间]:2019-08-16 09:06:30,069
[级别]:ERROR
[内容]:09:06:30,060 tdsecuL.4.101发送失败，错误号=-3

[时间]:2019-08-16 09:06:33,869
[级别]:ERROR
[内容]:09:06:33,858 tdsecuL.4.11发送失败，错误号=-3

[时间]:2019-08-16 09:06:34,893
[级别]:ERROR
[内容]:09:06:34,889 tdsecuL.4.12发送失败，错误号=-3

[时间]:2019-08-16 09:06:35,067
[级别]:ERROR
[内容]:09:06:35,062 tdsecuL.4.12发送失败，错误号=-3

[时间]:2019-08-16 09:06:38,881
[级别]:ERROR
[内容]:09:06:38,871 tdsecuL.4.101发送失败，错误号=-3

[时间]:2019-08-16 09:07:20,379
[级别]:ERROR
[内容]:09:07:20,378 tdsecuL.4.11发送失败，错误号=-3

[时间]:2019-08-16 09:07:25,398
[级别]:ERROR
[内容]:09:07:25,391 tdsecuL.4.101发送失败，错误号=-3

[时间]:2019-08-16 09:10:39,198
[级别]:INFO
[内容]:09:10:39,135 开始启动

[时间]:2019-08-16 09:11:03,889
[级别]:ERROR
[内容]:09:11:03,884 功能号[tdsecuL.4.11]，errorCode[tdsecuA.4.13.707]，errorinfo[价格类型=1,订单价格=0.000000000],errorprompt[限价订单价格不合法！]

[时间]:2019-08-16 09:11:03,891
[级别]:ERROR
[内容]:09:11:03,884 功能号[tdsecuL.4.11]，errorCode[tdsecuA.4.13.707]，errorinfo[价格类型=1,订单价格=0.000000000],errorprompt[限价订单价格不合法！]

[时间]:2019-08-16 09:11:30,170
[级别]:ERROR
[内容]:09:11:30,161 功能号[tdsecuL.4.11]，errorCode[tdsecuA.4.13.707]，errorinfo[价格类型=1,订单价格=0.000000000],errorprompt[限价订单价格不合法！]

[时间]:2019-08-16 09:11:30,172
[级别]:ERROR
[内容]:09:11:30,161 功能号[tdsecuL.4.11]，errorCode[tdsecuA.4.13.707]，errorinfo[价格类型=1,订单价格=0.000000000],errorprompt[限价订单价格不合法！]

[时间]:2019-08-16 09:11:35,783
[级别]:ERROR
[内容]:09:11:35,780 功能号[tdsecuL.4.11]，errorCode[tdsecuA.4.13.707]，errorinfo[价格类型=1,订单价格=0.000000000],errorprompt[限价订单价格不合法！]

[时间]:2019-08-16 09:11:37,582
[级别]:ERROR
[内容]:09:11:37,575 功能号[tdsecuL.4.11]，errorCode[tdsecuA.4.13.707]，errorinfo[价格类型=1,订单价格=0.000000000],errorprompt[限价订单价格不合法！]

[时间]:2019-08-16 09:11:39,925
[级别]:INFO
[内容]:09:11:39,915 结束启动

[时间]:2019-08-16 09:15:10,044
[级别]:ERROR
[内容]:09:15:10,033 tdsecuL.4.101发送失败，错误号=-3

[时间]:2019-08-16 09:15:12,544
[级别]:ERROR
[内容]:09:15:12,543 tdsecuL.4.101发送失败，错误号=-3

