[时间]:2019-08-02 16:17:27,452
[级别]:INFO
[内容]:16:17:27,438 开始启动

[时间]:2019-08-02 16:17:51,477
[级别]:ERROR
[内容]:16:17:51,473 功能号[tdsecuL.4.11]，errorCode[tdsecuA.4.13.707]，errorinfo[价格类型=1,订单价格=0.000000000],errorprompt[限价订单价格不合法！]

[时间]:2019-08-02 16:17:52,350
[级别]:INFO
[内容]:16:17:52,344 结束启动

[时间]:2019-08-02 16:18:02,558
[级别]:INFO
[内容]:16:18:02,557 开始启动

[时间]:2019-08-02 16:18:06,585
[级别]:ERROR
[内容]:16:18:06,579 功能号[tdsecuL.4.11]，errorCode[tdsecuA.4.13.707]，errorinfo[价格类型=1,订单价格=0.000000000],errorprompt[限价订单价格不合法！]

[时间]:2019-08-02 16:18:06,701
[级别]:ERROR
[内容]:16:18:06,693 功能号[tdsecuL.4.11]，errorCode[tdsecuA.4.13.707]，errorinfo[价格类型=1,订单价格=0.000000000],errorprompt[限价订单价格不合法！]

[时间]:2019-08-02 16:18:08,808
[级别]:ERROR
[内容]:16:18:08,802 功能号[tdsecuL.4.11]，errorCode[tdsecuA.4.13.707]，errorinfo[价格类型=1,订单价格=0.000000000],errorprompt[限价订单价格不合法！]

[时间]:2019-08-02 16:18:11,377
[级别]:ERROR
[内容]:16:18:11,368 功能号[tdsecuL.4.11]，errorCode[tdsecuA.4.13.707]，errorinfo[价格类型=1,订单价格=0.000000000],errorprompt[限价订单价格不合法！]

[时间]:2019-08-02 16:18:31,150
[级别]:ERROR
[内容]:16:18:31,145 功能号[tdsecuL.4.11]，errorCode[tdsecuA.4.13.707]，errorinfo[价格类型=1,订单价格=0.000000000],errorprompt[限价订单价格不合法！]

[时间]:2019-08-02 16:18:31,518
[级别]:ERROR
[内容]:16:18:31,507 功能号[tdsecuL.4.11]，errorCode[tdsecuA.4.13.707]，errorinfo[价格类型=1,订单价格=0.000000000],errorprompt[限价订单价格不合法！]

[时间]:2019-08-02 16:18:44,736
[级别]:INFO
[内容]:16:18:44,730 结束启动

[时间]:2019-08-02 16:18:46,150
[级别]:ERROR
[内容]:16:18:46,146 功能号[tdsecuL.4.11]，errorCode[tdsecuA.4.13.707]，errorinfo[价格类型=1,订单价格=0.000000000],errorprompt[限价订单价格不合法！]

[时间]:2019-08-02 16:18:47,354
[级别]:ERROR
[内容]:16:18:47,347 功能号[tdsecuL.4.11]，errorCode[tdsecuA.4.13.707]，errorinfo[价格类型=1,订单价格=0.000000000],errorprompt[限价订单价格不合法！]

[时间]:2019-08-02 16:18:50,953
[级别]:ERROR
[内容]:16:18:50,948 功能号[tdsecuL.4.11]，errorCode[tdsecuA.4.13.707]，errorinfo[价格类型=1,订单价格=0.000000000],errorprompt[限价订单价格不合法！]

[时间]:2019-08-02 16:19:51,403
[级别]:INFO
[内容]:16:19:51,401 开始启动

[时间]:2019-08-02 16:19:54,691
[级别]:INFO
[内容]:16:19:54,686 结束启动

[时间]:2019-08-02 16:20:28,929
[级别]:INFO
[内容]:16:20:28,922 开始启动

[时间]:2019-08-02 16:20:34,225
[级别]:ERROR
[内容]:16:20:34,223 功能号[tdsecuL.4.11]，errorCode[tdsecuA.4.13.707]，errorinfo[价格类型=1,订单价格=0.000000000],errorprompt[限价订单价格不合法！]

[时间]:2019-08-02 16:20:34,281
[级别]:ERROR
[内容]:16:20:34,277 功能号[tdsecuL.4.11]，errorCode[tdsecuA.4.13.707]，errorinfo[价格类型=1,订单价格=0.000000000],errorprompt[限价订单价格不合法！]

[时间]:2019-08-02 16:20:36,928
[级别]:ERROR
[内容]:16:20:36,921 功能号[tdsecuL.4.11]，errorCode[tdsecuA.4.13.707]，errorinfo[价格类型=1,订单价格=0.000000000],errorprompt[限价订单价格不合法！]

[时间]:2019-08-02 16:20:37,373
[级别]:INFO
[内容]:16:20:37,365 结束启动

