[时间]:2019-10-10 12:11:53,003
[级别]:INFO
[内容]:12:11:52,989 开始启动

[时间]:2019-10-10 12:16:21,748
[级别]:INFO
[内容]:12:16:21,734 开始启动

[时间]:2019-10-10 12:17:12,489
[级别]:INFO
[内容]:12:17:12,477 开始启动

[时间]:2019-10-10 12:18:52,942
[级别]:INFO
[内容]:12:18:52,928 开始启动

[时间]:2019-10-10 12:20:36,075
[级别]:INFO
[内容]:12:20:36,063 开始启动

[时间]:2019-10-10 12:21:25,093
[级别]:INFO
[内容]:12:21:25,090 结束启动

[时间]:2019-10-10 12:22:13,242
[级别]:INFO
[内容]:12:22:13,231 开始启动

[时间]:2019-10-10 13:11:09,235
[级别]:INFO
[内容]:13:11:09,222 开始启动

[时间]:2019-10-10 13:11:18,140
[级别]:INFO
[内容]:13:11:18,134 结束启动

[时间]:2019-10-10 13:11:27,607
[级别]:ERROR
[内容]:13:11:27,605 功能号[tdsecuL.5.31]，errorCode[prodA.8.114.4]，errorinfo[资产账户编号=42420004],errorprompt[所需查找的业务数据记录不存在！]

[时间]:2019-10-10 13:11:27,768
[级别]:INFO
[内容]:13:11:27,761 结束启动

[时间]:2019-10-10 13:11:41,746
[级别]:ERROR
[内容]:13:11:41,739 功能号[tdsecuL.5.31]，errorCode[prodA.8.114.4]，errorinfo[资产账户编号=42420004],errorprompt[所需查找的业务数据记录不存在！]

[时间]:2019-10-10 13:12:31,878
[级别]:INFO
[内容]:13:12:31,870 开始启动

[时间]:2019-10-10 13:12:36,815
[级别]:ERROR
[内容]:13:12:36,806 功能号[tdsecuL.5.31]，errorCode[prodA.8.114.4]，errorinfo[资产账户编号=42420004],errorprompt[所需查找的业务数据记录不存在！]

[时间]:2019-10-10 13:13:39,043
[级别]:INFO
[内容]:13:13:39,035 开始启动

[时间]:2019-10-10 13:13:45,162
[级别]:ERROR
[内容]:13:13:45,156 功能号[tdsecuL.5.31]，errorCode[prodA.8.114.4]，errorinfo[资产账户编号=42420004],errorprompt[所需查找的业务数据记录不存在！]

[时间]:2019-10-10 13:15:35,934
[级别]:INFO
[内容]:13:15:35,933 开始启动

[时间]:2019-10-10 13:15:53,716
[级别]:ERROR
[内容]:13:15:53,711 功能号[tdsecuL.5.31]，errorCode[prodA.8.114.4]，errorinfo[资产账户编号=42420004],errorprompt[所需查找的业务数据记录不存在！]

[时间]:2019-10-10 13:17:23,685
[级别]:INFO
[内容]:13:17:23,682 开始启动

[时间]:2019-10-10 13:17:36,978
[级别]:INFO
[内容]:13:17:36,974 开始启动

[时间]:2019-10-10 13:17:50,603
[级别]:INFO
[内容]:13:17:50,603 开始启动

[时间]:2019-10-10 13:18:53,988
[级别]:INFO
[内容]:13:18:53,973 开始启动

[时间]:2019-10-10 13:19:24,204
[级别]:INFO
[内容]:13:19:24,197 开始启动

